#
# There is insufficient memory for the Java Runtime Environment to continue.
# Native memory allocation (mmap) failed to map 301989888 bytes. Error detail: G1 virtual space
# Possible reasons:
#   The system is out of physical RAM or swap space
#   This process is running with CompressedOops enabled, and the Java Heap may be blocking the growth of the native heap
# Possible solutions:
#   Reduce memory load on the system
#   Increase physical memory or swap space
#   Check if swap backing store is full
#   Decrease Java heap size (-Xmx/-Xms)
#   Decrease number of Java threads
#   Decrease Java thread stack sizes (-Xss)
#   Set larger code cache with -XX:ReservedCodeCacheSize=
#   JVM is running with Unscaled Compressed Oops mode in which the Java heap is
#     placed in the first 4GB address space. The Java Heap base address is the
#     maximum limit for the native heap growth. Please use -XX:HeapBaseMinAddress
#     to set the Java Heap base and to place the Java Heap above 4GB virtual address.
# This output file may be truncated or incomplete.
#
#  Out of Memory Error (os_windows.cpp:3690), pid=12544, tid=15444
#
# JRE version: OpenJDK Runtime Environment Microsoft-13877129 (17.0.19+10) (build 17.0.19+10-LTS)
# Java VM: OpenJDK 64-Bit Server VM Microsoft-13877129 (17.0.19+10-LTS, mixed mode, sharing, tiered, compressed oops, compressed class ptrs, g1 gc, windows-amd64)
# No core dump will be written. Minidumps are not enabled by default on client versions of Windows
#

---------------  S U M M A R Y ------------

Command Line: --add-opens=java.base/java.lang=ALL-UNNAMED --add-opens=java.base/java.lang.invoke=ALL-UNNAMED --add-opens=java.base/java.util=ALL-UNNAMED --add-opens=java.prefs/java.util.prefs=ALL-UNNAMED --add-exports=jdk.compiler/com.sun.tools.javac.api=ALL-UNNAMED --add-exports=jdk.compiler/com.sun.tools.javac.util=ALL-UNNAMED --add-opens=java.base/java.nio.charset=ALL-UNNAMED --add-opens=java.base/java.net=ALL-UNNAMED --add-opens=java.base/java.util.concurrent=ALL-UNNAMED --add-opens=java.base/java.util.concurrent.atomic=ALL-UNNAMED --add-opens=java.xml/javax.xml.namespace=ALL-UNNAMED --add-opens=java.base/java.time=ALL-UNNAMED -XX:MaxMetaspaceSize=512m -Xmx2048m -Dfile.encoding=windows-1252 -Duser.country=US -Duser.language=en -Duser.variant -javaagent:E:\GradleCache\wrapper\dists\gradle-9.6.1-all\4xnwe4ed5w7qqynisxnnvegss\gradle-9.6.1\lib\agents\gradle-instrumentation-agent-9.6.1.jar org.gradle.launcher.daemon.bootstrap.GradleDaemon 9.6.1

Host: Intel(R) Core(TM) i5-8265U CPU @ 1.60GHz, 8 cores, 7G,  Windows 11 , 64 bit Build 26100 (10.0.26100.8875)
Time: Sun Jul 19 09:54:55 2026 Pacific Daylight Time elapsed time: 41.822319 seconds (0d 0h 0m 41s)

---------------  T H R E A D  ---------------

Current thread (0x00000235c6a3d760):  VMThread "VM Thread" [stack: 0x0000007ad1200000,0x0000007ad1300000] [id=15444]

Stack: [0x0000007ad1200000,0x0000007ad1300000]
Native frames: (J=compiled Java code, j=interpreted, Vv=VM code, C=native code)
V  [jvm.dll+0x68cc89]  (no source info available)
V  [jvm.dll+0x845d89]  (no source info available)
V  [jvm.dll+0x847af8]  (no source info available)
V  [jvm.dll+0x848183]  (no source info available)
V  [jvm.dll+0x24d0bf]  (no source info available)
V  [jvm.dll+0x68c089]  (no source info available)
V  [jvm.dll+0x68064a]  (no source info available)
V  [jvm.dll+0x3102f0]  (no source info available)
V  [jvm.dll+0x310192]  (no source info available)
V  [jvm.dll+0x317709]  (no source info available)
V  [jvm.dll+0x369b09]  (no source info available)
V  [jvm.dll+0x369d3d]  (no source info available)
V  [jvm.dll+0x2e6afa]  (no source info available)
V  [jvm.dll+0x2e4ef1]  (no source info available)
V  [jvm.dll+0x2e468c]  (no source info available)
V  [jvm.dll+0x32903b]  (no source info available)
V  [jvm.dll+0x84ca0d]  (no source info available)
V  [jvm.dll+0x84d723]  (no source info available)
V  [jvm.dll+0x84dc54]  (no source info available)
V  [jvm.dll+0x84e038]  (no source info available)
V  [jvm.dll+0x84e12e]  (no source info available)
V  [jvm.dll+0x7f62cc]  (no source info available)
V  [jvm.dll+0x68e227]  (no source info available)
C  [ucrtbase.dll+0x2cd30]  (no source info available)
C  [KERNEL32.DLL+0x2e957]  (no source info available)
C  [ntdll.dll+0xaad6c]  (no source info available)

VM_Operation (0x0000007ad29f2f60): G1CollectForAllocation, mode: safepoint, requested by thread 0x00000235e685a9f0


---------------  P R O C E S S  ---------------

Threads class SMR info:
_java_thread_list=0x00000235e8dba7e0, length=49, elements={
0x00000235a855e2d0, 0x00000235c6a43300, 0x00000235c6a43cd0, 0x00000235c6a5bf10,
0x00000235c6a5c7e0, 0x00000235c6a5d0b0, 0x00000235c6a5f130, 0x00000235c6a648f0,
0x00000235c6a65200, 0x00000235c6a662b0, 0x00000235c6a2c220, 0x00000235c6c348c0,
0x00000235e78020f0, 0x00000235e79474a0, 0x00000235e760c9e0, 0x00000235e748f8f0,
0x00000235e6858b90, 0x00000235e68595b0, 0x00000235e685a9f0, 0x00000235e6859fd0,
0x00000235e685af00, 0x00000235e6858170, 0x00000235e68590a0, 0x00000235e685a4e0,
0x00000235e6858680, 0x00000235e8deae60, 0x00000235e8deb370, 0x00000235e8de8af0,
0x00000235e8dea950, 0x00000235e8de7bc0, 0x00000235e8debd90, 0x00000235e8deb880,
0x00000235e8deccc0, 0x00000235e8dec7b0, 0x00000235e8ded1d0, 0x00000235e8ded6e0,
0x00000235e8dedbf0, 0x00000235e8dee100, 0x00000235e8deeb20, 0x00000235e8def030,
0x00000235e8def540, 0x00000235e685b410, 0x00000235e9fbabd0, 0x00000235e9fb9790,
0x00000235ea820820, 0x00000235e9fb9ca0, 0x00000235e9fb8860, 0x00000235e9fba1b0,
0x00000235ea820d70
}

Java Threads: ( => current thread )
  0x00000235a855e2d0 JavaThread "main" [_thread_blocked, id=3332, stack(0x0000007ad0c00000,0x0000007ad0d00000)]
  0x00000235c6a43300 JavaThread "Reference Handler" daemon [_thread_blocked, id=15772, stack(0x0000007ad1300000,0x0000007ad1400000)]
  0x00000235c6a43cd0 JavaThread "Finalizer" daemon [_thread_blocked, id=23636, stack(0x0000007ad1400000,0x0000007ad1500000)]
  0x00000235c6a5bf10 JavaThread "Signal Dispatcher" daemon [_thread_blocked, id=26848, stack(0x0000007ad1500000,0x0000007ad1600000)]
  0x00000235c6a5c7e0 JavaThread "Attach Listener" daemon [_thread_blocked, id=572, stack(0x0000007ad1600000,0x0000007ad1700000)]
  0x00000235c6a5d0b0 JavaThread "Service Thread" daemon [_thread_blocked, id=10616, stack(0x0000007ad1700000,0x0000007ad1800000)]
  0x00000235c6a5f130 JavaThread "Monitor Deflation Thread" daemon [_thread_blocked, id=13516, stack(0x0000007ad1800000,0x0000007ad1900000)]
  0x00000235c6a648f0 JavaThread "C2 CompilerThread0" daemon [_thread_blocked, id=22688, stack(0x0000007ad1900000,0x0000007ad1a00000)]
  0x00000235c6a65200 JavaThread "C1 CompilerThread0" daemon [_thread_blocked, id=5952, stack(0x0000007ad1a00000,0x0000007ad1b00000)]
  0x00000235c6a662b0 JavaThread "Sweeper thread" daemon [_thread_blocked, id=25524, stack(0x0000007ad1b00000,0x0000007ad1c00000)]
  0x00000235c6a2c220 JavaThread "Common-Cleaner" daemon [_thread_blocked, id=4000, stack(0x0000007ad1c00000,0x0000007ad1d00000)]
  0x00000235c6c348c0 JavaThread "Notification Thread" daemon [_thread_blocked, id=19648, stack(0x0000007ad1e00000,0x0000007ad1f00000)]
  0x00000235e78020f0 JavaThread "Daemon health stats" [_thread_blocked, id=20556, stack(0x0000007ad2000000,0x0000007ad2100000)]
  0x00000235e79474a0 JavaThread "Incoming local TCP Connector on port 62403" [_thread_in_native, id=6836, stack(0x0000007ad1d00000,0x0000007ad1e00000)]
  0x00000235e760c9e0 JavaThread "Daemon periodic checks" [_thread_blocked, id=18036, stack(0x0000007ad2500000,0x0000007ad2600000)]
  0x00000235e748f8f0 JavaThread "Daemon" [_thread_blocked, id=23836, stack(0x0000007ad2600000,0x0000007ad2700000)]
  0x00000235e6858b90 JavaThread "Handler for socket connection from /127.0.0.1:62403 to /127.0.0.1:62404" [_thread_in_native, id=22592, stack(0x0000007ad2700000,0x0000007ad2800000)]
  0x00000235e68595b0 JavaThread "Cancel handler" [_thread_blocked, id=21072, stack(0x0000007ad2800000,0x0000007ad2900000)]
  0x00000235e685a9f0 JavaThread "Daemon worker" [_thread_blocked, id=9696, stack(0x0000007ad2900000,0x0000007ad2a00000)]
  0x00000235e6859fd0 JavaThread "Asynchronous log dispatcher for DefaultDaemonConnection: socket connection from /127.0.0.1:62403 to /127.0.0.1:62404" [_thread_blocked, id=19616, stack(0x0000007ad2a00000,0x0000007ad2b00000)]
  0x00000235e685af00 JavaThread "Stdin handler" [_thread_blocked, id=19136, stack(0x0000007ad2b00000,0x0000007ad2c00000)]
  0x00000235e6858170 JavaThread "Daemon client event forwarder" [_thread_blocked, id=15548, stack(0x0000007ad2c00000,0x0000007ad2d00000)]
  0x00000235e68590a0 JavaThread "Cache worker for journal cache (E:\GradleCache\caches\journal-1)" [_thread_blocked, id=5852, stack(0x0000007ad3000000,0x0000007ad3100000)]
  0x00000235e685a4e0 JavaThread "File lock request listener" [_thread_in_native, id=27712, stack(0x0000007ad3100000,0x0000007ad3200000)]
  0x00000235e6858680 JavaThread "Cache worker for file hash cache (E:\GradleCache\caches\9.6.1\fileHashes)" [_thread_blocked, id=10136, stack(0x0000007ad3200000,0x0000007ad3300000)]
  0x00000235e8deae60 JavaThread "Cache worker for file hash cache (E:\travel-web\Mobile\android\.gradle\9.6.1\fileHashes)" [_thread_blocked, id=27748, stack(0x0000007ad3600000,0x0000007ad3700000)]
  0x00000235e8deb370 JavaThread "Cache worker for Build Output Cleanup Cache (E:\travel-web\Mobile\android\.gradle\buildOutputCleanup)" [_thread_blocked, id=20612, stack(0x0000007ad3700000,0x0000007ad3800000)]
  0x00000235e8de8af0 JavaThread "File watcher server" daemon [_thread_in_native, id=18724, stack(0x0000007ad3800000,0x0000007ad3900000)]
  0x00000235e8dea950 JavaThread "File watcher consumer" daemon [_thread_blocked, id=24280, stack(0x0000007ad3900000,0x0000007ad3a00000)]
  0x00000235e8de7bc0 JavaThread "Cache worker for file content cache (E:\GradleCache\caches\9.6.1\fileContent)" [_thread_blocked, id=17284, stack(0x0000007ad3a00000,0x0000007ad3b00000)]
  0x00000235e8debd90 JavaThread "Cache worker for checksums cache (E:\travel-web\Mobile\android\.gradle\9.6.1\checksums)" [_thread_blocked, id=7068, stack(0x0000007ad3b00000,0x0000007ad3c00000)]
  0x00000235e8deb880 JavaThread "Cache worker for cache directory md-supplier (E:\GradleCache\caches\9.6.1\md-supplier)" [_thread_blocked, id=2220, stack(0x0000007ad3500000,0x0000007ad3600000)]
  0x00000235e8deccc0 JavaThread "Cache worker for cache directory md-rule (E:\GradleCache\caches\9.6.1\md-rule)" [_thread_blocked, id=10160, stack(0x0000007ad3c00000,0x0000007ad3d00000)]
  0x00000235e8dec7b0 JavaThread "jar transforms" [_thread_blocked, id=15664, stack(0x0000007ad3e00000,0x0000007ad3f00000)]
  0x00000235e8ded1d0 JavaThread "jar transforms Thread 2" [_thread_blocked, id=18396, stack(0x0000007ad3d00000,0x0000007ad3e00000)]
  0x00000235e8ded6e0 JavaThread "jar transforms Thread 3" [_thread_blocked, id=1692, stack(0x0000007ad3300000,0x0000007ad3400000)]
  0x00000235e8dedbf0 JavaThread "jar transforms Thread 4" [_thread_blocked, id=21704, stack(0x0000007ad4000000,0x0000007ad4100000)]
  0x00000235e8dee100 JavaThread "Cache worker for Build Output Cleanup Cache (E:\travel-web\Mobile\node_modules\@react-native\gradle-plugin\.gradle\buildOutputCleanup)" [_thread_blocked, id=23276, stack(0x0000007ad4200000,0x0000007ad4300000)]
  0x00000235e8deeb20 JavaThread "Build operations" [_thread_blocked, id=22408, stack(0x0000007ad4100000,0x0000007ad4200000)]
  0x00000235e8def030 JavaThread "Build operations Thread 2" [_thread_blocked, id=5408, stack(0x0000007ad4300000,0x0000007ad4400000)]
  0x00000235e8def540 JavaThread "Build operations Thread 3" [_thread_blocked, id=26540, stack(0x0000007ad4400000,0x0000007ad4500000)]
  0x00000235e685b410 JavaThread "Build operations Thread 4" [_thread_blocked, id=16680, stack(0x0000007ad4500000,0x0000007ad4600000)]
  0x00000235e9fbabd0 JavaThread "Build operations Thread 5" [_thread_blocked, id=5516, stack(0x0000007ad4600000,0x0000007ad4700000)]
  0x00000235e9fb9790 JavaThread "Build operations Thread 6" [_thread_blocked, id=25156, stack(0x0000007ad4700000,0x0000007ad4800000)]
  0x00000235ea820820 JavaThread "C2 CompilerThread1" daemon [_thread_blocked, id=25796, stack(0x0000007ad3f00000,0x0000007ad4000000)]
  0x00000235e9fb9ca0 JavaThread "jar transforms Thread 5" [_thread_blocked, id=20672, stack(0x0000007ad4800000,0x0000007ad4900000)]
  0x00000235e9fb8860 JavaThread "Build operations Thread 7" [_thread_blocked, id=22888, stack(0x0000007ad4b00000,0x0000007ad4c00000)]
  0x00000235e9fba1b0 JavaThread "Build operations Thread 8" [_thread_blocked, id=7552, stack(0x0000007ad4c00000,0x0000007ad4d00000)]
  0x00000235ea820d70 JavaThread "C2 CompilerThread2" daemon [_thread_blocked, id=25616, stack(0x0000007ad4d00000,0x0000007ad4e00000)]

Other Threads:
=>0x00000235c6a3d760 VMThread "VM Thread" [stack: 0x0000007ad1200000,0x0000007ad1300000] [id=15444]
  0x00000235c6c34da0 WatcherThread [stack: 0x0000007ad1f00000,0x0000007ad2000000] [id=25764]
  0x00000235a85be000 GCTaskThread "GC Thread#0" [stack: 0x0000007ad0d00000,0x0000007ad0e00000] [id=8052]
  0x00000235e711b6f0 GCTaskThread "GC Thread#1" [stack: 0x0000007ad2100000,0x0000007ad2200000] [id=8088]
  0x00000235e711b9c0 GCTaskThread "GC Thread#2" [stack: 0x0000007ad2200000,0x0000007ad2300000] [id=18980]
  0x00000235e6b20e40 GCTaskThread "GC Thread#3" [stack: 0x0000007ad2300000,0x0000007ad2400000] [id=28068]
  0x00000235e711fc20 GCTaskThread "GC Thread#4" [stack: 0x0000007ad2400000,0x0000007ad2500000] [id=24528]
  0x00000235e711e2d0 GCTaskThread "GC Thread#5" [stack: 0x0000007ad2d00000,0x0000007ad2e00000] [id=24080]
  0x00000235e711f0e0 GCTaskThread "GC Thread#6" [stack: 0x0000007ad2e00000,0x0000007ad2f00000] [id=21540]
  0x00000235e711eb40 GCTaskThread "GC Thread#7" [stack: 0x0000007ad2f00000,0x0000007ad3000000] [id=15452]
  0x00000235a85cee70 ConcurrentGCThread "G1 Main Marker" [stack: 0x0000007ad0e00000,0x0000007ad0f00000] [id=27588]
  0x00000235a85d0470 ConcurrentGCThread "G1 Conc#0" [stack: 0x0000007ad0f00000,0x0000007ad1000000] [id=24416]
  0x00000235e711f950 ConcurrentGCThread "G1 Conc#1" [stack: 0x0000007ad3400000,0x0000007ad3500000] [id=21284]
  0x00000235a860e5e0 ConcurrentGCThread "G1 Refine#0" [stack: 0x0000007ad1000000,0x0000007ad1100000] [id=9656]
  0x00000235e937cfd0 ConcurrentGCThread "G1 Refine#1" [stack: 0x0000007ad4e00000,0x0000007ad4f00000] [id=27128]
  0x00000235e937d5d0 ConcurrentGCThread "G1 Refine#2" [stack: 0x0000007ad4f00000,0x0000007ad5000000] [id=4616]
  0x00000235e937b7d0 ConcurrentGCThread "G1 Refine#3" [stack: 0x0000007ad5000000,0x0000007ad5100000] [id=7644]
  0x00000235c68ec120 ConcurrentGCThread "G1 Service" [stack: 0x0000007ad1100000,0x0000007ad1200000] [id=13700]

Threads with active compile tasks:
C2 CompilerThread0  41925 9045       4       org.objectweb.asm.ClassReader::readElementValue (1237 bytes)
C1 CompilerThread0  41925 9088       3       org.gradle.internal.classpath.generated.InterceptorDeclaration_ConfigCacheJvmBytecode::visitMethodInsn (4798 bytes)
C2 CompilerThread1  41925 8952       4       org.objectweb.asm.SymbolTable::addConstant (317 bytes)
C2 CompilerThread2  41925 9039       4       org.objectweb.asm.ClassWriter::toByteArray (1535 bytes)

VM state: at safepoint (normal execution)

VM Mutex/Monitor currently owned by a thread:  ([mutex/lock_event])
[0x00000235a632c370] Threads_lock - owner thread: 0x00000235c6a3d760
[0x00000235a855d7b0] Heap_lock - owner thread: 0x00000235e685a9f0

Heap address: 0x0000000080000000, size: 2048 MB, Compressed Oops mode: 32-bit

CDS archive(s) mapped at: [0x00000235c7000000-0x00000235c7bb0000-0x00000235c7bb0000), size 12255232, SharedBaseAddress: 0x00000235c7000000, ArchiveRelocationMode: 1.
Compressed class space mapped at: 0x00000235c8000000-0x00000235e2000000, reserved size: 436207616
Narrow klass base: 0x00000235c7000000, Narrow klass shift: 0, Narrow klass range: 0x100000000

GC Precious Log:
 CPUs: 8 total, 8 available
 Memory: 7998M
 Large Page Support: Disabled
 NUMA Support: Disabled
 Compressed Oops: Enabled (32-bit)
 Heap Region Size: 1M
 Heap Min Capacity: 8M
 Heap Initial Capacity: 126M
 Heap Max Capacity: 2G
 Pre-touch: Disabled
 Parallel Workers: 8
 Concurrent Workers: 2
 Concurrent Refinement Workers: 8
 Periodic GC: Disabled

Heap:
 garbage-first heap   total 294912K, used 91337K [0x0000000080000000, 0x0000000100000000)
  region size 1024K, 5 young (5120K), 5 survivors (5120K)
 Metaspace       used 54811K, committed 55616K, reserved 491520K
  class space    used 7692K, committed 8064K, reserved 425984K

Heap Regions: E=young(eden), S=young(survivor), O=old, HS=humongous(starts), HC=humongous(continues), CS=collection set, F=free, OA=open archive, CA=closed archive, TAMS=top-at-mark-start (previous, next)
|   0|0x0000000080000000, 0x0000000080100000, 0x0000000080100000|100%|HS|  |TAMS 0x0000000080100000, 0x0000000080000000| Complete 
|   1|0x0000000080100000, 0x0000000080200000, 0x0000000080200000|100%|HC|  |TAMS 0x0000000080200000, 0x0000000080100000| Complete 
|   2|0x0000000080200000, 0x0000000080300000, 0x0000000080300000|100%|HC|  |TAMS 0x0000000080300000, 0x0000000080200000| Complete 
|   3|0x0000000080300000, 0x0000000080400000, 0x0000000080400000|100%|HC|  |TAMS 0x0000000080400000, 0x0000000080300000| Complete 
|   4|0x0000000080400000, 0x0000000080500000, 0x0000000080500000|100%| O|  |TAMS 0x0000000080500000, 0x0000000080400000| Untracked 
|   5|0x0000000080500000, 0x0000000080600000, 0x0000000080600000|100%| O|  |TAMS 0x0000000080600000, 0x0000000080500000| Untracked 
|   6|0x0000000080600000, 0x0000000080700000, 0x0000000080700000|100%| O|  |TAMS 0x0000000080700000, 0x0000000080600000| Untracked 
|   7|0x0000000080700000, 0x0000000080800000, 0x0000000080800000|100%| O|  |TAMS 0x0000000080800000, 0x0000000080700000| Untracked 
|   8|0x0000000080800000, 0x0000000080900000, 0x0000000080900000|100%| O|  |TAMS 0x0000000080900000, 0x0000000080800000| Untracked 
|   9|0x0000000080900000, 0x0000000080a00000, 0x0000000080a00000|100%| O|  |TAMS 0x0000000080a00000, 0x0000000080900000| Untracked 
|  10|0x0000000080a00000, 0x0000000080b00000, 0x0000000080b00000|100%| O|  |TAMS 0x0000000080b00000, 0x0000000080a00000| Untracked 
|  11|0x0000000080b00000, 0x0000000080c00000, 0x0000000080c00000|100%|HS|  |TAMS 0x0000000080c00000, 0x0000000080b00000| Complete 
|  12|0x0000000080c00000, 0x0000000080d00000, 0x0000000080d00000|100%| O|  |TAMS 0x0000000080d00000, 0x0000000080c00000| Untracked 
|  13|0x0000000080d00000, 0x0000000080e00000, 0x0000000080e00000|100%| O|  |TAMS 0x0000000080e00000, 0x0000000080d00000| Untracked 
|  14|0x0000000080e00000, 0x0000000080f00000, 0x0000000080f00000|100%| O|  |TAMS 0x0000000080f00000, 0x0000000080e00000| Untracked 
|  15|0x0000000080f00000, 0x0000000081000000, 0x0000000081000000|100%| O|  |TAMS 0x0000000081000000, 0x0000000080f00000| Untracked 
|  16|0x0000000081000000, 0x0000000081100000, 0x0000000081100000|100%| O|  |TAMS 0x0000000081100000, 0x0000000081000000| Untracked 
|  17|0x0000000081100000, 0x0000000081200000, 0x0000000081200000|100%| O|  |TAMS 0x0000000081200000, 0x0000000081100000| Untracked 
|  18|0x0000000081200000, 0x0000000081300000, 0x0000000081300000|100%| O|  |TAMS 0x0000000081300000, 0x0000000081200000| Untracked 
|  19|0x0000000081300000, 0x0000000081400000, 0x0000000081400000|100%| O|  |TAMS 0x0000000081300000, 0x0000000081300000| Untracked 
|  20|0x0000000081400000, 0x0000000081500000, 0x0000000081500000|100%| O|  |TAMS 0x0000000081500000, 0x0000000081400000| Untracked 
|  21|0x0000000081500000, 0x0000000081600000, 0x0000000081600000|100%| O|  |TAMS 0x0000000081600000, 0x0000000081500000| Untracked 
|  22|0x0000000081600000, 0x0000000081700000, 0x0000000081700000|100%| O|  |TAMS 0x0000000081700000, 0x0000000081600000| Untracked 
|  23|0x0000000081700000, 0x0000000081800000, 0x0000000081800000|100%| O|  |TAMS 0x0000000081800000, 0x0000000081700000| Untracked 
|  24|0x0000000081800000, 0x0000000081900000, 0x0000000081900000|100%| O|  |TAMS 0x0000000081900000, 0x0000000081800000| Untracked 
|  25|0x0000000081900000, 0x0000000081a00000, 0x0000000081a00000|100%| O|  |TAMS 0x0000000081a00000, 0x0000000081900000| Untracked 
|  26|0x0000000081a00000, 0x0000000081b00000, 0x0000000081b00000|100%| O|  |TAMS 0x0000000081b00000, 0x0000000081a00000| Untracked 
|  27|0x0000000081b00000, 0x0000000081c00000, 0x0000000081c00000|100%| O|  |TAMS 0x0000000081c00000, 0x0000000081b00000| Untracked 
|  28|0x0000000081c00000, 0x0000000081d00000, 0x0000000081d00000|100%| O|  |TAMS 0x0000000081d00000, 0x0000000081c00000| Untracked 
|  29|0x0000000081d00000, 0x0000000081e00000, 0x0000000081e00000|100%| O|  |TAMS 0x0000000081e00000, 0x0000000081d00000| Untracked 
|  30|0x0000000081e00000, 0x0000000081f00000, 0x0000000081f00000|100%| O|  |TAMS 0x0000000081f00000, 0x0000000081e00000| Untracked 
|  31|0x0000000081f00000, 0x0000000082000000, 0x0000000082000000|100%| O|  |TAMS 0x0000000082000000, 0x0000000081f00000| Untracked 
|  32|0x0000000082000000, 0x0000000082100000, 0x0000000082100000|100%| O|  |TAMS 0x0000000082100000, 0x0000000082000000| Untracked 
|  33|0x0000000082100000, 0x0000000082200000, 0x0000000082200000|100%| O|  |TAMS 0x0000000082200000, 0x0000000082100000| Untracked 
|  34|0x0000000082200000, 0x0000000082300000, 0x0000000082300000|100%| O|  |TAMS 0x0000000082300000, 0x0000000082200000| Untracked 
|  35|0x0000000082300000, 0x0000000082400000, 0x0000000082400000|100%| O|  |TAMS 0x0000000082400000, 0x0000000082300000| Untracked 
|  36|0x0000000082400000, 0x0000000082500000, 0x0000000082500000|100%| O|  |TAMS 0x0000000082500000, 0x0000000082400000| Untracked 
|  37|0x0000000082500000, 0x0000000082600000, 0x0000000082600000|100%| O|  |TAMS 0x0000000082600000, 0x0000000082500000| Untracked 
|  38|0x0000000082600000, 0x0000000082700000, 0x0000000082700000|100%| O|  |TAMS 0x0000000082700000, 0x0000000082600000| Untracked 
|  39|0x0000000082700000, 0x0000000082800000, 0x0000000082800000|100%| O|  |TAMS 0x0000000082800000, 0x0000000082700000| Untracked 
|  40|0x0000000082800000, 0x0000000082900000, 0x0000000082900000|100%| O|  |TAMS 0x0000000082900000, 0x0000000082800000| Untracked 
|  41|0x0000000082900000, 0x0000000082a00000, 0x0000000082a00000|100%| O|  |TAMS 0x0000000082a00000, 0x0000000082900000| Untracked 
|  42|0x0000000082a00000, 0x0000000082b00000, 0x0000000082b00000|100%| O|  |TAMS 0x0000000082b00000, 0x0000000082a00000| Untracked 
|  43|0x0000000082b00000, 0x0000000082c00000, 0x0000000082c00000|100%| O|  |TAMS 0x0000000082c00000, 0x0000000082b00000| Untracked 
|  44|0x0000000082c00000, 0x0000000082d00000, 0x0000000082d00000|100%| O|  |TAMS 0x0000000082d00000, 0x0000000082c00000| Untracked 
|  45|0x0000000082d00000, 0x0000000082e00000, 0x0000000082e00000|100%| O|  |TAMS 0x0000000082e00000, 0x0000000082d00000| Untracked 
|  46|0x0000000082e00000, 0x0000000082f00000, 0x0000000082f00000|100%| O|  |TAMS 0x0000000082f00000, 0x0000000082e00000| Untracked 
|  47|0x0000000082f00000, 0x0000000083000000, 0x0000000083000000|100%| O|  |TAMS 0x0000000083000000, 0x0000000082f00000| Untracked 
|  48|0x0000000083000000, 0x0000000083100000, 0x0000000083100000|100%| O|  |TAMS 0x0000000083100000, 0x0000000083000000| Untracked 
|  49|0x0000000083100000, 0x0000000083200000, 0x0000000083200000|100%| O|  |TAMS 0x0000000083200000, 0x0000000083100000| Untracked 
|  50|0x0000000083200000, 0x0000000083300000, 0x0000000083300000|100%| O|  |TAMS 0x0000000083300000, 0x0000000083200000| Untracked 
|  51|0x0000000083300000, 0x0000000083400000, 0x0000000083400000|100%| O|  |TAMS 0x0000000083400000, 0x0000000083300000| Untracked 
|  52|0x0000000083400000, 0x0000000083500000, 0x0000000083500000|100%| O|  |TAMS 0x0000000083500000, 0x0000000083400000| Untracked 
|  53|0x0000000083500000, 0x0000000083600000, 0x0000000083600000|100%|HS|  |TAMS 0x0000000083600000, 0x0000000083500000| Complete 
|  54|0x0000000083600000, 0x0000000083700000, 0x0000000083700000|100%|HS|  |TAMS 0x0000000083700000, 0x0000000083600000| Complete 
|  55|0x0000000083700000, 0x0000000083800000, 0x0000000083800000|100%|HC|  |TAMS 0x0000000083800000, 0x0000000083700000| Complete 
|  56|0x0000000083800000, 0x0000000083900000, 0x0000000083900000|100%|HS|  |TAMS 0x0000000083900000, 0x0000000083800000| Complete 
|  57|0x0000000083900000, 0x0000000083a00000, 0x0000000083a00000|100%|HS|  |TAMS 0x0000000083a00000, 0x0000000083900000| Complete 
|  58|0x0000000083a00000, 0x0000000083b00000, 0x0000000083b00000|100%| O|  |TAMS 0x0000000083b00000, 0x0000000083a00000| Untracked 
|  59|0x0000000083b00000, 0x0000000083c00000, 0x0000000083c00000|100%| O|  |TAMS 0x0000000083c00000, 0x0000000083b00000| Untracked 
|  60|0x0000000083c00000, 0x0000000083d00000, 0x0000000083d00000|100%| O|  |TAMS 0x0000000083d00000, 0x0000000083c00000| Untracked 
|  61|0x0000000083d00000, 0x0000000083e00000, 0x0000000083e00000|100%| O|  |TAMS 0x0000000083e00000, 0x0000000083d00000| Untracked 
|  62|0x0000000083e00000, 0x0000000083f00000, 0x0000000083f00000|100%| O|  |TAMS 0x0000000083f00000, 0x0000000083e00000| Untracked 
|  63|0x0000000083f00000, 0x0000000084000000, 0x0000000084000000|100%| O|  |TAMS 0x0000000083f7d800, 0x0000000083f00000| Untracked 
|  64|0x0000000084000000, 0x0000000084100000, 0x0000000084100000|100%| O|  |TAMS 0x0000000084000000, 0x0000000084000000| Untracked 
|  65|0x0000000084100000, 0x0000000084200000, 0x0000000084200000|100%| O|  |TAMS 0x0000000084100000, 0x0000000084100000| Untracked 
|  66|0x0000000084200000, 0x0000000084300000, 0x0000000084300000|100%| O|  |TAMS 0x0000000084200000, 0x0000000084200000| Untracked 
|  67|0x0000000084300000, 0x0000000084400000, 0x0000000084400000|100%| O|  |TAMS 0x0000000084300000, 0x0000000084300000| Untracked 
|  68|0x0000000084400000, 0x0000000084500000, 0x0000000084500000|100%| O|  |TAMS 0x0000000084400000, 0x0000000084400000| Untracked 
|  69|0x0000000084500000, 0x0000000084600000, 0x0000000084600000|100%| O|  |TAMS 0x0000000084500000, 0x0000000084500000| Untracked 
|  70|0x0000000084600000, 0x0000000084700000, 0x0000000084700000|100%| O|  |TAMS 0x0000000084600000, 0x0000000084600000| Untracked 
|  71|0x0000000084700000, 0x0000000084800000, 0x0000000084800000|100%| O|  |TAMS 0x0000000084700000, 0x0000000084700000| Untracked 
|  72|0x0000000084800000, 0x0000000084900000, 0x0000000084900000|100%| O|  |TAMS 0x0000000084800000, 0x0000000084800000| Untracked 
|  73|0x0000000084900000, 0x0000000084a00000, 0x0000000084a00000|100%| O|  |TAMS 0x0000000084900000, 0x0000000084900000| Untracked 
|  74|0x0000000084a00000, 0x0000000084b00000, 0x0000000084b00000|100%| O|  |TAMS 0x0000000084a00000, 0x0000000084a00000| Untracked 
|  75|0x0000000084b00000, 0x0000000084c00000, 0x0000000084c00000|100%| O|  |TAMS 0x0000000084b00000, 0x0000000084b00000| Untracked 
|  76|0x0000000084c00000, 0x0000000084d00000, 0x0000000084d00000|100%| O|  |TAMS 0x0000000084c00000, 0x0000000084c00000| Untracked 
|  77|0x0000000084d00000, 0x0000000084e00000, 0x0000000084e00000|100%| O|  |TAMS 0x0000000084d00000, 0x0000000084d00000| Untracked 
|  78|0x0000000084e00000, 0x0000000084f00000, 0x0000000084f00000|100%| O|  |TAMS 0x0000000084e00000, 0x0000000084e00000| Untracked 
|  79|0x0000000084f00000, 0x0000000085000000, 0x0000000085000000|100%| O|  |TAMS 0x0000000084f00000, 0x0000000084f00000| Untracked 
|  80|0x0000000085000000, 0x0000000085100000, 0x0000000085100000|100%| O|  |TAMS 0x0000000085000000, 0x0000000085000000| Untracked 
|  81|0x0000000085100000, 0x0000000085200000, 0x0000000085200000|100%| O|  |TAMS 0x0000000085100000, 0x0000000085100000| Untracked 
|  82|0x0000000085200000, 0x0000000085300000, 0x0000000085300000|100%| O|  |TAMS 0x0000000085200000, 0x0000000085200000| Untracked 
|  83|0x0000000085300000, 0x0000000085400000, 0x0000000085400000|100%| O|  |TAMS 0x0000000085300000, 0x0000000085300000| Untracked 
|  84|0x0000000085400000, 0x0000000085432400, 0x0000000085500000| 19%| O|  |TAMS 0x0000000085400000, 0x0000000085400000| Untracked 
|  85|0x0000000085500000, 0x0000000085500000, 0x0000000085600000|  0%| F|  |TAMS 0x0000000085500000, 0x0000000085500000| Untracked 
|  86|0x0000000085600000, 0x0000000085600000, 0x0000000085700000|  0%| F|  |TAMS 0x0000000085600000, 0x0000000085600000| Untracked 
|  87|0x0000000085700000, 0x0000000085700000, 0x0000000085800000|  0%| F|  |TAMS 0x0000000085700000, 0x0000000085700000| Untracked 
|  88|0x0000000085800000, 0x0000000085800000, 0x0000000085900000|  0%| F|  |TAMS 0x0000000085800000, 0x0000000085800000| Untracked 
|  89|0x0000000085900000, 0x0000000085900000, 0x0000000085a00000|  0%| F|  |TAMS 0x0000000085900000, 0x0000000085900000| Untracked 
|  90|0x0000000085a00000, 0x0000000085a00000, 0x0000000085b00000|  0%| F|  |TAMS 0x0000000085a00000, 0x0000000085a00000| Untracked 
|  91|0x0000000085b00000, 0x0000000085b00000, 0x0000000085c00000|  0%| F|  |TAMS 0x0000000085b00000, 0x0000000085b00000| Untracked 
|  92|0x0000000085c00000, 0x0000000085c00000, 0x0000000085d00000|  0%| F|  |TAMS 0x0000000085c00000, 0x0000000085c00000| Untracked 
|  93|0x0000000085d00000, 0x0000000085d00000, 0x0000000085e00000|  0%| F|  |TAMS 0x0000000085d00000, 0x0000000085d00000| Untracked 
|  94|0x0000000085e00000, 0x0000000085e00000, 0x0000000085f00000|  0%| F|  |TAMS 0x0000000085e00000, 0x0000000085e00000| Untracked 
|  95|0x0000000085f00000, 0x0000000085f00000, 0x0000000086000000|  0%| F|  |TAMS 0x0000000085f00000, 0x0000000085f00000| Untracked 
|  96|0x0000000086000000, 0x0000000086000000, 0x0000000086100000|  0%| F|  |TAMS 0x0000000086000000, 0x0000000086000000| Untracked 
|  97|0x0000000086100000, 0x0000000086100000, 0x0000000086200000|  0%| F|  |TAMS 0x0000000086100000, 0x0000000086100000| Untracked 
|  98|0x0000000086200000, 0x0000000086200000, 0x0000000086300000|  0%| F|  |TAMS 0x0000000086200000, 0x0000000086200000| Untracked 
|  99|0x0000000086300000, 0x0000000086300000, 0x0000000086400000|  0%| F|  |TAMS 0x0000000086300000, 0x0000000086300000| Untracked 
| 100|0x0000000086400000, 0x0000000086400000, 0x0000000086500000|  0%| F|  |TAMS 0x0000000086400000, 0x0000000086400000| Untracked 
| 101|0x0000000086500000, 0x0000000086500000, 0x0000000086600000|  0%| F|  |TAMS 0x0000000086500000, 0x0000000086500000| Untracked 
| 102|0x0000000086600000, 0x0000000086600000, 0x0000000086700000|  0%| F|  |TAMS 0x0000000086600000, 0x0000000086600000| Untracked 
| 103|0x0000000086700000, 0x0000000086700000, 0x0000000086800000|  0%| F|  |TAMS 0x0000000086700000, 0x0000000086700000| Untracked 
| 104|0x0000000086800000, 0x0000000086800000, 0x0000000086900000|  0%| F|  |TAMS 0x0000000086800000, 0x0000000086800000| Untracked 
| 105|0x0000000086900000, 0x0000000086900000, 0x0000000086a00000|  0%| F|  |TAMS 0x0000000086900000, 0x0000000086900000| Untracked 
| 106|0x0000000086a00000, 0x0000000086a00000, 0x0000000086b00000|  0%| F|  |TAMS 0x0000000086a00000, 0x0000000086a00000| Untracked 
| 107|0x0000000086b00000, 0x0000000086b00000, 0x0000000086c00000|  0%| F|  |TAMS 0x0000000086b00000, 0x0000000086b00000| Untracked 
| 108|0x0000000086c00000, 0x0000000086c00000, 0x0000000086d00000|  0%| F|  |TAMS 0x0000000086c00000, 0x0000000086c00000| Untracked 
| 109|0x0000000086d00000, 0x0000000086d00000, 0x0000000086e00000|  0%| F|  |TAMS 0x0000000086d00000, 0x0000000086d00000| Untracked 
| 110|0x0000000086e00000, 0x0000000086e00000, 0x0000000086f00000|  0%| F|  |TAMS 0x0000000086e00000, 0x0000000086e00000| Untracked 
| 111|0x0000000086f00000, 0x0000000086f00000, 0x0000000087000000|  0%| F|  |TAMS 0x0000000086f00000, 0x0000000086f00000| Untracked 
| 112|0x0000000087000000, 0x0000000087000000, 0x0000000087100000|  0%| F|  |TAMS 0x0000000087000000, 0x0000000087000000| Untracked 
| 113|0x0000000087100000, 0x0000000087100000, 0x0000000087200000|  0%| F|  |TAMS 0x0000000087100000, 0x0000000087100000| Untracked 
| 114|0x0000000087200000, 0x0000000087200000, 0x0000000087300000|  0%| F|  |TAMS 0x0000000087200000, 0x0000000087200000| Untracked 
| 115|0x0000000087300000, 0x0000000087300000, 0x0000000087400000|  0%| F|  |TAMS 0x0000000087300000, 0x0000000087300000| Untracked 
| 116|0x0000000087400000, 0x0000000087400000, 0x0000000087500000|  0%| F|  |TAMS 0x0000000087400000, 0x0000000087400000| Untracked 
| 117|0x0000000087500000, 0x0000000087500000, 0x0000000087600000|  0%| F|  |TAMS 0x0000000087500000, 0x0000000087500000| Untracked 
| 118|0x0000000087600000, 0x0000000087600000, 0x0000000087700000|  0%| F|  |TAMS 0x0000000087600000, 0x0000000087600000| Untracked 
| 119|0x0000000087700000, 0x0000000087700000, 0x0000000087800000|  0%| F|  |TAMS 0x0000000087700000, 0x0000000087700000| Untracked 
| 120|0x0000000087800000, 0x0000000087800000, 0x0000000087900000|  0%| F|  |TAMS 0x0000000087800000, 0x0000000087800000| Untracked 
| 121|0x0000000087900000, 0x0000000087900000, 0x0000000087a00000|  0%| F|  |TAMS 0x0000000087900000, 0x0000000087900000| Untracked 
| 122|0x0000000087a00000, 0x0000000087a00000, 0x0000000087b00000|  0%| F|  |TAMS 0x0000000087a00000, 0x0000000087a00000| Untracked 
| 123|0x0000000087b00000, 0x0000000087b00000, 0x0000000087c00000|  0%| F|  |TAMS 0x0000000087b00000, 0x0000000087b00000| Untracked 
| 124|0x0000000087c00000, 0x0000000087c00000, 0x0000000087d00000|  0%| F|  |TAMS 0x0000000087c00000, 0x0000000087c00000| Untracked 
| 125|0x0000000087d00000, 0x0000000087d00000, 0x0000000087e00000|  0%| F|  |TAMS 0x0000000087d00000, 0x0000000087d00000| Untracked 
| 126|0x0000000087e00000, 0x0000000087e00000, 0x0000000087f00000|  0%| F|  |TAMS 0x0000000087e00000, 0x0000000087e00000| Untracked 
| 127|0x0000000087f00000, 0x0000000087f00000, 0x0000000088000000|  0%| F|  |TAMS 0x0000000087f00000, 0x0000000087f00000| Untracked 
| 128|0x0000000088000000, 0x0000000088000000, 0x0000000088100000|  0%| F|  |TAMS 0x0000000088000000, 0x0000000088000000| Untracked 
| 129|0x0000000088100000, 0x0000000088100000, 0x0000000088200000|  0%| F|  |TAMS 0x0000000088100000, 0x0000000088100000| Untracked 
| 130|0x0000000088200000, 0x0000000088200000, 0x0000000088300000|  0%| F|  |TAMS 0x0000000088200000, 0x0000000088200000| Untracked 
| 131|0x0000000088300000, 0x0000000088300000, 0x0000000088400000|  0%| F|  |TAMS 0x0000000088300000, 0x0000000088300000| Untracked 
| 132|0x0000000088400000, 0x0000000088400000, 0x0000000088500000|  0%| F|  |TAMS 0x0000000088400000, 0x0000000088400000| Untracked 
| 133|0x0000000088500000, 0x0000000088500000, 0x0000000088600000|  0%| F|  |TAMS 0x0000000088500000, 0x0000000088500000| Untracked 
| 134|0x0000000088600000, 0x0000000088600000, 0x0000000088700000|  0%| F|  |TAMS 0x0000000088600000, 0x0000000088600000| Untracked 
| 135|0x0000000088700000, 0x0000000088700000, 0x0000000088800000|  0%| F|  |TAMS 0x0000000088700000, 0x0000000088700000| Untracked 
| 136|0x0000000088800000, 0x0000000088800000, 0x0000000088900000|  0%| F|  |TAMS 0x0000000088800000, 0x0000000088800000| Untracked 
| 137|0x0000000088900000, 0x0000000088900000, 0x0000000088a00000|  0%| F|  |TAMS 0x0000000088900000, 0x0000000088900000| Untracked 
| 138|0x0000000088a00000, 0x0000000088a00000, 0x0000000088b00000|  0%| F|  |TAMS 0x0000000088a00000, 0x0000000088a00000| Untracked 
| 139|0x0000000088b00000, 0x0000000088c00000, 0x0000000088c00000|100%| S|CS|TAMS 0x0000000088b00000, 0x0000000088b00000| Complete 
| 140|0x0000000088c00000, 0x0000000088d00000, 0x0000000088d00000|100%| S|CS|TAMS 0x0000000088c00000, 0x0000000088c00000| Complete 
| 141|0x0000000088d00000, 0x0000000088e00000, 0x0000000088e00000|100%| S|CS|TAMS 0x0000000088d00000, 0x0000000088d00000| Complete 
| 142|0x0000000088e00000, 0x0000000088f00000, 0x0000000088f00000|100%| S|CS|TAMS 0x0000000088e00000, 0x0000000088e00000| Complete 
| 143|0x0000000088f00000, 0x0000000089000000, 0x0000000089000000|100%| S|CS|TAMS 0x0000000088f00000, 0x0000000088f00000| Complete 
| 144|0x0000000089000000, 0x0000000089000000, 0x0000000089100000|  0%| F|  |TAMS 0x0000000089000000, 0x0000000089000000| Untracked 
| 145|0x0000000089100000, 0x0000000089100000, 0x0000000089200000|  0%| F|  |TAMS 0x0000000089100000, 0x0000000089100000| Untracked 
| 146|0x0000000089200000, 0x0000000089200000, 0x0000000089300000|  0%| F|  |TAMS 0x0000000089200000, 0x0000000089200000| Untracked 
| 147|0x0000000089300000, 0x0000000089300000, 0x0000000089400000|  0%| F|  |TAMS 0x0000000089300000, 0x0000000089300000| Untracked 
| 148|0x0000000089400000, 0x0000000089400000, 0x0000000089500000|  0%| F|  |TAMS 0x0000000089400000, 0x0000000089400000| Untracked 
| 149|0x0000000089500000, 0x0000000089500000, 0x0000000089600000|  0%| F|  |TAMS 0x0000000089500000, 0x0000000089500000| Untracked 
| 150|0x0000000089600000, 0x0000000089600000, 0x0000000089700000|  0%| F|  |TAMS 0x0000000089600000, 0x0000000089600000| Untracked 
| 151|0x0000000089700000, 0x0000000089700000, 0x0000000089800000|  0%| F|  |TAMS 0x0000000089700000, 0x0000000089700000| Untracked 
| 152|0x0000000089800000, 0x0000000089800000, 0x0000000089900000|  0%| F|  |TAMS 0x0000000089800000, 0x0000000089800000| Untracked 
| 153|0x0000000089900000, 0x0000000089900000, 0x0000000089a00000|  0%| F|  |TAMS 0x0000000089900000, 0x0000000089900000| Untracked 
| 154|0x0000000089a00000, 0x0000000089a00000, 0x0000000089b00000|  0%| F|  |TAMS 0x0000000089a00000, 0x0000000089a00000| Untracked 
| 155|0x0000000089b00000, 0x0000000089b00000, 0x0000000089c00000|  0%| F|  |TAMS 0x0000000089b00000, 0x0000000089b00000| Untracked 
| 156|0x0000000089c00000, 0x0000000089c00000, 0x0000000089d00000|  0%| F|  |TAMS 0x0000000089c00000, 0x0000000089c00000| Untracked 
| 157|0x0000000089d00000, 0x0000000089d00000, 0x0000000089e00000|  0%| F|  |TAMS 0x0000000089d00000, 0x0000000089d00000| Untracked 
| 158|0x0000000089e00000, 0x0000000089e00000, 0x0000000089f00000|  0%| F|  |TAMS 0x0000000089e00000, 0x0000000089e00000| Untracked 
| 159|0x0000000089f00000, 0x0000000089f00000, 0x000000008a000000|  0%| F|  |TAMS 0x0000000089f00000, 0x0000000089f00000| Untracked 
| 160|0x000000008a000000, 0x000000008a000000, 0x000000008a100000|  0%| F|  |TAMS 0x000000008a000000, 0x000000008a000000| Untracked 
| 161|0x000000008a100000, 0x000000008a100000, 0x000000008a200000|  0%| F|  |TAMS 0x000000008a100000, 0x000000008a100000| Untracked 
| 162|0x000000008a200000, 0x000000008a200000, 0x000000008a300000|  0%| F|  |TAMS 0x000000008a200000, 0x000000008a200000| Untracked 
| 163|0x000000008a300000, 0x000000008a300000, 0x000000008a400000|  0%| F|  |TAMS 0x000000008a300000, 0x000000008a300000| Untracked 
| 164|0x000000008a400000, 0x000000008a400000, 0x000000008a500000|  0%| F|  |TAMS 0x000000008a400000, 0x000000008a400000| Untracked 
| 165|0x000000008a500000, 0x000000008a500000, 0x000000008a600000|  0%| F|  |TAMS 0x000000008a500000, 0x000000008a500000| Untracked 
| 166|0x000000008a600000, 0x000000008a600000, 0x000000008a700000|  0%| F|  |TAMS 0x000000008a600000, 0x000000008a600000| Untracked 
| 167|0x000000008a700000, 0x000000008a700000, 0x000000008a800000|  0%| F|  |TAMS 0x000000008a700000, 0x000000008a700000| Untracked 
| 168|0x000000008a800000, 0x000000008a800000, 0x000000008a900000|  0%| F|  |TAMS 0x000000008a800000, 0x000000008a800000| Untracked 
| 169|0x000000008a900000, 0x000000008a900000, 0x000000008aa00000|  0%| F|  |TAMS 0x000000008a900000, 0x000000008a900000| Untracked 
| 170|0x000000008aa00000, 0x000000008aa00000, 0x000000008ab00000|  0%| F|  |TAMS 0x000000008aa00000, 0x000000008aa00000| Untracked 
| 171|0x000000008ab00000, 0x000000008ab00000, 0x000000008ac00000|  0%| F|  |TAMS 0x000000008ab00000, 0x000000008ab00000| Untracked 
| 172|0x000000008ac00000, 0x000000008ac00000, 0x000000008ad00000|  0%| F|  |TAMS 0x000000008ac00000, 0x000000008ac00000| Untracked 
| 173|0x000000008ad00000, 0x000000008ad00000, 0x000000008ae00000|  0%| F|  |TAMS 0x000000008ad00000, 0x000000008ad00000| Untracked 
| 174|0x000000008ae00000, 0x000000008ae00000, 0x000000008af00000|  0%| F|  |TAMS 0x000000008ae00000, 0x000000008ae00000| Untracked 
| 175|0x000000008af00000, 0x000000008af00000, 0x000000008b000000|  0%| F|  |TAMS 0x000000008af00000, 0x000000008af00000| Untracked 
| 176|0x000000008b000000, 0x000000008b000000, 0x000000008b100000|  0%| F|  |TAMS 0x000000008b000000, 0x000000008b000000| Untracked 
| 177|0x000000008b100000, 0x000000008b100000, 0x000000008b200000|  0%| F|  |TAMS 0x000000008b100000, 0x000000008b100000| Untracked 
| 178|0x000000008b200000, 0x000000008b200000, 0x000000008b300000|  0%| F|  |TAMS 0x000000008b200000, 0x000000008b200000| Untracked 
| 179|0x000000008b300000, 0x000000008b300000, 0x000000008b400000|  0%| F|  |TAMS 0x000000008b300000, 0x000000008b300000| Untracked 
| 180|0x000000008b400000, 0x000000008b400000, 0x000000008b500000|  0%| F|  |TAMS 0x000000008b400000, 0x000000008b400000| Untracked 
| 181|0x000000008b500000, 0x000000008b500000, 0x000000008b600000|  0%| F|  |TAMS 0x000000008b500000, 0x000000008b500000| Untracked 
| 182|0x000000008b600000, 0x000000008b600000, 0x000000008b700000|  0%| F|  |TAMS 0x000000008b600000, 0x000000008b600000| Untracked 
| 183|0x000000008b700000, 0x000000008b700000, 0x000000008b800000|  0%| F|  |TAMS 0x000000008b700000, 0x000000008b700000| Untracked 
| 184|0x000000008b800000, 0x000000008b800000, 0x000000008b900000|  0%| F|  |TAMS 0x000000008b800000, 0x000000008b800000| Untracked 
| 185|0x000000008b900000, 0x000000008b900000, 0x000000008ba00000|  0%| F|  |TAMS 0x000000008b900000, 0x000000008b900000| Untracked 
| 186|0x000000008ba00000, 0x000000008ba00000, 0x000000008bb00000|  0%| F|  |TAMS 0x000000008ba00000, 0x000000008ba00000| Untracked 
| 187|0x000000008bb00000, 0x000000008bb00000, 0x000000008bc00000|  0%| F|  |TAMS 0x000000008bb00000, 0x000000008bb00000| Untracked 
| 188|0x000000008bc00000, 0x000000008bc00000, 0x000000008bd00000|  0%| F|  |TAMS 0x000000008bc00000, 0x000000008bc00000| Untracked 
| 189|0x000000008bd00000, 0x000000008bd00000, 0x000000008be00000|  0%| F|  |TAMS 0x000000008bd00000, 0x000000008bd00000| Untracked 
| 190|0x000000008be00000, 0x000000008be00000, 0x000000008bf00000|  0%| F|  |TAMS 0x000000008be00000, 0x000000008be00000| Untracked 
| 191|0x000000008bf00000, 0x000000008bf00000, 0x000000008c000000|  0%| F|  |TAMS 0x000000008bf00000, 0x000000008bf00000| Untracked 
| 192|0x000000008c000000, 0x000000008c000000, 0x000000008c100000|  0%| F|  |TAMS 0x000000008c000000, 0x000000008c000000| Untracked 
| 193|0x000000008c100000, 0x000000008c100000, 0x000000008c200000|  0%| F|  |TAMS 0x000000008c100000, 0x000000008c100000| Untracked 
| 194|0x000000008c200000, 0x000000008c200000, 0x000000008c300000|  0%| F|  |TAMS 0x000000008c200000, 0x000000008c200000| Untracked 
| 195|0x000000008c300000, 0x000000008c300000, 0x000000008c400000|  0%| F|  |TAMS 0x000000008c300000, 0x000000008c300000| Untracked 
| 196|0x000000008c400000, 0x000000008c400000, 0x000000008c500000|  0%| F|  |TAMS 0x000000008c400000, 0x000000008c400000| Untracked 
| 197|0x000000008c500000, 0x000000008c500000, 0x000000008c600000|  0%| F|  |TAMS 0x000000008c500000, 0x000000008c500000| Untracked 
| 198|0x000000008c600000, 0x000000008c600000, 0x000000008c700000|  0%| F|  |TAMS 0x000000008c600000, 0x000000008c600000| Untracked 
| 199|0x000000008c700000, 0x000000008c700000, 0x000000008c800000|  0%| F|  |TAMS 0x000000008c700000, 0x000000008c700000| Untracked 
| 200|0x000000008c800000, 0x000000008c800000, 0x000000008c900000|  0%| F|  |TAMS 0x000000008c800000, 0x000000008c800000| Untracked 
| 201|0x000000008c900000, 0x000000008c900000, 0x000000008ca00000|  0%| F|  |TAMS 0x000000008c900000, 0x000000008c900000| Untracked 
| 202|0x000000008ca00000, 0x000000008ca00000, 0x000000008cb00000|  0%| F|  |TAMS 0x000000008ca00000, 0x000000008ca00000| Untracked 
| 203|0x000000008cb00000, 0x000000008cb00000, 0x000000008cc00000|  0%| F|  |TAMS 0x000000008cb00000, 0x000000008cb00000| Untracked 
| 204|0x000000008cc00000, 0x000000008cc00000, 0x000000008cd00000|  0%| F|  |TAMS 0x000000008cc00000, 0x000000008cc00000| Untracked 
| 205|0x000000008cd00000, 0x000000008cd00000, 0x000000008ce00000|  0%| F|  |TAMS 0x000000008cd00000, 0x000000008cd00000| Untracked 
| 206|0x000000008ce00000, 0x000000008ce00000, 0x000000008cf00000|  0%| F|  |TAMS 0x000000008ce00000, 0x000000008ce00000| Untracked 
| 207|0x000000008cf00000, 0x000000008cf00000, 0x000000008d000000|  0%| F|  |TAMS 0x000000008cf00000, 0x000000008cf00000| Untracked 
| 208|0x000000008d000000, 0x000000008d000000, 0x000000008d100000|  0%| F|  |TAMS 0x000000008d000000, 0x000000008d000000| Untracked 
| 209|0x000000008d100000, 0x000000008d100000, 0x000000008d200000|  0%| F|  |TAMS 0x000000008d100000, 0x000000008d100000| Untracked 
| 210|0x000000008d200000, 0x000000008d200000, 0x000000008d300000|  0%| F|  |TAMS 0x000000008d200000, 0x000000008d200000| Untracked 
| 211|0x000000008d300000, 0x000000008d300000, 0x000000008d400000|  0%| F|  |TAMS 0x000000008d300000, 0x000000008d300000| Untracked 
| 212|0x000000008d400000, 0x000000008d400000, 0x000000008d500000|  0%| F|  |TAMS 0x000000008d400000, 0x000000008d400000| Untracked 
| 213|0x000000008d500000, 0x000000008d500000, 0x000000008d600000|  0%| F|  |TAMS 0x000000008d500000, 0x000000008d500000| Untracked 
| 214|0x000000008d600000, 0x000000008d600000, 0x000000008d700000|  0%| F|  |TAMS 0x000000008d600000, 0x000000008d600000| Untracked 
| 215|0x000000008d700000, 0x000000008d700000, 0x000000008d800000|  0%| F|  |TAMS 0x000000008d700000, 0x000000008d700000| Untracked 
| 216|0x000000008d800000, 0x000000008d800000, 0x000000008d900000|  0%| F|  |TAMS 0x000000008d800000, 0x000000008d800000| Untracked 
| 217|0x000000008d900000, 0x000000008d900000, 0x000000008da00000|  0%| F|  |TAMS 0x000000008d900000, 0x000000008d900000| Untracked 
| 218|0x000000008da00000, 0x000000008da00000, 0x000000008db00000|  0%| F|  |TAMS 0x000000008da00000, 0x000000008da00000| Untracked 
| 219|0x000000008db00000, 0x000000008db00000, 0x000000008dc00000|  0%| F|  |TAMS 0x000000008db00000, 0x000000008db00000| Untracked 
| 220|0x000000008dc00000, 0x000000008dc00000, 0x000000008dd00000|  0%| F|  |TAMS 0x000000008dc00000, 0x000000008dc00000| Untracked 
| 221|0x000000008dd00000, 0x000000008dd00000, 0x000000008de00000|  0%| F|  |TAMS 0x000000008dd00000, 0x000000008dd00000| Untracked 
| 222|0x000000008de00000, 0x000000008de00000, 0x000000008df00000|  0%| F|  |TAMS 0x000000008de00000, 0x000000008de00000| Untracked 
| 223|0x000000008df00000, 0x000000008df00000, 0x000000008e000000|  0%| F|  |TAMS 0x000000008df00000, 0x000000008df00000| Untracked 
| 224|0x000000008e000000, 0x000000008e000000, 0x000000008e100000|  0%| F|  |TAMS 0x000000008e000000, 0x000000008e000000| Untracked 
| 225|0x000000008e100000, 0x000000008e100000, 0x000000008e200000|  0%| F|  |TAMS 0x000000008e100000, 0x000000008e100000| Untracked 
| 226|0x000000008e200000, 0x000000008e200000, 0x000000008e300000|  0%| F|  |TAMS 0x000000008e200000, 0x000000008e200000| Untracked 
| 227|0x000000008e300000, 0x000000008e300000, 0x000000008e400000|  0%| F|  |TAMS 0x000000008e300000, 0x000000008e300000| Untracked 
| 228|0x000000008e400000, 0x000000008e400000, 0x000000008e500000|  0%| F|  |TAMS 0x000000008e400000, 0x000000008e400000| Untracked 
| 229|0x000000008e500000, 0x000000008e500000, 0x000000008e600000|  0%| F|  |TAMS 0x000000008e500000, 0x000000008e500000| Untracked 
| 230|0x000000008e600000, 0x000000008e600000, 0x000000008e700000|  0%| F|  |TAMS 0x000000008e600000, 0x000000008e600000| Untracked 
| 231|0x000000008e700000, 0x000000008e700000, 0x000000008e800000|  0%| F|  |TAMS 0x000000008e700000, 0x000000008e700000| Untracked 
| 232|0x000000008e800000, 0x000000008e800000, 0x000000008e900000|  0%| F|  |TAMS 0x000000008e800000, 0x000000008e800000| Untracked 
| 233|0x000000008e900000, 0x000000008e900000, 0x000000008ea00000|  0%| F|  |TAMS 0x000000008e900000, 0x000000008e900000| Untracked 
| 234|0x000000008ea00000, 0x000000008ea00000, 0x000000008eb00000|  0%| F|  |TAMS 0x000000008ea00000, 0x000000008ea00000| Untracked 
| 235|0x000000008eb00000, 0x000000008eb00000, 0x000000008ec00000|  0%| F|  |TAMS 0x000000008eb00000, 0x000000008eb00000| Untracked 
| 236|0x000000008ec00000, 0x000000008ec00000, 0x000000008ed00000|  0%| F|  |TAMS 0x000000008ec00000, 0x000000008ec00000| Untracked 
| 237|0x000000008ed00000, 0x000000008ed00000, 0x000000008ee00000|  0%| F|  |TAMS 0x000000008ed00000, 0x000000008ed00000| Untracked 
| 238|0x000000008ee00000, 0x000000008ee00000, 0x000000008ef00000|  0%| F|  |TAMS 0x000000008ee00000, 0x000000008ee00000| Untracked 
| 239|0x000000008ef00000, 0x000000008ef00000, 0x000000008f000000|  0%| F|  |TAMS 0x000000008ef00000, 0x000000008ef00000| Untracked 
| 240|0x000000008f000000, 0x000000008f000000, 0x000000008f100000|  0%| F|  |TAMS 0x000000008f000000, 0x000000008f000000| Untracked 
| 241|0x000000008f100000, 0x000000008f100000, 0x000000008f200000|  0%| F|  |TAMS 0x000000008f100000, 0x000000008f100000| Untracked 
| 242|0x000000008f200000, 0x000000008f200000, 0x000000008f300000|  0%| F|  |TAMS 0x000000008f200000, 0x000000008f200000| Untracked 
| 243|0x000000008f300000, 0x000000008f300000, 0x000000008f400000|  0%| F|  |TAMS 0x000000008f300000, 0x000000008f300000| Untracked 
| 244|0x000000008f400000, 0x000000008f400000, 0x000000008f500000|  0%| F|  |TAMS 0x000000008f400000, 0x000000008f400000| Untracked 
| 245|0x000000008f500000, 0x000000008f500000, 0x000000008f600000|  0%| F|  |TAMS 0x000000008f500000, 0x000000008f500000| Untracked 
| 246|0x000000008f600000, 0x000000008f600000, 0x000000008f700000|  0%| F|  |TAMS 0x000000008f600000, 0x000000008f600000| Untracked 
| 247|0x000000008f700000, 0x000000008f700000, 0x000000008f800000|  0%| F|  |TAMS 0x000000008f700000, 0x000000008f700000| Untracked 
| 248|0x000000008f800000, 0x000000008f800000, 0x000000008f900000|  0%| F|  |TAMS 0x000000008f800000, 0x000000008f800000| Untracked 
| 249|0x000000008f900000, 0x000000008f900000, 0x000000008fa00000|  0%| F|  |TAMS 0x000000008f900000, 0x000000008f900000| Untracked 
| 250|0x000000008fa00000, 0x000000008fa00000, 0x000000008fb00000|  0%| F|  |TAMS 0x000000008fa00000, 0x000000008fa00000| Untracked 
| 251|0x000000008fb00000, 0x000000008fb00000, 0x000000008fc00000|  0%| F|  |TAMS 0x000000008fb00000, 0x000000008fb00000| Untracked 
| 252|0x000000008fc00000, 0x000000008fc00000, 0x000000008fd00000|  0%| F|  |TAMS 0x000000008fc00000, 0x000000008fc00000| Untracked 
| 253|0x000000008fd00000, 0x000000008fd00000, 0x000000008fe00000|  0%| F|  |TAMS 0x000000008fd00000, 0x000000008fd00000| Untracked 
| 254|0x000000008fe00000, 0x000000008fe00000, 0x000000008ff00000|  0%| F|  |TAMS 0x000000008fe00000, 0x000000008fe00000| Untracked 
| 255|0x000000008ff00000, 0x000000008ff00000, 0x0000000090000000|  0%| F|  |TAMS 0x000000008ff00000, 0x000000008ff00000| Untracked 
| 256|0x0000000090000000, 0x0000000090000000, 0x0000000090100000|  0%| F|  |TAMS 0x0000000090000000, 0x0000000090000000| Untracked 
| 257|0x0000000090100000, 0x0000000090100000, 0x0000000090200000|  0%| F|  |TAMS 0x0000000090100000, 0x0000000090100000| Untracked 
| 258|0x0000000090200000, 0x0000000090200000, 0x0000000090300000|  0%| F|  |TAMS 0x0000000090200000, 0x0000000090200000| Untracked 
| 259|0x0000000090300000, 0x0000000090300000, 0x0000000090400000|  0%| F|  |TAMS 0x0000000090300000, 0x0000000090300000| Untracked 
| 260|0x0000000090400000, 0x0000000090400000, 0x0000000090500000|  0%| F|  |TAMS 0x0000000090400000, 0x0000000090400000| Untracked 
| 261|0x0000000090500000, 0x0000000090500000, 0x0000000090600000|  0%| F|  |TAMS 0x0000000090500000, 0x0000000090500000| Untracked 
| 262|0x0000000090600000, 0x0000000090600000, 0x0000000090700000|  0%| F|  |TAMS 0x0000000090600000, 0x0000000090600000| Untracked 
| 263|0x0000000090700000, 0x0000000090700000, 0x0000000090800000|  0%| F|  |TAMS 0x0000000090700000, 0x0000000090700000| Untracked 
| 264|0x0000000090800000, 0x0000000090800000, 0x0000000090900000|  0%| F|  |TAMS 0x0000000090800000, 0x0000000090800000| Untracked 
| 265|0x0000000090900000, 0x0000000090900000, 0x0000000090a00000|  0%| F|  |TAMS 0x0000000090900000, 0x0000000090900000| Untracked 
| 266|0x0000000090a00000, 0x0000000090a00000, 0x0000000090b00000|  0%| F|  |TAMS 0x0000000090a00000, 0x0000000090a00000| Untracked 
| 267|0x0000000090b00000, 0x0000000090b00000, 0x0000000090c00000|  0%| F|  |TAMS 0x0000000090b00000, 0x0000000090b00000| Untracked 
| 268|0x0000000090c00000, 0x0000000090c00000, 0x0000000090d00000|  0%| F|  |TAMS 0x0000000090c00000, 0x0000000090c00000| Untracked 
| 269|0x0000000090d00000, 0x0000000090d00000, 0x0000000090e00000|  0%| F|  |TAMS 0x0000000090d00000, 0x0000000090d00000| Untracked 
| 270|0x0000000090e00000, 0x0000000090e00000, 0x0000000090f00000|  0%| F|  |TAMS 0x0000000090e00000, 0x0000000090e00000| Untracked 
| 271|0x0000000090f00000, 0x0000000090f00000, 0x0000000091000000|  0%| F|  |TAMS 0x0000000090f00000, 0x0000000090f00000| Untracked 
| 272|0x0000000091000000, 0x0000000091000000, 0x0000000091100000|  0%| F|  |TAMS 0x0000000091000000, 0x0000000091000000| Untracked 
| 273|0x0000000091100000, 0x0000000091100000, 0x0000000091200000|  0%| F|  |TAMS 0x0000000091100000, 0x0000000091100000| Untracked 
| 274|0x0000000091200000, 0x0000000091200000, 0x0000000091300000|  0%| F|  |TAMS 0x0000000091200000, 0x0000000091200000| Untracked 
| 275|0x0000000091300000, 0x0000000091300000, 0x0000000091400000|  0%| F|  |TAMS 0x0000000091300000, 0x0000000091300000| Untracked 
| 276|0x0000000091400000, 0x0000000091400000, 0x0000000091500000|  0%| F|  |TAMS 0x0000000091400000, 0x0000000091400000| Untracked 
| 277|0x0000000091500000, 0x0000000091500000, 0x0000000091600000|  0%| F|  |TAMS 0x0000000091500000, 0x0000000091500000| Untracked 
| 278|0x0000000091600000, 0x0000000091600000, 0x0000000091700000|  0%| F|  |TAMS 0x0000000091600000, 0x0000000091600000| Untracked 
| 279|0x0000000091700000, 0x0000000091700000, 0x0000000091800000|  0%| F|  |TAMS 0x0000000091700000, 0x0000000091700000| Untracked 
| 280|0x0000000091800000, 0x0000000091800000, 0x0000000091900000|  0%| F|  |TAMS 0x0000000091800000, 0x0000000091800000| Untracked 
| 281|0x0000000091900000, 0x0000000091900000, 0x0000000091a00000|  0%| F|  |TAMS 0x0000000091900000, 0x0000000091900000| Untracked 
| 282|0x0000000091a00000, 0x0000000091a00000, 0x0000000091b00000|  0%| F|  |TAMS 0x0000000091a00000, 0x0000000091a00000| Untracked 
| 283|0x0000000091b00000, 0x0000000091b00000, 0x0000000091c00000|  0%| F|  |TAMS 0x0000000091b00000, 0x0000000091b00000| Untracked 
| 284|0x0000000091c00000, 0x0000000091c00000, 0x0000000091d00000|  0%| F|  |TAMS 0x0000000091c00000, 0x0000000091c00000| Untracked 
| 285|0x0000000091d00000, 0x0000000091d00000, 0x0000000091e00000|  0%| F|  |TAMS 0x0000000091d00000, 0x0000000091d00000| Untracked 
| 286|0x0000000091e00000, 0x0000000091e00000, 0x0000000091f00000|  0%| F|  |TAMS 0x0000000091e00000, 0x0000000091e00000| Untracked 
| 287|0x0000000091f00000, 0x0000000091f00000, 0x0000000092000000|  0%| F|  |TAMS 0x0000000091f00000, 0x0000000091f00000| Untracked 

Card table byte_map: [0x00000235bf820000,0x00000235bfc20000] _byte_map_base: 0x00000235bf420000

Marking Bits (Prev, Next): (CMBitMap*) 0x00000235a85be540, (CMBitMap*) 0x00000235a85be580
 Prev Bits: [0x00000235c0020000, 0x00000235c2020000)
 Next Bits: [0x00000235c2020000, 0x00000235c4020000)

Polling page: 0x00000235a67a0000

Metaspace:

Usage:
  Non-class:     46.01 MB used.
      Class:      7.51 MB used.
       Both:     53.53 MB used.

Virtual space:
  Non-class space:       64.00 MB reserved,      46.44 MB ( 73%) committed,  1 nodes.
      Class space:      416.00 MB reserved,       7.88 MB (  2%) committed,  1 nodes.
             Both:      480.00 MB reserved,      54.31 MB ( 11%) committed. 

Chunk freelists:
   Non-Class:  656.00 KB
       Class:  8.13 MB
        Both:  8.77 MB

MaxMetaspaceSize: 512.00 MB
CompressedClassSpaceSize: 416.00 MB
Initial GC threshold: 21.00 MB
Current GC threshold: 89.50 MB
CDS: on
MetaspaceReclaimPolicy: balanced
 - commit_granule_bytes: 65536.
 - commit_granule_words: 8192.
 - virtual_space_node_default_size: 8388608.
 - enlarge_chunks_in_place: 1.
 - new_chunks_are_fully_committed: 0.
 - uncommit_free_chunks: 1.
 - use_allocation_guard: 0.
 - handle_deallocations: 1.


Internal statistics:

num_allocs_failed_limit: 6.
num_arena_births: 1236.
num_arena_deaths: 8.
num_vsnodes_births: 2.
num_vsnodes_deaths: 0.
num_space_committed: 869.
num_space_uncommitted: 0.
num_chunks_returned_to_freelist: 15.
num_chunks_taken_from_freelist: 3673.
num_chunk_merges: 8.
num_chunk_splits: 2363.
num_chunks_enlarged: 1497.
num_inconsistent_stats: 0.

CodeHeap 'non-profiled nmethods': size=120000Kb used=4088Kb max_used=4653Kb free=115911Kb
 bounds [0x00000235b7bc0000, 0x00000235b8050000, 0x00000235bf0f0000]
CodeHeap 'profiled nmethods': size=120000Kb used=14314Kb max_used=16538Kb free=105686Kb
 bounds [0x00000235b00f0000, 0x00000235b1120000, 0x00000235b7620000]
CodeHeap 'non-nmethods': size=5760Kb used=1678Kb max_used=1802Kb free=4081Kb
 bounds [0x00000235b7620000, 0x00000235b7890000, 0x00000235b7bc0000]
 total_blobs=8224 nmethods=7466 adapters=669
 compilation: enabled
              stopped_count=0, restarted_count=0
 full_count=0

Compilation events (20 events):
Event: 41.666 Thread 0x00000235c6a65200 nmethod 9077 0x00000235b05fc410 code [0x00000235b05fc5e0, 0x00000235b05fc878]
Event: 41.666 Thread 0x00000235c6a65200 9078       2       java.util.Formatter::locale (9 bytes)
Event: 41.666 Thread 0x00000235c6a65200 nmethod 9078 0x00000235b037f390 code [0x00000235b037f540, 0x00000235b037f6a8]
Event: 41.666 Thread 0x00000235c6a65200 9079       1       org.gradle.internal.execution.steps.ImmutableCachingContext::getCachingState (5 bytes)
Event: 41.667 Thread 0x00000235c6a65200 nmethod 9079 0x00000235b7cea390 code [0x00000235b7cea520, 0x00000235b7cea5f8]
Event: 41.667 Thread 0x00000235c6a65200 9071       2       org.gradle.caching.internal.origin.OriginMetadata::<init> (20 bytes)
Event: 41.667 Thread 0x00000235c6a65200 nmethod 9071 0x00000235b0212a90 code [0x00000235b0212c40, 0x00000235b0212e58]
Event: 41.667 Thread 0x00000235c6a65200 9075       2       org.gradle.internal.execution.steps.WorkspaceResult$$Lambda$570/0x00000235c84c2a38::apply (9 bytes)
Event: 41.668 Thread 0x00000235c6a65200 nmethod 9075 0x00000235b0249a90 code [0x00000235b0249c40, 0x00000235b0249e78]
Event: 41.669 Thread 0x00000235c6a65200 9080       2       org.gradle.internal.vfs.impl.VersionHierarchy::<init> (21 bytes)
Event: 41.669 Thread 0x00000235c6a65200 nmethod 9080 0x00000235b0309990 code [0x00000235b0309b20, 0x00000235b0309c78]
Event: 41.758 Thread 0x00000235c6a648f0 nmethod 9037 0x00000235b7d4e190 code [0x00000235b7d4eee0, 0x00000235b7d54b78]
Event: 41.759 Thread 0x00000235c6a648f0 9045       4       org.objectweb.asm.ClassReader::readElementValue (1237 bytes)
Event: 41.770 Thread 0x00000235c6a65200 9085       3       org.gradle.internal.classpath.transforms.InstrumentingClassTransform$InstrumentingVisitor$$Lambda$1243/0x00000235c87cc230::apply (20 bytes)
Event: 41.770 Thread 0x00000235c6a65200 nmethod 9085 0x00000235b01d1990 code [0x00000235b01d1b40, 0x00000235b01d1de8]
Event: 41.771 Thread 0x00000235c6a65200 9086       3       org.gradle.internal.classpath.generated.InterceptorDeclaration_PropertyUpgradesJvmBytecode_CoreApi::findBridgeMethodBuilder (66 bytes)
Event: 41.771 Thread 0x00000235c6a65200 nmethod 9086 0x00000235b0294710 code [0x00000235b0294900, 0x00000235b0294d18]
Event: 41.772 Thread 0x00000235c6a65200 9087       3       org.gradle.internal.classpath.transforms.AdhocInterceptors::findBridgeMethodBuilder (65 bytes)
Event: 41.773 Thread 0x00000235c6a65200 nmethod 9087 0x00000235b0524b10 code [0x00000235b0524d80, 0x00000235b0525408]
Event: 41.776 Thread 0x00000235c6a65200 9088       3       org.gradle.internal.classpath.generated.InterceptorDeclaration_ConfigCacheJvmBytecode::visitMethodInsn (4798 bytes)

GC Heap History (20 events):
Event: 38.320 GC heap after
{Heap after GC invocations=21 (full 0):
 garbage-first heap   total 92160K, used 53294K [0x0000000080000000, 0x0000000100000000)
  region size 1024K, 3 young (3072K), 3 survivors (3072K)
 Metaspace       used 53392K, committed 54208K, reserved 491520K
  class space    used 7568K, committed 7936K, reserved 425984K
}
Event: 38.323 GC heap before
{Heap before GC invocations=21 (full 0):
 garbage-first heap   total 92160K, used 53294K [0x0000000080000000, 0x0000000100000000)
  region size 1024K, 4 young (4096K), 3 survivors (3072K)
 Metaspace       used 53392K, committed 54208K, reserved 491520K
  class space    used 7568K, committed 7936K, reserved 425984K
}
Event: 38.332 GC heap after
{Heap after GC invocations=22 (full 0):
 garbage-first heap   total 92160K, used 54182K [0x0000000080000000, 0x0000000100000000)
  region size 1024K, 1 young (1024K), 1 survivors (1024K)
 Metaspace       used 53392K, committed 54208K, reserved 491520K
  class space    used 7568K, committed 7936K, reserved 425984K
}
Event: 38.614 GC heap before
{Heap before GC invocations=23 (full 0):
 garbage-first heap   total 117760K, used 78758K [0x0000000080000000, 0x0000000100000000)
  region size 1024K, 20 young (20480K), 1 survivors (1024K)
 Metaspace       used 53878K, committed 54784K, reserved 491520K
  class space    used 7645K, committed 8064K, reserved 425984K
}
Event: 38.630 GC heap after
{Heap after GC invocations=24 (full 0):
 garbage-first heap   total 117760K, used 67774K [0x0000000080000000, 0x0000000100000000)
  region size 1024K, 3 young (3072K), 3 survivors (3072K)
 Metaspace       used 53878K, committed 54784K, reserved 491520K
  class space    used 7645K, committed 8064K, reserved 425984K
}
Event: 38.841 GC heap before
{Heap before GC invocations=24 (full 0):
 garbage-first heap   total 117760K, used 87230K [0x0000000080000000, 0x0000000100000000)
  region size 1024K, 23 young (23552K), 3 survivors (3072K)
 Metaspace       used 54081K, committed 54912K, reserved 491520K
  class space    used 7647K, committed 8064K, reserved 425984K
}
Event: 38.859 GC heap after
{Heap after GC invocations=25 (full 0):
 garbage-first heap   total 117760K, used 73783K [0x0000000080000000, 0x0000000100000000)
  region size 1024K, 3 young (3072K), 3 survivors (3072K)
 Metaspace       used 54081K, committed 54912K, reserved 491520K
  class space    used 7647K, committed 8064K, reserved 425984K
}
Event: 39.108 GC heap before
{Heap before GC invocations=25 (full 0):
 garbage-first heap   total 147456K, used 91191K [0x0000000080000000, 0x0000000100000000)
  region size 1024K, 20 young (20480K), 3 survivors (3072K)
 Metaspace       used 54144K, committed 54976K, reserved 491520K
  class space    used 7647K, committed 8064K, reserved 425984K
}
Event: 39.122 GC heap after
{Heap after GC invocations=26 (full 0):
 garbage-first heap   total 147456K, used 77324K [0x0000000080000000, 0x0000000100000000)
  region size 1024K, 3 young (3072K), 3 survivors (3072K)
 Metaspace       used 54144K, committed 54976K, reserved 491520K
  class space    used 7647K, committed 8064K, reserved 425984K
}
Event: 39.361 GC heap before
{Heap before GC invocations=27 (full 0):
 garbage-first heap   total 147456K, used 107020K [0x0000000080000000, 0x0000000100000000)
  region size 1024K, 33 young (33792K), 3 survivors (3072K)
 Metaspace       used 54351K, committed 55232K, reserved 491520K
  class space    used 7666K, committed 8064K, reserved 425984K
}
Event: 39.373 GC heap after
{Heap after GC invocations=28 (full 0):
 garbage-first heap   total 147456K, used 79627K [0x0000000080000000, 0x0000000100000000)
  region size 1024K, 4 young (4096K), 4 survivors (4096K)
 Metaspace       used 54351K, committed 55232K, reserved 491520K
  class space    used 7666K, committed 8064K, reserved 425984K
}
Event: 39.387 GC heap before
{Heap before GC invocations=28 (full 0):
 garbage-first heap   total 147456K, used 82699K [0x0000000080000000, 0x0000000100000000)
  region size 1024K, 7 young (7168K), 4 survivors (4096K)
 Metaspace       used 54358K, committed 55232K, reserved 491520K
  class space    used 7666K, committed 8064K, reserved 425984K
}
Event: 39.398 GC heap after
{Heap after GC invocations=29 (full 0):
 garbage-first heap   total 294912K, used 80180K [0x0000000080000000, 0x0000000100000000)
  region size 1024K, 1 young (1024K), 1 survivors (1024K)
 Metaspace       used 54358K, committed 55232K, reserved 491520K
  class space    used 7666K, committed 8064K, reserved 425984K
}
Event: 39.883 GC heap before
{Heap before GC invocations=29 (full 0):
 garbage-first heap   total 294912K, used 193844K [0x0000000080000000, 0x0000000100000000)
  region size 1024K, 112 young (114688K), 1 survivors (1024K)
 Metaspace       used 54439K, committed 55296K, reserved 491520K
  class space    used 7669K, committed 8064K, reserved 425984K
}
Event: 39.900 GC heap after
{Heap after GC invocations=30 (full 0):
 garbage-first heap   total 294912K, used 86998K [0x0000000080000000, 0x0000000100000000)
  region size 1024K, 8 young (8192K), 8 survivors (8192K)
 Metaspace       used 54439K, committed 55296K, reserved 491520K
  class space    used 7669K, committed 8064K, reserved 425984K
}
Event: 40.605 GC heap before
{Heap before GC invocations=30 (full 0):
 garbage-first heap   total 294912K, used 208854K [0x0000000080000000, 0x0000000100000000)
  region size 1024K, 128 young (131072K), 8 survivors (8192K)
 Metaspace       used 54643K, committed 55488K, reserved 491520K
  class space    used 7687K, committed 8064K, reserved 425984K
}
Event: 40.624 GC heap after
{Heap after GC invocations=31 (full 0):
 garbage-first heap   total 294912K, used 89420K [0x0000000080000000, 0x0000000100000000)
  region size 1024K, 10 young (10240K), 10 survivors (10240K)
 Metaspace       used 54643K, committed 55488K, reserved 491520K
  class space    used 7687K, committed 8064K, reserved 425984K
}
Event: 41.233 GC heap before
{Heap before GC invocations=31 (full 0):
 garbage-first heap   total 294912K, used 215372K [0x0000000080000000, 0x0000000100000000)
  region size 1024K, 134 young (137216K), 10 survivors (10240K)
 Metaspace       used 54743K, committed 55616K, reserved 491520K
  class space    used 7691K, committed 8064K, reserved 425984K
}
Event: 41.247 GC heap after
{Heap after GC invocations=32 (full 0):
 garbage-first heap   total 294912K, used 90510K [0x0000000080000000, 0x0000000100000000)
  region size 1024K, 5 young (5120K), 5 survivors (5120K)
 Metaspace       used 54743K, committed 55616K, reserved 491520K
  class space    used 7691K, committed 8064K, reserved 425984K
}
Event: 41.806 GC heap before
{Heap before GC invocations=32 (full 0):
 garbage-first heap   total 294912K, used 232846K [0x0000000080000000, 0x0000000100000000)
  region size 1024K, 144 young (147456K), 5 survivors (5120K)
 Metaspace       used 54811K, committed 55616K, reserved 491520K
  class space    used 7692K, committed 8064K, reserved 425984K
}

Dll operation events (15 events):
Event: 0.029 Loaded shared library C:\Program Files\Microsoft\jdk-17.0.19.10-hotspot\bin\java.dll
Event: 0.052 Loaded shared library C:\Program Files\Microsoft\jdk-17.0.19.10-hotspot\bin\jsvml.dll
Event: 0.137 Loaded shared library C:\Program Files\Microsoft\jdk-17.0.19.10-hotspot\bin\zip.dll
Event: 0.144 Loaded shared library C:\Program Files\Microsoft\jdk-17.0.19.10-hotspot\bin\instrument.dll
Event: 0.151 Loaded shared library C:\Program Files\Microsoft\jdk-17.0.19.10-hotspot\bin\net.dll
Event: 0.154 Loaded shared library C:\Program Files\Microsoft\jdk-17.0.19.10-hotspot\bin\nio.dll
Event: 0.159 Loaded shared library C:\Program Files\Microsoft\jdk-17.0.19.10-hotspot\bin\zip.dll
Event: 0.430 Loaded shared library C:\Program Files\Microsoft\jdk-17.0.19.10-hotspot\bin\jimage.dll
Event: 0.960 Loaded shared library C:\Program Files\Microsoft\jdk-17.0.19.10-hotspot\bin\verify.dll
Event: 1.050 Loaded shared library E:\GradleCache\native\660c5614fbf4a5f2a75b1949f50a0caf5cd603558e7d8a26e50b933a0cfb79d1\windows-amd64\native-platform.dll
Event: 1.115 Loaded shared library E:\GradleCache\native\0.2.8\x86_64-windows-gnu\gradle-fileevents.dll
Event: 3.204 Loaded shared library C:\Program Files\Microsoft\jdk-17.0.19.10-hotspot\bin\management.dll
Event: 3.209 Loaded shared library C:\Program Files\Microsoft\jdk-17.0.19.10-hotspot\bin\management_ext.dll
Event: 3.831 Loaded shared library C:\Program Files\Microsoft\jdk-17.0.19.10-hotspot\bin\extnet.dll
Event: 4.640 Loaded shared library C:\Program Files\Microsoft\jdk-17.0.19.10-hotspot\bin\sunmscapi.dll

Deoptimization events (20 events):
Event: 41.145 Thread 0x00000235e685b410 Uncommon trap: trap_request=0xffffff45 fr.pc=0x00000235b7fe519c relative=0x0000000000003e9c
Event: 41.145 Thread 0x00000235e685b410 Uncommon trap: reason=unstable_if action=reinterpret pc=0x00000235b7fe519c method=org.gradle.internal.classpath.generated.InterceptorDeclaration_ConfigCacheJvmBytecode.visitMethodInsn(Lorg/gradle/model/internal/asm/MethodVisitorScope;Ljava/lang/String;ILj
Event: 41.145 Thread 0x00000235e685b410 DEOPT PACKING pc=0x00000235b7fe519c sp=0x0000007ad45f9950
Event: 41.145 Thread 0x00000235e685b410 DEOPT UNPACKING pc=0x00000235b76769a3 sp=0x0000007ad45f98c0 mode 2
Event: 41.204 Thread 0x00000235e8deeb20 Uncommon trap: trap_request=0xffffff45 fr.pc=0x00000235b802ed4c relative=0x000000000000786c
Event: 41.204 Thread 0x00000235e8deeb20 Uncommon trap: reason=unstable_if action=reinterpret pc=0x00000235b802ed4c method=org.objectweb.asm.MethodWriter.putMethodInfo(Lorg/objectweb/asm/ByteVector;)V @ 180 c2
Event: 41.204 Thread 0x00000235e8deeb20 DEOPT PACKING pc=0x00000235b802ed4c sp=0x0000007ad41fa400
Event: 41.204 Thread 0x00000235e8deeb20 DEOPT UNPACKING pc=0x00000235b76769a3 sp=0x0000007ad41fa3d8 mode 2
Event: 41.371 Thread 0x00000235e6858680 Uncommon trap: trap_request=0xffffff45 fr.pc=0x00000235b7f72d58 relative=0x0000000000000498
Event: 41.372 Thread 0x00000235e6858680 Uncommon trap: reason=unstable_if action=reinterpret pc=0x00000235b7f72d58 method=java.io.BufferedOutputStream.write([BII)V @ 35 c2
Event: 41.372 Thread 0x00000235e6858680 DEOPT PACKING pc=0x00000235b7f72d58 sp=0x0000007ad32fe640
Event: 41.372 Thread 0x00000235e6858680 DEOPT UNPACKING pc=0x00000235b76769a3 sp=0x0000007ad32fe500 mode 2
Event: 41.402 Thread 0x00000235e6858680 Uncommon trap: trap_request=0xffffff45 fr.pc=0x00000235b7f1f3b4 relative=0x0000000000000314
Event: 41.402 Thread 0x00000235e6858680 Uncommon trap: reason=unstable_if action=reinterpret pc=0x00000235b7f1f3b4 method=java.io.BufferedOutputStream.write([BII)V @ 35 c2
Event: 41.402 Thread 0x00000235e6858680 DEOPT PACKING pc=0x00000235b7f1f3b4 sp=0x0000007ad32fe5c0
Event: 41.402 Thread 0x00000235e6858680 DEOPT UNPACKING pc=0x00000235b76769a3 sp=0x0000007ad32fe500 mode 2
Event: 41.775 Thread 0x00000235e9fbabd0 Uncommon trap: trap_request=0xffffff45 fr.pc=0x00000235b7d53214 relative=0x0000000000004334
Event: 41.775 Thread 0x00000235e9fbabd0 Uncommon trap: reason=unstable_if action=reinterpret pc=0x00000235b7d53214 method=org.gradle.internal.classpath.generated.InterceptorDeclaration_ConfigCacheJvmBytecode.visitMethodInsn(Lorg/gradle/model/internal/asm/MethodVisitorScope;Ljava/lang/String;ILj
Event: 41.775 Thread 0x00000235e9fbabd0 DEOPT PACKING pc=0x00000235b7d53214 sp=0x0000007ad46f99f0
Event: 41.775 Thread 0x00000235e9fbabd0 DEOPT UNPACKING pc=0x00000235b76769a3 sp=0x0000007ad46f9960 mode 2

Classes loaded (20 events):
Event: 38.271 Loading class java/util/zip/Deflater
Event: 38.271 Loading class java/util/zip/Deflater done
Event: 38.275 Loading class java/util/zip/Deflater$DeflaterZStreamRef
Event: 38.276 Loading class java/util/zip/Deflater$DeflaterZStreamRef done
Event: 38.374 Loading class java/util/zip/ZipInputStream
Event: 38.378 Loading class java/util/zip/ZipInputStream done
Event: 38.572 Loading class java/nio/StringCharBuffer
Event: 38.631 Loading class java/nio/StringCharBuffer done
Event: 40.051 Loading class java/util/SplittableRandom
Event: 40.053 Loading class java/util/random/RandomGenerator$SplittableGenerator
Event: 40.053 Loading class java/util/random/RandomGenerator$StreamableGenerator
Event: 40.053 Loading class java/util/random/RandomGenerator$StreamableGenerator done
Event: 40.053 Loading class java/util/random/RandomGenerator$SplittableGenerator done
Event: 40.053 Loading class java/util/SplittableRandom done
Event: 40.054 Loading class java/util/SplittableRandom$AbstractSplittableGeneratorProxy
Event: 40.054 Loading class jdk/internal/util/random/RandomSupport$AbstractSplittableGenerator
Event: 40.055 Loading class jdk/internal/util/random/RandomSupport$AbstractSpliteratorGenerator
Event: 40.055 Loading class jdk/internal/util/random/RandomSupport$AbstractSpliteratorGenerator done
Event: 40.056 Loading class jdk/internal/util/random/RandomSupport$AbstractSplittableGenerator done
Event: 40.056 Loading class java/util/SplittableRandom$AbstractSplittableGeneratorProxy done

Classes unloaded (4 events):
Event: 39.044 Thread 0x00000235c6a3d760 Unloading class 0x00000235c87b9000 'java/lang/invoke/LambdaForm$DMH+0x00000235c87b9000'
Event: 39.044 Thread 0x00000235c6a3d760 Unloading class 0x00000235c87b8c00 'java/lang/invoke/LambdaForm$DMH+0x00000235c87b8c00'
Event: 39.044 Thread 0x00000235c6a3d760 Unloading class 0x00000235c87b8800 'java/lang/invoke/LambdaForm$DMH+0x00000235c87b8800'
Event: 39.044 Thread 0x00000235c6a3d760 Unloading class 0x00000235c87b8400 'java/lang/invoke/LambdaForm$DMH+0x00000235c87b8400'

Classes redefined (0 events):
No events

Internal exceptions (20 events):
Event: 41.375 Thread 0x00000235e685a9f0 Exception <a 'sun/nio/fs/WindowsException'{0x0000000090006638}> (0x0000000090006638) 
thrown [s\src\hotspot\share\prims\jni.cpp, line 516]
Event: 41.378 Thread 0x00000235e685a9f0 Exception <a 'java/io/FileNotFoundException'{0x000000009000c308}> (0x000000009000c308) 
thrown [s\src\hotspot\share\prims\jni.cpp, line 516]
Event: 41.399 Thread 0x00000235e685a9f0 Exception <a 'sun/nio/fs/WindowsException'{0x00000000900279e8}> (0x00000000900279e8) 
thrown [s\src\hotspot\share\prims\jni.cpp, line 516]
Event: 41.404 Thread 0x00000235e685a9f0 Exception <a 'java/io/FileNotFoundException'{0x000000009002d6c8}> (0x000000009002d6c8) 
thrown [s\src\hotspot\share\prims\jni.cpp, line 516]
Event: 41.414 Thread 0x00000235e685a9f0 Exception <a 'sun/nio/fs/WindowsException'{0x000000008fa23008}> (0x000000008fa23008) 
thrown [s\src\hotspot\share\prims\jni.cpp, line 516]
Event: 41.429 Thread 0x00000235e9fb8860 Exception <a 'sun/nio/fs/WindowsException'{0x00000000900ad368}> (0x00000000900ad368) 
thrown [s\src\hotspot\share\prims\jni.cpp, line 516]
Event: 41.433 Thread 0x00000235e9fb8860 Exception <a 'java/io/FileNotFoundException'{0x00000000900b1dc0}> (0x00000000900b1dc0) 
thrown [s\src\hotspot\share\prims\jni.cpp, line 516]
Event: 41.447 Thread 0x00000235e9fb8860 Exception <a 'sun/nio/fs/WindowsException'{0x00000000900d5e20}> (0x00000000900d5e20) 
thrown [s\src\hotspot\share\prims\jni.cpp, line 516]
Event: 41.451 Thread 0x00000235e9fb8860 Exception <a 'java/io/FileNotFoundException'{0x000000008f2fbfe0}> (0x000000008f2fbfe0) 
thrown [s\src\hotspot\share\prims\jni.cpp, line 516]
Event: 41.458 Thread 0x00000235e9fb8860 Exception <a 'sun/nio/fs/WindowsException'{0x000000008f0e8b18}> (0x000000008f0e8b18) 
thrown [s\src\hotspot\share\prims\jni.cpp, line 516]
Event: 41.485 Thread 0x00000235e685a9f0 Exception <a 'java/io/FileNotFoundException'{0x000000008fa28cf8}> (0x000000008fa28cf8) 
thrown [s\src\hotspot\share\prims\jni.cpp, line 516]
Event: 41.630 Thread 0x00000235e685a9f0 Exception <a 'sun/nio/fs/WindowsException'{0x000000008d5e13f0}> (0x000000008d5e13f0) 
thrown [s\src\hotspot\share\prims\jni.cpp, line 516]
Event: 41.633 Thread 0x00000235e9fb8860 Exception <a 'sun/nio/fs/WindowsException'{0x000000008e817550}> (0x000000008e817550) 
thrown [s\src\hotspot\share\prims\jni.cpp, line 516]
Event: 41.636 Thread 0x00000235e685a9f0 Exception <a 'java/io/FileNotFoundException'{0x000000008d5e70f8}> (0x000000008d5e70f8) 
thrown [s\src\hotspot\share\prims\jni.cpp, line 516]
Event: 41.640 Thread 0x00000235e9fb8860 Exception <a 'java/io/FileNotFoundException'{0x000000008e81bfd0}> (0x000000008e81bfd0) 
thrown [s\src\hotspot\share\prims\jni.cpp, line 516]
Event: 41.647 Thread 0x00000235e685a9f0 Exception <a 'sun/nio/fs/WindowsException'{0x000000008bdde248}> (0x000000008bdde248) 
thrown [s\src\hotspot\share\prims\jni.cpp, line 516]
Event: 41.653 Thread 0x00000235e685a9f0 Exception <a 'java/io/FileNotFoundException'{0x000000008bde3f60}> (0x000000008bde3f60) 
thrown [s\src\hotspot\share\prims\jni.cpp, line 516]
Event: 41.659 Thread 0x00000235e9fb8860 Exception <a 'sun/nio/fs/WindowsException'{0x000000008bae4238}> (0x000000008bae4238) 
thrown [s\src\hotspot\share\prims\jni.cpp, line 516]
Event: 41.660 Thread 0x00000235e685a9f0 Exception <a 'sun/nio/fs/WindowsException'{0x000000008bdecb90}> (0x000000008bdecb90) 
thrown [s\src\hotspot\share\prims\jni.cpp, line 516]
Event: 41.663 Thread 0x00000235e9fb8860 Exception <a 'java/io/FileNotFoundException'{0x000000008bae8cc0}> (0x000000008bae8cc0) 
thrown [s\src\hotspot\share\prims\jni.cpp, line 516]

VM Operations (20 events):
Event: 39.243 Executing VM operation: HandshakeAllThreads done
Event: 39.360 Executing VM operation: G1CollectForAllocation
Event: 39.373 Executing VM operation: G1CollectForAllocation done
Event: 39.386 Executing VM operation: G1CollectForAllocation
Event: 39.386 Executing VM operation: G1CollectForAllocation done
Event: 39.386 Executing VM operation: G1CollectForAllocation
Event: 39.398 Executing VM operation: G1CollectForAllocation done
Event: 39.882 Executing VM operation: G1CollectForAllocation
Event: 39.900 Executing VM operation: G1CollectForAllocation done
Event: 40.604 Executing VM operation: G1CollectForAllocation
Event: 40.624 Executing VM operation: G1CollectForAllocation done
Event: 41.228 Executing VM operation: G1CollectForAllocation
Event: 41.247 Executing VM operation: G1CollectForAllocation done
Event: 41.310 Executing VM operation: HandshakeAllThreads
Event: 41.316 Executing VM operation: HandshakeAllThreads done
Event: 41.366 Executing VM operation: HandshakeAllThreads
Event: 41.411 Executing VM operation: HandshakeAllThreads done
Event: 41.458 Executing VM operation: HandshakeAllThreads
Event: 41.458 Executing VM operation: HandshakeAllThreads done
Event: 41.803 Executing VM operation: G1CollectForAllocation

Memory protections (0 events):
No events

Nmethod flushes (20 events):
Event: 41.485 Thread 0x00000235c6a662b0 flushing  nmethod 0x00000235b0f9e910
Event: 41.485 Thread 0x00000235c6a662b0 flushing  nmethod 0x00000235b0f9f390
Event: 41.485 Thread 0x00000235c6a662b0 flushing  nmethod 0x00000235b0f9f810
Event: 41.485 Thread 0x00000235c6a662b0 flushing  nmethod 0x00000235b0fa0510
Event: 41.485 Thread 0x00000235c6a662b0 flushing  nmethod 0x00000235b0fa1010
Event: 41.485 Thread 0x00000235c6a662b0 flushing  nmethod 0x00000235b0fa1710
Event: 41.485 Thread 0x00000235c6a662b0 flushing  nmethod 0x00000235b0fa1b90
Event: 41.485 Thread 0x00000235c6a662b0 flushing  nmethod 0x00000235b0fa2b10
Event: 41.485 Thread 0x00000235c6a662b0 flushing  nmethod 0x00000235b0fa3190
Event: 41.485 Thread 0x00000235c6a662b0 flushing  nmethod 0x00000235b0fa4690
Event: 41.485 Thread 0x00000235c6a662b0 flushing  nmethod 0x00000235b0fb1f90
Event: 41.485 Thread 0x00000235c6a662b0 flushing  nmethod 0x00000235b0fb6390
Event: 41.485 Thread 0x00000235c6a662b0 flushing  nmethod 0x00000235b0fb6a90
Event: 41.485 Thread 0x00000235c6a662b0 flushing  nmethod 0x00000235b0fb7010
Event: 41.485 Thread 0x00000235c6a662b0 flushing  nmethod 0x00000235b0fc0190
Event: 41.486 Thread 0x00000235c6a662b0 flushing  nmethod 0x00000235b0fde390
Event: 41.486 Thread 0x00000235c6a662b0 flushing  nmethod 0x00000235b0ffe190
Event: 41.486 Thread 0x00000235c6a662b0 flushing  nmethod 0x00000235b1013490
Event: 41.486 Thread 0x00000235c6a662b0 flushing  nmethod 0x00000235b1016410
Event: 41.486 Thread 0x00000235c6a662b0 flushing  nmethod 0x00000235b1044410

Events (20 events):
Event: 29.319 Thread 0x00000235c6a65200 Thread added: 0x00000235ea820820
Event: 29.619 Thread 0x00000235ea820820 Thread added: 0x00000235ea820d70
Event: 30.378 Thread 0x00000235e685a9f0 Thread added: 0x00000235e8dee100
Event: 32.190 Thread 0x00000235ea820d70 Thread exited: 0x00000235ea820d70
Event: 32.998 Thread 0x00000235e685a9f0 Thread added: 0x00000235e8deeb20
Event: 32.998 Thread 0x00000235e685a9f0 Thread added: 0x00000235e8def030
Event: 33.117 Thread 0x00000235e685a9f0 Thread added: 0x00000235e8def540
Event: 33.121 Thread 0x00000235e685a9f0 Thread added: 0x00000235e685b410
Event: 33.185 Thread 0x00000235e685a9f0 Thread added: 0x00000235e9fbabd0
Event: 33.187 Thread 0x00000235e685a9f0 Thread added: 0x00000235e9fb9790
Event: 33.228 Thread 0x00000235c6a65200 Thread added: 0x00000235ea81f2e0
Event: 33.900 Thread 0x00000235ea81f2e0 Thread exited: 0x00000235ea81f2e0
Event: 34.005 Thread 0x00000235ea820820 Thread exited: 0x00000235ea820820
Event: 34.619 Thread 0x00000235c6a65200 Thread added: 0x00000235ea81f2e0
Event: 35.133 Thread 0x00000235ea81f2e0 Thread exited: 0x00000235ea81f2e0
Event: 35.281 Thread 0x00000235c6a65200 Thread added: 0x00000235ea820820
Event: 35.437 Thread 0x00000235e685a9f0 Thread added: 0x00000235e9fb9ca0
Event: 36.349 Thread 0x00000235e685a9f0 Thread added: 0x00000235e9fb8860
Event: 36.350 Thread 0x00000235e685a9f0 Thread added: 0x00000235e9fba1b0
Event: 37.830 Thread 0x00000235c6a65200 Thread added: 0x00000235ea820d70


Dynamic libraries:
0x00007ff706b70000 - 0x00007ff706b7e000 	C:\Program Files\Microsoft\jdk-17.0.19.10-hotspot\bin\java.exe
0x00007ffbdf140000 - 0x00007ffbdf3a6000 	C:\WINDOWS\SYSTEM32\ntdll.dll
0x00007ffbdd970000 - 0x00007ffbdda39000 	C:\WINDOWS\System32\KERNEL32.DLL
0x00007ffbdc900000 - 0x00007ffbdccfe000 	C:\WINDOWS\System32\KERNELBASE.dll
0x00007ffbdcd10000 - 0x00007ffbdce5c000 	C:\WINDOWS\System32\ucrtbase.dll
0x00007ffba29f0000 - 0x00007ffba2a08000 	C:\Program Files\Microsoft\jdk-17.0.19.10-hotspot\bin\jli.dll
0x00007ffba22a0000 - 0x00007ffba22be000 	C:\Program Files\Microsoft\jdk-17.0.19.10-hotspot\bin\VCRUNTIME140.dll
0x00007ffbde5f0000 - 0x00007ffbde7b7000 	C:\WINDOWS\System32\USER32.dll
0x00007ffbdc8d0000 - 0x00007ffbdc8f7000 	C:\WINDOWS\System32\win32u.dll
0x00007ffbbebb0000 - 0x00007ffbbee42000 	C:\WINDOWS\WinSxS\amd64_microsoft.windows.common-controls_6595b64144ccf1df_6.0.26100.8875_none_3e0d5d42e32fe9dd\COMCTL32.dll
0x00007ffbde330000 - 0x00007ffbde3d9000 	C:\WINDOWS\System32\msvcrt.dll
0x00007ffbde1f0000 - 0x00007ffbde21b000 	C:\WINDOWS\System32\GDI32.dll
0x00007ffbdc420000 - 0x00007ffbdc54a000 	C:\WINDOWS\System32\gdi32full.dll
0x00007ffbdc790000 - 0x00007ffbdc833000 	C:\WINDOWS\System32\msvcp_win.dll
0x00007ffbdd930000 - 0x00007ffbdd962000 	C:\WINDOWS\System32\IMM32.DLL
0x00007ffbbbf60000 - 0x00007ffbbbf6c000 	C:\Program Files\Microsoft\jdk-17.0.19.10-hotspot\bin\vcruntime140_1.dll
0x00007ffba1530000 - 0x00007ffba15b9000 	C:\Program Files\Microsoft\jdk-17.0.19.10-hotspot\bin\msvcp140.dll
0x00007ffb8f890000 - 0x00007ffb9050b000 	C:\Program Files\Microsoft\jdk-17.0.19.10-hotspot\bin\server\jvm.dll
0x00007ffbde270000 - 0x00007ffbde327000 	C:\WINDOWS\System32\ADVAPI32.dll
0x00007ffbdd710000 - 0x00007ffbdd7ba000 	C:\WINDOWS\System32\sechost.dll
0x00007ffbdd4c0000 - 0x00007ffbdd5d8000 	C:\WINDOWS\System32\RPCRT4.dll
0x00007ffbdeb80000 - 0x00007ffbdec00000 	C:\WINDOWS\System32\WS2_32.dll
0x00007ffbdc1e0000 - 0x00007ffbdc23e000 	C:\WINDOWS\SYSTEM32\POWRPROF.dll
0x00007ffbc0f60000 - 0x00007ffbc0f96000 	C:\WINDOWS\SYSTEM32\WINMM.dll
0x00007ffbd4850000 - 0x00007ffbd485b000 	C:\WINDOWS\SYSTEM32\VERSION.dll
0x00007ffbdc1c0000 - 0x00007ffbdc1d4000 	C:\WINDOWS\SYSTEM32\UMPDC.dll
0x00007ffbdb000000 - 0x00007ffbdb01b000 	C:\WINDOWS\SYSTEM32\kernel.appcore.dll
0x00007ffbbb050000 - 0x00007ffbbb05a000 	C:\Program Files\Microsoft\jdk-17.0.19.10-hotspot\bin\jimage.dll
0x00007ffbd9a00000 - 0x00007ffbd9c42000 	C:\WINDOWS\SYSTEM32\DBGHELP.DLL
0x00007ffbdecb0000 - 0x00007ffbdf033000 	C:\WINDOWS\System32\combase.dll
0x00007ffbdeaa0000 - 0x00007ffbdeb79000 	C:\WINDOWS\System32\OLEAUT32.dll
0x00007ffbd6870000 - 0x00007ffbd68ab000 	C:\WINDOWS\SYSTEM32\dbgcore.DLL
0x00007ffbdc360000 - 0x00007ffbdc40c000 	C:\WINDOWS\System32\bcryptPrimitives.dll
0x00007ffbb1ea0000 - 0x00007ffbb1eaf000 	C:\Program Files\Microsoft\jdk-17.0.19.10-hotspot\bin\instrument.dll
0x00007ffba1880000 - 0x00007ffba18a6000 	C:\Program Files\Microsoft\jdk-17.0.19.10-hotspot\bin\java.dll
0x00007ffba1450000 - 0x00007ffba1526000 	C:\Program Files\Microsoft\jdk-17.0.19.10-hotspot\bin\jsvml.dll
0x00007ffbdda50000 - 0x00007ffbde1e2000 	C:\WINDOWS\System32\SHELL32.dll
0x00007ffbd9de0000 - 0x00007ffbda672000 	C:\WINDOWS\SYSTEM32\windows.storage.dll
0x00007ffbdd330000 - 0x00007ffbdd427000 	C:\WINDOWS\System32\SHCORE.dll
0x00007ffbde3e0000 - 0x00007ffbde447000 	C:\WINDOWS\System32\shlwapi.dll
0x00007ffbdc280000 - 0x00007ffbdc2a9000 	C:\WINDOWS\SYSTEM32\profapi.dll
0x00007ffba13a0000 - 0x00007ffba13b8000 	C:\Program Files\Microsoft\jdk-17.0.19.10-hotspot\bin\zip.dll
0x00007ffba1430000 - 0x00007ffba144b000 	C:\Program Files\Microsoft\jdk-17.0.19.10-hotspot\bin\net.dll
0x00007ffbd3700000 - 0x00007ffbd3827000 	C:\WINDOWS\SYSTEM32\WINHTTP.dll
0x00007ffbdb590000 - 0x00007ffbdb5fc000 	C:\WINDOWS\system32\mswsock.dll
0x00007ffba13c0000 - 0x00007ffba13d6000 	C:\Program Files\Microsoft\jdk-17.0.19.10-hotspot\bin\nio.dll
0x00007ffbb4a10000 - 0x00007ffbb4a20000 	C:\Program Files\Microsoft\jdk-17.0.19.10-hotspot\bin\verify.dll
0x00007ffba17e0000 - 0x00007ffba1807000 	E:\GradleCache\native\660c5614fbf4a5f2a75b1949f50a0caf5cd603558e7d8a26e50b933a0cfb79d1\windows-amd64\native-platform.dll
0x00007ffba15c0000 - 0x00007ffba1637000 	E:\GradleCache\native\0.2.8\x86_64-windows-gnu\gradle-fileevents.dll
0x00007ffbba530000 - 0x00007ffbba53a000 	C:\Program Files\Microsoft\jdk-17.0.19.10-hotspot\bin\management.dll
0x00007ffbb78e0000 - 0x00007ffbb78ec000 	C:\Program Files\Microsoft\jdk-17.0.19.10-hotspot\bin\management_ext.dll
0x00007ffbdce90000 - 0x00007ffbdce98000 	C:\WINDOWS\System32\PSAPI.DLL
0x00007ffbda9b0000 - 0x00007ffbda9e3000 	C:\WINDOWS\SYSTEM32\IPHLPAPI.DLL
0x00007ffbdda40000 - 0x00007ffbdda4a000 	C:\WINDOWS\System32\NSI.dll
0x00007ffbd67d0000 - 0x00007ffbd67ed000 	C:\WINDOWS\SYSTEM32\dhcpcsvc6.DLL
0x00007ffbd2dd0000 - 0x00007ffbd2df5000 	C:\WINDOWS\SYSTEM32\dhcpcsvc.DLL
0x00007ffbda9f0000 - 0x00007ffbdab46000 	C:\WINDOWS\SYSTEM32\DNSAPI.dll
0x00007ffbdb3b0000 - 0x00007ffbdb3bd000 	C:\WINDOWS\SYSTEM32\DSPARSE.dll
0x00007ffbb32e0000 - 0x00007ffbb32e9000 	C:\Program Files\Microsoft\jdk-17.0.19.10-hotspot\bin\extnet.dll
0x00007ffbdb9c0000 - 0x00007ffbdb9db000 	C:\WINDOWS\SYSTEM32\CRYPTSP.dll
0x00007ffbdaf60000 - 0x00007ffbdaf99000 	C:\WINDOWS\system32\rsaenh.dll
0x00007ffbdb650000 - 0x00007ffbdb682000 	C:\WINDOWS\SYSTEM32\USERENV.dll
0x00007ffbdc250000 - 0x00007ffbdc27a000 	C:\WINDOWS\SYSTEM32\bcrypt.dll
0x00007ffbdb800000 - 0x00007ffbdb80c000 	C:\WINDOWS\SYSTEM32\CRYPTBASE.dll
0x00007ffba80b0000 - 0x00007ffba80be000 	C:\Program Files\Microsoft\jdk-17.0.19.10-hotspot\bin\sunmscapi.dll
0x00007ffbdc550000 - 0x00007ffbdc6c8000 	C:\WINDOWS\System32\CRYPT32.dll
0x00007ffbdbb30000 - 0x00007ffbdbb60000 	C:\WINDOWS\SYSTEM32\ncrypt.dll
0x00007ffbdbae0000 - 0x00007ffbdbb1f000 	C:\WINDOWS\SYSTEM32\NTASN1.dll
0x00007ffbd4db0000 - 0x00007ffbd4db8000 	C:\WINDOWS\system32\wshunix.dll

dbghelp: loaded successfully - version: 4.0.5 - missing functions: none
symbol engine: initialized successfully - sym options: 0x614 - pdb path: .;C:\Program Files\Microsoft\jdk-17.0.19.10-hotspot\bin;C:\WINDOWS\SYSTEM32;C:\WINDOWS\WinSxS\amd64_microsoft.windows.common-controls_6595b64144ccf1df_6.0.26100.8875_none_3e0d5d42e32fe9dd;C:\Program Files\Microsoft\jdk-17.0.19.10-hotspot\bin\server;E:\GradleCache\native\660c5614fbf4a5f2a75b1949f50a0caf5cd603558e7d8a26e50b933a0cfb79d1\windows-amd64;E:\GradleCache\native\0.2.8\x86_64-windows-gnu

VM Arguments:
jvm_args: --add-opens=java.base/java.lang=ALL-UNNAMED --add-opens=java.base/java.lang.invoke=ALL-UNNAMED --add-opens=java.base/java.util=ALL-UNNAMED --add-opens=java.prefs/java.util.prefs=ALL-UNNAMED --add-exports=jdk.compiler/com.sun.tools.javac.api=ALL-UNNAMED --add-exports=jdk.compiler/com.sun.tools.javac.util=ALL-UNNAMED --add-opens=java.base/java.nio.charset=ALL-UNNAMED --add-opens=java.base/java.net=ALL-UNNAMED --add-opens=java.base/java.util.concurrent=ALL-UNNAMED --add-opens=java.base/java.util.concurrent.atomic=ALL-UNNAMED --add-opens=java.xml/javax.xml.namespace=ALL-UNNAMED --add-opens=java.base/java.time=ALL-UNNAMED -XX:MaxMetaspaceSize=512m -Xmx2048m -Dfile.encoding=windows-1252 -Duser.country=US -Duser.language=en -Duser.variant -javaagent:E:\GradleCache\wrapper\dists\gradle-9.6.1-all\4xnwe4ed5w7qqynisxnnvegss\gradle-9.6.1\lib\agents\gradle-instrumentation-agent-9.6.1.jar 
java_command: org.gradle.launcher.daemon.bootstrap.GradleDaemon 9.6.1
java_class_path (initial): E:\GradleCache\wrapper\dists\gradle-9.6.1-all\4xnwe4ed5w7qqynisxnnvegss\gradle-9.6.1\lib\gradle-daemon-main-9.6.1.jar
Launcher Type: SUN_STANDARD

[Global flags]
     intx CICompilerCount                          = 4                                         {product} {ergonomic}
   size_t CompressedClassSpaceSize                 = 436207616                                 {product} {ergonomic}
     uint ConcGCThreads                            = 2                                         {product} {ergonomic}
     uint G1ConcRefinementThreads                  = 8                                         {product} {ergonomic}
   size_t G1HeapRegionSize                         = 1048576                                   {product} {ergonomic}
    uintx GCDrainStackTargetSize                   = 64                                        {product} {ergonomic}
   size_t InitialHeapSize                          = 132120576                                 {product} {ergonomic}
   size_t MarkStackSize                            = 4194304                                   {product} {ergonomic}
   size_t MaxHeapSize                              = 2147483648                                {product} {command line}
   size_t MaxMetaspaceSize                         = 536870912                                 {product} {command line}
   size_t MaxNewSize                               = 1287651328                                {product} {ergonomic}
   size_t MinHeapDeltaBytes                        = 1048576                                   {product} {ergonomic}
   size_t MinHeapSize                              = 8388608                                   {product} {ergonomic}
    uintx NonNMethodCodeHeapSize                   = 5839372                                {pd product} {ergonomic}
    uintx NonProfiledCodeHeapSize                  = 122909434                              {pd product} {ergonomic}
    uintx ProfiledCodeHeapSize                     = 122909434                              {pd product} {ergonomic}
    uintx ReservedCodeCacheSize                    = 251658240                              {pd product} {ergonomic}
     bool SegmentedCodeCache                       = true                                      {product} {ergonomic}
   size_t SoftMaxHeapSize                          = 2147483648                             {manageable} {ergonomic}
     bool UseCompressedClassPointers               = true                           {product lp64_product} {ergonomic}
     bool UseCompressedOops                        = true                           {product lp64_product} {ergonomic}
     bool UseG1GC                                  = true                                      {product} {ergonomic}
     bool UseLargePagesIndividualAllocation        = false                                  {pd product} {ergonomic}

Logging:
Log output configuration:
 #0: stdout all=warning uptime,level,tags
 #1: stderr all=off uptime,level,tags

Environment Variables:
JAVA_HOME=C:\Program Files\Microsoft\jdk-17.0.19.10-hotspot\
CLASSPATH=E:\travel-web\Mobile\android\\gradle\wrapper\gradle-wrapper.jar
PATH=C:\Program Files\Microsoft\jdk-17.0.19.10-hotspot\bin;C:\Oracle\dbhomeXE\bin;C:\Program Files\Common Files\Oracle\Java\javapath;C:\Program Files (x86)\Common Files\Oracle\Java\javapath;C:\WINDOWS\system32;C:\WINDOWS;C:\WINDOWS\System32\Wbem;C:\WINDOWS\System32\WindowsPowerShell\v1.0\;C:\WINDOWS\System32\OpenSSH\;C:\Program Files\MySQL\MySQL Server 8.0\bin;C:\Program Files\nodejs\;C:\Program Files\Java\jdk-25\bin;C:\Program Files (x86)\Microsoft SQL Server\170\Tools\Binn\;C:\Program Files\Microsoft SQL Server\170\Tools\Binn\;C:\Program Files\Microsoft SQL Server\Client SDK\ODBC\180\Tools\Binn\;C:\Program Files\Microsoft SQL Server\170\DTS\Binn\;C:\Program Files\Git\cmd;E:\Android\cmdline-tools\latest\bin;E:\Android\platform-tools;E:\Android\gradle-8.6\gradle-8.6\bin;C:\Program Files\Microsoft\jdk-17.0.19.10-hotspot\bin;C:\Oracle\dbhomeXE\bin;C:\Program Files\Common Files\Oracle\Java\javapath;C:\Program Files (x86)\Common Files\Oracle\Java\javapath;C:\WINDOWS\system32;C:\WINDOWS;C:\WINDOWS\System32\Wbem;C:\WINDOWS\System32\WindowsPowerShell\v1.0\;C:\WINDOWS\System32\OpenSSH\;C:\Program Files\MySQL\MySQL Server 8.0\bin;C:\Program Files\nodejs\;C:\Program Files\Java\jdk-25\bin;C:\Program Files (x86)\Microsoft SQL Server\170\Tools\Binn\;C:\Program Files\Microsoft SQL Server\170\Tools\Binn\;C:\Program Files\Microsoft SQL Server\Client SDK\ODBC\180\Tools\Binn\;C:\Program Files\Microsoft SQL Server\170\DTS\Binn\;C:\Program Files\Git\cmd;E:\Android\cmdline-tools\latest\bin;E:\Android\platform-tools;C:\Users\Hp\AppData\Local\Programs\Python\Launcher\;C:\Users\Hp\AppData\Local\Microsoft\WindowsApps;C:\Users\Hp\AppData\Local\Programs\Microsoft VS Code\bin;C:\Users\Hp\AppData\Roaming\npm;C:\Users\Hp\AppData\Roaming\Microsoft\Windows\Start Menu\Programs\Python 3.13;C:\Users\Hp\AppDat
USERNAME=Hp
OS=Windows_NT
PROCESSOR_IDENTIFIER=Intel64 Family 6 Model 142 Stepping 12, GenuineIntel
TMP=C:\Users\Hp\AppData\Local\Temp
TEMP=C:\Users\Hp\AppData\Local\Temp



Periodic native trim disabled


---------------  S Y S T E M  ---------------

OS:
 Windows 11 , 64 bit Build 26100 (10.0.26100.8875)
OS uptime: 1 days 4:18 hours
Hyper-V role detected

CPU: total 8 (initial active 8) (4 cores per cpu, 2 threads per core) family 6 model 142 stepping 12 microcode 0xfa, cx8, cmov, fxsr, ht, mmx, 3dnowpref, sse, sse2, sse3, ssse3, sse4.1, sse4.2, popcnt, lzcnt, tsc, tscinvbit, avx, avx2, aes, erms, clmul, bmi1, bmi2, adx, fma, vzeroupper, clflush, clflushopt, hv
Processor Information for the first 8 processors :
  Max Mhz: 1800, Current Mhz: 1600, Mhz Limit: 1584

Memory: 4k page, system-wide physical 7998M (802M free)
TotalPageFile size 17237M (AvailPageFile size 307M)
current process WorkingSet (physical memory assigned to process): 501M, peak: 502M
current process commit charge ("private bytes"): 551M, peak: 839M

vm_info: OpenJDK 64-Bit Server VM (17.0.19+10-LTS) for windows-amd64 JRE (17.0.19+10-LTS), built on Apr 18 2026 18:24:40 by "MicrosoftCorporation" with MS VC++ 17.14 (VS2022)

END.
