#
# There is insufficient memory for the Java Runtime Environment to continue.
# Native memory allocation (malloc) failed to allocate 1049936 bytes. Error detail: Chunk::new
# Possible reasons:
#   The system is out of physical RAM or swap space
#   This process is running with CompressedOops enabled, and the Java Heap may be blocking the growth of the native heap
# Possible solutions:
#   Reduce memory load on the system
#   Increase physical memory or swap space
#   Check if swap backing store is full
#   Decrease Java heap size (-Xmx/-Xms)
#   Decrease number of Java threads
#   Decrease Java thread stack sizes (-Xss)
#   Set larger code cache with -XX:ReservedCodeCacheSize=
#   JVM is running with Unscaled Compressed Oops mode in which the Java heap is
#     placed in the first 4GB address space. The Java Heap base address is the
#     maximum limit for the native heap growth. Please use -XX:HeapBaseMinAddress
#     to set the Java Heap base and to place the Java Heap above 4GB virtual address.
# This output file may be truncated or incomplete.
#
#  Out of Memory Error (arena.cpp:191), pid=15984, tid=8224
#
# JRE version: OpenJDK Runtime Environment Microsoft-13877129 (17.0.19+10) (build 17.0.19+10-LTS)
# Java VM: OpenJDK 64-Bit Server VM Microsoft-13877129 (17.0.19+10-LTS, mixed mode, sharing, tiered, compressed oops, compressed class ptrs, g1 gc, windows-amd64)
# No core dump will be written. Minidumps are not enabled by default on client versions of Windows
#

---------------  S U M M A R Y ------------

Command Line: --add-opens=java.base/java.lang=ALL-UNNAMED --add-opens=java.base/java.lang.invoke=ALL-UNNAMED --add-opens=java.base/java.util=ALL-UNNAMED --add-opens=java.prefs/java.util.prefs=ALL-UNNAMED --add-exports=jdk.compiler/com.sun.tools.javac.api=ALL-UNNAMED --add-exports=jdk.compiler/com.sun.tools.javac.util=ALL-UNNAMED --add-opens=java.base/java.nio.charset=ALL-UNNAMED --add-opens=java.base/java.net=ALL-UNNAMED --add-opens=java.base/java.util.concurrent=ALL-UNNAMED --add-opens=java.base/java.util.concurrent.atomic=ALL-UNNAMED --add-opens=java.xml/javax.xml.namespace=ALL-UNNAMED --add-opens=java.base/java.time=ALL-UNNAMED -XX:MaxMetaspaceSize=512m -Xmx2048m -Dfile.encoding=windows-1252 -Duser.country=US -Duser.language=en -Duser.variant -javaagent:E:\GradleCache\wrapper\dists\gradle-9.6.1-all\4xnwe4ed5w7qqynisxnnvegss\gradle-9.6.1\lib\agents\gradle-instrumentation-agent-9.6.1.jar org.gradle.launcher.daemon.bootstrap.GradleDaemon 9.6.1

Host: Intel(R) Core(TM) i5-8265U CPU @ 1.60GHz, 8 cores, 7G,  Windows 11 , 64 bit Build 26100 (10.0.26100.8875)
Time: Sun Jul 19 07:05:48 2026 Pacific Daylight Time elapsed time: 47.493914 seconds (0d 0h 0m 47s)

---------------  T H R E A D  ---------------

Current thread (0x000001c553a94130):  JavaThread "C2 CompilerThread0" daemon [_thread_in_native, id=8224, stack(0x00000091a7900000,0x00000091a7a00000)]


Current CompileTask:
C2:47494 7347       4       org.objectweb.asm.ClassReader::readCode (5117 bytes)

Stack: [0x00000091a7900000,0x00000091a7a00000]
Native frames: (J=compiled Java code, j=interpreted, Vv=VM code, C=native code)
V  [jvm.dll+0x68cc89]  (no source info available)
V  [jvm.dll+0x845d89]  (no source info available)
V  [jvm.dll+0x847af8]  (no source info available)
V  [jvm.dll+0x848183]  (no source info available)
V  [jvm.dll+0x24d0bf]  (no source info available)
V  [jvm.dll+0xaed56]  (no source info available)
V  [jvm.dll+0xaf3fc]  (no source info available)
V  [jvm.dll+0x2b4cdf]  (no source info available)
V  [jvm.dll+0x594a44]  (no source info available)
V  [jvm.dll+0x226ed4]  (no source info available)
V  [jvm.dll+0x21fb88]  (no source info available)
V  [jvm.dll+0x21d305]  (no source info available)
V  [jvm.dll+0x1a8db6]  (no source info available)
V  [jvm.dll+0x22dc6b]  (no source info available)
V  [jvm.dll+0x22bdf6]  (no source info available)
V  [jvm.dll+0x7fbecb]  (no source info available)
V  [jvm.dll+0x7f62cc]  (no source info available)
V  [jvm.dll+0x68e227]  (no source info available)
C  [ucrtbase.dll+0x2cd30]  (no source info available)
C  [KERNEL32.DLL+0x2e957]  (no source info available)
C  [ntdll.dll+0xaad6c]  (no source info available)


---------------  P R O C E S S  ---------------

Threads class SMR info:
_java_thread_list=0x000001c5763e7470, length=46, elements={
0x000001c5355804a0, 0x000001c553a77df0, 0x000001c553a788c0, 0x000001c553a8daa0,
0x000001c553a90380, 0x000001c553a90c50, 0x000001c553a93530, 0x000001c553a94130,
0x000001c553aa2f30, 0x000001c553aa6d40, 0x000001c553a5c7e0, 0x000001c553c837a0,
0x000001c573f9e7d0, 0x000001c5740cf130, 0x000001c573e6aa80, 0x000001c574ba8030,
0x000001c574b3e3e0, 0x000001c574b3c580, 0x000001c574b3ca90, 0x000001c574b3f310,
0x000001c574b3cfa0, 0x000001c574b3c070, 0x000001c574b3d4b0, 0x000001c574b3ee00,
0x000001c574b3d9c0, 0x000001c574b3f820, 0x000001c5762a4db0, 0x000001c5762a5ce0,
0x000001c5762a3e80, 0x000001c5762a4390, 0x000001c5762a3970, 0x000001c5762a61f0,
0x000001c5762a2f50, 0x000001c5762a3460, 0x000001c575db31d0, 0x000001c575db1370,
0x000001c575db22a0, 0x000001c575db3bf0, 0x000001c575db0e60, 0x000001c575db2cc0,
0x000001c575db1880, 0x000001c575db0950, 0x000001c575db4610, 0x000001c575db27b0,
0x000001c575db5030, 0x000001c575db6e90
}

Java Threads: ( => current thread )
  0x000001c5355804a0 JavaThread "main" [_thread_blocked, id=24924, stack(0x00000091a6c00000,0x00000091a6d00000)]
  0x000001c553a77df0 JavaThread "Reference Handler" daemon [_thread_blocked, id=7508, stack(0x00000091a7300000,0x00000091a7400000)]
  0x000001c553a788c0 JavaThread "Finalizer" daemon [_thread_blocked, id=15544, stack(0x00000091a7400000,0x00000091a7500000)]
  0x000001c553a8daa0 JavaThread "Signal Dispatcher" daemon [_thread_blocked, id=23028, stack(0x00000091a7500000,0x00000091a7600000)]
  0x000001c553a90380 JavaThread "Attach Listener" daemon [_thread_blocked, id=14628, stack(0x00000091a7600000,0x00000091a7700000)]
  0x000001c553a90c50 JavaThread "Service Thread" daemon [_thread_blocked, id=7804, stack(0x00000091a7700000,0x00000091a7800000)]
  0x000001c553a93530 JavaThread "Monitor Deflation Thread" daemon [_thread_blocked, id=18496, stack(0x00000091a7800000,0x00000091a7900000)]
=>0x000001c553a94130 JavaThread "C2 CompilerThread0" daemon [_thread_in_native, id=8224, stack(0x00000091a7900000,0x00000091a7a00000)]
  0x000001c553aa2f30 JavaThread "C1 CompilerThread0" daemon [_thread_blocked, id=3408, stack(0x00000091a7a00000,0x00000091a7b00000)]
  0x000001c553aa6d40 JavaThread "Sweeper thread" daemon [_thread_blocked, id=28072, stack(0x00000091a7b00000,0x00000091a7c00000)]
  0x000001c553a5c7e0 JavaThread "Common-Cleaner" daemon [_thread_blocked, id=10348, stack(0x00000091a7c00000,0x00000091a7d00000)]
  0x000001c553c837a0 JavaThread "Notification Thread" daemon [_thread_blocked, id=15676, stack(0x00000091a7d00000,0x00000091a7e00000)]
  0x000001c573f9e7d0 JavaThread "Daemon health stats" [_thread_blocked, id=25900, stack(0x00000091a8300000,0x00000091a8400000)]
  0x000001c5740cf130 JavaThread "Incoming local TCP Connector on port 59033" [_thread_in_native, id=14804, stack(0x00000091a8400000,0x00000091a8500000)]
  0x000001c573e6aa80 JavaThread "Daemon periodic checks" [_thread_blocked, id=20780, stack(0x00000091a8500000,0x00000091a8600000)]
  0x000001c574ba8030 JavaThread "Daemon" [_thread_blocked, id=22680, stack(0x00000091a8600000,0x00000091a8700000)]
  0x000001c574b3e3e0 JavaThread "Handler for socket connection from /127.0.0.1:59033 to /127.0.0.1:59034" [_thread_in_native, id=24024, stack(0x00000091a8700000,0x00000091a8800000)]
  0x000001c574b3c580 JavaThread "Cancel handler" [_thread_blocked, id=5736, stack(0x00000091a8800000,0x00000091a8900000)]
  0x000001c574b3ca90 JavaThread "Daemon worker" [_thread_in_Java, id=18872, stack(0x00000091a8900000,0x00000091a8a00000)]
  0x000001c574b3f310 JavaThread "Asynchronous log dispatcher for DefaultDaemonConnection: socket connection from /127.0.0.1:59033 to /127.0.0.1:59034" [_thread_blocked, id=22468, stack(0x00000091a8a00000,0x00000091a8b00000)]
  0x000001c574b3cfa0 JavaThread "Stdin handler" [_thread_blocked, id=20440, stack(0x00000091a8b00000,0x00000091a8c00000)]
  0x000001c574b3c070 JavaThread "Daemon client event forwarder" [_thread_blocked, id=27228, stack(0x00000091a8c00000,0x00000091a8d00000)]
  0x000001c574b3d4b0 JavaThread "Cache worker for journal cache (E:\GradleCache\caches\journal-1)" [_thread_blocked, id=18336, stack(0x00000091a9000000,0x00000091a9100000)]
  0x000001c574b3ee00 JavaThread "File lock request listener" [_thread_in_native, id=13144, stack(0x00000091a9100000,0x00000091a9200000)]
  0x000001c574b3d9c0 JavaThread "Cache worker for file hash cache (E:\GradleCache\caches\9.6.1\fileHashes)" [_thread_blocked, id=23780, stack(0x00000091a9200000,0x00000091a9300000)]
  0x000001c574b3f820 JavaThread "Cache worker for file hash cache (E:\travel-web\Mobile\android\.gradle\9.6.1\fileHashes)" [_thread_blocked, id=14684, stack(0x00000091a9400000,0x00000091a9500000)]
  0x000001c5762a4db0 JavaThread "Cache worker for Build Output Cleanup Cache (E:\travel-web\Mobile\android\.gradle\buildOutputCleanup)" [_thread_blocked, id=24744, stack(0x00000091a9500000,0x00000091a9600000)]
  0x000001c5762a5ce0 JavaThread "File watcher server" daemon [_thread_in_native, id=13320, stack(0x00000091a9600000,0x00000091a9700000)]
  0x000001c5762a3e80 JavaThread "File watcher consumer" daemon [_thread_blocked, id=15344, stack(0x00000091a9700000,0x00000091a9800000)]
  0x000001c5762a4390 JavaThread "Cache worker for file content cache (E:\GradleCache\caches\9.6.1\fileContent)" [_thread_blocked, id=13936, stack(0x00000091a9800000,0x00000091a9900000)]
  0x000001c5762a3970 JavaThread "Cache worker for checksums cache (E:\travel-web\Mobile\android\.gradle\9.6.1\checksums)" [_thread_blocked, id=14356, stack(0x00000091a9900000,0x00000091a9a00000)]
  0x000001c5762a61f0 JavaThread "Cache worker for cache directory md-supplier (E:\GradleCache\caches\9.6.1\md-supplier)" [_thread_blocked, id=28368, stack(0x00000091a9a00000,0x00000091a9b00000)]
  0x000001c5762a2f50 JavaThread "Cache worker for cache directory md-rule (E:\GradleCache\caches\9.6.1\md-rule)" [_thread_blocked, id=7100, stack(0x00000091a9b00000,0x00000091a9c00000)]
  0x000001c5762a3460 JavaThread "jar transforms" [_thread_blocked, id=24748, stack(0x00000091a9d00000,0x00000091a9e00000)]
  0x000001c575db31d0 JavaThread "jar transforms Thread 2" [_thread_blocked, id=26048, stack(0x00000091a9e00000,0x00000091a9f00000)]
  0x000001c575db1370 JavaThread "jar transforms Thread 3" [_thread_blocked, id=25516, stack(0x00000091a9f00000,0x00000091aa000000)]
  0x000001c575db22a0 JavaThread "jar transforms Thread 4" [_thread_blocked, id=21296, stack(0x00000091aa000000,0x00000091aa100000)]
  0x000001c575db3bf0 JavaThread "Cache worker for Build Output Cleanup Cache (E:\travel-web\Mobile\node_modules\@react-native\gradle-plugin\.gradle\buildOutputCleanup)" [_thread_blocked, id=10904, stack(0x00000091aa100000,0x00000091aa200000)]
  0x000001c575db0e60 JavaThread "shaded jar writer" daemon [_thread_blocked, id=24004, stack(0x00000091aa200000,0x00000091aa300000)]
  0x000001c575db2cc0 JavaThread "Build operations" [_thread_in_native, id=22940, stack(0x00000091aa300000,0x00000091aa400000)]
  0x000001c575db1880 JavaThread "Build operations Thread 2" [_thread_in_Java, id=18388, stack(0x00000091aa400000,0x00000091aa500000)]
  0x000001c575db0950 JavaThread "Build operations Thread 3" [_thread_in_Java, id=3540, stack(0x00000091aa500000,0x00000091aa600000)]
  0x000001c575db4610 JavaThread "Build operations Thread 4" [_thread_in_Java, id=23364, stack(0x00000091aa600000,0x00000091aa700000)]
  0x000001c575db27b0 JavaThread "Build operations Thread 5" [_thread_in_native, id=23404, stack(0x00000091aa700000,0x00000091aa800000)]
  0x000001c575db5030 JavaThread "Build operations Thread 6" [_thread_in_Java, id=17744, stack(0x00000091aa800000,0x00000091aa900000)]
  0x000001c575db6e90 JavaThread "Build operations Thread 7" [_thread_in_Java, id=19032, stack(0x00000091aa900000,0x00000091aaa00000)]

Other Threads:
  0x000001c553a6e5a0 VMThread "VM Thread" [stack: 0x00000091a7200000,0x00000091a7300000] [id=21092]
  0x000001c553c83c80 WatcherThread [stack: 0x00000091a7e00000,0x00000091a7f00000] [id=18984]
  0x000001c5355dda50 GCTaskThread "GC Thread#0" [stack: 0x00000091a6d00000,0x00000091a6e00000] [id=19668]
  0x000001c5733106a0 GCTaskThread "GC Thread#1" [stack: 0x00000091a8000000,0x00000091a8100000] [id=28044]
  0x000001c573310970 GCTaskThread "GC Thread#2" [stack: 0x00000091a8100000,0x00000091a8200000] [id=16240]
  0x000001c573a866d0 GCTaskThread "GC Thread#3" [stack: 0x00000091a8200000,0x00000091a8300000] [id=4496]
  0x000001c573b2bcf0 GCTaskThread "GC Thread#4" [stack: 0x00000091a7f00000,0x00000091a8000000] [id=8748]
  0x000001c573ddc100 GCTaskThread "GC Thread#5" [stack: 0x00000091a8d00000,0x00000091a8e00000] [id=3416]
  0x000001c573ddb890 GCTaskThread "GC Thread#6" [stack: 0x00000091a8e00000,0x00000091a8f00000] [id=23624]
  0x000001c573ddc3d0 GCTaskThread "GC Thread#7" [stack: 0x00000091a8f00000,0x00000091a9000000] [id=19416]
  0x000001c5355ee8c0 ConcurrentGCThread "G1 Main Marker" [stack: 0x00000091a6e00000,0x00000091a6f00000] [id=3232]
  0x000001c5355efec0 ConcurrentGCThread "G1 Conc#0" [stack: 0x00000091a6f00000,0x00000091a7000000] [id=19120]
  0x000001c573ddc970 ConcurrentGCThread "G1 Conc#1" [stack: 0x00000091a9300000,0x00000091a9400000] [id=16324]
  0x000001c53562eb50 ConcurrentGCThread "G1 Refine#0" [stack: 0x00000091a7000000,0x00000091a7100000] [id=24608]
  0x000001c574dfdb80 ConcurrentGCThread "G1 Refine#1" [stack: 0x00000091a9c00000,0x00000091a9d00000] [id=10920]
  0x000001c55391e680 ConcurrentGCThread "G1 Service" [stack: 0x00000091a7100000,0x00000091a7200000] [id=28648]

Threads with active compile tasks:
C2 CompilerThread0  47590 7347       4       org.objectweb.asm.ClassReader::readCode (5117 bytes)

VM state: not at safepoint (normal execution)

VM Mutex/Monitor currently owned by a thread: None

Heap address: 0x0000000080000000, size: 2048 MB, Compressed Oops mode: 32-bit

CDS archive(s) mapped at: [0x000001c554000000-0x000001c554bb0000-0x000001c554bb0000), size 12255232, SharedBaseAddress: 0x000001c554000000, ArchiveRelocationMode: 1.
Compressed class space mapped at: 0x000001c555000000-0x000001c56f000000, reserved size: 436207616
Narrow klass base: 0x000001c554000000, Narrow klass shift: 0, Narrow klass range: 0x100000000

GC Precious Log:
 CPUs: 8 total, 8 available
 Memory: 7998M
 Large Page Support: Disabled
 NUMA Support: Disabled
 Compressed Oops: Enabled (32-bit)
 Heap Region Size: 1M
 Heap Min Capacity: 8M
 Heap Initial Capacity: 126M
 Heap Max Capacity: 2G
 Pre-touch: Disabled
 Parallel Workers: 8
 Concurrent Workers: 2
 Concurrent Refinement Workers: 8
 Periodic GC: Disabled

Heap:
 garbage-first heap   total 256000K, used 128610K [0x0000000080000000, 0x0000000100000000)
  region size 1024K, 66 young (67584K), 13 survivors (13312K)
 Metaspace       used 48193K, committed 48960K, reserved 491520K
  class space    used 6627K, committed 6976K, reserved 425984K

Heap Regions: E=young(eden), S=young(survivor), O=old, HS=humongous(starts), HC=humongous(continues), CS=collection set, F=free, OA=open archive, CA=closed archive, TAMS=top-at-mark-start (previous, next)
|   0|0x0000000080000000, 0x0000000080100000, 0x0000000080100000|100%|HS|  |TAMS 0x0000000080100000, 0x0000000080000000| Complete 
|   1|0x0000000080100000, 0x0000000080200000, 0x0000000080200000|100%|HC|  |TAMS 0x0000000080200000, 0x0000000080100000| Complete 
|   2|0x0000000080200000, 0x0000000080300000, 0x0000000080300000|100%|HC|  |TAMS 0x0000000080300000, 0x0000000080200000| Complete 
|   3|0x0000000080300000, 0x0000000080400000, 0x0000000080400000|100%|HC|  |TAMS 0x0000000080400000, 0x0000000080300000| Complete 
|   4|0x0000000080400000, 0x0000000080500000, 0x0000000080500000|100%| O|  |TAMS 0x0000000080500000, 0x0000000080400000| Untracked 
|   5|0x0000000080500000, 0x0000000080600000, 0x0000000080600000|100%| O|  |TAMS 0x0000000080600000, 0x0000000080500000| Untracked 
|   6|0x0000000080600000, 0x0000000080700000, 0x0000000080700000|100%| O|  |TAMS 0x0000000080700000, 0x0000000080600000| Untracked 
|   7|0x0000000080700000, 0x0000000080800000, 0x0000000080800000|100%| O|  |TAMS 0x0000000080800000, 0x0000000080700000| Untracked 
|   8|0x0000000080800000, 0x0000000080900000, 0x0000000080900000|100%| O|  |TAMS 0x0000000080900000, 0x0000000080800000| Untracked 
|   9|0x0000000080900000, 0x0000000080a00000, 0x0000000080a00000|100%| O|  |TAMS 0x0000000080a00000, 0x0000000080900000| Untracked 
|  10|0x0000000080a00000, 0x0000000080b00000, 0x0000000080b00000|100%| O|  |TAMS 0x0000000080b00000, 0x0000000080a00000| Untracked 
|  11|0x0000000080b00000, 0x0000000080c00000, 0x0000000080c00000|100%|HS|  |TAMS 0x0000000080c00000, 0x0000000080b00000| Complete 
|  12|0x0000000080c00000, 0x0000000080d00000, 0x0000000080d00000|100%| O|  |TAMS 0x0000000080d00000, 0x0000000080c00000| Untracked 
|  13|0x0000000080d00000, 0x0000000080e00000, 0x0000000080e00000|100%| O|  |TAMS 0x0000000080e00000, 0x0000000080d00000| Untracked 
|  14|0x0000000080e00000, 0x0000000080f00000, 0x0000000080f00000|100%| O|  |TAMS 0x0000000080f00000, 0x0000000080e00000| Untracked 
|  15|0x0000000080f00000, 0x0000000081000000, 0x0000000081000000|100%| O|  |TAMS 0x0000000081000000, 0x0000000080f00000| Untracked 
|  16|0x0000000081000000, 0x0000000081100000, 0x0000000081100000|100%| O|  |TAMS 0x0000000081100000, 0x0000000081000000| Untracked 
|  17|0x0000000081100000, 0x0000000081200000, 0x0000000081200000|100%| O|  |TAMS 0x0000000081200000, 0x0000000081100000| Untracked 
|  18|0x0000000081200000, 0x0000000081300000, 0x0000000081300000|100%| O|  |TAMS 0x0000000081300000, 0x0000000081200000| Untracked 
|  19|0x0000000081300000, 0x00000000813d9400, 0x0000000081400000| 84%| O|  |TAMS 0x00000000813d9400, 0x0000000081300000| Untracked 
|  20|0x0000000081400000, 0x0000000081500000, 0x0000000081500000|100%| O|  |TAMS 0x0000000081500000, 0x0000000081400000| Untracked 
|  21|0x0000000081500000, 0x0000000081600000, 0x0000000081600000|100%| O|  |TAMS 0x0000000081600000, 0x0000000081500000| Untracked 
|  22|0x0000000081600000, 0x0000000081700000, 0x0000000081700000|100%| O|  |TAMS 0x0000000081700000, 0x0000000081600000| Untracked 
|  23|0x0000000081700000, 0x0000000081800000, 0x0000000081800000|100%| O|  |TAMS 0x0000000081800000, 0x0000000081700000| Untracked 
|  24|0x0000000081800000, 0x0000000081900000, 0x0000000081900000|100%| O|  |TAMS 0x0000000081900000, 0x0000000081800000| Untracked 
|  25|0x0000000081900000, 0x0000000081a00000, 0x0000000081a00000|100%| O|  |TAMS 0x0000000081a00000, 0x0000000081900000| Untracked 
|  26|0x0000000081a00000, 0x0000000081b00000, 0x0000000081b00000|100%| O|  |TAMS 0x0000000081b00000, 0x0000000081a00000| Untracked 
|  27|0x0000000081b00000, 0x0000000081b00000, 0x0000000081c00000|  0%| F|  |TAMS 0x0000000081b00000, 0x0000000081b00000| Untracked 
|  28|0x0000000081c00000, 0x0000000081d00000, 0x0000000081d00000|100%| O|  |TAMS 0x0000000081c00000, 0x0000000081c00000| Untracked 
|  29|0x0000000081d00000, 0x0000000081e00000, 0x0000000081e00000|100%| O|  |TAMS 0x0000000081e00000, 0x0000000081d00000| Untracked 
|  30|0x0000000081e00000, 0x0000000081f00000, 0x0000000081f00000|100%| O|  |TAMS 0x0000000081f00000, 0x0000000081e00000| Untracked 
|  31|0x0000000081f00000, 0x0000000082000000, 0x0000000082000000|100%| O|  |TAMS 0x0000000082000000, 0x0000000081f00000| Untracked 
|  32|0x0000000082000000, 0x0000000082100000, 0x0000000082100000|100%| O|  |TAMS 0x0000000082100000, 0x0000000082000000| Untracked 
|  33|0x0000000082100000, 0x0000000082200000, 0x0000000082200000|100%| O|  |TAMS 0x0000000082200000, 0x0000000082100000| Untracked 
|  34|0x0000000082200000, 0x0000000082300000, 0x0000000082300000|100%| O|  |TAMS 0x0000000082300000, 0x0000000082200000| Untracked 
|  35|0x0000000082300000, 0x0000000082400000, 0x0000000082400000|100%| O|  |TAMS 0x0000000082400000, 0x0000000082300000| Untracked 
|  36|0x0000000082400000, 0x0000000082500000, 0x0000000082500000|100%| O|  |TAMS 0x0000000082500000, 0x0000000082400000| Untracked 
|  37|0x0000000082500000, 0x0000000082600000, 0x0000000082600000|100%| O|  |TAMS 0x0000000082600000, 0x0000000082500000| Untracked 
|  38|0x0000000082600000, 0x0000000082700000, 0x0000000082700000|100%| O|  |TAMS 0x0000000082700000, 0x0000000082600000| Untracked 
|  39|0x0000000082700000, 0x0000000082800000, 0x0000000082800000|100%| O|  |TAMS 0x0000000082800000, 0x0000000082700000| Untracked 
|  40|0x0000000082800000, 0x0000000082900000, 0x0000000082900000|100%| O|  |TAMS 0x0000000082900000, 0x0000000082800000| Untracked 
|  41|0x0000000082900000, 0x0000000082a00000, 0x0000000082a00000|100%| O|  |TAMS 0x0000000082a00000, 0x0000000082900000| Untracked 
|  42|0x0000000082a00000, 0x0000000082b00000, 0x0000000082b00000|100%| O|  |TAMS 0x0000000082b00000, 0x0000000082a00000| Untracked 
|  43|0x0000000082b00000, 0x0000000082c00000, 0x0000000082c00000|100%| O|  |TAMS 0x0000000082c00000, 0x0000000082b00000| Untracked 
|  44|0x0000000082c00000, 0x0000000082d00000, 0x0000000082d00000|100%| O|  |TAMS 0x0000000082d00000, 0x0000000082c00000| Untracked 
|  45|0x0000000082d00000, 0x0000000082e00000, 0x0000000082e00000|100%| O|  |TAMS 0x0000000082d00000, 0x0000000082d00000| Untracked 
|  46|0x0000000082e00000, 0x0000000082f00000, 0x0000000082f00000|100%| O|  |TAMS 0x0000000082f00000, 0x0000000082e00000| Untracked 
|  47|0x0000000082f00000, 0x0000000083000000, 0x0000000083000000|100%| O|  |TAMS 0x0000000083000000, 0x0000000082f00000| Untracked 
|  48|0x0000000083000000, 0x0000000083100000, 0x0000000083100000|100%| O|  |TAMS 0x0000000083100000, 0x0000000083000000| Untracked 
|  49|0x0000000083100000, 0x0000000083200000, 0x0000000083200000|100%| O|  |TAMS 0x0000000083200000, 0x0000000083100000| Untracked 
|  50|0x0000000083200000, 0x0000000083300000, 0x0000000083300000|100%| O|  |TAMS 0x0000000083300000, 0x0000000083200000| Untracked 
|  51|0x0000000083300000, 0x0000000083300000, 0x0000000083400000|  0%| F|  |TAMS 0x0000000083300000, 0x0000000083300000| Untracked 
|  52|0x0000000083400000, 0x0000000083500000, 0x0000000083500000|100%| O|  |TAMS 0x0000000083500000, 0x0000000083400000| Untracked 
|  53|0x0000000083500000, 0x0000000083600000, 0x0000000083600000|100%| O|  |TAMS 0x0000000083600000, 0x0000000083500000| Untracked 
|  54|0x0000000083600000, 0x0000000083700000, 0x0000000083700000|100%| O|  |TAMS 0x0000000083700000, 0x0000000083600000| Untracked 
|  55|0x0000000083700000, 0x0000000083800000, 0x0000000083800000|100%| O|  |TAMS 0x0000000083800000, 0x0000000083700000| Untracked 
|  56|0x0000000083800000, 0x0000000083900000, 0x0000000083900000|100%| O|  |TAMS 0x0000000083900000, 0x0000000083800000| Untracked 
|  57|0x0000000083900000, 0x0000000083a00000, 0x0000000083a00000|100%| O|  |TAMS 0x000000008395cc00, 0x0000000083900000| Untracked 
|  58|0x0000000083a00000, 0x0000000083b00000, 0x0000000083b00000|100%| O|  |TAMS 0x0000000083a00000, 0x0000000083a00000| Untracked 
|  59|0x0000000083b00000, 0x0000000083c00000, 0x0000000083c00000|100%| O|  |TAMS 0x0000000083b00000, 0x0000000083b00000| Untracked 
|  60|0x0000000083c00000, 0x0000000083d00000, 0x0000000083d00000|100%| O|  |TAMS 0x0000000083c00000, 0x0000000083c00000| Untracked 
|  61|0x0000000083d00000, 0x0000000083e00000, 0x0000000083e00000|100%| O|  |TAMS 0x0000000083d00000, 0x0000000083d00000| Untracked 
|  62|0x0000000083e00000, 0x0000000083f00000, 0x0000000083f00000|100%| O|  |TAMS 0x0000000083e00000, 0x0000000083e00000| Untracked 
|  63|0x0000000083f00000, 0x0000000084000000, 0x0000000084000000|100%| O|  |TAMS 0x0000000083f00000, 0x0000000083f00000| Untracked 
|  64|0x0000000084000000, 0x0000000084016000, 0x0000000084100000|  8%| O|  |TAMS 0x0000000084000000, 0x0000000084000000| Untracked 
|  65|0x0000000084100000, 0x0000000084100000, 0x0000000084200000|  0%| F|  |TAMS 0x0000000084100000, 0x0000000084100000| Untracked 
|  66|0x0000000084200000, 0x0000000084200000, 0x0000000084300000|  0%| F|  |TAMS 0x0000000084200000, 0x0000000084200000| Untracked 
|  67|0x0000000084300000, 0x0000000084300000, 0x0000000084400000|  0%| F|  |TAMS 0x0000000084300000, 0x0000000084300000| Untracked 
|  68|0x0000000084400000, 0x0000000084400000, 0x0000000084500000|  0%| F|  |TAMS 0x0000000084400000, 0x0000000084400000| Untracked 
|  69|0x0000000084500000, 0x0000000084500000, 0x0000000084600000|  0%| F|  |TAMS 0x0000000084500000, 0x0000000084500000| Untracked 
|  70|0x0000000084600000, 0x0000000084600000, 0x0000000084700000|  0%| F|  |TAMS 0x0000000084600000, 0x0000000084600000| Untracked 
|  71|0x0000000084700000, 0x0000000084700000, 0x0000000084800000|  0%| F|  |TAMS 0x0000000084700000, 0x0000000084700000| Untracked 
|  72|0x0000000084800000, 0x0000000084800000, 0x0000000084900000|  0%| F|  |TAMS 0x0000000084800000, 0x0000000084800000| Untracked 
|  73|0x0000000084900000, 0x0000000084900000, 0x0000000084a00000|  0%| F|  |TAMS 0x0000000084900000, 0x0000000084900000| Untracked 
|  74|0x0000000084a00000, 0x0000000084a00000, 0x0000000084b00000|  0%| F|  |TAMS 0x0000000084a00000, 0x0000000084a00000| Untracked 
|  75|0x0000000084b00000, 0x0000000084b00000, 0x0000000084c00000|  0%| F|  |TAMS 0x0000000084b00000, 0x0000000084b00000| Untracked 
|  76|0x0000000084c00000, 0x0000000084c00000, 0x0000000084d00000|  0%| F|  |TAMS 0x0000000084c00000, 0x0000000084c00000| Untracked 
|  77|0x0000000084d00000, 0x0000000084d00000, 0x0000000084e00000|  0%| F|  |TAMS 0x0000000084d00000, 0x0000000084d00000| Untracked 
|  78|0x0000000084e00000, 0x0000000084e00000, 0x0000000084f00000|  0%| F|  |TAMS 0x0000000084e00000, 0x0000000084e00000| Untracked 
|  79|0x0000000084f00000, 0x0000000084f00000, 0x0000000085000000|  0%| F|  |TAMS 0x0000000084f00000, 0x0000000084f00000| Untracked 
|  80|0x0000000085000000, 0x0000000085000000, 0x0000000085100000|  0%| F|  |TAMS 0x0000000085000000, 0x0000000085000000| Untracked 
|  81|0x0000000085100000, 0x0000000085100000, 0x0000000085200000|  0%| F|  |TAMS 0x0000000085100000, 0x0000000085100000| Untracked 
|  82|0x0000000085200000, 0x0000000085200000, 0x0000000085300000|  0%| F|  |TAMS 0x0000000085200000, 0x0000000085200000| Untracked 
|  83|0x0000000085300000, 0x0000000085300000, 0x0000000085400000|  0%| F|  |TAMS 0x0000000085300000, 0x0000000085300000| Untracked 
|  84|0x0000000085400000, 0x0000000085400000, 0x0000000085500000|  0%| F|  |TAMS 0x0000000085400000, 0x0000000085400000| Untracked 
|  85|0x0000000085500000, 0x0000000085500000, 0x0000000085600000|  0%| F|  |TAMS 0x0000000085500000, 0x0000000085500000| Untracked 
|  86|0x0000000085600000, 0x0000000085600000, 0x0000000085700000|  0%| F|  |TAMS 0x0000000085600000, 0x0000000085600000| Untracked 
|  87|0x0000000085700000, 0x0000000085700000, 0x0000000085800000|  0%| F|  |TAMS 0x0000000085700000, 0x0000000085700000| Untracked 
|  88|0x0000000085800000, 0x0000000085800000, 0x0000000085900000|  0%| F|  |TAMS 0x0000000085800000, 0x0000000085800000| Untracked 
|  89|0x0000000085900000, 0x0000000085900000, 0x0000000085a00000|  0%| F|  |TAMS 0x0000000085900000, 0x0000000085900000| Untracked 
|  90|0x0000000085a00000, 0x0000000085a00000, 0x0000000085b00000|  0%| F|  |TAMS 0x0000000085a00000, 0x0000000085a00000| Untracked 
|  91|0x0000000085b00000, 0x0000000085b00000, 0x0000000085c00000|  0%| F|  |TAMS 0x0000000085b00000, 0x0000000085b00000| Untracked 
|  92|0x0000000085c00000, 0x0000000085c00000, 0x0000000085d00000|  0%| F|  |TAMS 0x0000000085c00000, 0x0000000085c00000| Untracked 
|  93|0x0000000085d00000, 0x0000000085d00000, 0x0000000085e00000|  0%| F|  |TAMS 0x0000000085d00000, 0x0000000085d00000| Untracked 
|  94|0x0000000085e00000, 0x0000000085e00000, 0x0000000085f00000|  0%| F|  |TAMS 0x0000000085e00000, 0x0000000085e00000| Untracked 
|  95|0x0000000085f00000, 0x0000000085f00000, 0x0000000086000000|  0%| F|  |TAMS 0x0000000085f00000, 0x0000000085f00000| Untracked 
|  96|0x0000000086000000, 0x00000000860a9798, 0x0000000086100000| 66%| S|CS|TAMS 0x0000000086000000, 0x0000000086000000| Complete 
|  97|0x0000000086100000, 0x0000000086200000, 0x0000000086200000|100%| S|CS|TAMS 0x0000000086100000, 0x0000000086100000| Complete 
|  98|0x0000000086200000, 0x0000000086300000, 0x0000000086300000|100%| S|CS|TAMS 0x0000000086200000, 0x0000000086200000| Complete 
|  99|0x0000000086300000, 0x0000000086400000, 0x0000000086400000|100%| S|CS|TAMS 0x0000000086300000, 0x0000000086300000| Complete 
| 100|0x0000000086400000, 0x0000000086500000, 0x0000000086500000|100%| S|CS|TAMS 0x0000000086400000, 0x0000000086400000| Complete 
| 101|0x0000000086500000, 0x0000000086600000, 0x0000000086600000|100%| S|CS|TAMS 0x0000000086500000, 0x0000000086500000| Complete 
| 102|0x0000000086600000, 0x0000000086700000, 0x0000000086700000|100%| S|CS|TAMS 0x0000000086600000, 0x0000000086600000| Complete 
| 103|0x0000000086700000, 0x0000000086800000, 0x0000000086800000|100%| S|CS|TAMS 0x0000000086700000, 0x0000000086700000| Complete 
| 104|0x0000000086800000, 0x0000000086800000, 0x0000000086900000|  0%| F|  |TAMS 0x0000000086800000, 0x0000000086800000| Untracked 
| 105|0x0000000086900000, 0x0000000086900000, 0x0000000086a00000|  0%| F|  |TAMS 0x0000000086900000, 0x0000000086900000| Untracked 
| 106|0x0000000086a00000, 0x0000000086a00000, 0x0000000086b00000|  0%| F|  |TAMS 0x0000000086a00000, 0x0000000086a00000| Untracked 
| 107|0x0000000086b00000, 0x0000000086b00000, 0x0000000086c00000|  0%| F|  |TAMS 0x0000000086b00000, 0x0000000086b00000| Untracked 
| 108|0x0000000086c00000, 0x0000000086c00000, 0x0000000086d00000|  0%| F|  |TAMS 0x0000000086c00000, 0x0000000086c00000| Untracked 
| 109|0x0000000086d00000, 0x0000000086d00000, 0x0000000086e00000|  0%| F|  |TAMS 0x0000000086d00000, 0x0000000086d00000| Untracked 
| 110|0x0000000086e00000, 0x0000000086e00000, 0x0000000086f00000|  0%| F|  |TAMS 0x0000000086e00000, 0x0000000086e00000| Untracked 
| 111|0x0000000086f00000, 0x0000000087000000, 0x0000000087000000|100%| S|CS|TAMS 0x0000000086f00000, 0x0000000086f00000| Complete 
| 112|0x0000000087000000, 0x0000000087100000, 0x0000000087100000|100%| S|CS|TAMS 0x0000000087000000, 0x0000000087000000| Complete 
| 113|0x0000000087100000, 0x0000000087200000, 0x0000000087200000|100%| S|CS|TAMS 0x0000000087100000, 0x0000000087100000| Complete 
| 114|0x0000000087200000, 0x0000000087300000, 0x0000000087300000|100%| S|CS|TAMS 0x0000000087200000, 0x0000000087200000| Complete 
| 115|0x0000000087300000, 0x0000000087400000, 0x0000000087400000|100%| S|CS|TAMS 0x0000000087300000, 0x0000000087300000| Complete 
| 116|0x0000000087400000, 0x0000000087400000, 0x0000000087500000|  0%| F|  |TAMS 0x0000000087400000, 0x0000000087400000| Untracked 
| 117|0x0000000087500000, 0x0000000087500000, 0x0000000087600000|  0%| F|  |TAMS 0x0000000087500000, 0x0000000087500000| Untracked 
| 118|0x0000000087600000, 0x0000000087600000, 0x0000000087700000|  0%| F|  |TAMS 0x0000000087600000, 0x0000000087600000| Untracked 
| 119|0x0000000087700000, 0x0000000087700000, 0x0000000087800000|  0%| F|  |TAMS 0x0000000087700000, 0x0000000087700000| Untracked 
| 120|0x0000000087800000, 0x0000000087800000, 0x0000000087900000|  0%| F|  |TAMS 0x0000000087800000, 0x0000000087800000| Untracked 
| 121|0x0000000087900000, 0x0000000087900000, 0x0000000087a00000|  0%| F|  |TAMS 0x0000000087900000, 0x0000000087900000| Untracked 
| 122|0x0000000087a00000, 0x0000000087a00000, 0x0000000087b00000|  0%| F|  |TAMS 0x0000000087a00000, 0x0000000087a00000| Untracked 
| 123|0x0000000087b00000, 0x0000000087b00000, 0x0000000087c00000|  0%| F|  |TAMS 0x0000000087b00000, 0x0000000087b00000| Untracked 
| 124|0x0000000087c00000, 0x0000000087c00000, 0x0000000087d00000|  0%| F|  |TAMS 0x0000000087c00000, 0x0000000087c00000| Untracked 
| 125|0x0000000087d00000, 0x0000000087d00000, 0x0000000087e00000|  0%| F|  |TAMS 0x0000000087d00000, 0x0000000087d00000| Untracked 
| 126|0x0000000087e00000, 0x0000000087e00000, 0x0000000087f00000|  0%| F|  |TAMS 0x0000000087e00000, 0x0000000087e00000| Untracked 
| 127|0x0000000087f00000, 0x0000000087f00000, 0x0000000088000000|  0%| F|  |TAMS 0x0000000087f00000, 0x0000000087f00000| Untracked 
| 128|0x0000000088000000, 0x0000000088000000, 0x0000000088100000|  0%| F|  |TAMS 0x0000000088000000, 0x0000000088000000| Untracked 
| 129|0x0000000088100000, 0x0000000088100000, 0x0000000088200000|  0%| F|  |TAMS 0x0000000088100000, 0x0000000088100000| Untracked 
| 130|0x0000000088200000, 0x0000000088200000, 0x0000000088300000|  0%| F|  |TAMS 0x0000000088200000, 0x0000000088200000| Untracked 
| 131|0x0000000088300000, 0x0000000088300000, 0x0000000088400000|  0%| F|  |TAMS 0x0000000088300000, 0x0000000088300000| Untracked 
| 132|0x0000000088400000, 0x0000000088400000, 0x0000000088500000|  0%| F|  |TAMS 0x0000000088400000, 0x0000000088400000| Untracked 
| 133|0x0000000088500000, 0x0000000088500000, 0x0000000088600000|  0%| F|  |TAMS 0x0000000088500000, 0x0000000088500000| Untracked 
| 134|0x0000000088600000, 0x0000000088600000, 0x0000000088700000|  0%| F|  |TAMS 0x0000000088600000, 0x0000000088600000| Untracked 
| 135|0x0000000088700000, 0x0000000088700000, 0x0000000088800000|  0%| F|  |TAMS 0x0000000088700000, 0x0000000088700000| Untracked 
| 136|0x0000000088800000, 0x0000000088800000, 0x0000000088900000|  0%| F|  |TAMS 0x0000000088800000, 0x0000000088800000| Untracked 
| 137|0x0000000088900000, 0x0000000088900000, 0x0000000088a00000|  0%| F|  |TAMS 0x0000000088900000, 0x0000000088900000| Untracked 
| 138|0x0000000088a00000, 0x0000000088a00000, 0x0000000088b00000|  0%| F|  |TAMS 0x0000000088a00000, 0x0000000088a00000| Untracked 
| 139|0x0000000088b00000, 0x0000000088b00000, 0x0000000088c00000|  0%| F|  |TAMS 0x0000000088b00000, 0x0000000088b00000| Untracked 
| 140|0x0000000088c00000, 0x0000000088c00000, 0x0000000088d00000|  0%| F|  |TAMS 0x0000000088c00000, 0x0000000088c00000| Untracked 
| 141|0x0000000088d00000, 0x0000000088d00000, 0x0000000088e00000|  0%| F|  |TAMS 0x0000000088d00000, 0x0000000088d00000| Untracked 
| 142|0x0000000088e00000, 0x0000000088e00000, 0x0000000088f00000|  0%| F|  |TAMS 0x0000000088e00000, 0x0000000088e00000| Untracked 
| 143|0x0000000088f00000, 0x0000000088f00000, 0x0000000089000000|  0%| F|  |TAMS 0x0000000088f00000, 0x0000000088f00000| Untracked 
| 144|0x0000000089000000, 0x0000000089000000, 0x0000000089100000|  0%| F|  |TAMS 0x0000000089000000, 0x0000000089000000| Untracked 
| 145|0x0000000089100000, 0x0000000089100000, 0x0000000089200000|  0%| F|  |TAMS 0x0000000089100000, 0x0000000089100000| Untracked 
| 146|0x0000000089200000, 0x0000000089200000, 0x0000000089300000|  0%| F|  |TAMS 0x0000000089200000, 0x0000000089200000| Untracked 
| 147|0x0000000089300000, 0x0000000089300000, 0x0000000089400000|  0%| F|  |TAMS 0x0000000089300000, 0x0000000089300000| Untracked 
| 148|0x0000000089400000, 0x0000000089400000, 0x0000000089500000|  0%| F|  |TAMS 0x0000000089400000, 0x0000000089400000| Untracked 
| 149|0x0000000089500000, 0x0000000089500000, 0x0000000089600000|  0%| F|  |TAMS 0x0000000089500000, 0x0000000089500000| Untracked 
| 150|0x0000000089600000, 0x0000000089600000, 0x0000000089700000|  0%| F|  |TAMS 0x0000000089600000, 0x0000000089600000| Untracked 
| 151|0x0000000089700000, 0x0000000089700000, 0x0000000089800000|  0%| F|  |TAMS 0x0000000089700000, 0x0000000089700000| Untracked 
| 152|0x0000000089800000, 0x0000000089800000, 0x0000000089900000|  0%| F|  |TAMS 0x0000000089800000, 0x0000000089800000| Untracked 
| 153|0x0000000089900000, 0x0000000089900000, 0x0000000089a00000|  0%| F|  |TAMS 0x0000000089900000, 0x0000000089900000| Untracked 
| 154|0x0000000089a00000, 0x0000000089a00000, 0x0000000089b00000|  0%| F|  |TAMS 0x0000000089a00000, 0x0000000089a00000| Untracked 
| 155|0x0000000089b00000, 0x0000000089b00000, 0x0000000089c00000|  0%| F|  |TAMS 0x0000000089b00000, 0x0000000089b00000| Untracked 
| 156|0x0000000089c00000, 0x0000000089c00000, 0x0000000089d00000|  0%| F|  |TAMS 0x0000000089c00000, 0x0000000089c00000| Untracked 
| 157|0x0000000089d00000, 0x0000000089d00000, 0x0000000089e00000|  0%| F|  |TAMS 0x0000000089d00000, 0x0000000089d00000| Untracked 
| 158|0x0000000089e00000, 0x0000000089e00000, 0x0000000089f00000|  0%| F|  |TAMS 0x0000000089e00000, 0x0000000089e00000| Untracked 
| 159|0x0000000089f00000, 0x0000000089f00000, 0x000000008a000000|  0%| F|  |TAMS 0x0000000089f00000, 0x0000000089f00000| Untracked 
| 160|0x000000008a000000, 0x000000008a000000, 0x000000008a100000|  0%| F|  |TAMS 0x000000008a000000, 0x000000008a000000| Untracked 
| 161|0x000000008a100000, 0x000000008a100000, 0x000000008a200000|  0%| F|  |TAMS 0x000000008a100000, 0x000000008a100000| Untracked 
| 162|0x000000008a200000, 0x000000008a200000, 0x000000008a300000|  0%| F|  |TAMS 0x000000008a200000, 0x000000008a200000| Untracked 
| 163|0x000000008a300000, 0x000000008a300000, 0x000000008a400000|  0%| F|  |TAMS 0x000000008a300000, 0x000000008a300000| Untracked 
| 164|0x000000008a400000, 0x000000008a400000, 0x000000008a500000|  0%| F|  |TAMS 0x000000008a400000, 0x000000008a400000| Untracked 
| 165|0x000000008a500000, 0x000000008a500000, 0x000000008a600000|  0%| F|  |TAMS 0x000000008a500000, 0x000000008a500000| Untracked 
| 166|0x000000008a600000, 0x000000008a600000, 0x000000008a700000|  0%| F|  |TAMS 0x000000008a600000, 0x000000008a600000| Untracked 
| 167|0x000000008a700000, 0x000000008a700000, 0x000000008a800000|  0%| F|  |TAMS 0x000000008a700000, 0x000000008a700000| Untracked 
| 168|0x000000008a800000, 0x000000008a800000, 0x000000008a900000|  0%| F|  |TAMS 0x000000008a800000, 0x000000008a800000| Untracked 
| 169|0x000000008a900000, 0x000000008a900000, 0x000000008aa00000|  0%| F|  |TAMS 0x000000008a900000, 0x000000008a900000| Untracked 
| 170|0x000000008aa00000, 0x000000008aa00000, 0x000000008ab00000|  0%| F|  |TAMS 0x000000008aa00000, 0x000000008aa00000| Untracked 
| 171|0x000000008ab00000, 0x000000008ab00000, 0x000000008ac00000|  0%| F|  |TAMS 0x000000008ab00000, 0x000000008ab00000| Untracked 
| 172|0x000000008ac00000, 0x000000008ac00000, 0x000000008ad00000|  0%| F|  |TAMS 0x000000008ac00000, 0x000000008ac00000| Untracked 
| 173|0x000000008ad00000, 0x000000008ad00000, 0x000000008ae00000|  0%| F|  |TAMS 0x000000008ad00000, 0x000000008ad00000| Untracked 
| 174|0x000000008ae00000, 0x000000008ae00000, 0x000000008af00000|  0%| F|  |TAMS 0x000000008ae00000, 0x000000008ae00000| Untracked 
| 175|0x000000008af00000, 0x000000008af00000, 0x000000008b000000|  0%| F|  |TAMS 0x000000008af00000, 0x000000008af00000| Untracked 
| 176|0x000000008b000000, 0x000000008b000000, 0x000000008b100000|  0%| F|  |TAMS 0x000000008b000000, 0x000000008b000000| Untracked 
| 177|0x000000008b100000, 0x000000008b100000, 0x000000008b200000|  0%| F|  |TAMS 0x000000008b100000, 0x000000008b100000| Untracked 
| 178|0x000000008b200000, 0x000000008b200000, 0x000000008b300000|  0%| F|  |TAMS 0x000000008b200000, 0x000000008b200000| Untracked 
| 179|0x000000008b300000, 0x000000008b300000, 0x000000008b400000|  0%| F|  |TAMS 0x000000008b300000, 0x000000008b300000| Untracked 
| 180|0x000000008b400000, 0x000000008b400000, 0x000000008b500000|  0%| F|  |TAMS 0x000000008b400000, 0x000000008b400000| Untracked 
| 181|0x000000008b500000, 0x000000008b500000, 0x000000008b600000|  0%| F|  |TAMS 0x000000008b500000, 0x000000008b500000| Untracked 
| 182|0x000000008b600000, 0x000000008b600000, 0x000000008b700000|  0%| F|  |TAMS 0x000000008b600000, 0x000000008b600000| Untracked 
| 183|0x000000008b700000, 0x000000008b700000, 0x000000008b800000|  0%| F|  |TAMS 0x000000008b700000, 0x000000008b700000| Untracked 
| 184|0x000000008b800000, 0x000000008b800000, 0x000000008b900000|  0%| F|  |TAMS 0x000000008b800000, 0x000000008b800000| Untracked 
| 185|0x000000008b900000, 0x000000008b900000, 0x000000008ba00000|  0%| F|  |TAMS 0x000000008b900000, 0x000000008b900000| Untracked 
| 186|0x000000008ba00000, 0x000000008ba00000, 0x000000008bb00000|  0%| F|  |TAMS 0x000000008ba00000, 0x000000008ba00000| Untracked 
| 187|0x000000008bb00000, 0x000000008bb00000, 0x000000008bc00000|  0%| F|  |TAMS 0x000000008bb00000, 0x000000008bb00000| Untracked 
| 188|0x000000008bc00000, 0x000000008bc00000, 0x000000008bd00000|  0%| F|  |TAMS 0x000000008bc00000, 0x000000008bc00000| Untracked 
| 189|0x000000008bd00000, 0x000000008bd00000, 0x000000008be00000|  0%| F|  |TAMS 0x000000008bd00000, 0x000000008bd00000| Untracked 
| 190|0x000000008be00000, 0x000000008be00000, 0x000000008bf00000|  0%| F|  |TAMS 0x000000008be00000, 0x000000008be00000| Untracked 
| 191|0x000000008bf00000, 0x000000008bf00000, 0x000000008c000000|  0%| F|  |TAMS 0x000000008bf00000, 0x000000008bf00000| Untracked 
| 192|0x000000008c000000, 0x000000008c0eda28, 0x000000008c100000| 92%| E|  |TAMS 0x000000008c000000, 0x000000008c000000| Complete 
| 193|0x000000008c100000, 0x000000008c200000, 0x000000008c200000|100%| E|CS|TAMS 0x000000008c100000, 0x000000008c100000| Complete 
| 194|0x000000008c200000, 0x000000008c300000, 0x000000008c300000|100%| E|CS|TAMS 0x000000008c200000, 0x000000008c200000| Complete 
| 195|0x000000008c300000, 0x000000008c400000, 0x000000008c400000|100%| E|CS|TAMS 0x000000008c300000, 0x000000008c300000| Complete 
| 196|0x000000008c400000, 0x000000008c500000, 0x000000008c500000|100%| E|CS|TAMS 0x000000008c400000, 0x000000008c400000| Complete 
| 197|0x000000008c500000, 0x000000008c600000, 0x000000008c600000|100%| E|CS|TAMS 0x000000008c500000, 0x000000008c500000| Complete 
| 198|0x000000008c600000, 0x000000008c700000, 0x000000008c700000|100%| E|CS|TAMS 0x000000008c600000, 0x000000008c600000| Complete 
| 199|0x000000008c700000, 0x000000008c800000, 0x000000008c800000|100%| E|CS|TAMS 0x000000008c700000, 0x000000008c700000| Complete 
| 200|0x000000008c800000, 0x000000008c900000, 0x000000008c900000|100%| E|CS|TAMS 0x000000008c800000, 0x000000008c800000| Complete 
| 201|0x000000008c900000, 0x000000008ca00000, 0x000000008ca00000|100%| E|CS|TAMS 0x000000008c900000, 0x000000008c900000| Complete 
| 202|0x000000008ca00000, 0x000000008cb00000, 0x000000008cb00000|100%| E|CS|TAMS 0x000000008ca00000, 0x000000008ca00000| Complete 
| 203|0x000000008cb00000, 0x000000008cc00000, 0x000000008cc00000|100%| E|CS|TAMS 0x000000008cb00000, 0x000000008cb00000| Complete 
| 204|0x000000008cc00000, 0x000000008cd00000, 0x000000008cd00000|100%| E|CS|TAMS 0x000000008cc00000, 0x000000008cc00000| Complete 
| 205|0x000000008cd00000, 0x000000008ce00000, 0x000000008ce00000|100%| E|CS|TAMS 0x000000008cd00000, 0x000000008cd00000| Complete 
| 206|0x000000008ce00000, 0x000000008cf00000, 0x000000008cf00000|100%| E|CS|TAMS 0x000000008ce00000, 0x000000008ce00000| Complete 
| 207|0x000000008cf00000, 0x000000008d000000, 0x000000008d000000|100%| E|CS|TAMS 0x000000008cf00000, 0x000000008cf00000| Complete 
| 208|0x000000008d000000, 0x000000008d100000, 0x000000008d100000|100%| E|CS|TAMS 0x000000008d000000, 0x000000008d000000| Complete 
| 209|0x000000008d100000, 0x000000008d200000, 0x000000008d200000|100%| E|CS|TAMS 0x000000008d100000, 0x000000008d100000| Complete 
| 210|0x000000008d200000, 0x000000008d300000, 0x000000008d300000|100%| E|CS|TAMS 0x000000008d200000, 0x000000008d200000| Complete 
| 211|0x000000008d300000, 0x000000008d400000, 0x000000008d400000|100%| E|CS|TAMS 0x000000008d300000, 0x000000008d300000| Complete 
| 212|0x000000008d400000, 0x000000008d500000, 0x000000008d500000|100%| E|CS|TAMS 0x000000008d400000, 0x000000008d400000| Complete 
| 213|0x000000008d500000, 0x000000008d600000, 0x000000008d600000|100%| E|CS|TAMS 0x000000008d500000, 0x000000008d500000| Complete 
| 214|0x000000008d600000, 0x000000008d700000, 0x000000008d700000|100%| E|CS|TAMS 0x000000008d600000, 0x000000008d600000| Complete 
| 215|0x000000008d700000, 0x000000008d800000, 0x000000008d800000|100%| E|CS|TAMS 0x000000008d700000, 0x000000008d700000| Complete 
| 216|0x000000008d800000, 0x000000008d900000, 0x000000008d900000|100%| E|CS|TAMS 0x000000008d800000, 0x000000008d800000| Complete 
| 217|0x000000008d900000, 0x000000008da00000, 0x000000008da00000|100%| E|CS|TAMS 0x000000008d900000, 0x000000008d900000| Complete 
| 218|0x000000008da00000, 0x000000008db00000, 0x000000008db00000|100%| E|CS|TAMS 0x000000008da00000, 0x000000008da00000| Complete 
| 219|0x000000008db00000, 0x000000008dc00000, 0x000000008dc00000|100%| E|CS|TAMS 0x000000008db00000, 0x000000008db00000| Complete 
| 220|0x000000008dc00000, 0x000000008dd00000, 0x000000008dd00000|100%| E|CS|TAMS 0x000000008dc00000, 0x000000008dc00000| Complete 
| 221|0x000000008dd00000, 0x000000008de00000, 0x000000008de00000|100%| E|CS|TAMS 0x000000008dd00000, 0x000000008dd00000| Complete 
| 222|0x000000008de00000, 0x000000008df00000, 0x000000008df00000|100%| E|CS|TAMS 0x000000008de00000, 0x000000008de00000| Complete 
| 223|0x000000008df00000, 0x000000008e000000, 0x000000008e000000|100%| E|CS|TAMS 0x000000008df00000, 0x000000008df00000| Complete 
| 224|0x000000008e000000, 0x000000008e100000, 0x000000008e100000|100%| E|CS|TAMS 0x000000008e000000, 0x000000008e000000| Complete 
| 225|0x000000008e100000, 0x000000008e200000, 0x000000008e200000|100%| E|CS|TAMS 0x000000008e100000, 0x000000008e100000| Complete 
| 226|0x000000008e200000, 0x000000008e300000, 0x000000008e300000|100%| E|CS|TAMS 0x000000008e200000, 0x000000008e200000| Complete 
| 227|0x000000008e300000, 0x000000008e400000, 0x000000008e400000|100%| E|CS|TAMS 0x000000008e300000, 0x000000008e300000| Complete 
| 228|0x000000008e400000, 0x000000008e500000, 0x000000008e500000|100%| E|CS|TAMS 0x000000008e400000, 0x000000008e400000| Complete 
| 229|0x000000008e500000, 0x000000008e600000, 0x000000008e600000|100%| E|CS|TAMS 0x000000008e500000, 0x000000008e500000| Complete 
| 230|0x000000008e600000, 0x000000008e700000, 0x000000008e700000|100%| E|CS|TAMS 0x000000008e600000, 0x000000008e600000| Complete 
| 231|0x000000008e700000, 0x000000008e800000, 0x000000008e800000|100%| E|CS|TAMS 0x000000008e700000, 0x000000008e700000| Complete 
| 232|0x000000008e800000, 0x000000008e900000, 0x000000008e900000|100%| E|CS|TAMS 0x000000008e800000, 0x000000008e800000| Complete 
| 233|0x000000008e900000, 0x000000008ea00000, 0x000000008ea00000|100%| E|CS|TAMS 0x000000008e900000, 0x000000008e900000| Complete 
| 234|0x000000008ea00000, 0x000000008eb00000, 0x000000008eb00000|100%| E|CS|TAMS 0x000000008ea00000, 0x000000008ea00000| Complete 
| 235|0x000000008eb00000, 0x000000008ec00000, 0x000000008ec00000|100%| E|CS|TAMS 0x000000008eb00000, 0x000000008eb00000| Complete 
| 236|0x000000008ec00000, 0x000000008ed00000, 0x000000008ed00000|100%| E|CS|TAMS 0x000000008ec00000, 0x000000008ec00000| Complete 
| 237|0x000000008ed00000, 0x000000008ee00000, 0x000000008ee00000|100%| E|CS|TAMS 0x000000008ed00000, 0x000000008ed00000| Complete 
| 238|0x000000008ee00000, 0x000000008ef00000, 0x000000008ef00000|100%| E|CS|TAMS 0x000000008ee00000, 0x000000008ee00000| Complete 
| 239|0x000000008ef00000, 0x000000008f000000, 0x000000008f000000|100%| E|CS|TAMS 0x000000008ef00000, 0x000000008ef00000| Complete 
| 240|0x000000008f000000, 0x000000008f100000, 0x000000008f100000|100%| E|CS|TAMS 0x000000008f000000, 0x000000008f000000| Complete 
| 241|0x000000008f100000, 0x000000008f200000, 0x000000008f200000|100%| E|CS|TAMS 0x000000008f100000, 0x000000008f100000| Complete 
| 242|0x000000008f200000, 0x000000008f300000, 0x000000008f300000|100%| E|CS|TAMS 0x000000008f200000, 0x000000008f200000| Complete 
| 243|0x000000008f300000, 0x000000008f400000, 0x000000008f400000|100%| E|CS|TAMS 0x000000008f300000, 0x000000008f300000| Complete 
| 244|0x000000008f400000, 0x000000008f500000, 0x000000008f500000|100%| E|CS|TAMS 0x000000008f400000, 0x000000008f400000| Complete 
| 245|0x000000008f500000, 0x000000008f600000, 0x000000008f600000|100%| E|CS|TAMS 0x000000008f500000, 0x000000008f500000| Complete 
| 246|0x000000008f600000, 0x000000008f700000, 0x000000008f700000|100%| E|CS|TAMS 0x000000008f600000, 0x000000008f600000| Complete 
| 247|0x000000008f700000, 0x000000008f800000, 0x000000008f800000|100%| E|CS|TAMS 0x000000008f700000, 0x000000008f700000| Complete 
| 248|0x000000008f800000, 0x000000008f900000, 0x000000008f900000|100%| E|  |TAMS 0x000000008f800000, 0x000000008f800000| Complete 
| 249|0x000000008f900000, 0x000000008fa00000, 0x000000008fa00000|100%| E|CS|TAMS 0x000000008f900000, 0x000000008f900000| Complete 

Card table byte_map: [0x000001c54c840000,0x000001c54cc40000] _byte_map_base: 0x000001c54c440000

Marking Bits (Prev, Next): (CMBitMap*) 0x000001c5355ddf90, (CMBitMap*) 0x000001c5355ddfd0
 Prev Bits: [0x000001c54d040000, 0x000001c54f040000)
 Next Bits: [0x000001c54f040000, 0x000001c551040000)

Polling page: 0x000001c533380000

Metaspace:

Usage:
  Non-class:     40.59 MB used.
      Class:      6.47 MB used.
       Both:     47.07 MB used.

Virtual space:
  Non-class space:       64.00 MB reserved,      41.00 MB ( 64%) committed,  1 nodes.
      Class space:      416.00 MB reserved,       6.81 MB (  2%) committed,  1 nodes.
             Both:      480.00 MB reserved,      47.81 MB ( 10%) committed. 

Chunk freelists:
   Non-Class:  7.02 MB
       Class:  9.24 MB
        Both:  16.25 MB

MaxMetaspaceSize: 512.00 MB
CompressedClassSpaceSize: 416.00 MB
Initial GC threshold: 21.00 MB
Current GC threshold: 79.69 MB
CDS: on
MetaspaceReclaimPolicy: balanced
 - commit_granule_bytes: 65536.
 - commit_granule_words: 8192.
 - virtual_space_node_default_size: 8388608.
 - enlarge_chunks_in_place: 1.
 - new_chunks_are_fully_committed: 0.
 - uncommit_free_chunks: 1.
 - use_allocation_guard: 0.
 - handle_deallocations: 1.


Internal statistics:

num_allocs_failed_limit: 6.
num_arena_births: 1026.
num_arena_deaths: 8.
num_vsnodes_births: 2.
num_vsnodes_deaths: 0.
num_space_committed: 765.
num_space_uncommitted: 0.
num_chunks_returned_to_freelist: 27.
num_chunks_taken_from_freelist: 3062.
num_chunk_merges: 8.
num_chunk_splits: 2004.
num_chunks_enlarged: 1330.
num_inconsistent_stats: 0.

CodeHeap 'non-profiled nmethods': size=120000Kb used=2921Kb max_used=2921Kb free=117079Kb
 bounds [0x000001c544be0000, 0x000001c544ec0000, 0x000001c54c110000]
CodeHeap 'profiled nmethods': size=120000Kb used=13485Kb max_used=13485Kb free=106514Kb
 bounds [0x000001c53d110000, 0x000001c53de40000, 0x000001c544640000]
CodeHeap 'non-nmethods': size=5760Kb used=1659Kb max_used=1736Kb free=4100Kb
 bounds [0x000001c544640000, 0x000001c5448b0000, 0x000001c544be0000]
 total_blobs=7423 nmethods=6689 adapters=645
 compilation: enabled
              stopped_count=0, restarted_count=0
 full_count=0

Compilation events (20 events):
Event: 47.465 Thread 0x000001c553aa2f30 7650       3       org.objectweb.asm.MethodWriter::visitTryCatchBlock (67 bytes)
Event: 47.466 Thread 0x000001c553aa2f30 nmethod 7650 0x000001c53de2f610 code [0x000001c53de2f800, 0x000001c53de2fe88]
Event: 47.466 Thread 0x000001c553aa2f30 7649       3       org.objectweb.asm.commons.MethodRemapper::visitTryCatchBlock (26 bytes)
Event: 47.466 Thread 0x000001c553aa2f30 nmethod 7649 0x000001c53de30090 code [0x000001c53de30280, 0x000001c53de306d8]
Event: 47.476 Thread 0x000001c553aa2f30 7652       2       it.unimi.dsi.fastutil.longs.LongOpenHashSet::removeEntry (60 bytes)
Event: 47.476 Thread 0x000001c553aa2f30 nmethod 7652 0x000001c53de30890 code [0x000001c53de30a40, 0x000001c53de30c18]
Event: 47.476 Thread 0x000001c553aa2f30 7653       2       it.unimi.dsi.fastutil.longs.LongOpenHashSet::add (133 bytes)
Event: 47.477 Thread 0x000001c553aa2f30 nmethod 7653 0x000001c53de30d10 code [0x000001c53de30f00, 0x000001c53de31288]
Event: 47.479 Thread 0x000001c553aa2f30 7654   !   2       it.unimi.dsi.fastutil.longs.LongCollections$SynchronizedCollection::add (27 bytes)
Event: 47.479 Thread 0x000001c553aa2f30 nmethod 7654 0x000001c53de31490 code [0x000001c53de31640, 0x000001c53de31848]
Event: 47.480 Thread 0x000001c553aa2f30 7655       3       org.objectweb.asm.AnnotationWriter::create (50 bytes)
Event: 47.480 Thread 0x000001c553aa2f30 nmethod 7655 0x000001c53de31990 code [0x000001c53de31ba0, 0x000001c53de320b8]
Event: 47.480 Thread 0x000001c553aa2f30 7657       3       org.objectweb.asm.TypePath::put (42 bytes)
Event: 47.481 Thread 0x000001c553aa2f30 nmethod 7657 0x000001c53de32310 code [0x000001c53de324e0, 0x000001c53de326f8]
Event: 47.481 Thread 0x000001c553aa2f30 7656       3       org.objectweb.asm.TypeReference::putTarget (385 bytes)
Event: 47.481 Thread 0x000001c553aa2f30 nmethod 7656 0x000001c53de32890 code [0x000001c53de32aa0, 0x000001c53de333c8]
Event: 47.481 Thread 0x000001c553aa2f30 7658       2       org.objectweb.asm.commons.SignatureRemapper::visitArrayType (10 bytes)
Event: 47.482 Thread 0x000001c553aa2f30 nmethod 7658 0x000001c53de33590 code [0x000001c53de33740, 0x000001c53de33888]
Event: 47.482 Thread 0x000001c553aa2f30 7659       2       org.objectweb.asm.signature.SignatureWriter::visitArrayType (12 bytes)
Event: 47.482 Thread 0x000001c553aa2f30 nmethod 7659 0x000001c53de33910 code [0x000001c53de33ac0, 0x000001c53de33c08]

GC Heap History (20 events):
Event: 46.100 GC heap before
{Heap before GC invocations=21 (full 0):
 garbage-first heap   total 107520K, used 88465K [0x0000000080000000, 0x0000000100000000)
  region size 1024K, 42 young (43008K), 4 survivors (4096K)
 Metaspace       used 47079K, committed 47808K, reserved 491520K
  class space    used 6510K, committed 6848K, reserved 425984K
}
Event: 46.106 GC heap after
{Heap after GC invocations=22 (full 0):
 garbage-first heap   total 107520K, used 51593K [0x0000000080000000, 0x0000000100000000)
  region size 1024K, 5 young (5120K), 5 survivors (5120K)
 Metaspace       used 47079K, committed 47808K, reserved 491520K
  class space    used 6510K, committed 6848K, reserved 425984K
}
Event: 46.379 GC heap before
{Heap before GC invocations=22 (full 0):
 garbage-first heap   total 107520K, used 88457K [0x0000000080000000, 0x0000000100000000)
  region size 1024K, 41 young (41984K), 5 survivors (5120K)
 Metaspace       used 47896K, committed 48640K, reserved 491520K
  class space    used 6619K, committed 6976K, reserved 425984K
}
Event: 46.385 GC heap after
{Heap after GC invocations=23 (full 0):
 garbage-first heap   total 107520K, used 53440K [0x0000000080000000, 0x0000000100000000)
  region size 1024K, 5 young (5120K), 5 survivors (5120K)
 Metaspace       used 47896K, committed 48640K, reserved 491520K
  class space    used 6619K, committed 6976K, reserved 425984K
}
Event: 46.467 GC heap before
{Heap before GC invocations=23 (full 0):
 garbage-first heap   total 107520K, used 87232K [0x0000000080000000, 0x0000000100000000)
  region size 1024K, 39 young (39936K), 5 survivors (5120K)
 Metaspace       used 48097K, committed 48832K, reserved 491520K
  class space    used 6644K, committed 6976K, reserved 425984K
}
Event: 46.472 GC heap after
{Heap after GC invocations=24 (full 0):
 garbage-first heap   total 107520K, used 55114K [0x0000000080000000, 0x0000000100000000)
  region size 1024K, 4 young (4096K), 4 survivors (4096K)
 Metaspace       used 48097K, committed 48832K, reserved 491520K
  class space    used 6644K, committed 6976K, reserved 425984K
}
Event: 46.545 GC heap before
{Heap before GC invocations=24 (full 0):
 garbage-first heap   total 107520K, used 87882K [0x0000000080000000, 0x0000000100000000)
  region size 1024K, 37 young (37888K), 4 survivors (4096K)
 Metaspace       used 48202K, committed 48960K, reserved 491520K
  class space    used 6661K, committed 6976K, reserved 425984K
}
Event: 46.548 GC heap after
{Heap after GC invocations=25 (full 0):
 garbage-first heap   total 107520K, used 57150K [0x0000000080000000, 0x0000000100000000)
  region size 1024K, 4 young (4096K), 4 survivors (4096K)
 Metaspace       used 48202K, committed 48960K, reserved 491520K
  class space    used 6661K, committed 6976K, reserved 425984K
}
Event: 46.624 GC heap before
{Heap before GC invocations=26 (full 0):
 garbage-first heap   total 107520K, used 89918K [0x0000000080000000, 0x0000000100000000)
  region size 1024K, 36 young (36864K), 4 survivors (4096K)
 Metaspace       used 48087K, committed 48960K, reserved 491520K
  class space    used 6627K, committed 6976K, reserved 425984K
}
Event: 46.627 GC heap after
{Heap after GC invocations=27 (full 0):
 garbage-first heap   total 107520K, used 58803K [0x0000000080000000, 0x0000000100000000)
  region size 1024K, 4 young (4096K), 4 survivors (4096K)
 Metaspace       used 48087K, committed 48960K, reserved 491520K
  class space    used 6627K, committed 6976K, reserved 425984K
}
Event: 46.629 GC heap before
{Heap before GC invocations=27 (full 0):
 garbage-first heap   total 107520K, used 59827K [0x0000000080000000, 0x0000000100000000)
  region size 1024K, 6 young (6144K), 4 survivors (4096K)
 Metaspace       used 48087K, committed 48960K, reserved 491520K
  class space    used 6627K, committed 6976K, reserved 425984K
}
Event: 46.632 GC heap after
{Heap after GC invocations=28 (full 0):
 garbage-first heap   total 107520K, used 57419K [0x0000000080000000, 0x0000000100000000)
  region size 1024K, 1 young (1024K), 1 survivors (1024K)
 Metaspace       used 48087K, committed 48960K, reserved 491520K
  class space    used 6627K, committed 6976K, reserved 425984K
}
Event: 46.683 GC heap before
{Heap before GC invocations=28 (full 0):
 garbage-first heap   total 107520K, used 89163K [0x0000000080000000, 0x0000000100000000)
  region size 1024K, 32 young (32768K), 1 survivors (1024K)
 Metaspace       used 48121K, committed 48960K, reserved 491520K
  class space    used 6627K, committed 6976K, reserved 425984K
}
Event: 46.686 GC heap after
{Heap after GC invocations=29 (full 0):
 garbage-first heap   total 256000K, used 58436K [0x0000000080000000, 0x0000000100000000)
  region size 1024K, 2 young (2048K), 2 survivors (2048K)
 Metaspace       used 48121K, committed 48960K, reserved 491520K
  class space    used 6627K, committed 6976K, reserved 425984K
}
Event: 47.002 GC heap before
{Heap before GC invocations=30 (full 0):
 garbage-first heap   total 256000K, used 206916K [0x0000000080000000, 0x0000000100000000)
  region size 1024K, 148 young (151552K), 2 survivors (2048K)
 Metaspace       used 48144K, committed 48960K, reserved 491520K
  class space    used 6627K, committed 6976K, reserved 425984K
}
Event: 47.007 GC heap after
{Heap after GC invocations=31 (full 0):
 garbage-first heap   total 256000K, used 64894K [0x0000000080000000, 0x0000000100000000)
  region size 1024K, 9 young (9216K), 9 survivors (9216K)
 Metaspace       used 48144K, committed 48960K, reserved 491520K
  class space    used 6627K, committed 6976K, reserved 425984K
}
Event: 47.013 GC heap before
{Heap before GC invocations=31 (full 0):
 garbage-first heap   total 256000K, used 66942K [0x0000000080000000, 0x0000000100000000)
  region size 1024K, 12 young (12288K), 9 survivors (9216K)
 Metaspace       used 48144K, committed 48960K, reserved 491520K
  class space    used 6627K, committed 6976K, reserved 425984K
}
Event: 47.017 GC heap after
{Heap after GC invocations=32 (full 0):
 garbage-first heap   total 256000K, used 64058K [0x0000000080000000, 0x0000000100000000)
  region size 1024K, 1 young (1024K), 1 survivors (1024K)
 Metaspace       used 48144K, committed 48960K, reserved 491520K
  class space    used 6627K, committed 6976K, reserved 425984K
}
Event: 47.271 GC heap before
{Heap before GC invocations=32 (full 0):
 garbage-first heap   total 256000K, used 204346K [0x0000000080000000, 0x0000000100000000)
  region size 1024K, 139 young (142336K), 1 survivors (1024K)
 Metaspace       used 48163K, committed 48960K, reserved 491520K
  class space    used 6627K, committed 6976K, reserved 425984K
}
Event: 47.274 GC heap after
{Heap after GC invocations=33 (full 0):
 garbage-first heap   total 256000K, used 69907K [0x0000000080000000, 0x0000000100000000)
  region size 1024K, 7 young (7168K), 7 survivors (7168K)
 Metaspace       used 48163K, committed 48960K, reserved 491520K
  class space    used 6627K, committed 6976K, reserved 425984K
}

Dll operation events (15 events):
Event: 0.043 Loaded shared library C:\Program Files\Microsoft\jdk-17.0.19.10-hotspot\bin\java.dll
Event: 0.057 Loaded shared library C:\Program Files\Microsoft\jdk-17.0.19.10-hotspot\bin\jsvml.dll
Event: 0.096 Loaded shared library C:\Program Files\Microsoft\jdk-17.0.19.10-hotspot\bin\zip.dll
Event: 0.098 Loaded shared library C:\Program Files\Microsoft\jdk-17.0.19.10-hotspot\bin\instrument.dll
Event: 0.101 Loaded shared library C:\Program Files\Microsoft\jdk-17.0.19.10-hotspot\bin\net.dll
Event: 0.103 Loaded shared library C:\Program Files\Microsoft\jdk-17.0.19.10-hotspot\bin\nio.dll
Event: 0.126 Loaded shared library C:\Program Files\Microsoft\jdk-17.0.19.10-hotspot\bin\zip.dll
Event: 0.249 Loaded shared library C:\Program Files\Microsoft\jdk-17.0.19.10-hotspot\bin\jimage.dll
Event: 0.501 Loaded shared library C:\Program Files\Microsoft\jdk-17.0.19.10-hotspot\bin\verify.dll
Event: 0.537 Loaded shared library E:\GradleCache\native\660c5614fbf4a5f2a75b1949f50a0caf5cd603558e7d8a26e50b933a0cfb79d1\windows-amd64\native-platform.dll
Event: 0.705 Loaded shared library E:\GradleCache\native\0.2.8\x86_64-windows-gnu\gradle-fileevents.dll
Event: 25.918 Loaded shared library C:\Program Files\Microsoft\jdk-17.0.19.10-hotspot\bin\management.dll
Event: 25.921 Loaded shared library C:\Program Files\Microsoft\jdk-17.0.19.10-hotspot\bin\management_ext.dll
Event: 26.222 Loaded shared library C:\Program Files\Microsoft\jdk-17.0.19.10-hotspot\bin\extnet.dll
Event: 26.719 Loaded shared library C:\Program Files\Microsoft\jdk-17.0.19.10-hotspot\bin\sunmscapi.dll

Deoptimization events (20 events):
Event: 47.277 Thread 0x000001c574b3ca90 DEOPT PACKING pc=0x000001c53de1ff13 sp=0x00000091a89f5c30
Event: 47.277 Thread 0x000001c574b3ca90 DEOPT UNPACKING pc=0x000001c544697143 sp=0x00000091a89f50a0 mode 0
Event: 47.278 Thread 0x000001c575db1880 DEOPT PACKING pc=0x000001c53de1ff13 sp=0x00000091aa4fdd80
Event: 47.278 Thread 0x000001c575db1880 DEOPT UNPACKING pc=0x000001c544697143 sp=0x00000091aa4fd1f0 mode 0
Event: 47.279 Thread 0x000001c575db27b0 DEOPT PACKING pc=0x000001c53de1ff13 sp=0x00000091aa7fd3e0
Event: 47.279 Thread 0x000001c575db27b0 DEOPT UNPACKING pc=0x000001c544697143 sp=0x00000091aa7fc850 mode 0
Event: 47.279 Thread 0x000001c575db0950 DEOPT PACKING pc=0x000001c53de1ff13 sp=0x00000091aa5fd970
Event: 47.279 Thread 0x000001c575db0950 DEOPT UNPACKING pc=0x000001c544697143 sp=0x00000091aa5fcde0 mode 0
Event: 47.280 Thread 0x000001c575db27b0 DEOPT PACKING pc=0x000001c53de1ff13 sp=0x00000091aa7fd510
Event: 47.280 Thread 0x000001c575db27b0 DEOPT UNPACKING pc=0x000001c544697143 sp=0x00000091aa7fc980 mode 0
Event: 47.281 Thread 0x000001c575db1880 DEOPT PACKING pc=0x000001c53de1ff13 sp=0x00000091aa4fdd80
Event: 47.281 Thread 0x000001c575db1880 DEOPT UNPACKING pc=0x000001c544697143 sp=0x00000091aa4fd1f0 mode 0
Event: 47.282 Thread 0x000001c574b3ca90 DEOPT PACKING pc=0x000001c53de1ff13 sp=0x00000091a89f5e30
Event: 47.282 Thread 0x000001c574b3ca90 DEOPT UNPACKING pc=0x000001c544697143 sp=0x00000091a89f52a0 mode 0
Event: 47.283 Thread 0x000001c575db0950 DEOPT PACKING pc=0x000001c53de1ff13 sp=0x00000091aa5fdd60
Event: 47.283 Thread 0x000001c575db0950 DEOPT UNPACKING pc=0x000001c544697143 sp=0x00000091aa5fd1d0 mode 0
Event: 47.284 Thread 0x000001c575db0950 DEOPT PACKING pc=0x000001c53de1ff13 sp=0x00000091aa5fdf70
Event: 47.284 Thread 0x000001c575db0950 DEOPT UNPACKING pc=0x000001c544697143 sp=0x00000091aa5fd3e0 mode 0
Event: 47.444 Thread 0x000001c575db6e90 DEOPT PACKING pc=0x000001c53d54c47c sp=0x00000091aa9fd9f0
Event: 47.444 Thread 0x000001c575db6e90 DEOPT UNPACKING pc=0x000001c544697143 sp=0x00000091aa9fcf70 mode 0

Classes loaded (20 events):
Event: 46.013 Loading class java/lang/invoke/BoundMethodHandle$Species_LLLLLLLLLLLLLLLLLLLLLLLLLLLL
Event: 46.013 Loading class java/lang/invoke/BoundMethodHandle$Species_LLLLLLLLLLLLLLLLLLLLLLLLLLLL done
Event: 46.116 Loading class java/nio/file/FileSystemLoopException
Event: 46.116 Loading class java/nio/file/FileSystemLoopException done
Event: 46.238 Loading class java/nio/charset/UnsupportedCharsetException
Event: 46.238 Loading class java/nio/charset/UnsupportedCharsetException done
Event: 46.240 Loading class java/util/Collections$UnmodifiableSortedMap
Event: 46.240 Loading class java/util/Collections$UnmodifiableSortedMap done
Event: 46.242 Loading class java/util/zip/Deflater
Event: 46.243 Loading class java/util/zip/Deflater done
Event: 46.244 Loading class java/util/zip/Deflater$DeflaterZStreamRef
Event: 46.244 Loading class java/util/zip/Deflater$DeflaterZStreamRef done
Event: 46.252 Loading class java/util/PriorityQueue
Event: 46.253 Loading class java/util/PriorityQueue done
Event: 46.263 Loading class sun/misc/Unsafe
Event: 46.264 Loading class sun/misc/Unsafe done
Event: 46.349 Loading class java/util/regex/Pattern$Caret
Event: 46.387 Loading class java/util/regex/Pattern$Caret done
Event: 46.497 Loading class java/nio/StringCharBuffer
Event: 46.497 Loading class java/nio/StringCharBuffer done

Classes unloaded (20 events):
Event: 46.554 Thread 0x000001c553a6e5a0 Unloading class 0x000001c555648000 'ReactNativeModules$_generateRncliCpp_closure14'
Event: 46.554 Thread 0x000001c553a6e5a0 Unloading class 0x000001c555647b58 'ReactNativeModules$_generateRncliCpp_closure13'
Event: 46.554 Thread 0x000001c553a6e5a0 Unloading class 0x000001c555647770 'ReactNativeModules$_generateRncliCpp_closure12$_closure21'
Event: 46.554 Thread 0x000001c553a6e5a0 Unloading class 0x000001c555647388 'ReactNativeModules$_generateRncliCpp_closure12'
Event: 46.554 Thread 0x000001c553a6e5a0 Unloading class 0x000001c555646fa0 'ReactNativeModules$_generateRncliCpp_closure11'
Event: 46.554 Thread 0x000001c553a6e5a0 Unloading class 0x000001c555646bb8 'ReactNativeModules$_generateRncliCpp_closure10'
Event: 46.554 Thread 0x000001c553a6e5a0 Unloading class 0x000001c5556467d0 'ReactNativeModules$_generateCmakeFile_closure9'
Event: 46.554 Thread 0x000001c553a6e5a0 Unloading class 0x000001c5556463e8 'ReactNativeModules$_generateCmakeFile_closure8'
Event: 46.554 Thread 0x000001c553a6e5a0 Unloading class 0x000001c555646000 'ReactNativeModules$_generateCmakeFile_closure7'
Event: 46.554 Thread 0x000001c553a6e5a0 Unloading class 0x000001c555645b58 'ReactNativeModules$_generatePackagesFile_closure6'
Event: 46.554 Thread 0x000001c553a6e5a0 Unloading class 0x000001c555645770 'ReactNativeModules$_generatePackagesFile_closure5'
Event: 46.554 Thread 0x000001c553a6e5a0 Unloading class 0x000001c555645388 'ReactNativeModules$_generatePackagesFile_closure4'
Event: 46.554 Thread 0x000001c553a6e5a0 Unloading class 0x000001c555644fa0 'ReactNativeModules$_generatePackagesFile_closure3$_closure20'
Event: 46.554 Thread 0x000001c553a6e5a0 Unloading class 0x000001c555644bb8 'ReactNativeModules$_generatePackagesFile_closure3'
Event: 46.554 Thread 0x000001c553a6e5a0 Unloading class 0x000001c5556447d0 'ReactNativeModules$_addReactNativeModuleDependencies_closure2$_closure18$_closure19'
Event: 46.554 Thread 0x000001c553a6e5a0 Unloading class 0x000001c5556443e8 'ReactNativeModules$_addReactNativeModuleDependencies_closure2$_closure18'
Event: 46.554 Thread 0x000001c553a6e5a0 Unloading class 0x000001c555644000 'ReactNativeModules$_addReactNativeModuleDependencies_closure2'
Event: 46.554 Thread 0x000001c553a6e5a0 Unloading class 0x000001c555639ab0 'ReactNativeModules$_addReactNativeModuleProjects_closure1'
Event: 46.554 Thread 0x000001c553a6e5a0 Unloading class 0x000001c555639800 'ReactNativeModules'
Event: 46.554 Thread 0x000001c553a6e5a0 Unloading class 0x000001c555639000 '_BuildScript_'

Classes redefined (0 events):
No events

Internal exceptions (20 events):
Event: 45.827 Thread 0x000001c574b3ca90 Exception <a 'java/lang/IncompatibleClassChangeError'{0x0000000084d27440}: Found class java.lang.Object, but interface was expected> (0x0000000084d27440) 
thrown [s\src\hotspot\share\interpreter\linkResolver.cpp, line 826]
Event: 45.832 Thread 0x000001c574b3ca90 Exception <a 'java/lang/ClassNotFoundException'{0x0000000084d716b0}: java/io/FileBeanInfo> (0x0000000084d716b0) 
thrown [s\src\hotspot\share\classfile\systemDictionary.cpp, line 256]
Event: 45.832 Thread 0x000001c574b3ca90 Exception <a 'java/lang/ClassNotFoundException'{0x0000000084d754c8}: java/io/FileCustomizer> (0x0000000084d754c8) 
thrown [s\src\hotspot\share\classfile\systemDictionary.cpp, line 256]
Event: 45.939 Thread 0x000001c574b3ca90 Exception <a 'sun/nio/fs/WindowsException'{0x0000000084a44388}> (0x0000000084a44388) 
thrown [s\src\hotspot\share\prims\jni.cpp, line 516]
Event: 45.939 Thread 0x000001c574b3ca90 Exception <a 'sun/nio/fs/WindowsException'{0x0000000084a45a48}> (0x0000000084a45a48) 
thrown [s\src\hotspot\share\prims\jni.cpp, line 516]
Event: 45.939 Thread 0x000001c574b3ca90 Exception <a 'sun/nio/fs/WindowsException'{0x0000000084a470f8}> (0x0000000084a470f8) 
thrown [s\src\hotspot\share\prims\jni.cpp, line 516]
Event: 45.939 Thread 0x000001c574b3ca90 Exception <a 'sun/nio/fs/WindowsException'{0x0000000084a48408}> (0x0000000084a48408) 
thrown [s\src\hotspot\share\prims\jni.cpp, line 516]
Event: 45.950 Thread 0x000001c574b3ca90 Exception <a 'java/lang/NoSuchMethodError'{0x0000000084903bd0}: 'java.lang.Object java.lang.invoke.Invokers$Holder.invoker(java.lang.Object, java.lang.Object, java.lang.Object, java.lang.Object, java.lang.Object, java.lang.Object)'> (0x0000000084903bd0) 
thrown [s\src\hotspot\share\interpreter\linkResolver.cpp, line 759]
Event: 46.000 Thread 0x000001c574b3ca90 Exception <a 'java/lang/NoSuchMethodError'{0x0000000084609db0}: 'java.lang.Object java.lang.invoke.DelegatingMethodHandle$Holder.reinvoke_L(java.lang.Object, java.lang.Object, java.lang.Object, java.lang.Object, java.lang.Object, java.lang.Object, java.lang.Object, java.lang.Object, java.lang.Object, java.lang.Object, java.lang.Object, java.lang.Object, java.lang.Object, java.lang.Object, java.lang.Object, java.lang.Object, java.lang.Object, java.lang.Object, java.lang.Object, java.lang.Object, java.lang.O
Event: 46.001 Thread 0x000001c574b3ca90 Exception <a 'java/lang/NoSuchMethodError'{0x0000000084616a10}: 'java.lang.Object java.lang.invoke.Invokers$Holder.invoker(java.lang.Object, java.lang.Object, java.lang.Object, java.lang.Object, java.lang.Object, java.lang.Object, java.lang.Object, java.lang.Object, java.lang.Object, java.lang.Object, java.lang.Object, java.lang.Object, java.lang.Object, java.lang.Object, java.lang.Object, java.lang.Object, java.lang.Object, java.lang.Object, java.lang.Object, java.lang.Object, java.lang.Object, java.lang.
Event: 46.001 Thread 0x000001c574b3ca90 Exception <a 'java/lang/NoSuchMethodError'{0x000000008461dc38}: 'java.lang.Object java.lang.invoke.DelegatingMethodHandle$Holder.delegate(java.lang.Object, java.lang.Object, java.lang.Object, java.lang.Object, java.lang.Object, java.lang.Object, java.lang.Object, java.lang.Object, java.lang.Object, java.lang.Object, java.lang.Object, java.lang.Object, java.lang.Object, java.lang.Object, java.lang.Object, java.lang.Object, java.lang.Object, java.lang.Object, java.lang.Object, java.lang.Object, java.lang.Obj
Event: 46.009 Thread 0x000001c574b3ca90 Exception <a 'java/lang/NoSuchMethodError'{0x00000000846fc578}: 'java.lang.Object java.lang.invoke.DirectMethodHandle$Holder.invokeStatic(java.lang.Object, java.lang.Object, java.lang.Object, java.lang.Object, java.lang.Object, java.lang.Object, java.lang.Object, java.lang.Object, java.lang.Object, java.lang.Object, java.lang.Object, java.lang.Object, java.lang.Object, java.lang.Object, java.lang.Object, java.lang.Object, java.lang.Object, java.lang.Object, java.lang.Object, java.lang.Object, java.lang.Obj
Event: 46.011 Thread 0x000001c574b3ca90 Exception <a 'java/lang/NoSuchMethodError'{0x0000000084532298}: 'java.lang.Object java.lang.invoke.DirectMethodHandle$Holder.invokeStatic(java.lang.Object, java.lang.Object, java.lang.Object, java.lang.Object, java.lang.Object, java.lang.Object, java.lang.Object, java.lang.Object, java.lang.Object, java.lang.Object, java.lang.Object, java.lang.Object, java.lang.Object, java.lang.Object, java.lang.Object, java.lang.Object, java.lang.Object, java.lang.Object, java.lang.Object, java.lang.Object, java.lang.Obj
Event: 46.012 Thread 0x000001c574b3ca90 Exception <a 'java/lang/NoSuchMethodError'{0x0000000084569500}: 'java.lang.Object java.lang.invoke.DirectMethodHandle$Holder.invokeStatic(java.lang.Object, java.lang.Object, java.lang.Object, java.lang.Object, java.lang.Object, java.lang.Object, java.lang.Object, java.lang.Object, java.lang.Object, java.lang.Object, java.lang.Object, java.lang.Object, java.lang.Object, java.lang.Object, java.lang.Object, java.lang.Object, java.lang.Object, java.lang.Object, java.lang.Object, java.lang.Object, java.lang.Obj
Event: 46.014 Thread 0x000001c574b3ca90 Exception <a 'java/lang/NoSuchMethodError'{0x00000000845a3160}: 'java.lang.Object java.lang.invoke.DirectMethodHandle$Holder.invokeStatic(java.lang.Object, java.lang.Object, java.lang.Object, java.lang.Object, java.lang.Object, java.lang.Object, java.lang.Object, java.lang.Object, java.lang.Object, java.lang.Object, java.lang.Object, java.lang.Object, java.lang.Object, java.lang.Object, java.lang.Object, java.lang.Object, java.lang.Object, java.lang.Object, java.lang.Object, java.lang.Object, java.lang.Obj
Event: 46.088 Thread 0x000001c574b3ca90 Exception <a 'java/lang/NoSuchMethodError'{0x0000000084362440}: 'java.lang.Object java.lang.invoke.DirectMethodHandle$Holder.newInvokeSpecial(java.lang.Object, java.lang.Object, java.lang.Object, java.lang.Object, java.lang.Object, java.lang.Object, int)'> (0x0000000084362440) 
thrown [s\src\hotspot\share\interpreter\linkResolver.cpp, line 759]
Event: 46.088 Thread 0x000001c574b3ca90 Exception <a 'java/lang/NoSuchMethodError'{0x0000000084367888}: 'java.lang.Object java.lang.invoke.DirectMethodHandle$Holder.invokeSpecial(java.lang.Object, java.lang.Object, java.lang.Object, java.lang.Object, java.lang.Object, java.lang.Object, java.lang.Object, int)'> (0x0000000084367888) 
thrown [s\src\hotspot\share\interpreter\linkResolver.cpp, line 759]
Event: 46.088 Thread 0x000001c574b3ca90 Exception <a 'java/lang/NoSuchMethodError'{0x000000008436c518}: 'java.lang.Object java.lang.invoke.Invokers$Holder.linkToTargetMethod(java.lang.Object, java.lang.Object, java.lang.Object, java.lang.Object, java.lang.Object, int, java.lang.Object)'> (0x000000008436c518) 
thrown [s\src\hotspot\share\interpreter\linkResolver.cpp, line 759]
Event: 46.223 Thread 0x000001c574b3ca90 Exception <a 'sun/nio/fs/WindowsException'{0x0000000085a11038}> (0x0000000085a11038) 
thrown [s\src\hotspot\share\prims\jni.cpp, line 516]
Event: 46.223 Thread 0x000001c574b3ca90 Exception <a 'sun/nio/fs/WindowsException'{0x0000000085a12870}> (0x0000000085a12870) 
thrown [s\src\hotspot\share\prims\jni.cpp, line 516]

VM Operations (20 events):
Event: 46.624 Executing VM operation: G1CollectForAllocation
Event: 46.627 Executing VM operation: G1CollectForAllocation done
Event: 46.628 Executing VM operation: G1CollectForAllocation
Event: 46.628 Executing VM operation: G1CollectForAllocation done
Event: 46.628 Executing VM operation: G1CollectForAllocation
Event: 46.628 Executing VM operation: G1CollectForAllocation done
Event: 46.629 Executing VM operation: G1CollectForAllocation
Event: 46.632 Executing VM operation: G1CollectForAllocation done
Event: 46.682 Executing VM operation: G1CollectForAllocation
Event: 46.686 Executing VM operation: G1CollectForAllocation done
Event: 46.777 Executing VM operation: G1PauseRemark
Event: 46.783 Executing VM operation: G1PauseRemark done
Event: 46.822 Executing VM operation: G1PauseCleanup
Event: 46.822 Executing VM operation: G1PauseCleanup done
Event: 47.002 Executing VM operation: G1CollectForAllocation
Event: 47.007 Executing VM operation: G1CollectForAllocation done
Event: 47.012 Executing VM operation: G1CollectForAllocation
Event: 47.017 Executing VM operation: G1CollectForAllocation done
Event: 47.270 Executing VM operation: G1CollectForAllocation
Event: 47.274 Executing VM operation: G1CollectForAllocation done

Memory protections (0 events):
No events

Nmethod flushes (20 events):
Event: 34.848 Thread 0x000001c553aa6d40 flushing  nmethod 0x000001c53db3c510
Event: 34.848 Thread 0x000001c553aa6d40 flushing  nmethod 0x000001c53db3d490
Event: 34.848 Thread 0x000001c553aa6d40 flushing  nmethod 0x000001c53db41e10
Event: 34.848 Thread 0x000001c553aa6d40 flushing  nmethod 0x000001c53db42c90
Event: 34.848 Thread 0x000001c553aa6d40 flushing  nmethod 0x000001c53db52890
Event: 34.848 Thread 0x000001c553aa6d40 flushing  nmethod 0x000001c53db65990
Event: 34.848 Thread 0x000001c553aa6d40 flushing  nmethod 0x000001c53dba0b90
Event: 34.848 Thread 0x000001c553aa6d40 flushing  nmethod 0x000001c53dbb7610
Event: 34.848 Thread 0x000001c553aa6d40 flushing  nmethod 0x000001c53dbb7990
Event: 34.848 Thread 0x000001c553aa6d40 flushing  nmethod 0x000001c53dbba590
Event: 34.848 Thread 0x000001c553aa6d40 flushing  nmethod 0x000001c53dbbaa10
Event: 34.848 Thread 0x000001c553aa6d40 flushing  nmethod 0x000001c53dbbb110
Event: 34.848 Thread 0x000001c553aa6d40 flushing  nmethod 0x000001c53dbbd090
Event: 34.848 Thread 0x000001c553aa6d40 flushing  nmethod 0x000001c53dbbdb90
Event: 34.848 Thread 0x000001c553aa6d40 flushing  nmethod 0x000001c53dbbe690
Event: 34.848 Thread 0x000001c553aa6d40 flushing  nmethod 0x000001c53dbc2990
Event: 34.848 Thread 0x000001c553aa6d40 flushing  nmethod 0x000001c53dbc3c90
Event: 34.848 Thread 0x000001c553aa6d40 flushing  nmethod 0x000001c53dbc4790
Event: 34.848 Thread 0x000001c553aa6d40 flushing  nmethod 0x000001c53dbc4b10
Event: 34.848 Thread 0x000001c553aa6d40 flushing  nmethod 0x000001c53dbc7190

Events (20 events):
Event: 28.846 Thread 0x000001c574b3ca90 Thread added: 0x000001c5762a4db0
Event: 29.197 Thread 0x000001c574b3ca90 Thread added: 0x000001c5762a5ce0
Event: 29.204 Thread 0x000001c574b3ca90 Thread added: 0x000001c5762a3e80
Event: 29.367 Thread 0x000001c574b3ca90 Thread added: 0x000001c5762a4390
Event: 29.445 Thread 0x000001c574b3ca90 Thread added: 0x000001c5762a3970
Event: 29.814 Thread 0x000001c574b3ca90 Thread added: 0x000001c5762a61f0
Event: 30.032 Thread 0x000001c574b3ca90 Thread added: 0x000001c5762a2f50
Event: 32.390 Thread 0x000001c574b3ca90 Thread added: 0x000001c5762a3460
Event: 33.635 Thread 0x000001c574b3ca90 Thread added: 0x000001c575db31d0
Event: 34.705 Thread 0x000001c574b3ca90 Thread added: 0x000001c575db1370
Event: 35.447 Thread 0x000001c574b3ca90 Thread added: 0x000001c575db22a0
Event: 45.907 Thread 0x000001c574b3ca90 Thread added: 0x000001c575db3bf0
Event: 46.269 Thread 0x000001c574b3ca90 Thread added: 0x000001c575db0e60
Event: 46.276 Thread 0x000001c574b3ca90 Thread added: 0x000001c575db2cc0
Event: 46.276 Thread 0x000001c574b3ca90 Thread added: 0x000001c575db1880
Event: 46.277 Thread 0x000001c574b3ca90 Thread added: 0x000001c575db0950
Event: 46.277 Thread 0x000001c574b3ca90 Thread added: 0x000001c575db4610
Event: 46.277 Thread 0x000001c574b3ca90 Thread added: 0x000001c575db27b0
Event: 46.278 Thread 0x000001c574b3ca90 Thread added: 0x000001c575db5030
Event: 46.278 Thread 0x000001c574b3ca90 Thread added: 0x000001c575db6e90


Dynamic libraries:
0x00007ff728020000 - 0x00007ff72802e000 	C:\Program Files\Microsoft\jdk-17.0.19.10-hotspot\bin\java.exe
0x00007ffbdf140000 - 0x00007ffbdf3a6000 	C:\WINDOWS\SYSTEM32\ntdll.dll
0x00007ffbdd970000 - 0x00007ffbdda39000 	C:\WINDOWS\System32\KERNEL32.DLL
0x00007ffbdc900000 - 0x00007ffbdccfe000 	C:\WINDOWS\System32\KERNELBASE.dll
0x00007ffbdcd10000 - 0x00007ffbdce5c000 	C:\WINDOWS\System32\ucrtbase.dll
0x00007ffbb7ba0000 - 0x00007ffbb7bb8000 	C:\Program Files\Microsoft\jdk-17.0.19.10-hotspot\bin\jli.dll
0x00007ffbb7700000 - 0x00007ffbb771e000 	C:\Program Files\Microsoft\jdk-17.0.19.10-hotspot\bin\VCRUNTIME140.dll
0x00007ffbde5f0000 - 0x00007ffbde7b7000 	C:\WINDOWS\System32\USER32.dll
0x00007ffbbebb0000 - 0x00007ffbbee42000 	C:\WINDOWS\WinSxS\amd64_microsoft.windows.common-controls_6595b64144ccf1df_6.0.26100.8875_none_3e0d5d42e32fe9dd\COMCTL32.dll
0x00007ffbdc8d0000 - 0x00007ffbdc8f7000 	C:\WINDOWS\System32\win32u.dll
0x00007ffbde330000 - 0x00007ffbde3d9000 	C:\WINDOWS\System32\msvcrt.dll
0x00007ffbde1f0000 - 0x00007ffbde21b000 	C:\WINDOWS\System32\GDI32.dll
0x00007ffbdc420000 - 0x00007ffbdc54a000 	C:\WINDOWS\System32\gdi32full.dll
0x00007ffbdc790000 - 0x00007ffbdc833000 	C:\WINDOWS\System32\msvcp_win.dll
0x00007ffbdd930000 - 0x00007ffbdd962000 	C:\WINDOWS\System32\IMM32.DLL
0x00007ffbbbf60000 - 0x00007ffbbbf6c000 	C:\Program Files\Microsoft\jdk-17.0.19.10-hotspot\bin\vcruntime140_1.dll
0x00007ffb92330000 - 0x00007ffb923b9000 	C:\Program Files\Microsoft\jdk-17.0.19.10-hotspot\bin\msvcp140.dll
0x00007ffb259c0000 - 0x00007ffb2663b000 	C:\Program Files\Microsoft\jdk-17.0.19.10-hotspot\bin\server\jvm.dll
0x00007ffbde270000 - 0x00007ffbde327000 	C:\WINDOWS\System32\ADVAPI32.dll
0x00007ffbdd710000 - 0x00007ffbdd7ba000 	C:\WINDOWS\System32\sechost.dll
0x00007ffbdd4c0000 - 0x00007ffbdd5d8000 	C:\WINDOWS\System32\RPCRT4.dll
0x00007ffbdeb80000 - 0x00007ffbdec00000 	C:\WINDOWS\System32\WS2_32.dll
0x00007ffbdc1e0000 - 0x00007ffbdc23e000 	C:\WINDOWS\SYSTEM32\POWRPROF.dll
0x00007ffbc0f60000 - 0x00007ffbc0f96000 	C:\WINDOWS\SYSTEM32\WINMM.dll
0x00007ffbd4850000 - 0x00007ffbd485b000 	C:\WINDOWS\SYSTEM32\VERSION.dll
0x00007ffbdc1c0000 - 0x00007ffbdc1d4000 	C:\WINDOWS\SYSTEM32\UMPDC.dll
0x00007ffbdb000000 - 0x00007ffbdb01b000 	C:\WINDOWS\SYSTEM32\kernel.appcore.dll
0x00007ffbbb050000 - 0x00007ffbbb05a000 	C:\Program Files\Microsoft\jdk-17.0.19.10-hotspot\bin\jimage.dll
0x00007ffbd9a00000 - 0x00007ffbd9c42000 	C:\WINDOWS\SYSTEM32\DBGHELP.DLL
0x00007ffbdecb0000 - 0x00007ffbdf033000 	C:\WINDOWS\System32\combase.dll
0x00007ffbdeaa0000 - 0x00007ffbdeb79000 	C:\WINDOWS\System32\OLEAUT32.dll
0x00007ffbd6870000 - 0x00007ffbd68ab000 	C:\WINDOWS\SYSTEM32\dbgcore.DLL
0x00007ffbdc360000 - 0x00007ffbdc40c000 	C:\WINDOWS\System32\bcryptPrimitives.dll
0x00007ffbb8dd0000 - 0x00007ffbb8ddf000 	C:\Program Files\Microsoft\jdk-17.0.19.10-hotspot\bin\instrument.dll
0x00007ffbb4bc0000 - 0x00007ffbb4be6000 	C:\Program Files\Microsoft\jdk-17.0.19.10-hotspot\bin\java.dll
0x00007ffb50e40000 - 0x00007ffb50f16000 	C:\Program Files\Microsoft\jdk-17.0.19.10-hotspot\bin\jsvml.dll
0x00007ffbdda50000 - 0x00007ffbde1e2000 	C:\WINDOWS\System32\SHELL32.dll
0x00007ffbd9de0000 - 0x00007ffbda672000 	C:\WINDOWS\SYSTEM32\windows.storage.dll
0x00007ffbdd330000 - 0x00007ffbdd427000 	C:\WINDOWS\System32\SHCORE.dll
0x00007ffbde3e0000 - 0x00007ffbde447000 	C:\WINDOWS\System32\shlwapi.dll
0x00007ffbdc280000 - 0x00007ffbdc2a9000 	C:\WINDOWS\SYSTEM32\profapi.dll
0x00007ffba0d70000 - 0x00007ffba0d88000 	C:\Program Files\Microsoft\jdk-17.0.19.10-hotspot\bin\zip.dll
0x00007ffbb4760000 - 0x00007ffbb477b000 	C:\Program Files\Microsoft\jdk-17.0.19.10-hotspot\bin\net.dll
0x00007ffbd3700000 - 0x00007ffbd3827000 	C:\WINDOWS\SYSTEM32\WINHTTP.dll
0x00007ffbdb590000 - 0x00007ffbdb5fc000 	C:\WINDOWS\system32\mswsock.dll
0x00007ffba22a0000 - 0x00007ffba22b6000 	C:\Program Files\Microsoft\jdk-17.0.19.10-hotspot\bin\nio.dll
0x00007ffbb9de0000 - 0x00007ffbb9df0000 	C:\Program Files\Microsoft\jdk-17.0.19.10-hotspot\bin\verify.dll
0x00007ffba2420000 - 0x00007ffba2447000 	E:\GradleCache\native\660c5614fbf4a5f2a75b1949f50a0caf5cd603558e7d8a26e50b933a0cfb79d1\windows-amd64\native-platform.dll
0x00007ffb6ade0000 - 0x00007ffb6ae57000 	E:\GradleCache\native\0.2.8\x86_64-windows-gnu\gradle-fileevents.dll
0x00007ffbbc650000 - 0x00007ffbbc65a000 	C:\Program Files\Microsoft\jdk-17.0.19.10-hotspot\bin\management.dll
0x00007ffbba320000 - 0x00007ffbba32c000 	C:\Program Files\Microsoft\jdk-17.0.19.10-hotspot\bin\management_ext.dll
0x00007ffbdce90000 - 0x00007ffbdce98000 	C:\WINDOWS\System32\PSAPI.DLL
0x00007ffbda9b0000 - 0x00007ffbda9e3000 	C:\WINDOWS\SYSTEM32\IPHLPAPI.DLL
0x00007ffbdda40000 - 0x00007ffbdda4a000 	C:\WINDOWS\System32\NSI.dll
0x00007ffbd67d0000 - 0x00007ffbd67ed000 	C:\WINDOWS\SYSTEM32\dhcpcsvc6.DLL
0x00007ffbd2dd0000 - 0x00007ffbd2df5000 	C:\WINDOWS\SYSTEM32\dhcpcsvc.DLL
0x00007ffbda9f0000 - 0x00007ffbdab46000 	C:\WINDOWS\SYSTEM32\DNSAPI.dll
0x00007ffbdb3b0000 - 0x00007ffbdb3bd000 	C:\WINDOWS\SYSTEM32\DSPARSE.dll
0x00007ffbba530000 - 0x00007ffbba539000 	C:\Program Files\Microsoft\jdk-17.0.19.10-hotspot\bin\extnet.dll
0x00007ffbdb9c0000 - 0x00007ffbdb9db000 	C:\WINDOWS\SYSTEM32\CRYPTSP.dll
0x00007ffbdaf60000 - 0x00007ffbdaf99000 	C:\WINDOWS\system32\rsaenh.dll
0x00007ffbdb650000 - 0x00007ffbdb682000 	C:\WINDOWS\SYSTEM32\USERENV.dll
0x00007ffbdc250000 - 0x00007ffbdc27a000 	C:\WINDOWS\SYSTEM32\bcrypt.dll
0x00007ffbdb800000 - 0x00007ffbdb80c000 	C:\WINDOWS\SYSTEM32\CRYPTBASE.dll
0x00007ffbbb020000 - 0x00007ffbbb02e000 	C:\Program Files\Microsoft\jdk-17.0.19.10-hotspot\bin\sunmscapi.dll
0x00007ffbdc550000 - 0x00007ffbdc6c8000 	C:\WINDOWS\System32\CRYPT32.dll
0x00007ffbdbb30000 - 0x00007ffbdbb60000 	C:\WINDOWS\SYSTEM32\ncrypt.dll
0x00007ffbdbae0000 - 0x00007ffbdbb1f000 	C:\WINDOWS\SYSTEM32\NTASN1.dll
0x00007ffbd4db0000 - 0x00007ffbd4db8000 	C:\WINDOWS\system32\wshunix.dll

dbghelp: loaded successfully - version: 4.0.5 - missing functions: none
symbol engine: initialized successfully - sym options: 0x614 - pdb path: .;C:\Program Files\Microsoft\jdk-17.0.19.10-hotspot\bin;C:\WINDOWS\SYSTEM32;C:\WINDOWS\WinSxS\amd64_microsoft.windows.common-controls_6595b64144ccf1df_6.0.26100.8875_none_3e0d5d42e32fe9dd;C:\Program Files\Microsoft\jdk-17.0.19.10-hotspot\bin\server;E:\GradleCache\native\660c5614fbf4a5f2a75b1949f50a0caf5cd603558e7d8a26e50b933a0cfb79d1\windows-amd64;E:\GradleCache\native\0.2.8\x86_64-windows-gnu

VM Arguments:
jvm_args: --add-opens=java.base/java.lang=ALL-UNNAMED --add-opens=java.base/java.lang.invoke=ALL-UNNAMED --add-opens=java.base/java.util=ALL-UNNAMED --add-opens=java.prefs/java.util.prefs=ALL-UNNAMED --add-exports=jdk.compiler/com.sun.tools.javac.api=ALL-UNNAMED --add-exports=jdk.compiler/com.sun.tools.javac.util=ALL-UNNAMED --add-opens=java.base/java.nio.charset=ALL-UNNAMED --add-opens=java.base/java.net=ALL-UNNAMED --add-opens=java.base/java.util.concurrent=ALL-UNNAMED --add-opens=java.base/java.util.concurrent.atomic=ALL-UNNAMED --add-opens=java.xml/javax.xml.namespace=ALL-UNNAMED --add-opens=java.base/java.time=ALL-UNNAMED -XX:MaxMetaspaceSize=512m -Xmx2048m -Dfile.encoding=windows-1252 -Duser.country=US -Duser.language=en -Duser.variant -javaagent:E:\GradleCache\wrapper\dists\gradle-9.6.1-all\4xnwe4ed5w7qqynisxnnvegss\gradle-9.6.1\lib\agents\gradle-instrumentation-agent-9.6.1.jar 
java_command: org.gradle.launcher.daemon.bootstrap.GradleDaemon 9.6.1
java_class_path (initial): E:\GradleCache\wrapper\dists\gradle-9.6.1-all\4xnwe4ed5w7qqynisxnnvegss\gradle-9.6.1\lib\gradle-daemon-main-9.6.1.jar
Launcher Type: SUN_STANDARD

[Global flags]
     intx CICompilerCount                          = 4                                         {product} {ergonomic}
   size_t CompressedClassSpaceSize                 = 436207616                                 {product} {ergonomic}
     uint ConcGCThreads                            = 2                                         {product} {ergonomic}
     uint G1ConcRefinementThreads                  = 8                                         {product} {ergonomic}
   size_t G1HeapRegionSize                         = 1048576                                   {product} {ergonomic}
    uintx GCDrainStackTargetSize                   = 64                                        {product} {ergonomic}
   size_t InitialHeapSize                          = 132120576                                 {product} {ergonomic}
   size_t MarkStackSize                            = 4194304                                   {product} {ergonomic}
   size_t MaxHeapSize                              = 2147483648                                {product} {command line}
   size_t MaxMetaspaceSize                         = 536870912                                 {product} {command line}
   size_t MaxNewSize                               = 1287651328                                {product} {ergonomic}
   size_t MinHeapDeltaBytes                        = 1048576                                   {product} {ergonomic}
   size_t MinHeapSize                              = 8388608                                   {product} {ergonomic}
    uintx NonNMethodCodeHeapSize                   = 5839372                                {pd product} {ergonomic}
    uintx NonProfiledCodeHeapSize                  = 122909434                              {pd product} {ergonomic}
    uintx ProfiledCodeHeapSize                     = 122909434                              {pd product} {ergonomic}
    uintx ReservedCodeCacheSize                    = 251658240                              {pd product} {ergonomic}
     bool SegmentedCodeCache                       = true                                      {product} {ergonomic}
   size_t SoftMaxHeapSize                          = 2147483648                             {manageable} {ergonomic}
     bool UseCompressedClassPointers               = true                           {product lp64_product} {ergonomic}
     bool UseCompressedOops                        = true                           {product lp64_product} {ergonomic}
     bool UseG1GC                                  = true                                      {product} {ergonomic}
     bool UseLargePagesIndividualAllocation        = false                                  {pd product} {ergonomic}

Logging:
Log output configuration:
 #0: stdout all=warning uptime,level,tags
 #1: stderr all=off uptime,level,tags

Environment Variables:
JAVA_HOME=C:\Program Files\Microsoft\jdk-17.0.19.10-hotspot\
CLASSPATH=E:\travel-web\Mobile\android\\gradle\wrapper\gradle-wrapper.jar
PATH=E:\travel-web\Mobile\node_modules\.bin;E:\travel-web\Mobile\node_modules\.bin;E:\travel-web\node_modules\.bin;E:\node_modules\.bin;C:\Program Files\nodejs\node_modules\npm\node_modules\@npmcli\run-script\lib\node-gyp-bin;E:\travel-web\Mobile\node_modules\.bin;E:\travel-web\node_modules\.bin;E:\node_modules\.bin;C:\Program Files\nodejs\node_modules\npm\node_modules\@npmcli\run-script\lib\node-gyp-bin;C:\Program Files\Microsoft\jdk-17.0.19.10-hotspot\bin;C:\Oracle\dbhomeXE\bin;C:\Program Files\Common Files\Oracle\Java\javapath;C:\Program Files (x86)\Common Files\Oracle\Java\javapath;C:\WINDOWS\system32;C:\WINDOWS;C:\WINDOWS\System32\Wbem;C:\WINDOWS\System32\WindowsPowerShell\v1.0\;C:\WINDOWS\System32\OpenSSH\;C:\Program Files\MySQL\MySQL Server 8.0\bin;C:\Program Files\nodejs\;C:\Program Files\Java\jdk-25\bin;C:\Program Files (x86)\Microsoft SQL Server\170\Tools\Binn\;C:\Program Files\Microsoft SQL Server\170\Tools\Binn\;C:\Program Files\Microsoft SQL Server\Client SDK\ODBC\180\Tools\Binn\;C:\Program Files\Microsoft SQL Server\170\DTS\Binn\;C:\Program Files\Git\cmd;E:\Android\cmdline-tools\latest\bin;E:\Android\platform-tools;E:\Android\gradle-8.6\gradle-8.6\bin;C:\Program Files\Microsoft\jdk-17.0.19.10-hotspot\bin;C:\Oracle\dbhomeXE\bin;C:\Program Files\Common Files\Oracle\Java\javapath;C:\Program Files (x86)\Common Files\Oracle\Java\javapath;C:\WINDOWS\system32;C:\WINDOWS;C:\WINDOWS\System32\Wbem;C:\WINDOWS\System32\WindowsPowerShell\v1.0\;C:\WINDOWS\System32\OpenSSH\;C:\Program Files\MySQL\MySQL Server 8.0\bin;C:\Program Files\nodejs\;C:\Program Files\Java\jdk-25\bin;C:\Program Files (x86)\Microsoft SQL Server\170\Tools\Binn\;C:\Program Files\Microsoft SQL Server\170\Tools\Binn\;C:\Program Files\Microsoft SQL Server\Client SDK\ODBC\180\Tools\Binn\;C:\Program Files\Microsoft SQL Server\170\DTS\Binn\;C:\Program Files\Git\cmd;E:\Android\cmdline-tools\latest\bin;E:\Android\platform-tools;C:\Users\Hp\AppData\Local\Programs\Python\Launcher\;C:\Users\Hp\AppData\Local\Microsoft\WindowsApps;C:\Users\Hp\AppData\Local\Programs\Microsoft VS Code\bin;C:\Users\Hp\AppData\Roaming\npm;C:\Users\Hp\AppData\Roaming\Microsoft\Windows\Start Menu\Programs\Python 3.13;C:\Users\Hp\AppDat
USERNAME=Hp
OS=Windows_NT
PROCESSOR_IDENTIFIER=Intel64 Family 6 Model 142 Stepping 12, GenuineIntel
TMP=C:\Users\Hp\AppData\Local\Temp
TEMP=C:\Users\Hp\AppData\Local\Temp



Periodic native trim disabled


---------------  S Y S T E M  ---------------

OS:
 Windows 11 , 64 bit Build 26100 (10.0.26100.8875)
OS uptime: 1 days 1:29 hours
Hyper-V role detected

CPU: total 8 (initial active 8) (4 cores per cpu, 2 threads per core) family 6 model 142 stepping 12 microcode 0xfa, cx8, cmov, fxsr, ht, mmx, 3dnowpref, sse, sse2, sse3, ssse3, sse4.1, sse4.2, popcnt, lzcnt, tsc, tscinvbit, avx, avx2, aes, erms, clmul, bmi1, bmi2, adx, fma, vzeroupper, clflush, clflushopt, hv
Processor Information for the first 8 processors :
  Max Mhz: 1800, Current Mhz: 1600, Mhz Limit: 1584

Memory: 4k page, system-wide physical 7998M (89M free)
TotalPageFile size 17019M (AvailPageFile size 10M)
current process WorkingSet (physical memory assigned to process): 423M, peak: 424M
current process commit charge ("private bytes"): 469M, peak: 470M

vm_info: OpenJDK 64-Bit Server VM (17.0.19+10-LTS) for windows-amd64 JRE (17.0.19+10-LTS), built on Apr 18 2026 18:24:40 by "MicrosoftCorporation" with MS VC++ 17.14 (VS2022)

END.
