#
# There is insufficient memory for the Java Runtime Environment to continue.
# Native memory allocation (mmap) failed to map 311427072 bytes. Error detail: G1 virtual space
# Possible reasons:
#   The system is out of physical RAM or swap space
#   This process is running with CompressedOops enabled, and the Java Heap may be blocking the growth of the native heap
# Possible solutions:
#   Reduce memory load on the system
#   Increase physical memory or swap space
#   Check if swap backing store is full
#   Decrease Java heap size (-Xmx/-Xms)
#   Decrease number of Java threads
#   Decrease Java thread stack sizes (-Xss)
#   Set larger code cache with -XX:ReservedCodeCacheSize=
#   JVM is running with Unscaled Compressed Oops mode in which the Java heap is
#     placed in the first 4GB address space. The Java Heap base address is the
#     maximum limit for the native heap growth. Please use -XX:HeapBaseMinAddress
#     to set the Java Heap base and to place the Java Heap above 4GB virtual address.
# This output file may be truncated or incomplete.
#
#  Out of Memory Error (os_windows.cpp:3690), pid=27100, tid=3900
#
# JRE version: OpenJDK Runtime Environment Microsoft-13877129 (17.0.19+10) (build 17.0.19+10-LTS)
# Java VM: OpenJDK 64-Bit Server VM Microsoft-13877129 (17.0.19+10-LTS, mixed mode, sharing, tiered, compressed oops, compressed class ptrs, g1 gc, windows-amd64)
# No core dump will be written. Minidumps are not enabled by default on client versions of Windows
#

---------------  S U M M A R Y ------------

Command Line: --add-opens=java.base/java.lang=ALL-UNNAMED --add-opens=java.base/java.lang.invoke=ALL-UNNAMED --add-opens=java.base/java.util=ALL-UNNAMED --add-opens=java.prefs/java.util.prefs=ALL-UNNAMED --add-exports=jdk.compiler/com.sun.tools.javac.api=ALL-UNNAMED --add-exports=jdk.compiler/com.sun.tools.javac.util=ALL-UNNAMED --add-opens=java.base/java.nio.charset=ALL-UNNAMED --add-opens=java.base/java.net=ALL-UNNAMED --add-opens=java.base/java.util.concurrent=ALL-UNNAMED --add-opens=java.base/java.util.concurrent.atomic=ALL-UNNAMED --add-opens=java.xml/javax.xml.namespace=ALL-UNNAMED --add-opens=java.base/java.time=ALL-UNNAMED -XX:MaxMetaspaceSize=512m -Xmx2048m -Dfile.encoding=windows-1252 -Duser.country=US -Duser.language=en -Duser.variant -javaagent:E:\GradleCache\wrapper\dists\gradle-9.6.1-all\4xnwe4ed5w7qqynisxnnvegss\gradle-9.6.1\lib\agents\gradle-instrumentation-agent-9.6.1.jar org.gradle.launcher.daemon.bootstrap.GradleDaemon 9.6.1

Host: Intel(R) Core(TM) i5-8265U CPU @ 1.60GHz, 8 cores, 7G,  Windows 11 , 64 bit Build 26100 (10.0.26100.8875)
Time: Sun Jul 19 10:20:45 2026 Pacific Daylight Time elapsed time: 82.575135 seconds (0d 0h 1m 22s)

---------------  T H R E A D  ---------------

Current thread (0x0000021566748430):  VMThread "VM Thread" [stack: 0x0000003acd100000,0x0000003acd200000] [id=3900]

Stack: [0x0000003acd100000,0x0000003acd200000]
Native frames: (J=compiled Java code, j=interpreted, Vv=VM code, C=native code)
V  [jvm.dll+0x68cc89]  (no source info available)
V  [jvm.dll+0x845d89]  (no source info available)
V  [jvm.dll+0x847af8]  (no source info available)
V  [jvm.dll+0x848183]  (no source info available)
V  [jvm.dll+0x24d0bf]  (no source info available)
V  [jvm.dll+0x68c089]  (no source info available)
V  [jvm.dll+0x68064a]  (no source info available)
V  [jvm.dll+0x3102f0]  (no source info available)
V  [jvm.dll+0x310192]  (no source info available)
V  [jvm.dll+0x317709]  (no source info available)
V  [jvm.dll+0x369b09]  (no source info available)
V  [jvm.dll+0x369d3d]  (no source info available)
V  [jvm.dll+0x2e6afa]  (no source info available)
V  [jvm.dll+0x2e4ef1]  (no source info available)
V  [jvm.dll+0x2e468c]  (no source info available)
V  [jvm.dll+0x32903b]  (no source info available)
V  [jvm.dll+0x84ca0d]  (no source info available)
V  [jvm.dll+0x84d723]  (no source info available)
V  [jvm.dll+0x84dc54]  (no source info available)
V  [jvm.dll+0x84e038]  (no source info available)
V  [jvm.dll+0x84e12e]  (no source info available)
V  [jvm.dll+0x7f62cc]  (no source info available)
V  [jvm.dll+0x68e227]  (no source info available)
C  [ucrtbase.dll+0x2cd30]  (no source info available)
C  [KERNEL32.DLL+0x2e957]  (no source info available)
C  [ntdll.dll+0xaad6c]  (no source info available)

VM_Operation (0x0000003ace8f28f0): G1CollectForAllocation, mode: safepoint, requested by thread 0x000002156c13d980


---------------  P R O C E S S  ---------------

Threads class SMR info:
_java_thread_list=0x0000021571f07d80, length=80, elements={
0x000002154867e260, 0x000002156674d830, 0x0000021566751320, 0x0000021566767330,
0x0000021566767c00, 0x00000215667684d0, 0x0000021566768da0, 0x000002156676a9b0,
0x000002156676b2c0, 0x000002156676bbd0, 0x0000021566ce1ba0, 0x0000021566d90b00,
0x000002156cc60b30, 0x000002156d46cab0, 0x000002156ced5e90, 0x000002156d4cc150,
0x000002156cfcbd30, 0x000002156c13c030, 0x000002156c13d980, 0x000002156c13d470,
0x000002156c13ca50, 0x000002156c13cf60, 0x000002156c13c540, 0x000002156da4bf40,
0x000002156da4a0e0, 0x000002156da4d890, 0x000002156da4b010, 0x000002156da4ab00,
0x000002156da4d380, 0x000002156da4c450, 0x000002156da4dda0, 0x000002156da4ba30,
0x000002156da4c960, 0x000002156da4ce70, 0x000002156da4e2b0, 0x000002156da4e7c0,
0x000002156da4ecd0, 0x000002156da4f1e0, 0x000002156da51040, 0x000002156da4fc00,
0x000002156da50b30, 0x000002156da50110, 0x000002156da51550, 0x000002156da50620,
0x000002156da51a60, 0x000002156d37b760, 0x000002156d37a320, 0x000002156d378ee0,
0x000002156d37bc70, 0x000002156d379e10, 0x000002156d37c180, 0x000002156d379900,
0x000002156d37fe40, 0x000002156d380350, 0x000002156b0d7e30, 0x000002156b0d69f0,
0x000002156b0d7410, 0x000002156b0d8850, 0x000002156b0d7920, 0x000002156b0d8340,
0x000002156b0d8d60, 0x000002156b0d5fd0, 0x000002156b0d55b0, 0x000002156b0d9270,
0x000002156b0d5ac0, 0x000002156b0d9780, 0x000002156b0d9c90, 0x000002156b0da1a0,
0x000002156b0da6b0, 0x000002156b0d6f00, 0x000002156b0dabc0, 0x000002156b0db0d0,
0x000002156b0db5e0, 0x000002156b0dbaf0, 0x000002156b0dc000, 0x000002156b0dc510,
0x000002156b0dca20, 0x000002156e4724c0, 0x00000215718895f0, 0x000002157188b5d0
}

Java Threads: ( => current thread )
  0x000002154867e260 JavaThread "main" [_thread_blocked, id=22572, stack(0x0000003accb00000,0x0000003accc00000)]
  0x000002156674d830 JavaThread "Reference Handler" daemon [_thread_blocked, id=19276, stack(0x0000003acd200000,0x0000003acd300000)]
  0x0000021566751320 JavaThread "Finalizer" daemon [_thread_blocked, id=10960, stack(0x0000003acd300000,0x0000003acd400000)]
  0x0000021566767330 JavaThread "Signal Dispatcher" daemon [_thread_blocked, id=19536, stack(0x0000003acd400000,0x0000003acd500000)]
  0x0000021566767c00 JavaThread "Attach Listener" daemon [_thread_blocked, id=22872, stack(0x0000003acd500000,0x0000003acd600000)]
  0x00000215667684d0 JavaThread "Service Thread" daemon [_thread_blocked, id=892, stack(0x0000003acd600000,0x0000003acd700000)]
  0x0000021566768da0 JavaThread "Monitor Deflation Thread" daemon [_thread_blocked, id=21104, stack(0x0000003acd700000,0x0000003acd800000)]
  0x000002156676a9b0 JavaThread "C2 CompilerThread0" daemon [_thread_in_native, id=19120, stack(0x0000003acd800000,0x0000003acd900000)]
  0x000002156676b2c0 JavaThread "C1 CompilerThread0" daemon [_thread_blocked, id=22268, stack(0x0000003acd900000,0x0000003acda00000)]
  0x000002156676bbd0 JavaThread "Sweeper thread" daemon [_thread_blocked, id=14572, stack(0x0000003acda00000,0x0000003acdb00000)]
  0x0000021566ce1ba0 JavaThread "Common-Cleaner" daemon [_thread_blocked, id=14704, stack(0x0000003acdb00000,0x0000003acdc00000)]
  0x0000021566d90b00 JavaThread "Notification Thread" daemon [_thread_blocked, id=23204, stack(0x0000003acdc00000,0x0000003acdd00000)]
  0x000002156cc60b30 JavaThread "Daemon health stats" [_thread_blocked, id=20872, stack(0x0000003ace400000,0x0000003ace500000)]
  0x000002156d46cab0 JavaThread "Incoming local TCP Connector on port 57138" [_thread_in_native, id=20056, stack(0x0000003acde00000,0x0000003acdf00000)]
  0x000002156ced5e90 JavaThread "Daemon periodic checks" [_thread_blocked, id=26184, stack(0x0000003acdf00000,0x0000003ace000000)]
  0x000002156d4cc150 JavaThread "Daemon" [_thread_blocked, id=5876, stack(0x0000003ace500000,0x0000003ace600000)]
  0x000002156cfcbd30 JavaThread "Handler for socket connection from /127.0.0.1:57138 to /127.0.0.1:57139" [_thread_in_native, id=28360, stack(0x0000003ace600000,0x0000003ace700000)]
  0x000002156c13c030 JavaThread "Cancel handler" [_thread_blocked, id=22076, stack(0x0000003ace700000,0x0000003ace800000)]
  0x000002156c13d980 JavaThread "Daemon worker" [_thread_blocked, id=23852, stack(0x0000003ace800000,0x0000003ace900000)]
  0x000002156c13d470 JavaThread "Asynchronous log dispatcher for DefaultDaemonConnection: socket connection from /127.0.0.1:57138 to /127.0.0.1:57139" [_thread_blocked, id=22948, stack(0x0000003ace900000,0x0000003acea00000)]
  0x000002156c13ca50 JavaThread "Stdin handler" [_thread_blocked, id=7220, stack(0x0000003acea00000,0x0000003aceb00000)]
  0x000002156c13cf60 JavaThread "Daemon client event forwarder" [_thread_blocked, id=19608, stack(0x0000003aceb00000,0x0000003acec00000)]
  0x000002156c13c540 JavaThread "Cache worker for journal cache (E:\GradleCache\caches\journal-1)" [_thread_blocked, id=22608, stack(0x0000003acf000000,0x0000003acf100000)]
  0x000002156da4bf40 JavaThread "File lock request listener" [_thread_in_native, id=18764, stack(0x0000003acf100000,0x0000003acf200000)]
  0x000002156da4a0e0 JavaThread "Cache worker for file hash cache (E:\GradleCache\caches\9.6.1\fileHashes)" [_thread_blocked, id=23308, stack(0x0000003acf200000,0x0000003acf300000)]
  0x000002156da4d890 JavaThread "Cache worker for file hash cache (E:\travel-web\Mobile\android\.gradle\9.6.1\fileHashes)" [_thread_blocked, id=7964, stack(0x0000003acf400000,0x0000003acf500000)]
  0x000002156da4b010 JavaThread "Cache worker for Build Output Cleanup Cache (E:\travel-web\Mobile\android\.gradle\buildOutputCleanup)" [_thread_blocked, id=740, stack(0x0000003acf500000,0x0000003acf600000)]
  0x000002156da4ab00 JavaThread "File watcher server" daemon [_thread_in_native, id=27296, stack(0x0000003acf700000,0x0000003acf800000)]
  0x000002156da4d380 JavaThread "File watcher consumer" daemon [_thread_blocked, id=25544, stack(0x0000003acf800000,0x0000003acf900000)]
  0x000002156da4c450 JavaThread "Cache worker for file content cache (E:\GradleCache\caches\9.6.1\fileContent)" [_thread_blocked, id=27612, stack(0x0000003acf900000,0x0000003acfa00000)]
  0x000002156da4dda0 JavaThread "Cache worker for checksums cache (E:\travel-web\Mobile\android\.gradle\9.6.1\checksums)" [_thread_blocked, id=28064, stack(0x0000003acec00000,0x0000003aced00000)]
  0x000002156da4ba30 JavaThread "Cache worker for cache directory md-supplier (E:\GradleCache\caches\9.6.1\md-supplier)" [_thread_blocked, id=6668, stack(0x0000003acfa00000,0x0000003acfb00000)]
  0x000002156da4c960 JavaThread "Cache worker for cache directory md-rule (E:\GradleCache\caches\9.6.1\md-rule)" [_thread_blocked, id=10288, stack(0x0000003acfb00000,0x0000003acfc00000)]
  0x000002156da4ce70 JavaThread "jar transforms" [_thread_blocked, id=26976, stack(0x0000003acfd00000,0x0000003acfe00000)]
  0x000002156da4e2b0 JavaThread "jar transforms Thread 2" [_thread_blocked, id=17168, stack(0x0000003acfe00000,0x0000003acff00000)]
  0x000002156da4e7c0 JavaThread "jar transforms Thread 3" [_thread_blocked, id=18128, stack(0x0000003acff00000,0x0000003ad0000000)]
  0x000002156da4ecd0 JavaThread "jar transforms Thread 4" [_thread_blocked, id=15844, stack(0x0000003acfc00000,0x0000003acfd00000)]
  0x000002156da4f1e0 JavaThread "jar transforms Thread 5" [_thread_blocked, id=23528, stack(0x0000003ad0100000,0x0000003ad0200000)]
  0x000002156da51040 JavaThread "Build operations" [_thread_blocked, id=13848, stack(0x0000003ad0200000,0x0000003ad0300000)]
  0x000002156da4fc00 JavaThread "Build operations Thread 2" [_thread_blocked, id=17048, stack(0x0000003ad0300000,0x0000003ad0400000)]
  0x000002156da50b30 JavaThread "Build operations Thread 3" [_thread_blocked, id=24520, stack(0x0000003ad0400000,0x0000003ad0500000)]
  0x000002156da50110 JavaThread "Build operations Thread 4" [_thread_blocked, id=27180, stack(0x0000003ad0500000,0x0000003ad0600000)]
  0x000002156da51550 JavaThread "Build operations Thread 5" [_thread_blocked, id=6744, stack(0x0000003ad0600000,0x0000003ad0700000)]
  0x000002156da50620 JavaThread "Build operations Thread 6" [_thread_blocked, id=22036, stack(0x0000003ad0700000,0x0000003ad0800000)]
  0x000002156da51a60 JavaThread "Build operations Thread 7" [_thread_blocked, id=20364, stack(0x0000003ad0800000,0x0000003ad0900000)]
  0x000002156d37b760 JavaThread "Build operations Thread 8" [_thread_blocked, id=21416, stack(0x0000003ad0900000,0x0000003ad0a00000)]
  0x000002156d37a320 JavaThread "jar transforms Thread 6" [_thread_blocked, id=10156, stack(0x0000003ad0a00000,0x0000003ad0b00000)]
  0x000002156d378ee0 JavaThread "Problems report writer" [_thread_blocked, id=7324, stack(0x0000003ad0b00000,0x0000003ad0c00000)]
  0x000002156d37bc70 JavaThread "jar transforms Thread 7" [_thread_blocked, id=18220, stack(0x0000003ad0c00000,0x0000003ad0d00000)]
  0x000002156d379e10 JavaThread "jar transforms Thread 8" [_thread_blocked, id=24720, stack(0x0000003ad0000000,0x0000003ad0100000)]
  0x000002156d37c180 JavaThread "Memory manager" [_thread_blocked, id=25036, stack(0x0000003ad0e00000,0x0000003ad0f00000)]
  0x000002156d379900 JavaThread "build event listener" [_thread_blocked, id=17760, stack(0x0000003ad1100000,0x0000003ad1200000)]
  0x000002156d37fe40 JavaThread "Unconstrained build operations" [_thread_blocked, id=24028, stack(0x0000003ad1200000,0x0000003ad1300000)]
  0x000002156d380350 JavaThread "Unconstrained build operations Thread 2" [_thread_blocked, id=18224, stack(0x0000003ad1300000,0x0000003ad1400000)]
  0x000002156b0d7e30 JavaThread "Unconstrained build operations Thread 3" [_thread_blocked, id=6696, stack(0x0000003ad1400000,0x0000003ad1500000)]
  0x000002156b0d69f0 JavaThread "Unconstrained build operations Thread 4" [_thread_blocked, id=20352, stack(0x0000003ad1500000,0x0000003ad1600000)]
  0x000002156b0d7410 JavaThread "Unconstrained build operations Thread 5" [_thread_blocked, id=10352, stack(0x0000003ad1600000,0x0000003ad1700000)]
  0x000002156b0d8850 JavaThread "Unconstrained build operations Thread 6" [_thread_blocked, id=28244, stack(0x0000003ad1700000,0x0000003ad1800000)]
  0x000002156b0d7920 JavaThread "Unconstrained build operations Thread 7" [_thread_blocked, id=3088, stack(0x0000003ad1800000,0x0000003ad1900000)]
  0x000002156b0d8340 JavaThread "Unconstrained build operations Thread 8" [_thread_blocked, id=27784, stack(0x0000003ad1900000,0x0000003ad1a00000)]
  0x000002156b0d8d60 JavaThread "Unconstrained build operations Thread 9" [_thread_blocked, id=23788, stack(0x0000003ad1a00000,0x0000003ad1b00000)]
  0x000002156b0d5fd0 JavaThread "Unconstrained build operations Thread 10" [_thread_blocked, id=26804, stack(0x0000003ad1b00000,0x0000003ad1c00000)]
  0x000002156b0d55b0 JavaThread "Unconstrained build operations Thread 11" [_thread_blocked, id=22128, stack(0x0000003ad1c00000,0x0000003ad1d00000)]
  0x000002156b0d9270 JavaThread "Unconstrained build operations Thread 12" [_thread_blocked, id=23836, stack(0x0000003ad1d00000,0x0000003ad1e00000)]
  0x000002156b0d5ac0 JavaThread "Unconstrained build operations Thread 13" [_thread_blocked, id=25472, stack(0x0000003ad1f00000,0x0000003ad2000000)]
  0x000002156b0d9780 JavaThread "Unconstrained build operations Thread 14" [_thread_blocked, id=1456, stack(0x0000003ad2000000,0x0000003ad2100000)]
  0x000002156b0d9c90 JavaThread "Unconstrained build operations Thread 15" [_thread_blocked, id=15776, stack(0x0000003ad2100000,0x0000003ad2200000)]
  0x000002156b0da1a0 JavaThread "Unconstrained build operations Thread 16" [_thread_blocked, id=27256, stack(0x0000003ad2200000,0x0000003ad2300000)]
  0x000002156b0da6b0 JavaThread "Unconstrained build operations Thread 17" [_thread_blocked, id=14756, stack(0x0000003ad2300000,0x0000003ad2400000)]
  0x000002156b0d6f00 JavaThread "Unconstrained build operations Thread 18" [_thread_blocked, id=18684, stack(0x0000003ad2400000,0x0000003ad2500000)]
  0x000002156b0dabc0 JavaThread "Unconstrained build operations Thread 19" [_thread_blocked, id=20860, stack(0x0000003ad1000000,0x0000003ad1100000)]
  0x000002156b0db0d0 JavaThread "Unconstrained build operations Thread 20" [_thread_blocked, id=26384, stack(0x0000003ad1e00000,0x0000003ad1f00000)]
  0x000002156b0db5e0 JavaThread "Unconstrained build operations Thread 21" [_thread_blocked, id=23824, stack(0x0000003ad2500000,0x0000003ad2600000)]
  0x000002156b0dbaf0 JavaThread "Unconstrained build operations Thread 22" [_thread_blocked, id=2576, stack(0x0000003ad2600000,0x0000003ad2700000)]
  0x000002156b0dc000 JavaThread "Unconstrained build operations Thread 23" [_thread_blocked, id=9136, stack(0x0000003acc800000,0x0000003acc900000)]
  0x000002156b0dc510 JavaThread "Unconstrained build operations Thread 24" [_thread_blocked, id=5912, stack(0x0000003acc900000,0x0000003acca00000)]
  0x000002156b0dca20 JavaThread "Unconstrained build operations Thread 25" [_thread_blocked, id=17904, stack(0x0000003acca00000,0x0000003accb00000)]
  0x000002156e4724c0 JavaThread "Unconstrained build operations Thread 26" [_thread_blocked, id=6252, stack(0x0000003ad2800000,0x0000003ad2900000)]
  0x00000215718895f0 JavaThread "C2 CompilerThread1" daemon [_thread_blocked, id=8052, stack(0x0000003ad2700000,0x0000003ad2800000)]
  0x000002157188b5d0 JavaThread "C2 CompilerThread2" daemon [_thread_blocked, id=27852, stack(0x0000003ad2900000,0x0000003ad2a00000)]

Other Threads:
=>0x0000021566748430 VMThread "VM Thread" [stack: 0x0000003acd100000,0x0000003acd200000] [id=3900]
  0x0000021566d915f0 WatcherThread [stack: 0x0000003acdd00000,0x0000003acde00000] [id=4616]
  0x00000215486dcf80 GCTaskThread "GC Thread#0" [stack: 0x0000003accc00000,0x0000003accd00000] [id=5020]
  0x0000021566e4b6c0 GCTaskThread "GC Thread#1" [stack: 0x0000003ace000000,0x0000003ace100000] [id=21420]
  0x0000021566e4a310 GCTaskThread "GC Thread#2" [stack: 0x0000003ace100000,0x0000003ace200000] [id=19192]
  0x0000021566e4bc60 GCTaskThread "GC Thread#3" [stack: 0x0000003ace200000,0x0000003ace300000] [id=27908]
  0x0000021566e4b3f0 GCTaskThread "GC Thread#4" [stack: 0x0000003ace300000,0x0000003ace400000] [id=15612]
  0x0000021566e4a8b0 GCTaskThread "GC Thread#5" [stack: 0x0000003aced00000,0x0000003acee00000] [id=16964]
  0x000002156d9c67a0 GCTaskThread "GC Thread#6" [stack: 0x0000003acee00000,0x0000003acef00000] [id=16316]
  0x000002156d9c6a70 GCTaskThread "GC Thread#7" [stack: 0x0000003acef00000,0x0000003acf000000] [id=17040]
  0x00000215486eddf0 ConcurrentGCThread "G1 Main Marker" [stack: 0x0000003accd00000,0x0000003acce00000] [id=27264]
  0x00000215486f15b0 ConcurrentGCThread "G1 Conc#0" [stack: 0x0000003acce00000,0x0000003accf00000] [id=13976]
  0x000002156d9c75b0 ConcurrentGCThread "G1 Conc#1" [stack: 0x0000003acf300000,0x0000003acf400000] [id=26036]
  0x00000215666061b0 ConcurrentGCThread "G1 Refine#0" [stack: 0x0000003accf00000,0x0000003acd000000] [id=21688]
  0x00000215666069a0 ConcurrentGCThread "G1 Service" [stack: 0x0000003acd000000,0x0000003acd100000] [id=19296]

Threads with active compile tasks:
C2 CompilerThread0  82611 13433       4       org.gradle.internal.serialize.AbstractCollectionSerializer::read (47 bytes)
C2 CompilerThread1  82611 14228       4       org.objectweb.asm.SymbolTable::addConstantUtf8 (98 bytes)
C2 CompilerThread2  82611 13386       4       org.gradle.internal.serialize.HierarchicalNameSerializer::readFirstOccurrenceOfName (60 bytes)

VM state: at safepoint (normal execution)

VM Mutex/Monitor currently owned by a thread:  ([mutex/lock_event])
[0x00000215463aaec0] Threads_lock - owner thread: 0x0000021566748430
[0x000002154867c130] Heap_lock - owner thread: 0x000002156c13d980

Heap address: 0x0000000080000000, size: 2048 MB, Compressed Oops mode: 32-bit

CDS archive(s) mapped at: [0x0000021500000000-0x0000021500bb0000-0x0000021500bb0000), size 12255232, SharedBaseAddress: 0x0000021500000000, ArchiveRelocationMode: 1.
Compressed class space mapped at: 0x0000021501000000-0x000002151b000000, reserved size: 436207616
Narrow klass base: 0x0000021500000000, Narrow klass shift: 0, Narrow klass range: 0x100000000

GC Precious Log:
 CPUs: 8 total, 8 available
 Memory: 7998M
 Large Page Support: Disabled
 NUMA Support: Disabled
 Compressed Oops: Enabled (32-bit)
 Heap Region Size: 1M
 Heap Min Capacity: 8M
 Heap Initial Capacity: 126M
 Heap Max Capacity: 2G
 Pre-touch: Disabled
 Parallel Workers: 8
 Concurrent Workers: 2
 Concurrent Refinement Workers: 8
 Periodic GC: Disabled

Heap:
 garbage-first heap   total 214016K, used 121556K [0x0000000080000000, 0x0000000100000000)
  region size 1024K, 4 young (4096K), 4 survivors (4096K)
 Metaspace       used 97354K, committed 98368K, reserved 557056K
  class space    used 13320K, committed 13824K, reserved 425984K

Heap Regions: E=young(eden), S=young(survivor), O=old, HS=humongous(starts), HC=humongous(continues), CS=collection set, F=free, OA=open archive, CA=closed archive, TAMS=top-at-mark-start (previous, next)
|   0|0x0000000080000000, 0x0000000080100000, 0x0000000080100000|100%|HS|  |TAMS 0x0000000080100000, 0x0000000080000000| Complete 
|   1|0x0000000080100000, 0x0000000080200000, 0x0000000080200000|100%|HC|  |TAMS 0x0000000080200000, 0x0000000080100000| Complete 
|   2|0x0000000080200000, 0x0000000080300000, 0x0000000080300000|100%|HC|  |TAMS 0x0000000080300000, 0x0000000080200000| Complete 
|   3|0x0000000080300000, 0x0000000080400000, 0x0000000080400000|100%|HC|  |TAMS 0x0000000080400000, 0x0000000080300000| Complete 
|   4|0x0000000080400000, 0x0000000080500000, 0x0000000080500000|100%| O|  |TAMS 0x0000000080500000, 0x0000000080400000| Untracked 
|   5|0x0000000080500000, 0x0000000080600000, 0x0000000080600000|100%| O|  |TAMS 0x0000000080600000, 0x0000000080500000| Untracked 
|   6|0x0000000080600000, 0x0000000080700000, 0x0000000080700000|100%| O|  |TAMS 0x0000000080700000, 0x0000000080600000| Untracked 
|   7|0x0000000080700000, 0x0000000080800000, 0x0000000080800000|100%| O|  |TAMS 0x0000000080800000, 0x0000000080700000| Untracked 
|   8|0x0000000080800000, 0x0000000080900000, 0x0000000080900000|100%| O|  |TAMS 0x0000000080900000, 0x0000000080800000| Untracked 
|   9|0x0000000080900000, 0x0000000080a00000, 0x0000000080a00000|100%| O|  |TAMS 0x0000000080a00000, 0x0000000080900000| Untracked 
|  10|0x0000000080a00000, 0x0000000080b00000, 0x0000000080b00000|100%| O|  |TAMS 0x0000000080b00000, 0x0000000080a00000| Untracked 
|  11|0x0000000080b00000, 0x0000000080c00000, 0x0000000080c00000|100%|HS|  |TAMS 0x0000000080c00000, 0x0000000080b00000| Complete 
|  12|0x0000000080c00000, 0x0000000080d00000, 0x0000000080d00000|100%| O|  |TAMS 0x0000000080d00000, 0x0000000080c00000| Untracked 
|  13|0x0000000080d00000, 0x0000000080e00000, 0x0000000080e00000|100%| O|  |TAMS 0x0000000080e00000, 0x0000000080d00000| Untracked 
|  14|0x0000000080e00000, 0x0000000080f00000, 0x0000000080f00000|100%| O|  |TAMS 0x0000000080f00000, 0x0000000080e00000| Untracked 
|  15|0x0000000080f00000, 0x0000000081000000, 0x0000000081000000|100%| O|  |TAMS 0x0000000081000000, 0x0000000080f00000| Untracked 
|  16|0x0000000081000000, 0x0000000081100000, 0x0000000081100000|100%| O|  |TAMS 0x0000000081100000, 0x0000000081000000| Untracked 
|  17|0x0000000081100000, 0x0000000081200000, 0x0000000081200000|100%| O|  |TAMS 0x0000000081200000, 0x0000000081100000| Untracked 
|  18|0x0000000081200000, 0x0000000081300000, 0x0000000081300000|100%| O|  |TAMS 0x0000000081300000, 0x0000000081200000| Untracked 
|  19|0x0000000081300000, 0x0000000081400000, 0x0000000081400000|100%| O|  |TAMS 0x0000000081400000, 0x0000000081300000| Untracked 
|  20|0x0000000081400000, 0x0000000081500000, 0x0000000081500000|100%| O|  |TAMS 0x0000000081500000, 0x0000000081400000| Untracked 
|  21|0x0000000081500000, 0x0000000081600000, 0x0000000081600000|100%| O|  |TAMS 0x0000000081600000, 0x0000000081500000| Untracked 
|  22|0x0000000081600000, 0x0000000081700000, 0x0000000081700000|100%| O|  |TAMS 0x0000000081700000, 0x0000000081600000| Untracked 
|  23|0x0000000081700000, 0x0000000081800000, 0x0000000081800000|100%| O|  |TAMS 0x0000000081800000, 0x0000000081700000| Untracked 
|  24|0x0000000081800000, 0x0000000081900000, 0x0000000081900000|100%| O|  |TAMS 0x0000000081900000, 0x0000000081800000| Untracked 
|  25|0x0000000081900000, 0x0000000081a00000, 0x0000000081a00000|100%| O|  |TAMS 0x0000000081a00000, 0x0000000081900000| Untracked 
|  26|0x0000000081a00000, 0x0000000081b00000, 0x0000000081b00000|100%| O|  |TAMS 0x0000000081b00000, 0x0000000081a00000| Untracked 
|  27|0x0000000081b00000, 0x0000000081c00000, 0x0000000081c00000|100%| O|  |TAMS 0x0000000081c00000, 0x0000000081b00000| Untracked 
|  28|0x0000000081c00000, 0x0000000081d00000, 0x0000000081d00000|100%| O|  |TAMS 0x0000000081d00000, 0x0000000081c00000| Untracked 
|  29|0x0000000081d00000, 0x0000000081e00000, 0x0000000081e00000|100%| O|  |TAMS 0x0000000081e00000, 0x0000000081d00000| Untracked 
|  30|0x0000000081e00000, 0x0000000081f00000, 0x0000000081f00000|100%| O|  |TAMS 0x0000000081f00000, 0x0000000081e00000| Untracked 
|  31|0x0000000081f00000, 0x0000000082000000, 0x0000000082000000|100%| O|  |TAMS 0x0000000082000000, 0x0000000081f00000| Untracked 
|  32|0x0000000082000000, 0x0000000082100000, 0x0000000082100000|100%| O|  |TAMS 0x0000000082000000, 0x0000000082000000| Untracked 
|  33|0x0000000082100000, 0x0000000082200000, 0x0000000082200000|100%| O|  |TAMS 0x0000000082200000, 0x0000000082100000| Untracked 
|  34|0x0000000082200000, 0x0000000082300000, 0x0000000082300000|100%| O|  |TAMS 0x0000000082300000, 0x0000000082200000| Untracked 
|  35|0x0000000082300000, 0x0000000082400000, 0x0000000082400000|100%| O|  |TAMS 0x0000000082400000, 0x0000000082300000| Untracked 
|  36|0x0000000082400000, 0x0000000082500000, 0x0000000082500000|100%| O|  |TAMS 0x0000000082500000, 0x0000000082400000| Untracked 
|  37|0x0000000082500000, 0x0000000082600000, 0x0000000082600000|100%| O|  |TAMS 0x0000000082600000, 0x0000000082500000| Untracked 
|  38|0x0000000082600000, 0x0000000082700000, 0x0000000082700000|100%| O|  |TAMS 0x0000000082700000, 0x0000000082600000| Untracked 
|  39|0x0000000082700000, 0x0000000082800000, 0x0000000082800000|100%| O|  |TAMS 0x0000000082800000, 0x0000000082700000| Untracked 
|  40|0x0000000082800000, 0x0000000082900000, 0x0000000082900000|100%| O|  |TAMS 0x0000000082900000, 0x0000000082800000| Untracked 
|  41|0x0000000082900000, 0x0000000082a00000, 0x0000000082a00000|100%| O|  |TAMS 0x0000000082a00000, 0x0000000082900000| Untracked 
|  42|0x0000000082a00000, 0x0000000082b00000, 0x0000000082b00000|100%| O|  |TAMS 0x0000000082b00000, 0x0000000082a00000| Untracked 
|  43|0x0000000082b00000, 0x0000000082c00000, 0x0000000082c00000|100%| O|  |TAMS 0x0000000082c00000, 0x0000000082b00000| Untracked 
|  44|0x0000000082c00000, 0x0000000082d00000, 0x0000000082d00000|100%| O|  |TAMS 0x0000000082d00000, 0x0000000082c00000| Untracked 
|  45|0x0000000082d00000, 0x0000000082e00000, 0x0000000082e00000|100%|HS|  |TAMS 0x0000000082e00000, 0x0000000082d00000| Complete 
|  46|0x0000000082e00000, 0x0000000082f00000, 0x0000000082f00000|100%|HS|  |TAMS 0x0000000082f00000, 0x0000000082e00000| Complete 
|  47|0x0000000082f00000, 0x0000000083000000, 0x0000000083000000|100%|HC|  |TAMS 0x0000000083000000, 0x0000000082f00000| Complete 
|  48|0x0000000083000000, 0x0000000083100000, 0x0000000083100000|100%|HS|  |TAMS 0x0000000083100000, 0x0000000083000000| Complete 
|  49|0x0000000083100000, 0x0000000083200000, 0x0000000083200000|100%|HS|  |TAMS 0x0000000083200000, 0x0000000083100000| Complete 
|  50|0x0000000083200000, 0x0000000083300000, 0x0000000083300000|100%|HS|  |TAMS 0x0000000083300000, 0x0000000083200000| Complete 
|  51|0x0000000083300000, 0x0000000083400000, 0x0000000083400000|100%| O|  |TAMS 0x0000000083400000, 0x0000000083300000| Untracked 
|  52|0x0000000083400000, 0x0000000083500000, 0x0000000083500000|100%| O|  |TAMS 0x0000000083500000, 0x0000000083400000| Untracked 
|  53|0x0000000083500000, 0x0000000083600000, 0x0000000083600000|100%| O|  |TAMS 0x0000000083600000, 0x0000000083500000| Untracked 
|  54|0x0000000083600000, 0x0000000083700000, 0x0000000083700000|100%| O|  |TAMS 0x0000000083700000, 0x0000000083600000| Untracked 
|  55|0x0000000083700000, 0x0000000083800000, 0x0000000083800000|100%| O|  |TAMS 0x0000000083800000, 0x0000000083700000| Untracked 
|  56|0x0000000083800000, 0x0000000083900000, 0x0000000083900000|100%| O|  |TAMS 0x0000000083900000, 0x0000000083800000| Untracked 
|  57|0x0000000083900000, 0x0000000083a00000, 0x0000000083a00000|100%| O|  |TAMS 0x0000000083a00000, 0x0000000083900000| Untracked 
|  58|0x0000000083a00000, 0x0000000083b00000, 0x0000000083b00000|100%| O|  |TAMS 0x0000000083b00000, 0x0000000083a00000| Untracked 
|  59|0x0000000083b00000, 0x0000000083c00000, 0x0000000083c00000|100%|HS|  |TAMS 0x0000000083c00000, 0x0000000083b00000| Complete 
|  60|0x0000000083c00000, 0x0000000083d00000, 0x0000000083d00000|100%|HS|  |TAMS 0x0000000083d00000, 0x0000000083c00000| Complete 
|  61|0x0000000083d00000, 0x0000000083e00000, 0x0000000083e00000|100%| O|  |TAMS 0x0000000083e00000, 0x0000000083d00000| Untracked 
|  62|0x0000000083e00000, 0x0000000083f00000, 0x0000000083f00000|100%| O|  |TAMS 0x0000000083f00000, 0x0000000083e00000| Untracked 
|  63|0x0000000083f00000, 0x0000000084000000, 0x0000000084000000|100%| O|  |TAMS 0x0000000084000000, 0x0000000083f00000| Untracked 
|  64|0x0000000084000000, 0x0000000084100000, 0x0000000084100000|100%| O|  |TAMS 0x0000000084100000, 0x0000000084000000| Untracked 
|  65|0x0000000084100000, 0x0000000084200000, 0x0000000084200000|100%| O|  |TAMS 0x0000000084200000, 0x0000000084100000| Untracked 
|  66|0x0000000084200000, 0x0000000084300000, 0x0000000084300000|100%| O|  |TAMS 0x0000000084300000, 0x0000000084200000| Untracked 
|  67|0x0000000084300000, 0x0000000084400000, 0x0000000084400000|100%|HS|  |TAMS 0x0000000084400000, 0x0000000084300000| Complete 
|  68|0x0000000084400000, 0x0000000084500000, 0x0000000084500000|100%|HC|  |TAMS 0x0000000084500000, 0x0000000084400000| Complete 
|  69|0x0000000084500000, 0x0000000084600000, 0x0000000084600000|100%| O|  |TAMS 0x0000000084600000, 0x0000000084500000| Untracked 
|  70|0x0000000084600000, 0x0000000084700000, 0x0000000084700000|100%| O|  |TAMS 0x0000000084700000, 0x0000000084600000| Untracked 
|  71|0x0000000084700000, 0x0000000084800000, 0x0000000084800000|100%| O|  |TAMS 0x0000000084800000, 0x0000000084700000| Untracked 
|  72|0x0000000084800000, 0x0000000084900000, 0x0000000084900000|100%|HS|  |TAMS 0x0000000084900000, 0x0000000084800000| Complete 
|  73|0x0000000084900000, 0x0000000084a00000, 0x0000000084a00000|100%| O|  |TAMS 0x0000000084a00000, 0x0000000084900000| Untracked 
|  74|0x0000000084a00000, 0x0000000084b00000, 0x0000000084b00000|100%| O|  |TAMS 0x0000000084b00000, 0x0000000084a00000| Untracked 
|  75|0x0000000084b00000, 0x0000000084c00000, 0x0000000084c00000|100%| O|  |TAMS 0x0000000084c00000, 0x0000000084b00000| Untracked 
|  76|0x0000000084c00000, 0x0000000084d00000, 0x0000000084d00000|100%| O|  |TAMS 0x0000000084d00000, 0x0000000084c00000| Untracked 
|  77|0x0000000084d00000, 0x0000000084e00000, 0x0000000084e00000|100%| O|  |TAMS 0x0000000084e00000, 0x0000000084d00000| Untracked 
|  78|0x0000000084e00000, 0x0000000084f00000, 0x0000000084f00000|100%| O|  |TAMS 0x0000000084f00000, 0x0000000084e00000| Untracked 
|  79|0x0000000084f00000, 0x0000000085000000, 0x0000000085000000|100%| O|  |TAMS 0x0000000085000000, 0x0000000084f00000| Untracked 
|  80|0x0000000085000000, 0x0000000085100000, 0x0000000085100000|100%| O|  |TAMS 0x0000000085100000, 0x0000000085000000| Untracked 
|  81|0x0000000085100000, 0x0000000085200000, 0x0000000085200000|100%| O|  |TAMS 0x0000000085200000, 0x0000000085100000| Untracked 
|  82|0x0000000085200000, 0x0000000085300000, 0x0000000085300000|100%| O|  |TAMS 0x0000000085300000, 0x0000000085200000| Untracked 
|  83|0x0000000085300000, 0x0000000085400000, 0x0000000085400000|100%| O|  |TAMS 0x0000000085400000, 0x0000000085300000| Untracked 
|  84|0x0000000085400000, 0x0000000085500000, 0x0000000085500000|100%| O|  |TAMS 0x0000000085500000, 0x0000000085400000| Untracked 
|  85|0x0000000085500000, 0x0000000085600000, 0x0000000085600000|100%| O|  |TAMS 0x0000000085600000, 0x0000000085500000| Untracked 
|  86|0x0000000085600000, 0x0000000085700000, 0x0000000085700000|100%| O|  |TAMS 0x0000000085700000, 0x0000000085600000| Untracked 
|  87|0x0000000085700000, 0x0000000085800000, 0x0000000085800000|100%| O|  |TAMS 0x0000000085800000, 0x0000000085700000| Untracked 
|  88|0x0000000085800000, 0x0000000085900000, 0x0000000085900000|100%| O|  |TAMS 0x0000000085900000, 0x0000000085800000| Untracked 
|  89|0x0000000085900000, 0x0000000085a00000, 0x0000000085a00000|100%| O|  |TAMS 0x0000000085a00000, 0x0000000085900000| Untracked 
|  90|0x0000000085a00000, 0x0000000085b00000, 0x0000000085b00000|100%| O|  |TAMS 0x0000000085b00000, 0x0000000085a00000| Untracked 
|  91|0x0000000085b00000, 0x0000000085c00000, 0x0000000085c00000|100%| O|  |TAMS 0x0000000085c00000, 0x0000000085b00000| Untracked 
|  92|0x0000000085c00000, 0x0000000085d00000, 0x0000000085d00000|100%| O|  |TAMS 0x0000000085d00000, 0x0000000085c00000| Untracked 
|  93|0x0000000085d00000, 0x0000000085e00000, 0x0000000085e00000|100%| O|  |TAMS 0x0000000085e00000, 0x0000000085d00000| Untracked 
|  94|0x0000000085e00000, 0x0000000085f00000, 0x0000000085f00000|100%| O|  |TAMS 0x0000000085f00000, 0x0000000085e00000| Untracked 
|  95|0x0000000085f00000, 0x0000000086000000, 0x0000000086000000|100%| O|  |TAMS 0x0000000086000000, 0x0000000085f00000| Untracked 
|  96|0x0000000086000000, 0x0000000086100000, 0x0000000086100000|100%| O|  |TAMS 0x0000000086100000, 0x0000000086000000| Untracked 
|  97|0x0000000086100000, 0x0000000086200000, 0x0000000086200000|100%| O|  |TAMS 0x0000000086200000, 0x0000000086100000| Untracked 
|  98|0x0000000086200000, 0x0000000086300000, 0x0000000086300000|100%| O|  |TAMS 0x0000000086300000, 0x0000000086200000| Untracked 
|  99|0x0000000086300000, 0x0000000086400000, 0x0000000086400000|100%| O|  |TAMS 0x0000000086400000, 0x0000000086300000| Untracked 
| 100|0x0000000086400000, 0x0000000086500000, 0x0000000086500000|100%| O|  |TAMS 0x0000000086500000, 0x0000000086400000| Untracked 
| 101|0x0000000086500000, 0x0000000086600000, 0x0000000086600000|100%|HS|  |TAMS 0x0000000086500000, 0x0000000086500000| Complete 
| 102|0x0000000086600000, 0x0000000086700000, 0x0000000086700000|100%| O|  |TAMS 0x0000000086700000, 0x0000000086600000| Untracked 
| 103|0x0000000086700000, 0x0000000086800000, 0x0000000086800000|100%| O|  |TAMS 0x0000000086800000, 0x0000000086700000| Untracked 
| 104|0x0000000086800000, 0x0000000086900000, 0x0000000086900000|100%| O|  |TAMS 0x0000000086900000, 0x0000000086800000| Untracked 
| 105|0x0000000086900000, 0x0000000086a00000, 0x0000000086a00000|100%| O|  |TAMS 0x0000000086a00000, 0x0000000086900000| Untracked 
| 106|0x0000000086a00000, 0x0000000086b00000, 0x0000000086b00000|100%| O|  |TAMS 0x0000000086b00000, 0x0000000086a00000| Untracked 
| 107|0x0000000086b00000, 0x0000000086c00000, 0x0000000086c00000|100%| O|  |TAMS 0x0000000086c00000, 0x0000000086b00000| Untracked 
| 108|0x0000000086c00000, 0x0000000086d00000, 0x0000000086d00000|100%| O|  |TAMS 0x0000000086d00000, 0x0000000086c00000| Untracked 
| 109|0x0000000086d00000, 0x0000000086e00000, 0x0000000086e00000|100%| O|  |TAMS 0x0000000086df0400, 0x0000000086d00000| Untracked 
| 110|0x0000000086e00000, 0x0000000086f00000, 0x0000000086f00000|100%| O|  |TAMS 0x0000000086e00000, 0x0000000086e00000| Untracked 
| 111|0x0000000086f00000, 0x0000000087000000, 0x0000000087000000|100%| O|  |TAMS 0x0000000086f00000, 0x0000000086f00000| Untracked 
| 112|0x0000000087000000, 0x0000000087100000, 0x0000000087100000|100%| O|  |TAMS 0x0000000087000000, 0x0000000087000000| Untracked 
| 113|0x0000000087100000, 0x0000000087200000, 0x0000000087200000|100%| O|  |TAMS 0x0000000087100000, 0x0000000087100000| Untracked 
| 114|0x0000000087200000, 0x0000000087300000, 0x0000000087300000|100%| O|  |TAMS 0x0000000087200000, 0x0000000087200000| Untracked 
| 115|0x0000000087300000, 0x0000000087369800, 0x0000000087400000| 41%| O|  |TAMS 0x0000000087300000, 0x0000000087300000| Untracked 
| 116|0x0000000087400000, 0x0000000087400000, 0x0000000087500000|  0%| F|  |TAMS 0x0000000087400000, 0x0000000087400000| Untracked 
| 117|0x0000000087500000, 0x0000000087500000, 0x0000000087600000|  0%| F|  |TAMS 0x0000000087500000, 0x0000000087500000| Untracked 
| 118|0x0000000087600000, 0x0000000087600000, 0x0000000087700000|  0%| F|  |TAMS 0x0000000087600000, 0x0000000087600000| Untracked 
| 119|0x0000000087700000, 0x0000000087700000, 0x0000000087800000|  0%| F|  |TAMS 0x0000000087700000, 0x0000000087700000| Untracked 
| 120|0x0000000087800000, 0x0000000087800000, 0x0000000087900000|  0%| F|  |TAMS 0x0000000087800000, 0x0000000087800000| Untracked 
| 121|0x0000000087900000, 0x0000000087900000, 0x0000000087a00000|  0%| F|  |TAMS 0x0000000087900000, 0x0000000087900000| Untracked 
| 122|0x0000000087a00000, 0x0000000087a00000, 0x0000000087b00000|  0%| F|  |TAMS 0x0000000087a00000, 0x0000000087a00000| Untracked 
| 123|0x0000000087b00000, 0x0000000087b00000, 0x0000000087c00000|  0%| F|  |TAMS 0x0000000087b00000, 0x0000000087b00000| Untracked 
| 124|0x0000000087c00000, 0x0000000087c00000, 0x0000000087d00000|  0%| F|  |TAMS 0x0000000087c00000, 0x0000000087c00000| Untracked 
| 125|0x0000000087d00000, 0x0000000087d00000, 0x0000000087e00000|  0%| F|  |TAMS 0x0000000087d00000, 0x0000000087d00000| Untracked 
| 126|0x0000000087e00000, 0x0000000087e00000, 0x0000000087f00000|  0%| F|  |TAMS 0x0000000087e00000, 0x0000000087e00000| Untracked 
| 127|0x0000000087f00000, 0x0000000087f00000, 0x0000000088000000|  0%| F|  |TAMS 0x0000000087f00000, 0x0000000087f00000| Untracked 
| 128|0x0000000088000000, 0x0000000088000000, 0x0000000088100000|  0%| F|  |TAMS 0x0000000088000000, 0x0000000088000000| Untracked 
| 129|0x0000000088100000, 0x0000000088100000, 0x0000000088200000|  0%| F|  |TAMS 0x0000000088100000, 0x0000000088100000| Untracked 
| 130|0x0000000088200000, 0x0000000088200000, 0x0000000088300000|  0%| F|  |TAMS 0x0000000088200000, 0x0000000088200000| Untracked 
| 131|0x0000000088300000, 0x0000000088300000, 0x0000000088400000|  0%| F|  |TAMS 0x0000000088300000, 0x0000000088300000| Untracked 
| 132|0x0000000088400000, 0x0000000088400000, 0x0000000088500000|  0%| F|  |TAMS 0x0000000088400000, 0x0000000088400000| Untracked 
| 133|0x0000000088500000, 0x0000000088500000, 0x0000000088600000|  0%| F|  |TAMS 0x0000000088500000, 0x0000000088500000| Untracked 
| 134|0x0000000088600000, 0x0000000088600000, 0x0000000088700000|  0%| F|  |TAMS 0x0000000088600000, 0x0000000088600000| Untracked 
| 135|0x0000000088700000, 0x0000000088700000, 0x0000000088800000|  0%| F|  |TAMS 0x0000000088700000, 0x0000000088700000| Untracked 
| 136|0x0000000088800000, 0x0000000088800000, 0x0000000088900000|  0%| F|  |TAMS 0x0000000088800000, 0x0000000088800000| Untracked 
| 137|0x0000000088900000, 0x0000000088900000, 0x0000000088a00000|  0%| F|  |TAMS 0x0000000088900000, 0x0000000088900000| Untracked 
| 138|0x0000000088a00000, 0x0000000088a00000, 0x0000000088b00000|  0%| F|  |TAMS 0x0000000088a00000, 0x0000000088a00000| Untracked 
| 139|0x0000000088b00000, 0x0000000088b00000, 0x0000000088c00000|  0%| F|  |TAMS 0x0000000088b00000, 0x0000000088b00000| Untracked 
| 140|0x0000000088c00000, 0x0000000088c00000, 0x0000000088d00000|  0%| F|  |TAMS 0x0000000088c00000, 0x0000000088c00000| Untracked 
| 141|0x0000000088d00000, 0x0000000088d00000, 0x0000000088e00000|  0%| F|  |TAMS 0x0000000088d00000, 0x0000000088d00000| Untracked 
| 142|0x0000000088e00000, 0x0000000088e00000, 0x0000000088f00000|  0%| F|  |TAMS 0x0000000088e00000, 0x0000000088e00000| Untracked 
| 143|0x0000000088f00000, 0x0000000088f00000, 0x0000000089000000|  0%| F|  |TAMS 0x0000000088f00000, 0x0000000088f00000| Untracked 
| 144|0x0000000089000000, 0x0000000089000000, 0x0000000089100000|  0%| F|  |TAMS 0x0000000089000000, 0x0000000089000000| Untracked 
| 145|0x0000000089100000, 0x0000000089100000, 0x0000000089200000|  0%| F|  |TAMS 0x0000000089100000, 0x0000000089100000| Untracked 
| 146|0x0000000089200000, 0x0000000089200000, 0x0000000089300000|  0%| F|  |TAMS 0x0000000089200000, 0x0000000089200000| Untracked 
| 147|0x0000000089300000, 0x0000000089300000, 0x0000000089400000|  0%| F|  |TAMS 0x0000000089300000, 0x0000000089300000| Untracked 
| 148|0x0000000089400000, 0x000000008944ba90, 0x0000000089500000| 29%| S|CS|TAMS 0x0000000089400000, 0x0000000089400000| Complete 
| 149|0x0000000089500000, 0x0000000089600000, 0x0000000089600000|100%| S|CS|TAMS 0x0000000089500000, 0x0000000089500000| Complete 
| 150|0x0000000089600000, 0x0000000089700000, 0x0000000089700000|100%| S|CS|TAMS 0x0000000089600000, 0x0000000089600000| Complete 
| 151|0x0000000089700000, 0x0000000089800000, 0x0000000089800000|100%| S|CS|TAMS 0x0000000089700000, 0x0000000089700000| Complete 
| 152|0x0000000089800000, 0x0000000089800000, 0x0000000089900000|  0%| F|  |TAMS 0x0000000089800000, 0x0000000089800000| Untracked 
| 153|0x0000000089900000, 0x0000000089900000, 0x0000000089a00000|  0%| F|  |TAMS 0x0000000089900000, 0x0000000089900000| Untracked 
| 154|0x0000000089a00000, 0x0000000089a00000, 0x0000000089b00000|  0%| F|  |TAMS 0x0000000089a00000, 0x0000000089a00000| Untracked 
| 155|0x0000000089b00000, 0x0000000089b00000, 0x0000000089c00000|  0%| F|  |TAMS 0x0000000089b00000, 0x0000000089b00000| Untracked 
| 156|0x0000000089c00000, 0x0000000089c00000, 0x0000000089d00000|  0%| F|  |TAMS 0x0000000089c00000, 0x0000000089c00000| Untracked 
| 157|0x0000000089d00000, 0x0000000089d00000, 0x0000000089e00000|  0%| F|  |TAMS 0x0000000089d00000, 0x0000000089d00000| Untracked 
| 158|0x0000000089e00000, 0x0000000089e00000, 0x0000000089f00000|  0%| F|  |TAMS 0x0000000089e00000, 0x0000000089e00000| Untracked 
| 159|0x0000000089f00000, 0x0000000089f00000, 0x000000008a000000|  0%| F|  |TAMS 0x0000000089f00000, 0x0000000089f00000| Untracked 
| 160|0x000000008a000000, 0x000000008a000000, 0x000000008a100000|  0%| F|  |TAMS 0x000000008a000000, 0x000000008a000000| Untracked 
| 161|0x000000008a100000, 0x000000008a100000, 0x000000008a200000|  0%| F|  |TAMS 0x000000008a100000, 0x000000008a100000| Untracked 
| 162|0x000000008a200000, 0x000000008a200000, 0x000000008a300000|  0%| F|  |TAMS 0x000000008a200000, 0x000000008a200000| Untracked 
| 163|0x000000008a300000, 0x000000008a300000, 0x000000008a400000|  0%| F|  |TAMS 0x000000008a300000, 0x000000008a300000| Untracked 
| 164|0x000000008a400000, 0x000000008a400000, 0x000000008a500000|  0%| F|  |TAMS 0x000000008a400000, 0x000000008a400000| Untracked 
| 165|0x000000008a500000, 0x000000008a500000, 0x000000008a600000|  0%| F|  |TAMS 0x000000008a500000, 0x000000008a500000| Untracked 
| 166|0x000000008a600000, 0x000000008a600000, 0x000000008a700000|  0%| F|  |TAMS 0x000000008a600000, 0x000000008a600000| Untracked 
| 167|0x000000008a700000, 0x000000008a700000, 0x000000008a800000|  0%| F|  |TAMS 0x000000008a700000, 0x000000008a700000| Untracked 
| 168|0x000000008a800000, 0x000000008a800000, 0x000000008a900000|  0%| F|  |TAMS 0x000000008a800000, 0x000000008a800000| Untracked 
| 169|0x000000008a900000, 0x000000008a900000, 0x000000008aa00000|  0%| F|  |TAMS 0x000000008a900000, 0x000000008a900000| Untracked 
| 170|0x000000008aa00000, 0x000000008aa00000, 0x000000008ab00000|  0%| F|  |TAMS 0x000000008aa00000, 0x000000008aa00000| Untracked 
| 171|0x000000008ab00000, 0x000000008ab00000, 0x000000008ac00000|  0%| F|  |TAMS 0x000000008ab00000, 0x000000008ab00000| Untracked 
| 172|0x000000008ac00000, 0x000000008ac00000, 0x000000008ad00000|  0%| F|  |TAMS 0x000000008ac00000, 0x000000008ac00000| Untracked 
| 173|0x000000008ad00000, 0x000000008ad00000, 0x000000008ae00000|  0%| F|  |TAMS 0x000000008ad00000, 0x000000008ad00000| Untracked 
| 174|0x000000008ae00000, 0x000000008ae00000, 0x000000008af00000|  0%| F|  |TAMS 0x000000008ae00000, 0x000000008ae00000| Untracked 
| 175|0x000000008af00000, 0x000000008af00000, 0x000000008b000000|  0%| F|  |TAMS 0x000000008af00000, 0x000000008af00000| Untracked 
| 176|0x000000008b000000, 0x000000008b000000, 0x000000008b100000|  0%| F|  |TAMS 0x000000008b000000, 0x000000008b000000| Untracked 
| 177|0x000000008b100000, 0x000000008b100000, 0x000000008b200000|  0%| F|  |TAMS 0x000000008b100000, 0x000000008b100000| Untracked 
| 178|0x000000008b200000, 0x000000008b200000, 0x000000008b300000|  0%| F|  |TAMS 0x000000008b200000, 0x000000008b200000| Untracked 
| 179|0x000000008b300000, 0x000000008b300000, 0x000000008b400000|  0%| F|  |TAMS 0x000000008b300000, 0x000000008b300000| Untracked 
| 180|0x000000008b400000, 0x000000008b400000, 0x000000008b500000|  0%| F|  |TAMS 0x000000008b400000, 0x000000008b400000| Untracked 
| 181|0x000000008b500000, 0x000000008b500000, 0x000000008b600000|  0%| F|  |TAMS 0x000000008b500000, 0x000000008b500000| Untracked 
| 182|0x000000008b600000, 0x000000008b600000, 0x000000008b700000|  0%| F|  |TAMS 0x000000008b600000, 0x000000008b600000| Untracked 
| 183|0x000000008b700000, 0x000000008b700000, 0x000000008b800000|  0%| F|  |TAMS 0x000000008b700000, 0x000000008b700000| Untracked 
| 184|0x000000008b800000, 0x000000008b800000, 0x000000008b900000|  0%| F|  |TAMS 0x000000008b800000, 0x000000008b800000| Untracked 
| 185|0x000000008b900000, 0x000000008b900000, 0x000000008ba00000|  0%| F|  |TAMS 0x000000008b900000, 0x000000008b900000| Untracked 
| 186|0x000000008ba00000, 0x000000008ba00000, 0x000000008bb00000|  0%| F|  |TAMS 0x000000008ba00000, 0x000000008ba00000| Untracked 
| 187|0x000000008bb00000, 0x000000008bb00000, 0x000000008bc00000|  0%| F|  |TAMS 0x000000008bb00000, 0x000000008bb00000| Untracked 
| 188|0x000000008bc00000, 0x000000008bc00000, 0x000000008bd00000|  0%| F|  |TAMS 0x000000008bc00000, 0x000000008bc00000| Untracked 
| 189|0x000000008bd00000, 0x000000008bd00000, 0x000000008be00000|  0%| F|  |TAMS 0x000000008bd00000, 0x000000008bd00000| Untracked 
| 190|0x000000008be00000, 0x000000008be00000, 0x000000008bf00000|  0%| F|  |TAMS 0x000000008be00000, 0x000000008be00000| Untracked 
| 191|0x000000008bf00000, 0x000000008bf00000, 0x000000008c000000|  0%| F|  |TAMS 0x000000008bf00000, 0x000000008bf00000| Untracked 
| 192|0x000000008c000000, 0x000000008c000000, 0x000000008c100000|  0%| F|  |TAMS 0x000000008c000000, 0x000000008c000000| Untracked 
| 193|0x000000008c100000, 0x000000008c100000, 0x000000008c200000|  0%| F|  |TAMS 0x000000008c100000, 0x000000008c100000| Untracked 
| 194|0x000000008c200000, 0x000000008c200000, 0x000000008c300000|  0%| F|  |TAMS 0x000000008c200000, 0x000000008c200000| Untracked 
| 195|0x000000008c300000, 0x000000008c300000, 0x000000008c400000|  0%| F|  |TAMS 0x000000008c300000, 0x000000008c300000| Untracked 
| 196|0x000000008c400000, 0x000000008c400000, 0x000000008c500000|  0%| F|  |TAMS 0x000000008c400000, 0x000000008c400000| Untracked 
| 197|0x000000008c500000, 0x000000008c500000, 0x000000008c600000|  0%| F|  |TAMS 0x000000008c500000, 0x000000008c500000| Untracked 
| 198|0x000000008c600000, 0x000000008c600000, 0x000000008c700000|  0%| F|  |TAMS 0x000000008c600000, 0x000000008c600000| Untracked 
| 199|0x000000008c700000, 0x000000008c700000, 0x000000008c800000|  0%| F|  |TAMS 0x000000008c700000, 0x000000008c700000| Untracked 
| 200|0x000000008c800000, 0x000000008c800000, 0x000000008c900000|  0%| F|  |TAMS 0x000000008c800000, 0x000000008c800000| Untracked 
| 201|0x000000008c900000, 0x000000008c900000, 0x000000008ca00000|  0%| F|  |TAMS 0x000000008c900000, 0x000000008c900000| Untracked 
| 202|0x000000008ca00000, 0x000000008ca00000, 0x000000008cb00000|  0%| F|  |TAMS 0x000000008ca00000, 0x000000008ca00000| Untracked 
| 203|0x000000008cb00000, 0x000000008cb00000, 0x000000008cc00000|  0%| F|  |TAMS 0x000000008cb00000, 0x000000008cb00000| Untracked 
| 204|0x000000008cc00000, 0x000000008cc00000, 0x000000008cd00000|  0%| F|  |TAMS 0x000000008cc00000, 0x000000008cc00000| Untracked 
| 205|0x000000008cd00000, 0x000000008cd00000, 0x000000008ce00000|  0%| F|  |TAMS 0x000000008cd00000, 0x000000008cd00000| Untracked 
| 206|0x000000008ce00000, 0x000000008ce00000, 0x000000008cf00000|  0%| F|  |TAMS 0x000000008ce00000, 0x000000008ce00000| Untracked 
| 207|0x000000008cf00000, 0x000000008cf00000, 0x000000008d000000|  0%| F|  |TAMS 0x000000008cf00000, 0x000000008cf00000| Untracked 
| 208|0x000000008d000000, 0x000000008d000000, 0x000000008d100000|  0%| F|  |TAMS 0x000000008d000000, 0x000000008d000000| Untracked 

Card table byte_map: [0x000002155f940000,0x000002155fd40000] _byte_map_base: 0x000002155f540000

Marking Bits (Prev, Next): (CMBitMap*) 0x00000215486dd500, (CMBitMap*) 0x00000215486dd4c0
 Prev Bits: [0x0000021562140000, 0x0000021564140000)
 Next Bits: [0x0000021560140000, 0x0000021562140000)

Polling page: 0x0000021546500000

Metaspace:

Usage:
  Non-class:     82.06 MB used.
      Class:     13.01 MB used.
       Both:     95.07 MB used.

Virtual space:
  Non-class space:      128.00 MB reserved,      82.56 MB ( 65%) committed,  2 nodes.
      Class space:      416.00 MB reserved,      13.50 MB (  3%) committed,  1 nodes.
             Both:      544.00 MB reserved,      96.06 MB ( 18%) committed. 

Chunk freelists:
   Non-Class:  13.33 MB
       Class:  2.54 MB
        Both:  15.86 MB

MaxMetaspaceSize: 512.00 MB
CompressedClassSpaceSize: 416.00 MB
Initial GC threshold: 21.00 MB
Current GC threshold: 159.94 MB
CDS: on
MetaspaceReclaimPolicy: balanced
 - commit_granule_bytes: 65536.
 - commit_granule_words: 8192.
 - virtual_space_node_default_size: 8388608.
 - enlarge_chunks_in_place: 1.
 - new_chunks_are_fully_committed: 0.
 - uncommit_free_chunks: 1.
 - use_allocation_guard: 0.
 - handle_deallocations: 1.


Internal statistics:

num_allocs_failed_limit: 6.
num_arena_births: 1720.
num_arena_deaths: 152.
num_vsnodes_births: 3.
num_vsnodes_deaths: 0.
num_space_committed: 1537.
num_space_uncommitted: 0.
num_chunks_returned_to_freelist: 203.
num_chunks_taken_from_freelist: 5866.
num_chunk_merges: 88.
num_chunk_splits: 3771.
num_chunks_enlarged: 2411.
num_inconsistent_stats: 0.

CodeHeap 'non-profiled nmethods': size=120000Kb used=7681Kb max_used=7891Kb free=112319Kb
 bounds [0x0000021557ce0000, 0x00000215584c0000, 0x000002155f210000]
CodeHeap 'profiled nmethods': size=120000Kb used=22690Kb max_used=22690Kb free=97309Kb
 bounds [0x0000021550210000, 0x0000021551850000, 0x0000021557740000]
CodeHeap 'non-nmethods': size=5760Kb used=1796Kb max_used=1881Kb free=3963Kb
 bounds [0x0000021557740000, 0x00000215579b0000, 0x0000021557ce0000]
 total_blobs=12678 nmethods=11779 adapters=810
 compilation: enabled
              stopped_count=0, restarted_count=0
 full_count=0

Compilation events (20 events):
Event: 82.522 Thread 0x000002156676b2c0 14234   !   2       java.util.Formatter::format (283 bytes)
Event: 82.523 Thread 0x000002156676b2c0 nmethod 14234 0x000002155061a610 code [0x000002155061a8e0, 0x000002155061b228]
Event: 82.523 Thread 0x000002156676b2c0 14237       2       org.objectweb.asm.SymbolTable::addConstantLongOrDouble (109 bytes)
Event: 82.524 Thread 0x000002156676b2c0 nmethod 14237 0x0000021550619e10 code [0x000002155061a000, 0x000002155061a388]
Event: 82.524 Thread 0x000002156676b2c0 14238       3       org.apache.commons.compress.archivers.zip.GeneralPurposeBit::encode (61 bytes)
Event: 82.525 Thread 0x000002156676b2c0 nmethod 14238 0x0000021550619910 code [0x0000021550619ac0, 0x0000021550619d48]
Event: 82.525 Thread 0x000002156676b2c0 14239       3       org.apache.commons.compress.archivers.zip.ZipArchiveOutputStream::getGeneralPurposeBits (39 bytes)
Event: 82.525 Thread 0x000002156676b2c0 nmethod 14239 0x0000021550619310 code [0x00000215506194c0, 0x00000215506197d8]
Event: 82.525 Thread 0x000002156676b2c0 14240       3       org.apache.commons.compress.archivers.zip.ZipArchiveEntry::hashCode (8 bytes)
Event: 82.525 Thread 0x00000215718895f0 nmethod 14221 0x000002155807e110 code [0x000002155807e2c0, 0x000002155807ebd8]
Event: 82.526 Thread 0x000002156676b2c0 nmethod 14240 0x0000021550618e90 code [0x0000021550619040, 0x0000021550619248]
Event: 82.526 Thread 0x00000215718895f0 14228       4       org.objectweb.asm.SymbolTable::addConstantUtf8 (98 bytes)
Event: 82.526 Thread 0x000002156676b2c0 14241       3       org.objectweb.asm.MethodVisitor::visitTryCatchBlock (20 bytes)
Event: 82.526 Thread 0x000002156676b2c0 nmethod 14241 0x0000021550618a10 code [0x0000021550618bc0, 0x0000021550618dc8]
Event: 82.526 Thread 0x000002156676b2c0 14235       2       org.objectweb.asm.ClassReader::readLong (29 bytes)
Event: 82.527 Thread 0x000002156676b2c0 nmethod 14235 0x0000021550618590 code [0x0000021550618740, 0x00000215506188d8]
Event: 82.530 Thread 0x000002156676b2c0 14243       2       org.objectweb.asm.MethodWriter::visitTableSwitchInsn (120 bytes)
Event: 82.530 Thread 0x000002156676b2c0 nmethod 14243 0x0000021550c70990 code [0x0000021550c70ba0, 0x0000021550c70f08]
Event: 82.543 Thread 0x000002156676b2c0 14248   !   3       org.gradle.internal.classpath.transforms.BaseClasspathElementTransform::visitEntry (95 bytes)
Event: 82.545 Thread 0x000002156676b2c0 nmethod 14248 0x0000021550c6ea90 code [0x0000021550c6ee00, 0x0000021550c70188]

GC Heap History (20 events):
Event: 51.784 GC heap after
{Heap after GC invocations=48 (full 0):
 garbage-first heap   total 157696K, used 92062K [0x0000000080000000, 0x0000000100000000)
  region size 1024K, 5 young (5120K), 5 survivors (5120K)
 Metaspace       used 87270K, committed 88256K, reserved 557056K
  class space    used 12242K, committed 12736K, reserved 425984K
}
Event: 52.139 GC heap before
{Heap before GC invocations=49 (full 0):
 garbage-first heap   total 194560K, used 130974K [0x0000000080000000, 0x0000000100000000)
  region size 1024K, 43 young (44032K), 5 survivors (5120K)
 Metaspace       used 87322K, committed 88320K, reserved 557056K
  class space    used 12242K, committed 12736K, reserved 425984K
}
Event: 52.152 GC heap after
{Heap after GC invocations=50 (full 0):
 garbage-first heap   total 194560K, used 92781K [0x0000000080000000, 0x0000000100000000)
  region size 1024K, 4 young (4096K), 4 survivors (4096K)
 Metaspace       used 87322K, committed 88320K, reserved 557056K
  class space    used 12242K, committed 12736K, reserved 425984K
}
Event: 52.187 GC heap before
{Heap before GC invocations=50 (full 0):
 garbage-first heap   total 194560K, used 97901K [0x0000000080000000, 0x0000000100000000)
  region size 1024K, 9 young (9216K), 4 survivors (4096K)
 Metaspace       used 87325K, committed 88320K, reserved 557056K
  class space    used 12242K, committed 12736K, reserved 425984K
}
Event: 52.195 GC heap after
{Heap after GC invocations=51 (full 0):
 garbage-first heap   total 194560K, used 92358K [0x0000000080000000, 0x0000000100000000)
  region size 1024K, 2 young (2048K), 2 survivors (2048K)
 Metaspace       used 87325K, committed 88320K, reserved 557056K
  class space    used 12242K, committed 12736K, reserved 425984K
}
Event: 57.286 GC heap before
{Heap before GC invocations=51 (full 0):
 garbage-first heap   total 194560K, used 161990K [0x0000000080000000, 0x0000000100000000)
  region size 1024K, 70 young (71680K), 2 survivors (2048K)
 Metaspace       used 95376K, committed 96448K, reserved 557056K
  class space    used 13192K, committed 13696K, reserved 425984K
}
Event: 57.301 GC heap after
{Heap after GC invocations=52 (full 0):
 garbage-first heap   total 194560K, used 98207K [0x0000000080000000, 0x0000000100000000)
  region size 1024K, 7 young (7168K), 7 survivors (7168K)
 Metaspace       used 95376K, committed 96448K, reserved 557056K
  class space    used 13192K, committed 13696K, reserved 425984K
}
Event: 80.681 GC heap before
{Heap before GC invocations=53 (full 0):
 garbage-first heap   total 194560K, used 144287K [0x0000000080000000, 0x0000000100000000)
  region size 1024K, 54 young (55296K), 7 survivors (7168K)
 Metaspace       used 96355K, committed 97472K, reserved 557056K
  class space    used 13233K, committed 13760K, reserved 425984K
}
Event: 80.693 GC heap after
{Heap after GC invocations=54 (full 0):
 garbage-first heap   total 194560K, used 100998K [0x0000000080000000, 0x0000000100000000)
  region size 1024K, 3 young (3072K), 3 survivors (3072K)
 Metaspace       used 96355K, committed 97472K, reserved 557056K
  class space    used 13233K, committed 13760K, reserved 425984K
}
Event: 81.302 GC heap before
{Heap before GC invocations=55 (full 0):
 garbage-first heap   total 194560K, used 163462K [0x0000000080000000, 0x0000000100000000)
  region size 1024K, 64 young (65536K), 3 survivors (3072K)
 Metaspace       used 96591K, committed 97664K, reserved 557056K
  class space    used 13258K, committed 13760K, reserved 425984K
}
Event: 81.316 GC heap after
{Heap after GC invocations=56 (full 0):
 garbage-first heap   total 194560K, used 111616K [0x0000000080000000, 0x0000000100000000)
  region size 1024K, 8 young (8192K), 8 survivors (8192K)
 Metaspace       used 96591K, committed 97664K, reserved 557056K
  class space    used 13258K, committed 13760K, reserved 425984K
}
Event: 81.320 GC heap before
{Heap before GC invocations=56 (full 0):
 garbage-first heap   total 194560K, used 112640K [0x0000000080000000, 0x0000000100000000)
  region size 1024K, 9 young (9216K), 8 survivors (8192K)
 Metaspace       used 96596K, committed 97664K, reserved 557056K
  class space    used 13259K, committed 13760K, reserved 425984K
}
Event: 81.329 GC heap after
{Heap after GC invocations=57 (full 0):
 garbage-first heap   total 194560K, used 112736K [0x0000000080000000, 0x0000000100000000)
  region size 1024K, 2 young (2048K), 2 survivors (2048K)
 Metaspace       used 96596K, committed 97664K, reserved 557056K
  class space    used 13259K, committed 13760K, reserved 425984K
}
Event: 81.667 GC heap before
{Heap before GC invocations=57 (full 0):
 garbage-first heap   total 194560K, used 156768K [0x0000000080000000, 0x0000000100000000)
  region size 1024K, 46 young (47104K), 2 survivors (2048K)
 Metaspace       used 97087K, committed 98176K, reserved 557056K
  class space    used 13308K, committed 13824K, reserved 425984K
}
Event: 81.675 GC heap after
{Heap after GC invocations=58 (full 0):
 garbage-first heap   total 194560K, used 117948K [0x0000000080000000, 0x0000000100000000)
  region size 1024K, 6 young (6144K), 6 survivors (6144K)
 Metaspace       used 97087K, committed 98176K, reserved 557056K
  class space    used 13308K, committed 13824K, reserved 425984K
}
Event: 82.249 GC heap before
{Heap before GC invocations=59 (full 0):
 garbage-first heap   total 214016K, used 157884K [0x0000000080000000, 0x0000000100000000)
  region size 1024K, 45 young (46080K), 6 survivors (6144K)
 Metaspace       used 97337K, committed 98368K, reserved 557056K
  class space    used 13319K, committed 13824K, reserved 425984K
}
Event: 82.257 GC heap after
{Heap after GC invocations=60 (full 0):
 garbage-first heap   total 214016K, used 118490K [0x0000000080000000, 0x0000000100000000)
  region size 1024K, 2 young (2048K), 2 survivors (2048K)
 Metaspace       used 97337K, committed 98368K, reserved 557056K
  class space    used 13319K, committed 13824K, reserved 425984K
}
Event: 82.331 GC heap before
{Heap before GC invocations=60 (full 0):
 garbage-first heap   total 214016K, used 126682K [0x0000000080000000, 0x0000000100000000)
  region size 1024K, 10 young (10240K), 2 survivors (2048K)
 Metaspace       used 97337K, committed 98368K, reserved 557056K
  class space    used 13319K, committed 13824K, reserved 425984K
}
Event: 82.334 GC heap after
{Heap after GC invocations=61 (full 0):
 garbage-first heap   total 214016K, used 118058K [0x0000000080000000, 0x0000000100000000)
  region size 1024K, 1 young (1024K), 1 survivors (1024K)
 Metaspace       used 97337K, committed 98368K, reserved 557056K
  class space    used 13319K, committed 13824K, reserved 425984K
}
Event: 82.547 GC heap before
{Heap before GC invocations=61 (full 0):
 garbage-first heap   total 214016K, used 175402K [0x0000000080000000, 0x0000000100000000)
  region size 1024K, 57 young (58368K), 1 survivors (1024K)
 Metaspace       used 97354K, committed 98368K, reserved 557056K
  class space    used 13320K, committed 13824K, reserved 425984K
}

Dll operation events (15 events):
Event: 0.023 Loaded shared library C:\Program Files\Microsoft\jdk-17.0.19.10-hotspot\bin\java.dll
Event: 0.058 Loaded shared library C:\Program Files\Microsoft\jdk-17.0.19.10-hotspot\bin\jsvml.dll
Event: 0.165 Loaded shared library C:\Program Files\Microsoft\jdk-17.0.19.10-hotspot\bin\zip.dll
Event: 0.169 Loaded shared library C:\Program Files\Microsoft\jdk-17.0.19.10-hotspot\bin\instrument.dll
Event: 0.180 Loaded shared library C:\Program Files\Microsoft\jdk-17.0.19.10-hotspot\bin\net.dll
Event: 0.185 Loaded shared library C:\Program Files\Microsoft\jdk-17.0.19.10-hotspot\bin\nio.dll
Event: 0.190 Loaded shared library C:\Program Files\Microsoft\jdk-17.0.19.10-hotspot\bin\zip.dll
Event: 0.487 Loaded shared library C:\Program Files\Microsoft\jdk-17.0.19.10-hotspot\bin\jimage.dll
Event: 0.904 Loaded shared library C:\Program Files\Microsoft\jdk-17.0.19.10-hotspot\bin\verify.dll
Event: 0.963 Loaded shared library E:\GradleCache\native\660c5614fbf4a5f2a75b1949f50a0caf5cd603558e7d8a26e50b933a0cfb79d1\windows-amd64\native-platform.dll
Event: 0.993 Loaded shared library E:\GradleCache\native\0.2.8\x86_64-windows-gnu\gradle-fileevents.dll
Event: 2.703 Loaded shared library C:\Program Files\Microsoft\jdk-17.0.19.10-hotspot\bin\management.dll
Event: 2.709 Loaded shared library C:\Program Files\Microsoft\jdk-17.0.19.10-hotspot\bin\management_ext.dll
Event: 3.171 Loaded shared library C:\Program Files\Microsoft\jdk-17.0.19.10-hotspot\bin\extnet.dll
Event: 3.664 Loaded shared library C:\Program Files\Microsoft\jdk-17.0.19.10-hotspot\bin\sunmscapi.dll

Deoptimization events (20 events):
Event: 82.455 Thread 0x000002156c13d980 DEOPT PACKING pc=0x0000021557fb2660 sp=0x0000003ace8f30a0
Event: 82.455 Thread 0x000002156c13d980 DEOPT UNPACKING pc=0x00000215577969a3 sp=0x0000003ace8f3048 mode 2
Event: 82.456 Thread 0x000002156c13d980 Uncommon trap: trap_request=0xffffffbe fr.pc=0x0000021557fb2660 relative=0x0000000000000da0
Event: 82.456 Thread 0x000002156c13d980 Uncommon trap: reason=profile_predicate action=maybe_recompile pc=0x0000021557fb2660 method=org.objectweb.asm.ByteVector.encodeUtf8(Ljava/lang/String;II)Lorg/objectweb/asm/ByteVector; @ 16 c2
Event: 82.456 Thread 0x000002156c13d980 DEOPT PACKING pc=0x0000021557fb2660 sp=0x0000003ace8f30a0
Event: 82.456 Thread 0x000002156c13d980 DEOPT UNPACKING pc=0x00000215577969a3 sp=0x0000003ace8f3048 mode 2
Event: 82.456 Thread 0x000002156c13d980 Uncommon trap: trap_request=0xffffffbe fr.pc=0x0000021557fb2660 relative=0x0000000000000da0
Event: 82.456 Thread 0x000002156c13d980 Uncommon trap: reason=profile_predicate action=maybe_recompile pc=0x0000021557fb2660 method=org.objectweb.asm.ByteVector.encodeUtf8(Ljava/lang/String;II)Lorg/objectweb/asm/ByteVector; @ 16 c2
Event: 82.456 Thread 0x000002156c13d980 DEOPT PACKING pc=0x0000021557fb2660 sp=0x0000003ace8f30a0
Event: 82.456 Thread 0x000002156c13d980 DEOPT UNPACKING pc=0x00000215577969a3 sp=0x0000003ace8f3048 mode 2
Event: 82.456 Thread 0x000002156d37b760 DEOPT PACKING pc=0x000002155082beef sp=0x0000003ad09fa6a0
Event: 82.456 Thread 0x000002156d37b760 DEOPT UNPACKING pc=0x0000021557797143 sp=0x0000003ad09f9b60 mode 0
Event: 82.457 Thread 0x000002156c13d980 Uncommon trap: trap_request=0xffffffbe fr.pc=0x0000021557fb2660 relative=0x0000000000000da0
Event: 82.457 Thread 0x000002156c13d980 Uncommon trap: reason=profile_predicate action=maybe_recompile pc=0x0000021557fb2660 method=org.objectweb.asm.ByteVector.encodeUtf8(Ljava/lang/String;II)Lorg/objectweb/asm/ByteVector; @ 16 c2
Event: 82.457 Thread 0x000002156c13d980 DEOPT PACKING pc=0x0000021557fb2660 sp=0x0000003ace8f30a0
Event: 82.457 Thread 0x000002156c13d980 DEOPT UNPACKING pc=0x00000215577969a3 sp=0x0000003ace8f3048 mode 2
Event: 82.472 Thread 0x000002156c13d980 Uncommon trap: trap_request=0xffffff45 fr.pc=0x0000021557fb3e08 relative=0x0000000000000d88
Event: 82.472 Thread 0x000002156c13d980 Uncommon trap: reason=unstable_if action=reinterpret pc=0x0000021557fb3e08 method=org.objectweb.asm.SymbolTable.addConstantUtf8(Ljava/lang/String;)I @ 40 c2
Event: 82.472 Thread 0x000002156c13d980 DEOPT PACKING pc=0x0000021557fb3e08 sp=0x0000003ace8f2fb0
Event: 82.472 Thread 0x000002156c13d980 DEOPT UNPACKING pc=0x00000215577969a3 sp=0x0000003ace8f2f80 mode 2

Classes loaded (20 events):
Event: 56.997 Loading class sun/security/ssl/SSLEngineOutputRecord
Event: 56.998 Loading class sun/security/ssl/SSLEngineOutputRecord done
Event: 56.998 Loading class sun/security/ssl/SSLEngineOutputRecord$HandshakeFragment
Event: 56.999 Loading class sun/security/ssl/SSLEngineOutputRecord$HandshakeFragment done
Event: 56.999 Loading class sun/security/ssl/SSLEngineOutputRecord$HandshakeMemo
Event: 56.999 Loading class sun/security/ssl/SSLEngineOutputRecord$RecordMemo
Event: 56.999 Loading class sun/security/ssl/SSLEngineOutputRecord$RecordMemo done
Event: 56.999 Loading class sun/security/ssl/SSLEngineOutputRecord$HandshakeMemo done
Event: 57.275 Loading class sun/security/ssl/PreSharedKeyExtension$SHPreSharedKeySpec
Event: 57.275 Loading class sun/security/ssl/PreSharedKeyExtension$SHPreSharedKeySpec done
Event: 60.201 Loading class java/util/concurrent/locks/ReentrantReadWriteLock$Sync$HoldCounter
Event: 60.201 Loading class java/util/concurrent/locks/ReentrantReadWriteLock$Sync$HoldCounter done
Event: 80.244 Loading class java/util/zip/ZipInputStream
Event: 80.244 Loading class java/util/zip/ZipInputStream done
Event: 81.337 Loading class java/util/Collections$UnmodifiableSortedMap
Event: 81.337 Loading class java/util/Collections$UnmodifiableSortedMap done
Event: 81.343 Loading class java/util/zip/Deflater
Event: 81.344 Loading class java/util/zip/Deflater done
Event: 81.345 Loading class java/util/zip/Deflater$DeflaterZStreamRef
Event: 81.345 Loading class java/util/zip/Deflater$DeflaterZStreamRef done

Classes unloaded (20 events):
Event: 27.275 Thread 0x0000021566748430 Unloading class 0x00000215016c8c00 'java/lang/invoke/LambdaForm$MH+0x00000215016c8c00'
Event: 27.275 Thread 0x0000021566748430 Unloading class 0x00000215016c8800 'java/lang/invoke/LambdaForm$MH+0x00000215016c8800'
Event: 27.275 Thread 0x0000021566748430 Unloading class 0x00000215016c8400 'java/lang/invoke/LambdaForm$MH+0x00000215016c8400'
Event: 27.275 Thread 0x0000021566748430 Unloading class 0x00000215016c8000 'java/lang/invoke/LambdaForm$MH+0x00000215016c8000'
Event: 32.529 Thread 0x0000021566748430 Unloading class 0x00000215017e9770 '_BuildScript_$_run_closure2'
Event: 32.529 Thread 0x0000021566748430 Unloading class 0x00000215017e9388 '_BuildScript_$_run_closure1$_closure5'
Event: 32.529 Thread 0x0000021566748430 Unloading class 0x00000215017e8fa0 '_BuildScript_$_run_closure1$_closure4$_closure7'
Event: 32.529 Thread 0x0000021566748430 Unloading class 0x00000215017e8bb8 '_BuildScript_$_run_closure1$_closure4$_closure6'
Event: 32.529 Thread 0x0000021566748430 Unloading class 0x00000215017e87d0 '_BuildScript_$_run_closure1$_closure4'
Event: 32.529 Thread 0x0000021566748430 Unloading class 0x00000215017e83e8 '_BuildScript_$_run_closure1$_closure3'
Event: 32.529 Thread 0x0000021566748430 Unloading class 0x00000215017e8000 '_BuildScript_$_run_closure1'
Event: 32.529 Thread 0x0000021566748430 Unloading class 0x00000215017e0000 '_BuildScript_'
Event: 81.833 Thread 0x0000021566748430 Unloading class 0x0000021501c99000 '_BuildScript_$_getKspVersion_closure2'
Event: 81.833 Thread 0x0000021566748430 Unloading class 0x0000021501c93c00 '_BuildScript_$_run_closure1'
Event: 81.833 Thread 0x0000021566748430 Unloading class 0x0000021501c98800 '_BuildScript_'
Event: 81.833 Thread 0x0000021566748430 Unloading class 0x0000021501c98000 '_BuildScript_'
Event: 81.833 Thread 0x0000021566748430 Unloading class 0x0000021501c917d0 '_BuildScript_$_run_closure1$_closure3'
Event: 81.834 Thread 0x0000021566748430 Unloading class 0x0000021501c913e8 '_BuildScript_$_run_closure1$_closure2'
Event: 81.834 Thread 0x0000021566748430 Unloading class 0x0000021501c91000 '_BuildScript_$_run_closure1'
Event: 81.834 Thread 0x0000021566748430 Unloading class 0x0000021501c90800 '_BuildScript_'

Classes redefined (0 events):
No events

Internal exceptions (20 events):
Event: 82.035 Thread 0x000002156da50620 Exception <a 'sun/nio/fs/WindowsException'{0x000000008c6b55c8}> (0x000000008c6b55c8) 
thrown [s\src\hotspot\share\prims\jni.cpp, line 516]
Event: 82.038 Thread 0x000002156da50620 Exception <a 'java/io/FileNotFoundException'{0x000000008c6bb370}> (0x000000008c6bb370) 
thrown [s\src\hotspot\share\prims\jni.cpp, line 516]
Event: 82.043 Thread 0x000002156da50620 Exception <a 'sun/nio/fs/WindowsException'{0x000000008c505f78}> (0x000000008c505f78) 
thrown [s\src\hotspot\share\prims\jni.cpp, line 516]
Event: 82.066 Thread 0x000002156da51040 Exception <a 'sun/nio/fs/WindowsException'{0x000000008c4e5678}> (0x000000008c4e5678) 
thrown [s\src\hotspot\share\prims\jni.cpp, line 516]
Event: 82.069 Thread 0x000002156da51040 Exception <a 'java/io/FileNotFoundException'{0x000000008c4eb428}> (0x000000008c4eb428) 
thrown [s\src\hotspot\share\prims\jni.cpp, line 516]
Event: 82.080 Thread 0x000002156da51040 Exception <a 'sun/nio/fs/WindowsException'{0x000000008c3ae240}> (0x000000008c3ae240) 
thrown [s\src\hotspot\share\prims\jni.cpp, line 516]
Event: 82.082 Thread 0x000002156da51040 Exception <a 'java/io/FileNotFoundException'{0x000000008c3b4008}> (0x000000008c3b4008) 
thrown [s\src\hotspot\share\prims\jni.cpp, line 516]
Event: 82.087 Thread 0x000002156da51040 Exception <a 'sun/nio/fs/WindowsException'{0x000000008c2503a8}> (0x000000008c2503a8) 
thrown [s\src\hotspot\share\prims\jni.cpp, line 516]
Event: 82.139 Thread 0x000002156da50620 Exception <a 'sun/nio/fs/WindowsException'{0x000000008be48f70}> (0x000000008be48f70) 
thrown [s\src\hotspot\share\prims\jni.cpp, line 516]
Event: 82.145 Thread 0x000002156da50620 Exception <a 'java/io/FileNotFoundException'{0x000000008be4ed40}> (0x000000008be4ed40) 
thrown [s\src\hotspot\share\prims\jni.cpp, line 516]
Event: 82.146 Thread 0x000002156da51040 Exception <a 'sun/nio/fs/WindowsException'{0x000000008bef2ff8}> (0x000000008bef2ff8) 
thrown [s\src\hotspot\share\prims\jni.cpp, line 516]
Event: 82.224 Thread 0x000002156da51040 Exception <a 'java/io/FileNotFoundException'{0x000000008bef8dc8}> (0x000000008bef8dc8) 
thrown [s\src\hotspot\share\prims\jni.cpp, line 516]
Event: 82.383 Thread 0x000002156da51550 Exception <a 'sun/nio/fs/WindowsException'{0x000000008cb08aa8}> (0x000000008cb08aa8) 
thrown [s\src\hotspot\share\prims\jni.cpp, line 516]
Event: 82.386 Thread 0x000002156da51550 Exception <a 'java/io/FileNotFoundException'{0x000000008cb0c880}> (0x000000008cb0c880) 
thrown [s\src\hotspot\share\prims\jni.cpp, line 516]
Event: 82.387 Thread 0x000002156c13d980 Exception <a 'sun/nio/fs/WindowsException'{0x000000008cb1d338}> (0x000000008cb1d338) 
thrown [s\src\hotspot\share\prims\jni.cpp, line 516]
Event: 82.389 Thread 0x000002156c13d980 Exception <a 'java/io/FileNotFoundException'{0x000000008cb243b8}> (0x000000008cb243b8) 
thrown [s\src\hotspot\share\prims\jni.cpp, line 516]
Event: 82.391 Thread 0x000002156da51550 Exception <a 'sun/nio/fs/WindowsException'{0x000000008cb55fe0}> (0x000000008cb55fe0) 
thrown [s\src\hotspot\share\prims\jni.cpp, line 516]
Event: 82.393 Thread 0x000002156c13d980 Exception <a 'sun/nio/fs/WindowsException'{0x000000008cb2dae0}> (0x000000008cb2dae0) 
thrown [s\src\hotspot\share\prims\jni.cpp, line 516]
Event: 82.398 Thread 0x000002156da50b30 Exception <a 'sun/nio/fs/WindowsException'{0x000000008c740b80}> (0x000000008c740b80) 
thrown [s\src\hotspot\share\prims\jni.cpp, line 516]
Event: 82.400 Thread 0x000002156da50b30 Exception <a 'java/io/FileNotFoundException'{0x000000008c746960}> (0x000000008c746960) 
thrown [s\src\hotspot\share\prims\jni.cpp, line 516]

VM Operations (20 events):
Event: 81.329 Executing VM operation: G1CollectForAllocation done
Event: 81.339 Executing VM operation: HandshakeAllThreads
Event: 81.340 Executing VM operation: HandshakeAllThreads done
Event: 81.396 Executing VM operation: HandshakeAllThreads
Event: 81.397 Executing VM operation: HandshakeAllThreads done
Event: 81.667 Executing VM operation: G1CollectForAllocation
Event: 81.675 Executing VM operation: G1CollectForAllocation done
Event: 81.833 Executing VM operation: G1PauseRemark
Event: 81.851 Executing VM operation: G1PauseRemark done
Event: 81.903 Executing VM operation: G1PauseCleanup
Event: 81.907 Executing VM operation: G1PauseCleanup done
Event: 81.970 Executing VM operation: HandshakeAllThreads
Event: 81.971 Executing VM operation: HandshakeAllThreads done
Event: 81.973 Executing VM operation: HandshakeAllThreads
Event: 81.973 Executing VM operation: HandshakeAllThreads done
Event: 82.248 Executing VM operation: G1CollectForAllocation
Event: 82.257 Executing VM operation: G1CollectForAllocation done
Event: 82.331 Executing VM operation: G1CollectForAllocation
Event: 82.334 Executing VM operation: G1CollectForAllocation done
Event: 82.546 Executing VM operation: G1CollectForAllocation

Memory protections (0 events):
No events

Nmethod flushes (20 events):
Event: 80.702 Thread 0x000002156676bbd0 flushing  nmethod 0x0000021551560a10
Event: 80.702 Thread 0x000002156676bbd0 flushing  nmethod 0x0000021551562110
Event: 80.702 Thread 0x000002156676bbd0 flushing  nmethod 0x0000021551570810
Event: 80.702 Thread 0x000002156676bbd0 flushing  nmethod 0x0000021551599790
Event: 80.702 Thread 0x000002156676bbd0 flushing  nmethod 0x00000215515a1190
Event: 80.702 Thread 0x000002156676bbd0 flushing  nmethod 0x00000215515a3690
Event: 80.702 Thread 0x000002156676bbd0 flushing  nmethod 0x00000215515c8710
Event: 80.702 Thread 0x000002156676bbd0 flushing  nmethod 0x00000215515cb310
Event: 80.703 Thread 0x000002156676bbd0 flushing  nmethod 0x0000021551618990
Event: 80.703 Thread 0x000002156676bbd0 flushing  nmethod 0x0000021551629590
Event: 80.703 Thread 0x000002156676bbd0 flushing  nmethod 0x000002155167cf10
Event: 80.703 Thread 0x000002156676bbd0 flushing  nmethod 0x0000021551687e10
Event: 80.703 Thread 0x000002156676bbd0 flushing  nmethod 0x000002155169c790
Event: 80.705 Thread 0x000002156676bbd0 flushing  nmethod 0x0000021551718790
Event: 80.705 Thread 0x000002156676bbd0 flushing  nmethod 0x000002155173ed10
Event: 80.705 Thread 0x000002156676bbd0 flushing  nmethod 0x000002155173f510
Event: 80.705 Thread 0x000002156676bbd0 flushing  nmethod 0x0000021551755190
Event: 80.707 Thread 0x000002156676bbd0 flushing  nmethod 0x00000215517e1710
Event: 80.707 Thread 0x000002156676bbd0 flushing  nmethod 0x0000021551800310
Event: 80.707 Thread 0x000002156676bbd0 flushing  nmethod 0x0000021551800690

Events (20 events):
Event: 58.448 Thread 0x000002156c13d980 Thread added: 0x000002156b0da6b0
Event: 58.450 Thread 0x000002156c13d980 Thread added: 0x000002156b0d6f00
Event: 58.783 Thread 0x00000215718890a0 Thread exited: 0x00000215718890a0
Event: 58.783 Thread 0x000002157188cb10 Thread exited: 0x000002157188cb10
Event: 59.340 Thread 0x000002156c13d980 Thread added: 0x000002156b0dabc0
Event: 59.340 Thread 0x000002156c13d980 Thread added: 0x000002156b0db0d0
Event: 59.486 Thread 0x000002156c13d980 Thread added: 0x000002156b0db5e0
Event: 59.486 Thread 0x000002156c13d980 Thread added: 0x000002156b0dbaf0
Event: 59.914 Thread 0x000002156676b2c0 Thread added: 0x000002157188c070
Event: 60.041 Thread 0x000002156c13d980 Thread added: 0x000002156b0dc000
Event: 60.042 Thread 0x000002156c13d980 Thread added: 0x000002156b0dc510
Event: 60.110 Thread 0x000002156c13d980 Thread added: 0x000002156b0dca20
Event: 60.111 Thread 0x000002156c13d980 Thread added: 0x000002156e4724c0
Event: 60.768 Thread 0x000002157188c070 Thread exited: 0x000002157188c070
Event: 60.845 Thread 0x000002156676b2c0 Thread added: 0x00000215718890a0
Event: 61.174 Thread 0x00000215718890a0 Thread exited: 0x00000215718890a0
Event: 61.796 Thread 0x000002156676b2c0 Thread added: 0x000002157188b5d0
Event: 62.019 Thread 0x000002157188b5d0 Thread exited: 0x000002157188b5d0
Event: 80.252 Thread 0x000002156676a9b0 Thread added: 0x00000215718895f0
Event: 80.252 Thread 0x000002156676a9b0 Thread added: 0x000002157188b5d0


Dynamic libraries:
0x00007ff706b70000 - 0x00007ff706b7e000 	C:\Program Files\Microsoft\jdk-17.0.19.10-hotspot\bin\java.exe
0x00007ffbdf140000 - 0x00007ffbdf3a6000 	C:\WINDOWS\SYSTEM32\ntdll.dll
0x00007ffbdd970000 - 0x00007ffbdda39000 	C:\WINDOWS\System32\KERNEL32.DLL
0x00007ffbdc900000 - 0x00007ffbdccfe000 	C:\WINDOWS\System32\KERNELBASE.dll
0x00007ffbdcd10000 - 0x00007ffbdce5c000 	C:\WINDOWS\System32\ucrtbase.dll
0x00007ffba29f0000 - 0x00007ffba2a08000 	C:\Program Files\Microsoft\jdk-17.0.19.10-hotspot\bin\jli.dll
0x00007ffba22a0000 - 0x00007ffba22be000 	C:\Program Files\Microsoft\jdk-17.0.19.10-hotspot\bin\VCRUNTIME140.dll
0x00007ffbde5f0000 - 0x00007ffbde7b7000 	C:\WINDOWS\System32\USER32.dll
0x00007ffbbebb0000 - 0x00007ffbbee42000 	C:\WINDOWS\WinSxS\amd64_microsoft.windows.common-controls_6595b64144ccf1df_6.0.26100.8875_none_3e0d5d42e32fe9dd\COMCTL32.dll
0x00007ffbdc8d0000 - 0x00007ffbdc8f7000 	C:\WINDOWS\System32\win32u.dll
0x00007ffbde330000 - 0x00007ffbde3d9000 	C:\WINDOWS\System32\msvcrt.dll
0x00007ffbde1f0000 - 0x00007ffbde21b000 	C:\WINDOWS\System32\GDI32.dll
0x00007ffbdc420000 - 0x00007ffbdc54a000 	C:\WINDOWS\System32\gdi32full.dll
0x00007ffbdc790000 - 0x00007ffbdc833000 	C:\WINDOWS\System32\msvcp_win.dll
0x00007ffbdd930000 - 0x00007ffbdd962000 	C:\WINDOWS\System32\IMM32.DLL
0x00007ffbbbf60000 - 0x00007ffbbbf6c000 	C:\Program Files\Microsoft\jdk-17.0.19.10-hotspot\bin\vcruntime140_1.dll
0x00007ffb94b90000 - 0x00007ffb94c19000 	C:\Program Files\Microsoft\jdk-17.0.19.10-hotspot\bin\msvcp140.dll
0x00007ffb8f890000 - 0x00007ffb9050b000 	C:\Program Files\Microsoft\jdk-17.0.19.10-hotspot\bin\server\jvm.dll
0x00007ffbde270000 - 0x00007ffbde327000 	C:\WINDOWS\System32\ADVAPI32.dll
0x00007ffbdd710000 - 0x00007ffbdd7ba000 	C:\WINDOWS\System32\sechost.dll
0x00007ffbdd4c0000 - 0x00007ffbdd5d8000 	C:\WINDOWS\System32\RPCRT4.dll
0x00007ffbdeb80000 - 0x00007ffbdec00000 	C:\WINDOWS\System32\WS2_32.dll
0x00007ffbdc1e0000 - 0x00007ffbdc23e000 	C:\WINDOWS\SYSTEM32\POWRPROF.dll
0x00007ffbd4850000 - 0x00007ffbd485b000 	C:\WINDOWS\SYSTEM32\VERSION.dll
0x00007ffbc0f60000 - 0x00007ffbc0f96000 	C:\WINDOWS\SYSTEM32\WINMM.dll
0x00007ffbdc1c0000 - 0x00007ffbdc1d4000 	C:\WINDOWS\SYSTEM32\UMPDC.dll
0x00007ffbdb000000 - 0x00007ffbdb01b000 	C:\WINDOWS\SYSTEM32\kernel.appcore.dll
0x00007ffbbb050000 - 0x00007ffbbb05a000 	C:\Program Files\Microsoft\jdk-17.0.19.10-hotspot\bin\jimage.dll
0x00007ffbd9a00000 - 0x00007ffbd9c42000 	C:\WINDOWS\SYSTEM32\DBGHELP.DLL
0x00007ffbdecb0000 - 0x00007ffbdf033000 	C:\WINDOWS\System32\combase.dll
0x00007ffbdeaa0000 - 0x00007ffbdeb79000 	C:\WINDOWS\System32\OLEAUT32.dll
0x00007ffbd6870000 - 0x00007ffbd68ab000 	C:\WINDOWS\SYSTEM32\dbgcore.DLL
0x00007ffbdc360000 - 0x00007ffbdc40c000 	C:\WINDOWS\System32\bcryptPrimitives.dll
0x00007ffbb1ea0000 - 0x00007ffbb1eaf000 	C:\Program Files\Microsoft\jdk-17.0.19.10-hotspot\bin\instrument.dll
0x00007ffba1880000 - 0x00007ffba18a6000 	C:\Program Files\Microsoft\jdk-17.0.19.10-hotspot\bin\java.dll
0x00007ffb92130000 - 0x00007ffb92206000 	C:\Program Files\Microsoft\jdk-17.0.19.10-hotspot\bin\jsvml.dll
0x00007ffbdda50000 - 0x00007ffbde1e2000 	C:\WINDOWS\System32\SHELL32.dll
0x00007ffbd9de0000 - 0x00007ffbda672000 	C:\WINDOWS\SYSTEM32\windows.storage.dll
0x00007ffbdd330000 - 0x00007ffbdd427000 	C:\WINDOWS\System32\SHCORE.dll
0x00007ffbde3e0000 - 0x00007ffbde447000 	C:\WINDOWS\System32\shlwapi.dll
0x00007ffbdc280000 - 0x00007ffbdc2a9000 	C:\WINDOWS\SYSTEM32\profapi.dll
0x00007ffba13a0000 - 0x00007ffba13b8000 	C:\Program Files\Microsoft\jdk-17.0.19.10-hotspot\bin\zip.dll
0x00007ffba1440000 - 0x00007ffba145b000 	C:\Program Files\Microsoft\jdk-17.0.19.10-hotspot\bin\net.dll
0x00007ffbd3700000 - 0x00007ffbd3827000 	C:\WINDOWS\SYSTEM32\WINHTTP.dll
0x00007ffbdb590000 - 0x00007ffbdb5fc000 	C:\WINDOWS\system32\mswsock.dll
0x00007ffba13c0000 - 0x00007ffba13d6000 	C:\Program Files\Microsoft\jdk-17.0.19.10-hotspot\bin\nio.dll
0x00007ffbb4a10000 - 0x00007ffbb4a20000 	C:\Program Files\Microsoft\jdk-17.0.19.10-hotspot\bin\verify.dll
0x00007ffba17e0000 - 0x00007ffba1807000 	E:\GradleCache\native\660c5614fbf4a5f2a75b1949f50a0caf5cd603558e7d8a26e50b933a0cfb79d1\windows-amd64\native-platform.dll
0x00007ffba15c0000 - 0x00007ffba1637000 	E:\GradleCache\native\0.2.8\x86_64-windows-gnu\gradle-fileevents.dll
0x00007ffbba530000 - 0x00007ffbba53a000 	C:\Program Files\Microsoft\jdk-17.0.19.10-hotspot\bin\management.dll
0x00007ffbb78e0000 - 0x00007ffbb78ec000 	C:\Program Files\Microsoft\jdk-17.0.19.10-hotspot\bin\management_ext.dll
0x00007ffbdce90000 - 0x00007ffbdce98000 	C:\WINDOWS\System32\PSAPI.DLL
0x00007ffbda9b0000 - 0x00007ffbda9e3000 	C:\WINDOWS\SYSTEM32\IPHLPAPI.DLL
0x00007ffbdda40000 - 0x00007ffbdda4a000 	C:\WINDOWS\System32\NSI.dll
0x00007ffbd67d0000 - 0x00007ffbd67ed000 	C:\WINDOWS\SYSTEM32\dhcpcsvc6.DLL
0x00007ffbd2dd0000 - 0x00007ffbd2df5000 	C:\WINDOWS\SYSTEM32\dhcpcsvc.DLL
0x00007ffbda9f0000 - 0x00007ffbdab46000 	C:\WINDOWS\SYSTEM32\DNSAPI.dll
0x00007ffbdb3b0000 - 0x00007ffbdb3bd000 	C:\WINDOWS\SYSTEM32\DSPARSE.dll
0x00007ffbb32e0000 - 0x00007ffbb32e9000 	C:\Program Files\Microsoft\jdk-17.0.19.10-hotspot\bin\extnet.dll
0x00007ffbdb9c0000 - 0x00007ffbdb9db000 	C:\WINDOWS\SYSTEM32\CRYPTSP.dll
0x00007ffbdaf60000 - 0x00007ffbdaf99000 	C:\WINDOWS\system32\rsaenh.dll
0x00007ffbdb650000 - 0x00007ffbdb682000 	C:\WINDOWS\SYSTEM32\USERENV.dll
0x00007ffbdc250000 - 0x00007ffbdc27a000 	C:\WINDOWS\SYSTEM32\bcrypt.dll
0x00007ffbdb800000 - 0x00007ffbdb80c000 	C:\WINDOWS\SYSTEM32\CRYPTBASE.dll
0x00007ffba80b0000 - 0x00007ffba80be000 	C:\Program Files\Microsoft\jdk-17.0.19.10-hotspot\bin\sunmscapi.dll
0x00007ffbdc550000 - 0x00007ffbdc6c8000 	C:\WINDOWS\System32\CRYPT32.dll
0x00007ffbdbb30000 - 0x00007ffbdbb60000 	C:\WINDOWS\SYSTEM32\ncrypt.dll
0x00007ffbdbae0000 - 0x00007ffbdbb1f000 	C:\WINDOWS\SYSTEM32\NTASN1.dll
0x00007ffbd4db0000 - 0x00007ffbd4db8000 	C:\WINDOWS\system32\wshunix.dll
0x00007ffbd3b40000 - 0x00007ffbd3b4b000 	C:\Windows\System32\rasadhlp.dll
0x00007ffbd2350000 - 0x00007ffbd23d6000 	C:\WINDOWS\System32\fwpuclnt.dll

dbghelp: loaded successfully - version: 4.0.5 - missing functions: none
symbol engine: initialized successfully - sym options: 0x614 - pdb path: .;C:\Program Files\Microsoft\jdk-17.0.19.10-hotspot\bin;C:\WINDOWS\SYSTEM32;C:\WINDOWS\WinSxS\amd64_microsoft.windows.common-controls_6595b64144ccf1df_6.0.26100.8875_none_3e0d5d42e32fe9dd;C:\Program Files\Microsoft\jdk-17.0.19.10-hotspot\bin\server;E:\GradleCache\native\660c5614fbf4a5f2a75b1949f50a0caf5cd603558e7d8a26e50b933a0cfb79d1\windows-amd64;E:\GradleCache\native\0.2.8\x86_64-windows-gnu

VM Arguments:
jvm_args: --add-opens=java.base/java.lang=ALL-UNNAMED --add-opens=java.base/java.lang.invoke=ALL-UNNAMED --add-opens=java.base/java.util=ALL-UNNAMED --add-opens=java.prefs/java.util.prefs=ALL-UNNAMED --add-exports=jdk.compiler/com.sun.tools.javac.api=ALL-UNNAMED --add-exports=jdk.compiler/com.sun.tools.javac.util=ALL-UNNAMED --add-opens=java.base/java.nio.charset=ALL-UNNAMED --add-opens=java.base/java.net=ALL-UNNAMED --add-opens=java.base/java.util.concurrent=ALL-UNNAMED --add-opens=java.base/java.util.concurrent.atomic=ALL-UNNAMED --add-opens=java.xml/javax.xml.namespace=ALL-UNNAMED --add-opens=java.base/java.time=ALL-UNNAMED -XX:MaxMetaspaceSize=512m -Xmx2048m -Dfile.encoding=windows-1252 -Duser.country=US -Duser.language=en -Duser.variant -javaagent:E:\GradleCache\wrapper\dists\gradle-9.6.1-all\4xnwe4ed5w7qqynisxnnvegss\gradle-9.6.1\lib\agents\gradle-instrumentation-agent-9.6.1.jar 
java_command: org.gradle.launcher.daemon.bootstrap.GradleDaemon 9.6.1
java_class_path (initial): E:\GradleCache\wrapper\dists\gradle-9.6.1-all\4xnwe4ed5w7qqynisxnnvegss\gradle-9.6.1\lib\gradle-daemon-main-9.6.1.jar
Launcher Type: SUN_STANDARD

[Global flags]
     intx CICompilerCount                          = 4                                         {product} {ergonomic}
   size_t CompressedClassSpaceSize                 = 436207616                                 {product} {ergonomic}
     uint ConcGCThreads                            = 2                                         {product} {ergonomic}
     uint G1ConcRefinementThreads                  = 8                                         {product} {ergonomic}
   size_t G1HeapRegionSize                         = 1048576                                   {product} {ergonomic}
    uintx GCDrainStackTargetSize                   = 64                                        {product} {ergonomic}
   size_t InitialHeapSize                          = 132120576                                 {product} {ergonomic}
   size_t MarkStackSize                            = 4194304                                   {product} {ergonomic}
   size_t MaxHeapSize                              = 2147483648                                {product} {command line}
   size_t MaxMetaspaceSize                         = 536870912                                 {product} {command line}
   size_t MaxNewSize                               = 1287651328                                {product} {ergonomic}
   size_t MinHeapDeltaBytes                        = 1048576                                   {product} {ergonomic}
   size_t MinHeapSize                              = 8388608                                   {product} {ergonomic}
    uintx NonNMethodCodeHeapSize                   = 5839372                                {pd product} {ergonomic}
    uintx NonProfiledCodeHeapSize                  = 122909434                              {pd product} {ergonomic}
    uintx ProfiledCodeHeapSize                     = 122909434                              {pd product} {ergonomic}
    uintx ReservedCodeCacheSize                    = 251658240                              {pd product} {ergonomic}
     bool SegmentedCodeCache                       = true                                      {product} {ergonomic}
   size_t SoftMaxHeapSize                          = 2147483648                             {manageable} {ergonomic}
     bool UseCompressedClassPointers               = true                           {product lp64_product} {ergonomic}
     bool UseCompressedOops                        = true                           {product lp64_product} {ergonomic}
     bool UseG1GC                                  = true                                      {product} {ergonomic}
     bool UseLargePagesIndividualAllocation        = false                                  {pd product} {ergonomic}

Logging:
Log output configuration:
 #0: stdout all=warning uptime,level,tags
 #1: stderr all=off uptime,level,tags

Environment Variables:
JAVA_HOME=C:\Program Files\Microsoft\jdk-17.0.19.10-hotspot
CLASSPATH=E:\travel-web\Mobile\android\\gradle\wrapper\gradle-wrapper.jar
PATH=C:\Program Files\Microsoft\jdk-17.0.19.10-hotspot\bin;C:\Oracle\dbhomeXE\bin;C:\Program Files\Common Files\Oracle\Java\javapath;C:\Program Files (x86)\Common Files\Oracle\Java\javapath;C:\WINDOWS\system32;C:\WINDOWS;C:\WINDOWS\System32\Wbem;C:\WINDOWS\System32\WindowsPowerShell\v1.0\;C:\WINDOWS\System32\OpenSSH\;C:\Program Files\MySQL\MySQL Server 8.0\bin;C:\Program Files\nodejs\;C:\Program Files\Java\jdk-25\bin;C:\Program Files (x86)\Microsoft SQL Server\170\Tools\Binn\;C:\Program Files\Microsoft SQL Server\170\Tools\Binn\;C:\Program Files\Microsoft SQL Server\Client SDK\ODBC\180\Tools\Binn\;C:\Program Files\Microsoft SQL Server\170\DTS\Binn\;C:\Program Files\Git\cmd;E:\Android\cmdline-tools\latest\bin;E:\Android\platform-tools;E:\Android\gradle-8.6\gradle-8.6\bin;C:\Program Files\Microsoft\jdk-17.0.19.10-hotspot\bin;C:\Oracle\dbhomeXE\bin;C:\Program Files\Common Files\Oracle\Java\javapath;C:\Program Files (x86)\Common Files\Oracle\Java\javapath;C:\WINDOWS\system32;C:\WINDOWS;C:\WINDOWS\System32\Wbem;C:\WINDOWS\System32\WindowsPowerShell\v1.0\;C:\WINDOWS\System32\OpenSSH\;C:\Program Files\MySQL\MySQL Server 8.0\bin;C:\Program Files\nodejs\;C:\Program Files\Java\jdk-25\bin;C:\Program Files (x86)\Microsoft SQL Server\170\Tools\Binn\;C:\Program Files\Microsoft SQL Server\170\Tools\Binn\;C:\Program Files\Microsoft SQL Server\Client SDK\ODBC\180\Tools\Binn\;C:\Program Files\Microsoft SQL Server\170\DTS\Binn\;C:\Program Files\Git\cmd;E:\Android\cmdline-tools\latest\bin;E:\Android\platform-tools;C:\Users\Hp\AppData\Local\Programs\Python\Launcher\;C:\Users\Hp\AppData\Local\Microsoft\WindowsApps;C:\Users\Hp\AppData\Local\Programs\Microsoft VS Code\bin;C:\Users\Hp\AppData\Roaming\npm;C:\Users\Hp\AppData\Roaming\Microsoft\Windows\Start Menu\Programs\Python 3.13;C:\Users\Hp\AppDat
USERNAME=Hp
OS=Windows_NT
PROCESSOR_IDENTIFIER=Intel64 Family 6 Model 142 Stepping 12, GenuineIntel
TMP=C:\Users\Hp\AppData\Local\Temp
TEMP=C:\Users\Hp\AppData\Local\Temp



Periodic native trim disabled


---------------  S Y S T E M  ---------------

OS:
 Windows 11 , 64 bit Build 26100 (10.0.26100.8875)
OS uptime: 1 days 4:44 hours
Hyper-V role detected

CPU: total 8 (initial active 8) (4 cores per cpu, 2 threads per core) family 6 model 142 stepping 12 microcode 0xfa, cx8, cmov, fxsr, ht, mmx, 3dnowpref, sse, sse2, sse3, ssse3, sse4.1, sse4.2, popcnt, lzcnt, tsc, tscinvbit, avx, avx2, aes, erms, clmul, bmi1, bmi2, adx, fma, vzeroupper, clflush, clflushopt, hv
Processor Information for the first 8 processors :
  Max Mhz: 1800, Current Mhz: 1600, Mhz Limit: 1584

Memory: 4k page, system-wide physical 7998M (646M free)
TotalPageFile size 17237M (AvailPageFile size 200M)
current process WorkingSet (physical memory assigned to process): 521M, peak: 531M
current process commit charge ("private bytes"): 559M, peak: 865M

vm_info: OpenJDK 64-Bit Server VM (17.0.19+10-LTS) for windows-amd64 JRE (17.0.19+10-LTS), built on Apr 18 2026 18:24:40 by "MicrosoftCorporation" with MS VC++ 17.14 (VS2022)

END.
