#
# There is insufficient memory for the Java Runtime Environment to continue.
# Native memory allocation (malloc) failed to allocate 2229056 bytes. Error detail: Chunk::new
# Possible reasons:
#   The system is out of physical RAM or swap space
#   This process is running with CompressedOops enabled, and the Java Heap may be blocking the growth of the native heap
# Possible solutions:
#   Reduce memory load on the system
#   Increase physical memory or swap space
#   Check if swap backing store is full
#   Decrease Java heap size (-Xmx/-Xms)
#   Decrease number of Java threads
#   Decrease Java thread stack sizes (-Xss)
#   Set larger code cache with -XX:ReservedCodeCacheSize=
#   JVM is running with Unscaled Compressed Oops mode in which the Java heap is
#     placed in the first 4GB address space. The Java Heap base address is the
#     maximum limit for the native heap growth. Please use -XX:HeapBaseMinAddress
#     to set the Java Heap base and to place the Java Heap above 4GB virtual address.
# This output file may be truncated or incomplete.
#
#  Out of Memory Error (arena.cpp:191), pid=16920, tid=25752
#
# JRE version: OpenJDK Runtime Environment Microsoft-13877129 (17.0.19+10) (build 17.0.19+10-LTS)
# Java VM: OpenJDK 64-Bit Server VM Microsoft-13877129 (17.0.19+10-LTS, mixed mode, sharing, tiered, compressed oops, compressed class ptrs, g1 gc, windows-amd64)
# No core dump will be written. Minidumps are not enabled by default on client versions of Windows
#

---------------  S U M M A R Y ------------

Command Line: --add-opens=java.base/java.lang=ALL-UNNAMED --add-opens=java.base/java.lang.invoke=ALL-UNNAMED --add-opens=java.base/java.util=ALL-UNNAMED --add-opens=java.prefs/java.util.prefs=ALL-UNNAMED --add-exports=jdk.compiler/com.sun.tools.javac.api=ALL-UNNAMED --add-exports=jdk.compiler/com.sun.tools.javac.util=ALL-UNNAMED --add-opens=java.base/java.nio.charset=ALL-UNNAMED --add-opens=java.base/java.net=ALL-UNNAMED --add-opens=java.base/java.util.concurrent=ALL-UNNAMED --add-opens=java.base/java.util.concurrent.atomic=ALL-UNNAMED --add-opens=java.xml/javax.xml.namespace=ALL-UNNAMED --add-opens=java.base/java.time=ALL-UNNAMED -XX:MaxMetaspaceSize=512m -Xmx2048m -Dfile.encoding=UTF-8 -Duser.country=US -Duser.language=en -Duser.variant -javaagent:E:\GradleCache\wrapper\dists\gradle-9.6.1-all\4xnwe4ed5w7qqynisxnnvegss\gradle-9.6.1\lib\agents\gradle-instrumentation-agent-9.6.1.jar org.gradle.launcher.daemon.bootstrap.GradleDaemon 9.6.1

Host: Intel(R) Core(TM) i5-8265U CPU @ 1.60GHz, 8 cores, 7G,  Windows 11 , 64 bit Build 26100 (10.0.26100.8875)
Time: Sun Jul 19 09:19:06 2026 Pacific Daylight Time elapsed time: 59.479649 seconds (0d 0h 0m 59s)

---------------  T H R E A D  ---------------

Current thread (0x0000028efabda850):  JavaThread "C2 CompilerThread1" daemon [_thread_in_native, id=25752, stack(0x000000ab79700000,0x000000ab79800000)]


Current CompileTask:
C2:59479 7650       4       org.objectweb.asm.ClassReader::readCode (5117 bytes)

Stack: [0x000000ab79700000,0x000000ab79800000]
Native frames: (J=compiled Java code, j=interpreted, Vv=VM code, C=native code)
V  [jvm.dll+0x68cc89]  (no source info available)
V  [jvm.dll+0x845d89]  (no source info available)
V  [jvm.dll+0x847af8]  (no source info available)
V  [jvm.dll+0x848183]  (no source info available)
V  [jvm.dll+0x24d0bf]  (no source info available)
V  [jvm.dll+0xaed56]  (no source info available)
V  [jvm.dll+0xaf3fc]  (no source info available)
V  [jvm.dll+0x3718be]  (no source info available)
V  [jvm.dll+0x1c07d3]  (no source info available)
V  [jvm.dll+0x21e120]  (no source info available)
V  [jvm.dll+0x21d412]  (no source info available)
V  [jvm.dll+0x1a8db6]  (no source info available)
V  [jvm.dll+0x22dc6b]  (no source info available)
V  [jvm.dll+0x22bdf6]  (no source info available)
V  [jvm.dll+0x7fbecb]  (no source info available)
V  [jvm.dll+0x7f62cc]  (no source info available)
V  [jvm.dll+0x68e227]  (no source info available)
C  [ucrtbase.dll+0x2cd30]  (no source info available)
C  [KERNEL32.DLL+0x2e957]  (no source info available)
C  [ntdll.dll+0xaad6c]  (no source info available)


---------------  P R O C E S S  ---------------

Threads class SMR info:
_java_thread_list=0x0000028efa643330, length=51, elements={
0x0000028ed454ff20, 0x0000028ef2a2ac00, 0x0000028ef2a2c330, 0x0000028ef2a44230,
0x0000028ef2a44b00, 0x0000028ef2a46030, 0x0000028ef2a47560, 0x0000028ef2a4b940,
0x0000028ef2a50460, 0x0000028ef2a5ae80, 0x0000028ef2b56800, 0x0000028ef2bfe490,
0x0000028ef7bd1e80, 0x0000028ef778ee70, 0x0000028ef8e54180, 0x0000028ef2cec570,
0x0000028ef8c01300, 0x0000028ef2aae330, 0x0000028ef2aade20, 0x0000028ef2aaf260,
0x0000028ef2aac9e0, 0x0000028ef2aae840, 0x0000028ef2aaed50, 0x0000028ef2aaf770,
0x0000028ef2aacef0, 0x0000028ef2aac4d0, 0x0000028ef2aad910, 0x0000028ef2aad400,
0x0000028ef95f7180, 0x0000028ef95f4e10, 0x0000028ef95f6250, 0x0000028ef95f3ee0,
0x0000028ef95f5d40, 0x0000028ef95f5320, 0x0000028ef95f6c70, 0x0000028ef95f43f0,
0x0000028ef95f7690, 0x0000028ef95f7ba0, 0x0000028ef95f4900, 0x0000028ef95fa420,
0x0000028ef95fae40, 0x0000028efabda850, 0x0000028ef95fa930, 0x0000028ef95fb350,
0x0000028ef95f85c0, 0x0000028ef95f8fe0, 0x0000028ef95f94f0, 0x0000028ef95f8ad0,
0x0000028ef95f9f10, 0x0000028ef95f9a00, 0x0000028ef7c031e0
}

Java Threads: ( => current thread )
  0x0000028ed454ff20 JavaThread "main" [_thread_blocked, id=21200, stack(0x000000ab75c00000,0x000000ab75d00000)]
  0x0000028ef2a2ac00 JavaThread "Reference Handler" daemon [_thread_blocked, id=23476, stack(0x000000ab76300000,0x000000ab76400000)]
  0x0000028ef2a2c330 JavaThread "Finalizer" daemon [_thread_blocked, id=26536, stack(0x000000ab76400000,0x000000ab76500000)]
  0x0000028ef2a44230 JavaThread "Signal Dispatcher" daemon [_thread_blocked, id=25360, stack(0x000000ab76500000,0x000000ab76600000)]
  0x0000028ef2a44b00 JavaThread "Attach Listener" daemon [_thread_blocked, id=5132, stack(0x000000ab76600000,0x000000ab76700000)]
  0x0000028ef2a46030 JavaThread "Service Thread" daemon [_thread_blocked, id=20776, stack(0x000000ab76700000,0x000000ab76800000)]
  0x0000028ef2a47560 JavaThread "Monitor Deflation Thread" daemon [_thread_blocked, id=3052, stack(0x000000ab76800000,0x000000ab76900000)]
  0x0000028ef2a4b940 JavaThread "C2 CompilerThread0" daemon [_thread_blocked, id=28564, stack(0x000000ab76900000,0x000000ab76a00000)]
  0x0000028ef2a50460 JavaThread "C1 CompilerThread0" daemon [_thread_blocked, id=26364, stack(0x000000ab76a00000,0x000000ab76b00000)]
  0x0000028ef2a5ae80 JavaThread "Sweeper thread" daemon [_thread_blocked, id=28652, stack(0x000000ab76b00000,0x000000ab76c00000)]
  0x0000028ef2b56800 JavaThread "Common-Cleaner" daemon [_thread_blocked, id=27480, stack(0x000000ab76c00000,0x000000ab76d00000)]
  0x0000028ef2bfe490 JavaThread "Notification Thread" daemon [_thread_blocked, id=17516, stack(0x000000ab76d00000,0x000000ab76e00000)]
  0x0000028ef7bd1e80 JavaThread "Daemon health stats" [_thread_blocked, id=25624, stack(0x000000ab77300000,0x000000ab77400000)]
  0x0000028ef778ee70 JavaThread "Incoming local TCP Connector on port 57619" [_thread_in_native, id=10264, stack(0x000000ab77700000,0x000000ab77800000)]
  0x0000028ef8e54180 JavaThread "Daemon periodic checks" [_thread_blocked, id=21328, stack(0x000000ab77800000,0x000000ab77900000)]
  0x0000028ef2cec570 JavaThread "Daemon" [_thread_blocked, id=24212, stack(0x000000ab77900000,0x000000ab77a00000)]
  0x0000028ef8c01300 JavaThread "Handler for socket connection from /127.0.0.1:57619 to /127.0.0.1:57620" [_thread_in_native, id=26840, stack(0x000000ab77a00000,0x000000ab77b00000)]
  0x0000028ef2aae330 JavaThread "Cancel handler" [_thread_blocked, id=13184, stack(0x000000ab77b00000,0x000000ab77c00000)]
  0x0000028ef2aade20 JavaThread "Daemon worker" [_thread_blocked, id=27600, stack(0x000000ab77c00000,0x000000ab77d00000)]
  0x0000028ef2aaf260 JavaThread "Asynchronous log dispatcher for DefaultDaemonConnection: socket connection from /127.0.0.1:57619 to /127.0.0.1:57620" [_thread_blocked, id=21640, stack(0x000000ab77d00000,0x000000ab77e00000)]
  0x0000028ef2aac9e0 JavaThread "Stdin handler" [_thread_blocked, id=21084, stack(0x000000ab77e00000,0x000000ab77f00000)]
  0x0000028ef2aae840 JavaThread "Daemon client event forwarder" [_thread_blocked, id=22772, stack(0x000000ab77f00000,0x000000ab78000000)]
  0x0000028ef2aaed50 JavaThread "Cache worker for journal cache (E:\GradleCache\caches\journal-1)" [_thread_blocked, id=18276, stack(0x000000ab78000000,0x000000ab78100000)]
  0x0000028ef2aaf770 JavaThread "File lock request listener" [_thread_in_native, id=3308, stack(0x000000ab78100000,0x000000ab78200000)]
  0x0000028ef2aacef0 JavaThread "Cache worker for file hash cache (E:\GradleCache\caches\9.6.1\fileHashes)" [_thread_blocked, id=20712, stack(0x000000ab78200000,0x000000ab78300000)]
  0x0000028ef2aac4d0 JavaThread "Cache worker for file hash cache (E:\travel-web\Mobile\android\.gradle\9.6.1\fileHashes)" [_thread_blocked, id=19036, stack(0x000000ab78400000,0x000000ab78500000)]
  0x0000028ef2aad910 JavaThread "Cache worker for Build Output Cleanup Cache (E:\travel-web\Mobile\android\.gradle\buildOutputCleanup)" [_thread_blocked, id=18212, stack(0x000000ab78500000,0x000000ab78600000)]
  0x0000028ef2aad400 JavaThread "File watcher server" daemon [_thread_in_native, id=24108, stack(0x000000ab78600000,0x000000ab78700000)]
  0x0000028ef95f7180 JavaThread "File watcher consumer" daemon [_thread_blocked, id=23856, stack(0x000000ab78700000,0x000000ab78800000)]
  0x0000028ef95f4e10 JavaThread "jar transforms" [_thread_blocked, id=2624, stack(0x000000ab78800000,0x000000ab78900000)]
  0x0000028ef95f6250 JavaThread "jar transforms Thread 2" [_thread_blocked, id=11296, stack(0x000000ab78900000,0x000000ab78a00000)]
  0x0000028ef95f3ee0 JavaThread "jar transforms Thread 3" [_thread_blocked, id=27808, stack(0x000000ab78a00000,0x000000ab78b00000)]
  0x0000028ef95f5d40 JavaThread "Cache worker for file content cache (E:\GradleCache\caches\9.6.1\fileContent)" [_thread_blocked, id=4664, stack(0x000000ab78c00000,0x000000ab78d00000)]
  0x0000028ef95f5320 JavaThread "Cache worker for checksums cache (E:\travel-web\Mobile\android\.gradle\9.6.1\checksums)" [_thread_blocked, id=4280, stack(0x000000ab78d00000,0x000000ab78e00000)]
  0x0000028ef95f6c70 JavaThread "Cache worker for cache directory md-supplier (E:\GradleCache\caches\9.6.1\md-supplier)" [_thread_blocked, id=24940, stack(0x000000ab78e00000,0x000000ab78f00000)]
  0x0000028ef95f43f0 JavaThread "Cache worker for cache directory md-rule (E:\GradleCache\caches\9.6.1\md-rule)" [_thread_blocked, id=11620, stack(0x000000ab78f00000,0x000000ab79000000)]
  0x0000028ef95f7690 JavaThread "jar transforms Thread 4" [_thread_blocked, id=23808, stack(0x000000ab79000000,0x000000ab79100000)]
  0x0000028ef95f7ba0 JavaThread "jar transforms Thread 5" [_thread_blocked, id=15480, stack(0x000000ab79100000,0x000000ab79200000)]
  0x0000028ef95f4900 JavaThread "jar transforms Thread 6" [_thread_blocked, id=17216, stack(0x000000ab79200000,0x000000ab79300000)]
  0x0000028ef95fa420 JavaThread "jar transforms Thread 7" [_thread_blocked, id=27456, stack(0x000000ab79300000,0x000000ab79400000)]
  0x0000028ef95fae40 JavaThread "jar transforms Thread 8" [_thread_blocked, id=7440, stack(0x000000ab79400000,0x000000ab79500000)]
=>0x0000028efabda850 JavaThread "C2 CompilerThread1" daemon [_thread_in_native, id=25752, stack(0x000000ab79700000,0x000000ab79800000)]
  0x0000028ef95fa930 JavaThread "Cache worker for Build Output Cleanup Cache (E:\travel-web\Mobile\node_modules\@react-native\gradle-plugin\.gradle\buildOutputCleanup)" [_thread_blocked, id=25864, stack(0x000000ab79800000,0x000000ab79900000)]
  0x0000028ef95fb350 JavaThread "shaded jar writer" daemon [_thread_blocked, id=20100, stack(0x000000ab79900000,0x000000ab79a00000)]
  0x0000028ef95f85c0 JavaThread "Build operations" [_thread_blocked, id=28052, stack(0x000000ab79a00000,0x000000ab79b00000)]
  0x0000028ef95f8fe0 JavaThread "Build operations Thread 2" [_thread_blocked, id=11840, stack(0x000000ab79b00000,0x000000ab79c00000)]
  0x0000028ef95f94f0 JavaThread "Build operations Thread 3" [_thread_blocked, id=8896, stack(0x000000ab79c00000,0x000000ab79d00000)]
  0x0000028ef95f8ad0 JavaThread "Build operations Thread 4" [_thread_blocked, id=24416, stack(0x000000ab79d00000,0x000000ab79e00000)]
  0x0000028ef95f9f10 JavaThread "Build operations Thread 5" [_thread_blocked, id=7696, stack(0x000000ab79e00000,0x000000ab79f00000)]
  0x0000028ef95f9a00 JavaThread "Build operations Thread 6" [_thread_blocked, id=22252, stack(0x000000ab79f00000,0x000000ab7a000000)]
  0x0000028ef7c031e0 JavaThread "Build operations Thread 7" [_thread_blocked, id=9684, stack(0x000000ab7a000000,0x000000ab7a100000)]

Other Threads:
  0x0000028ef2a23f50 VMThread "VM Thread" [stack: 0x000000ab76200000,0x000000ab76300000] [id=25992]
  0x0000028ef2bfe970 WatcherThread [stack: 0x000000ab76e00000,0x000000ab76f00000] [id=8460]
  0x0000028ed45ac8e0 GCTaskThread "GC Thread#0" [stack: 0x000000ab75d00000,0x000000ab75e00000] [id=22328]
  0x0000028ef721de40 GCTaskThread "GC Thread#1" [stack: 0x000000ab76f00000,0x000000ab77000000] [id=11340]
  0x0000028ef75fdca0 GCTaskThread "GC Thread#2" [stack: 0x000000ab77000000,0x000000ab77100000] [id=8600]
  0x0000028ef7a2ee60 GCTaskThread "GC Thread#3" [stack: 0x000000ab77100000,0x000000ab77200000] [id=22920]
  0x0000028ef7913570 GCTaskThread "GC Thread#4" [stack: 0x000000ab77200000,0x000000ab77300000] [id=11028]
  0x0000028ef79132a0 GCTaskThread "GC Thread#5" [stack: 0x000000ab77400000,0x000000ab77500000] [id=6448]
  0x0000028ef7912d00 GCTaskThread "GC Thread#6" [stack: 0x000000ab77500000,0x000000ab77600000] [id=2120]
  0x0000028ef7912fd0 GCTaskThread "GC Thread#7" [stack: 0x000000ab77600000,0x000000ab77700000] [id=20228]
  0x0000028ed45bd840 ConcurrentGCThread "G1 Main Marker" [stack: 0x000000ab75e00000,0x000000ab75f00000] [id=24248]
  0x0000028ed45bef30 ConcurrentGCThread "G1 Conc#0" [stack: 0x000000ab75f00000,0x000000ab76000000] [id=27308]
  0x0000028ef79140b0 ConcurrentGCThread "G1 Conc#1" [stack: 0x000000ab78300000,0x000000ab78400000] [id=19708]
  0x0000028ed45fd6a0 ConcurrentGCThread "G1 Refine#0" [stack: 0x000000ab76000000,0x000000ab76100000] [id=6600]
  0x0000028ef9162db0 ConcurrentGCThread "G1 Refine#1" [stack: 0x000000ab78b00000,0x000000ab78c00000] [id=14076]
  0x0000028ef28da110 ConcurrentGCThread "G1 Service" [stack: 0x000000ab76100000,0x000000ab76200000] [id=19712]

Threads with active compile tasks:
C2 CompilerThread0  59533 7787       4       org.objectweb.asm.Type::getArgumentTypes (94 bytes)
C2 CompilerThread1  59533 7650       4       org.objectweb.asm.ClassReader::readCode (5117 bytes)

VM state: at safepoint (normal execution)

VM Mutex/Monitor currently owned by a thread:  ([mutex/lock_event])
[0x0000028ed454a610] Threads_lock - owner thread: 0x0000028ef2a23f50
[0x0000028ed454b300] Heap_lock - owner thread: 0x0000028ef2aade20

Heap address: 0x0000000080000000, size: 2048 MB, Compressed Oops mode: 32-bit

CDS archive(s) mapped at: [0x0000028e80000000-0x0000028e80bb0000-0x0000028e80bb0000), size 12255232, SharedBaseAddress: 0x0000028e80000000, ArchiveRelocationMode: 1.
Compressed class space mapped at: 0x0000028e81000000-0x0000028e9b000000, reserved size: 436207616
Narrow klass base: 0x0000028e80000000, Narrow klass shift: 0, Narrow klass range: 0x100000000

GC Precious Log:
 CPUs: 8 total, 8 available
 Memory: 7998M
 Large Page Support: Disabled
 NUMA Support: Disabled
 Compressed Oops: Enabled (32-bit)
 Heap Region Size: 1M
 Heap Min Capacity: 8M
 Heap Initial Capacity: 126M
 Heap Max Capacity: 2G
 Pre-touch: Disabled
 Parallel Workers: 8
 Concurrent Workers: 2
 Concurrent Refinement Workers: 8
 Periodic GC: Disabled

Heap:
 garbage-first heap   total 150528K, used 73352K [0x0000000080000000, 0x0000000100000000)
  region size 1024K, 5 young (5120K), 5 survivors (5120K)
 Metaspace       used 51145K, committed 51968K, reserved 491520K
  class space    used 7043K, committed 7424K, reserved 425984K

Heap Regions: E=young(eden), S=young(survivor), O=old, HS=humongous(starts), HC=humongous(continues), CS=collection set, F=free, OA=open archive, CA=closed archive, TAMS=top-at-mark-start (previous, next)
|   0|0x0000000080000000, 0x0000000080100000, 0x0000000080100000|100%|HS|  |TAMS 0x0000000080100000, 0x0000000080000000| Complete 
|   1|0x0000000080100000, 0x0000000080200000, 0x0000000080200000|100%|HC|  |TAMS 0x0000000080200000, 0x0000000080100000| Complete 
|   2|0x0000000080200000, 0x0000000080300000, 0x0000000080300000|100%|HC|  |TAMS 0x0000000080300000, 0x0000000080200000| Complete 
|   3|0x0000000080300000, 0x0000000080400000, 0x0000000080400000|100%|HC|  |TAMS 0x0000000080400000, 0x0000000080300000| Complete 
|   4|0x0000000080400000, 0x0000000080500000, 0x0000000080500000|100%| O|  |TAMS 0x0000000080500000, 0x0000000080400000| Untracked 
|   5|0x0000000080500000, 0x0000000080600000, 0x0000000080600000|100%| O|  |TAMS 0x0000000080600000, 0x0000000080500000| Untracked 
|   6|0x0000000080600000, 0x0000000080700000, 0x0000000080700000|100%| O|  |TAMS 0x0000000080700000, 0x0000000080600000| Untracked 
|   7|0x0000000080700000, 0x0000000080800000, 0x0000000080800000|100%| O|  |TAMS 0x0000000080800000, 0x0000000080700000| Untracked 
|   8|0x0000000080800000, 0x0000000080900000, 0x0000000080900000|100%| O|  |TAMS 0x0000000080900000, 0x0000000080800000| Untracked 
|   9|0x0000000080900000, 0x0000000080a00000, 0x0000000080a00000|100%| O|  |TAMS 0x0000000080a00000, 0x0000000080900000| Untracked 
|  10|0x0000000080a00000, 0x0000000080b00000, 0x0000000080b00000|100%| O|  |TAMS 0x0000000080b00000, 0x0000000080a00000| Untracked 
|  11|0x0000000080b00000, 0x0000000080c00000, 0x0000000080c00000|100%|HS|  |TAMS 0x0000000080c00000, 0x0000000080b00000| Complete 
|  12|0x0000000080c00000, 0x0000000080d00000, 0x0000000080d00000|100%| O|  |TAMS 0x0000000080d00000, 0x0000000080c00000| Untracked 
|  13|0x0000000080d00000, 0x0000000080e00000, 0x0000000080e00000|100%| O|  |TAMS 0x0000000080e00000, 0x0000000080d00000| Untracked 
|  14|0x0000000080e00000, 0x0000000080f00000, 0x0000000080f00000|100%| O|  |TAMS 0x0000000080f00000, 0x0000000080e00000| Untracked 
|  15|0x0000000080f00000, 0x0000000081000000, 0x0000000081000000|100%| O|  |TAMS 0x0000000081000000, 0x0000000080f00000| Untracked 
|  16|0x0000000081000000, 0x0000000081100000, 0x0000000081100000|100%| O|  |TAMS 0x0000000081100000, 0x0000000081000000| Untracked 
|  17|0x0000000081100000, 0x0000000081200000, 0x0000000081200000|100%| O|  |TAMS 0x0000000081200000, 0x0000000081100000| Untracked 
|  18|0x0000000081200000, 0x0000000081300000, 0x0000000081300000|100%| O|  |TAMS 0x0000000081200000, 0x0000000081200000| Untracked 
|  19|0x0000000081300000, 0x0000000081400000, 0x0000000081400000|100%| O|  |TAMS 0x0000000081400000, 0x0000000081300000| Untracked 
|  20|0x0000000081400000, 0x0000000081500000, 0x0000000081500000|100%| O|  |TAMS 0x0000000081500000, 0x0000000081400000| Untracked 
|  21|0x0000000081500000, 0x0000000081600000, 0x0000000081600000|100%| O|  |TAMS 0x0000000081600000, 0x0000000081500000| Untracked 
|  22|0x0000000081600000, 0x0000000081700000, 0x0000000081700000|100%| O|  |TAMS 0x0000000081700000, 0x0000000081600000| Untracked 
|  23|0x0000000081700000, 0x0000000081800000, 0x0000000081800000|100%| O|  |TAMS 0x0000000081800000, 0x0000000081700000| Untracked 
|  24|0x0000000081800000, 0x0000000081900000, 0x0000000081900000|100%| O|  |TAMS 0x0000000081900000, 0x0000000081800000| Untracked 
|  25|0x0000000081900000, 0x0000000081a00000, 0x0000000081a00000|100%| O|  |TAMS 0x0000000081a00000, 0x0000000081900000| Untracked 
|  26|0x0000000081a00000, 0x0000000081b00000, 0x0000000081b00000|100%| O|  |TAMS 0x0000000081b00000, 0x0000000081a00000| Untracked 
|  27|0x0000000081b00000, 0x0000000081c00000, 0x0000000081c00000|100%| O|  |TAMS 0x0000000081c00000, 0x0000000081b00000| Untracked 
|  28|0x0000000081c00000, 0x0000000081d00000, 0x0000000081d00000|100%| O|  |TAMS 0x0000000081d00000, 0x0000000081c00000| Untracked 
|  29|0x0000000081d00000, 0x0000000081e00000, 0x0000000081e00000|100%| O|  |TAMS 0x0000000081e00000, 0x0000000081d00000| Untracked 
|  30|0x0000000081e00000, 0x0000000081f00000, 0x0000000081f00000|100%| O|  |TAMS 0x0000000081f00000, 0x0000000081e00000| Untracked 
|  31|0x0000000081f00000, 0x0000000082000000, 0x0000000082000000|100%| O|  |TAMS 0x0000000082000000, 0x0000000081f00000| Untracked 
|  32|0x0000000082000000, 0x0000000082100000, 0x0000000082100000|100%| O|  |TAMS 0x0000000082100000, 0x0000000082000000| Untracked 
|  33|0x0000000082100000, 0x0000000082200000, 0x0000000082200000|100%| O|  |TAMS 0x0000000082200000, 0x0000000082100000| Untracked 
|  34|0x0000000082200000, 0x0000000082300000, 0x0000000082300000|100%| O|  |TAMS 0x0000000082300000, 0x0000000082200000| Untracked 
|  35|0x0000000082300000, 0x0000000082400000, 0x0000000082400000|100%| O|  |TAMS 0x0000000082400000, 0x0000000082300000| Untracked 
|  36|0x0000000082400000, 0x0000000082500000, 0x0000000082500000|100%| O|  |TAMS 0x0000000082500000, 0x0000000082400000| Untracked 
|  37|0x0000000082500000, 0x0000000082600000, 0x0000000082600000|100%| O|  |TAMS 0x0000000082600000, 0x0000000082500000| Untracked 
|  38|0x0000000082600000, 0x0000000082700000, 0x0000000082700000|100%| O|  |TAMS 0x0000000082600000, 0x0000000082600000| Untracked 
|  39|0x0000000082700000, 0x0000000082800000, 0x0000000082800000|100%| O|  |TAMS 0x0000000082800000, 0x0000000082700000| Untracked 
|  40|0x0000000082800000, 0x0000000082900000, 0x0000000082900000|100%| O|  |TAMS 0x0000000082900000, 0x0000000082800000| Untracked 
|  41|0x0000000082900000, 0x0000000082a00000, 0x0000000082a00000|100%| O|  |TAMS 0x0000000082a00000, 0x0000000082900000| Untracked 
|  42|0x0000000082a00000, 0x0000000082b00000, 0x0000000082b00000|100%| O|  |TAMS 0x0000000082b00000, 0x0000000082a00000| Untracked 
|  43|0x0000000082b00000, 0x0000000082c00000, 0x0000000082c00000|100%| O|  |TAMS 0x0000000082c00000, 0x0000000082b00000| Untracked 
|  44|0x0000000082c00000, 0x0000000082d00000, 0x0000000082d00000|100%| O|  |TAMS 0x0000000082d00000, 0x0000000082c00000| Untracked 
|  45|0x0000000082d00000, 0x0000000082e00000, 0x0000000082e00000|100%| O|  |TAMS 0x0000000082e00000, 0x0000000082d00000| Untracked 
|  46|0x0000000082e00000, 0x0000000082f00000, 0x0000000082f00000|100%|HS|  |TAMS 0x0000000082f00000, 0x0000000082e00000| Complete 
|  47|0x0000000082f00000, 0x0000000083000000, 0x0000000083000000|100%| O|  |TAMS 0x0000000083000000, 0x0000000082f00000| Untracked 
|  48|0x0000000083000000, 0x0000000083100000, 0x0000000083100000|100%| O|  |TAMS 0x0000000083100000, 0x0000000083000000| Untracked 
|  49|0x0000000083100000, 0x0000000083200000, 0x0000000083200000|100%| O|  |TAMS 0x0000000083200000, 0x0000000083100000| Untracked 
|  50|0x0000000083200000, 0x0000000083300000, 0x0000000083300000|100%| O|  |TAMS 0x0000000083300000, 0x0000000083200000| Untracked 
|  51|0x0000000083300000, 0x0000000083400000, 0x0000000083400000|100%| O|  |TAMS 0x0000000083400000, 0x0000000083300000| Untracked 
|  52|0x0000000083400000, 0x0000000083500000, 0x0000000083500000|100%| O|  |TAMS 0x0000000083500000, 0x0000000083400000| Untracked 
|  53|0x0000000083500000, 0x0000000083600000, 0x0000000083600000|100%| O|  |TAMS 0x0000000083600000, 0x0000000083500000| Untracked 
|  54|0x0000000083600000, 0x0000000083700000, 0x0000000083700000|100%| O|  |TAMS 0x0000000083700000, 0x0000000083600000| Untracked 
|  55|0x0000000083700000, 0x0000000083800000, 0x0000000083800000|100%| O|  |TAMS 0x0000000083800000, 0x0000000083700000| Untracked 
|  56|0x0000000083800000, 0x0000000083900000, 0x0000000083900000|100%| O|  |TAMS 0x0000000083900000, 0x0000000083800000| Untracked 
|  57|0x0000000083900000, 0x0000000083a00000, 0x0000000083a00000|100%| O|  |TAMS 0x0000000083a00000, 0x0000000083900000| Untracked 
|  58|0x0000000083a00000, 0x0000000083b00000, 0x0000000083b00000|100%| O|  |TAMS 0x0000000083a30000, 0x0000000083a00000| Untracked 
|  59|0x0000000083b00000, 0x0000000083c00000, 0x0000000083c00000|100%| O|  |TAMS 0x0000000083b00000, 0x0000000083b00000| Untracked 
|  60|0x0000000083c00000, 0x0000000083d00000, 0x0000000083d00000|100%| O|  |TAMS 0x0000000083c00000, 0x0000000083c00000| Untracked 
|  61|0x0000000083d00000, 0x0000000083e00000, 0x0000000083e00000|100%| O|  |TAMS 0x0000000083d00000, 0x0000000083d00000| Untracked 
|  62|0x0000000083e00000, 0x0000000083f00000, 0x0000000083f00000|100%| O|  |TAMS 0x0000000083e00000, 0x0000000083e00000| Untracked 
|  63|0x0000000083f00000, 0x0000000084000000, 0x0000000084000000|100%| O|  |TAMS 0x0000000083f00000, 0x0000000083f00000| Untracked 
|  64|0x0000000084000000, 0x0000000084100000, 0x0000000084100000|100%| O|  |TAMS 0x0000000084000000, 0x0000000084000000| Untracked 
|  65|0x0000000084100000, 0x0000000084200000, 0x0000000084200000|100%| O|  |TAMS 0x0000000084100000, 0x0000000084100000| Untracked 
|  66|0x0000000084200000, 0x00000000842a2200, 0x0000000084300000| 63%| O|  |TAMS 0x0000000084200000, 0x0000000084200000| Untracked 
|  67|0x0000000084300000, 0x0000000084300000, 0x0000000084400000|  0%| F|  |TAMS 0x0000000084300000, 0x0000000084300000| Untracked 
|  68|0x0000000084400000, 0x0000000084400000, 0x0000000084500000|  0%| F|  |TAMS 0x0000000084400000, 0x0000000084400000| Untracked 
|  69|0x0000000084500000, 0x0000000084500000, 0x0000000084600000|  0%| F|  |TAMS 0x0000000084500000, 0x0000000084500000| Untracked 
|  70|0x0000000084600000, 0x0000000084600000, 0x0000000084700000|  0%| F|  |TAMS 0x0000000084600000, 0x0000000084600000| Untracked 
|  71|0x0000000084700000, 0x0000000084700000, 0x0000000084800000|  0%| F|  |TAMS 0x0000000084700000, 0x0000000084700000| Untracked 
|  72|0x0000000084800000, 0x0000000084800000, 0x0000000084900000|  0%| F|  |TAMS 0x0000000084800000, 0x0000000084800000| Untracked 
|  73|0x0000000084900000, 0x0000000084900000, 0x0000000084a00000|  0%| F|  |TAMS 0x0000000084900000, 0x0000000084900000| Untracked 
|  74|0x0000000084a00000, 0x0000000084a00000, 0x0000000084b00000|  0%| F|  |TAMS 0x0000000084a00000, 0x0000000084a00000| Untracked 
|  75|0x0000000084b00000, 0x0000000084b00000, 0x0000000084c00000|  0%| F|  |TAMS 0x0000000084b00000, 0x0000000084b00000| Untracked 
|  76|0x0000000084c00000, 0x0000000084c00000, 0x0000000084d00000|  0%| F|  |TAMS 0x0000000084c00000, 0x0000000084c00000| Untracked 
|  77|0x0000000084d00000, 0x0000000084d00000, 0x0000000084e00000|  0%| F|  |TAMS 0x0000000084d00000, 0x0000000084d00000| Untracked 
|  78|0x0000000084e00000, 0x0000000084e00000, 0x0000000084f00000|  0%| F|  |TAMS 0x0000000084e00000, 0x0000000084e00000| Untracked 
|  79|0x0000000084f00000, 0x0000000084f00000, 0x0000000085000000|  0%| F|  |TAMS 0x0000000084f00000, 0x0000000084f00000| Untracked 
|  80|0x0000000085000000, 0x0000000085000000, 0x0000000085100000|  0%| F|  |TAMS 0x0000000085000000, 0x0000000085000000| Untracked 
|  81|0x0000000085100000, 0x0000000085100000, 0x0000000085200000|  0%| F|  |TAMS 0x0000000085100000, 0x0000000085100000| Untracked 
|  82|0x0000000085200000, 0x0000000085200000, 0x0000000085300000|  0%| F|  |TAMS 0x0000000085200000, 0x0000000085200000| Untracked 
|  83|0x0000000085300000, 0x0000000085300000, 0x0000000085400000|  0%| F|  |TAMS 0x0000000085300000, 0x0000000085300000| Untracked 
|  84|0x0000000085400000, 0x0000000085400000, 0x0000000085500000|  0%| F|  |TAMS 0x0000000085400000, 0x0000000085400000| Untracked 
|  85|0x0000000085500000, 0x0000000085600000, 0x0000000085600000|100%| S|CS|TAMS 0x0000000085500000, 0x0000000085500000| Complete 
|  86|0x0000000085600000, 0x0000000085600000, 0x0000000085700000|  0%| F|  |TAMS 0x0000000085600000, 0x0000000085600000| Untracked 
|  87|0x0000000085700000, 0x0000000085700000, 0x0000000085800000|  0%| F|  |TAMS 0x0000000085700000, 0x0000000085700000| Untracked 
|  88|0x0000000085800000, 0x0000000085800000, 0x0000000085900000|  0%| F|  |TAMS 0x0000000085800000, 0x0000000085800000| Untracked 
|  89|0x0000000085900000, 0x0000000085a00000, 0x0000000085a00000|100%| S|CS|TAMS 0x0000000085900000, 0x0000000085900000| Complete 
|  90|0x0000000085a00000, 0x0000000085b00000, 0x0000000085b00000|100%| S|CS|TAMS 0x0000000085a00000, 0x0000000085a00000| Complete 
|  91|0x0000000085b00000, 0x0000000085b00000, 0x0000000085c00000|  0%| F|  |TAMS 0x0000000085b00000, 0x0000000085b00000| Untracked 
|  92|0x0000000085c00000, 0x0000000085d00000, 0x0000000085d00000|100%| S|CS|TAMS 0x0000000085c00000, 0x0000000085c00000| Complete 
|  93|0x0000000085d00000, 0x0000000085e00000, 0x0000000085e00000|100%| S|CS|TAMS 0x0000000085d00000, 0x0000000085d00000| Complete 
|  94|0x0000000085e00000, 0x0000000085e00000, 0x0000000085f00000|  0%| F|  |TAMS 0x0000000085e00000, 0x0000000085e00000| Untracked 
|  95|0x0000000085f00000, 0x0000000085f00000, 0x0000000086000000|  0%| F|  |TAMS 0x0000000085f00000, 0x0000000085f00000| Untracked 
|  96|0x0000000086000000, 0x0000000086000000, 0x0000000086100000|  0%| F|  |TAMS 0x0000000086000000, 0x0000000086000000| Untracked 
|  97|0x0000000086100000, 0x0000000086100000, 0x0000000086200000|  0%| F|  |TAMS 0x0000000086100000, 0x0000000086100000| Untracked 
|  98|0x0000000086200000, 0x0000000086200000, 0x0000000086300000|  0%| F|  |TAMS 0x0000000086200000, 0x0000000086200000| Untracked 
|  99|0x0000000086300000, 0x0000000086300000, 0x0000000086400000|  0%| F|  |TAMS 0x0000000086300000, 0x0000000086300000| Untracked 
| 100|0x0000000086400000, 0x0000000086400000, 0x0000000086500000|  0%| F|  |TAMS 0x0000000086400000, 0x0000000086400000| Untracked 
| 101|0x0000000086500000, 0x0000000086500000, 0x0000000086600000|  0%| F|  |TAMS 0x0000000086500000, 0x0000000086500000| Untracked 
| 102|0x0000000086600000, 0x0000000086600000, 0x0000000086700000|  0%| F|  |TAMS 0x0000000086600000, 0x0000000086600000| Untracked 
| 103|0x0000000086700000, 0x0000000086700000, 0x0000000086800000|  0%| F|  |TAMS 0x0000000086700000, 0x0000000086700000| Untracked 
| 104|0x0000000086800000, 0x0000000086800000, 0x0000000086900000|  0%| F|  |TAMS 0x0000000086800000, 0x0000000086800000| Untracked 
| 105|0x0000000086900000, 0x0000000086900000, 0x0000000086a00000|  0%| F|  |TAMS 0x0000000086900000, 0x0000000086900000| Untracked 
| 106|0x0000000086a00000, 0x0000000086a00000, 0x0000000086b00000|  0%| F|  |TAMS 0x0000000086a00000, 0x0000000086a00000| Untracked 
| 107|0x0000000086b00000, 0x0000000086b00000, 0x0000000086c00000|  0%| F|  |TAMS 0x0000000086b00000, 0x0000000086b00000| Untracked 
| 108|0x0000000086c00000, 0x0000000086c00000, 0x0000000086d00000|  0%| F|  |TAMS 0x0000000086c00000, 0x0000000086c00000| Untracked 
| 109|0x0000000086d00000, 0x0000000086d00000, 0x0000000086e00000|  0%| F|  |TAMS 0x0000000086d00000, 0x0000000086d00000| Untracked 
| 110|0x0000000086e00000, 0x0000000086e00000, 0x0000000086f00000|  0%| F|  |TAMS 0x0000000086e00000, 0x0000000086e00000| Untracked 
| 111|0x0000000086f00000, 0x0000000086f00000, 0x0000000087000000|  0%| F|  |TAMS 0x0000000086f00000, 0x0000000086f00000| Untracked 
| 112|0x0000000087000000, 0x0000000087000000, 0x0000000087100000|  0%| F|  |TAMS 0x0000000087000000, 0x0000000087000000| Untracked 
| 113|0x0000000087100000, 0x0000000087100000, 0x0000000087200000|  0%| F|  |TAMS 0x0000000087100000, 0x0000000087100000| Untracked 
| 114|0x0000000087200000, 0x0000000087200000, 0x0000000087300000|  0%| F|  |TAMS 0x0000000087200000, 0x0000000087200000| Untracked 
| 115|0x0000000087300000, 0x0000000087300000, 0x0000000087400000|  0%| F|  |TAMS 0x0000000087300000, 0x0000000087300000| Untracked 
| 116|0x0000000087400000, 0x0000000087400000, 0x0000000087500000|  0%| F|  |TAMS 0x0000000087400000, 0x0000000087400000| Untracked 
| 117|0x0000000087500000, 0x0000000087500000, 0x0000000087600000|  0%| F|  |TAMS 0x0000000087500000, 0x0000000087500000| Untracked 
| 118|0x0000000087600000, 0x0000000087600000, 0x0000000087700000|  0%| F|  |TAMS 0x0000000087600000, 0x0000000087600000| Untracked 
| 119|0x0000000087700000, 0x0000000087700000, 0x0000000087800000|  0%| F|  |TAMS 0x0000000087700000, 0x0000000087700000| Untracked 
| 120|0x0000000087800000, 0x0000000087800000, 0x0000000087900000|  0%| F|  |TAMS 0x0000000087800000, 0x0000000087800000| Untracked 
| 121|0x0000000087900000, 0x0000000087900000, 0x0000000087a00000|  0%| F|  |TAMS 0x0000000087900000, 0x0000000087900000| Untracked 
| 122|0x0000000087a00000, 0x0000000087a00000, 0x0000000087b00000|  0%| F|  |TAMS 0x0000000087a00000, 0x0000000087a00000| Untracked 
| 123|0x0000000087b00000, 0x0000000087b00000, 0x0000000087c00000|  0%| F|  |TAMS 0x0000000087b00000, 0x0000000087b00000| Untracked 
| 124|0x0000000087c00000, 0x0000000087c00000, 0x0000000087d00000|  0%| F|  |TAMS 0x0000000087c00000, 0x0000000087c00000| Untracked 
| 125|0x0000000087d00000, 0x0000000087d00000, 0x0000000087e00000|  0%| F|  |TAMS 0x0000000087d00000, 0x0000000087d00000| Untracked 
| 126|0x0000000087e00000, 0x0000000087e00000, 0x0000000087f00000|  0%| F|  |TAMS 0x0000000087e00000, 0x0000000087e00000| Untracked 
| 127|0x0000000087f00000, 0x0000000087f00000, 0x0000000088000000|  0%| F|  |TAMS 0x0000000087f00000, 0x0000000087f00000| Untracked 
| 128|0x0000000088000000, 0x0000000088000000, 0x0000000088100000|  0%| F|  |TAMS 0x0000000088000000, 0x0000000088000000| Untracked 
| 129|0x0000000088100000, 0x0000000088100000, 0x0000000088200000|  0%| F|  |TAMS 0x0000000088100000, 0x0000000088100000| Untracked 
| 130|0x0000000088200000, 0x0000000088200000, 0x0000000088300000|  0%| F|  |TAMS 0x0000000088200000, 0x0000000088200000| Untracked 
| 131|0x0000000088300000, 0x0000000088300000, 0x0000000088400000|  0%| F|  |TAMS 0x0000000088300000, 0x0000000088300000| Untracked 
| 132|0x0000000088400000, 0x0000000088400000, 0x0000000088500000|  0%| F|  |TAMS 0x0000000088400000, 0x0000000088400000| Untracked 
| 133|0x0000000088500000, 0x0000000088500000, 0x0000000088600000|  0%| F|  |TAMS 0x0000000088500000, 0x0000000088500000| Untracked 
| 134|0x0000000088600000, 0x0000000088600000, 0x0000000088700000|  0%| F|  |TAMS 0x0000000088600000, 0x0000000088600000| Untracked 
| 135|0x0000000088700000, 0x0000000088700000, 0x0000000088800000|  0%| F|  |TAMS 0x0000000088700000, 0x0000000088700000| Untracked 
| 136|0x0000000088800000, 0x0000000088800000, 0x0000000088900000|  0%| F|  |TAMS 0x0000000088800000, 0x0000000088800000| Untracked 
| 137|0x0000000088900000, 0x0000000088900000, 0x0000000088a00000|  0%| F|  |TAMS 0x0000000088900000, 0x0000000088900000| Untracked 
| 138|0x0000000088a00000, 0x0000000088a00000, 0x0000000088b00000|  0%| F|  |TAMS 0x0000000088a00000, 0x0000000088a00000| Untracked 
| 139|0x0000000088b00000, 0x0000000088b00000, 0x0000000088c00000|  0%| F|  |TAMS 0x0000000088b00000, 0x0000000088b00000| Untracked 
| 140|0x0000000088c00000, 0x0000000088c00000, 0x0000000088d00000|  0%| F|  |TAMS 0x0000000088c00000, 0x0000000088c00000| Untracked 
| 141|0x0000000088d00000, 0x0000000088d00000, 0x0000000088e00000|  0%| F|  |TAMS 0x0000000088d00000, 0x0000000088d00000| Untracked 
| 142|0x0000000088e00000, 0x0000000088e00000, 0x0000000088f00000|  0%| F|  |TAMS 0x0000000088e00000, 0x0000000088e00000| Untracked 
| 143|0x0000000088f00000, 0x0000000088f00000, 0x0000000089000000|  0%| F|  |TAMS 0x0000000088f00000, 0x0000000088f00000| Untracked 
| 144|0x0000000089000000, 0x0000000089000000, 0x0000000089100000|  0%| F|  |TAMS 0x0000000089000000, 0x0000000089000000| Untracked 
| 145|0x0000000089100000, 0x0000000089100000, 0x0000000089200000|  0%| F|  |TAMS 0x0000000089100000, 0x0000000089100000| Untracked 
| 146|0x0000000089200000, 0x0000000089200000, 0x0000000089300000|  0%| F|  |TAMS 0x0000000089200000, 0x0000000089200000| Untracked 

Card table byte_map: [0x0000028eeb810000,0x0000028eebc10000] _byte_map_base: 0x0000028eeb410000

Marking Bits (Prev, Next): (CMBitMap*) 0x0000028ed45acf10, (CMBitMap*) 0x0000028ed45acf50
 Prev Bits: [0x0000028eec010000, 0x0000028eee010000)
 Next Bits: [0x0000028eee010000, 0x0000028ef0010000)

Polling page: 0x0000028ed2330000

Metaspace:

Usage:
  Non-class:     43.07 MB used.
      Class:      6.88 MB used.
       Both:     49.95 MB used.

Virtual space:
  Non-class space:       64.00 MB reserved,      43.50 MB ( 68%) committed,  1 nodes.
      Class space:      416.00 MB reserved,       7.25 MB (  2%) committed,  1 nodes.
             Both:      480.00 MB reserved,      50.75 MB ( 11%) committed. 

Chunk freelists:
   Non-Class:  3.89 MB
       Class:  8.66 MB
        Both:  12.55 MB

MaxMetaspaceSize: 512.00 MB
CompressedClassSpaceSize: 416.00 MB
Initial GC threshold: 21.00 MB
Current GC threshold: 83.38 MB
CDS: on
MetaspaceReclaimPolicy: balanced
 - commit_granule_bytes: 65536.
 - commit_granule_words: 8192.
 - virtual_space_node_default_size: 8388608.
 - enlarge_chunks_in_place: 1.
 - new_chunks_are_fully_committed: 0.
 - uncommit_free_chunks: 1.
 - use_allocation_guard: 0.
 - handle_deallocations: 1.


Internal statistics:

num_allocs_failed_limit: 6.
num_arena_births: 1254.
num_arena_deaths: 14.
num_vsnodes_births: 2.
num_vsnodes_deaths: 0.
num_space_committed: 812.
num_space_uncommitted: 0.
num_chunks_returned_to_freelist: 34.
num_chunks_taken_from_freelist: 3501.
num_chunk_merges: 8.
num_chunk_splits: 2209.
num_chunks_enlarged: 1378.
num_inconsistent_stats: 0.

CodeHeap 'non-profiled nmethods': size=120000Kb used=3918Kb max_used=3918Kb free=116081Kb
 bounds [0x0000028ee3bb0000, 0x0000028ee3f90000, 0x0000028eeb0e0000]
CodeHeap 'profiled nmethods': size=120000Kb used=13906Kb max_used=13906Kb free=106093Kb
 bounds [0x0000028edc0e0000, 0x0000028edce80000, 0x0000028ee3610000]
CodeHeap 'non-nmethods': size=5760Kb used=1666Kb max_used=1743Kb free=4093Kb
 bounds [0x0000028ee3610000, 0x0000028ee3880000, 0x0000028ee3bb0000]
 total_blobs=7914 nmethods=7175 adapters=649
 compilation: enabled
              stopped_count=0, restarted_count=0
 full_count=0

Compilation events (20 events):
Event: 59.317 Thread 0x0000028ef2a50460 8017       2       org.objectweb.asm.MethodVisitor::visitIincInsn (17 bytes)
Event: 59.317 Thread 0x0000028ef2a50460 nmethod 8017 0x0000028edce70190 code [0x0000028edce70340, 0x0000028edce70468]
Event: 59.329 Thread 0x0000028ef2a50460 8018       2       org.objectweb.asm.ClassReader::readParameterAnnotations (106 bytes)
Event: 59.331 Thread 0x0000028ef2a50460 nmethod 8018 0x0000028edce70510 code [0x0000028edce70700, 0x0000028edce70ad8]
Event: 59.345 Thread 0x0000028ef2a50460 8019       3       org.objectweb.asm.ByteVector::put112 (80 bytes)
Event: 59.346 Thread 0x0000028ef2a50460 nmethod 8019 0x0000028edce70e10 code [0x0000028edce70fc0, 0x0000028edce71228]
Event: 59.356 Thread 0x0000028ef2a4b940 nmethod 7802 0x0000028ee3f80b10 code [0x0000028ee3f80d20, 0x0000028ee3f82648]
Event: 59.357 Thread 0x0000028ef2a4b940 7783       4       org.objectweb.asm.Type::getArgumentCount (67 bytes)
Event: 59.365 Thread 0x0000028ef2a50460 8020       2       org.gradle.tooling.internal.provider.runner.ProgressEventConsumer$$Lambda$252/0x0000028e8125e9d8::<init> (10 bytes)
Event: 59.365 Thread 0x0000028ef2a50460 nmethod 8020 0x0000028edce71390 code [0x0000028edce71520, 0x0000028edce71678]
Event: 59.372 Thread 0x0000028ef2a50460 8021       2       org.gradle.tooling.internal.provider.runner.ProgressEventConsumer::findStartedParentId (35 bytes)
Event: 59.373 Thread 0x0000028ef2a4b940 nmethod 7783 0x0000028ee3f83090 code [0x0000028ee3f83260, 0x0000028ee3f83750]
Event: 59.374 Thread 0x0000028ef2a4b940 7787       4       org.objectweb.asm.Type::getArgumentTypes (94 bytes)
Event: 59.374 Thread 0x0000028ef2a50460 nmethod 8021 0x0000028edce71710 code [0x0000028edce718e0, 0x0000028edce71c48]
Event: 59.386 Thread 0x0000028ef2a50460 8022       3       java.io.ObjectOutputStream::writeClassDesc (60 bytes)
Event: 59.387 Thread 0x0000028ef2a50460 nmethod 8022 0x0000028edce71e90 code [0x0000028edce720e0, 0x0000028edce727c8]
Event: 59.416 Thread 0x0000028ef2a50460 8024       2       java.util.zip.ZipFile::<init> (10 bytes)
Event: 59.417 Thread 0x0000028ef2a50460 nmethod 8024 0x0000028edce72a90 code [0x0000028edce72c40, 0x0000028edce72d68]
Event: 59.419 Thread 0x0000028ef2a50460 8025       3       org.objectweb.asm.ByteVector::encodeUtf8 (337 bytes)
Event: 59.423 Thread 0x0000028ef2a50460 nmethod 8025 0x0000028edce72e10 code [0x0000028edce73100, 0x0000028edce74318]

GC Heap History (20 events):
Event: 30.974 GC heap after
{Heap after GC invocations=24 (full 0):
 garbage-first heap   total 107520K, used 55288K [0x0000000080000000, 0x0000000100000000)
  region size 1024K, 5 young (5120K), 5 survivors (5120K)
 Metaspace       used 46726K, committed 47360K, reserved 491520K
  class space    used 6426K, committed 6720K, reserved 425984K
}
Event: 55.264 GC heap before
{Heap before GC invocations=25 (full 0):
 garbage-first heap   total 107520K, used 88056K [0x0000000080000000, 0x0000000100000000)
  region size 1024K, 38 young (38912K), 5 survivors (5120K)
 Metaspace       used 48785K, committed 49600K, reserved 491520K
  class space    used 6724K, committed 7104K, reserved 425984K
}
Event: 55.283 GC heap after
{Heap after GC invocations=26 (full 0):
 garbage-first heap   total 107520K, used 58601K [0x0000000080000000, 0x0000000100000000)
  region size 1024K, 5 young (5120K), 5 survivors (5120K)
 Metaspace       used 48785K, committed 49600K, reserved 491520K
  class space    used 6724K, committed 7104K, reserved 425984K
}
Event: 55.446 GC heap before
{Heap before GC invocations=26 (full 0):
 garbage-first heap   total 107520K, used 59625K [0x0000000080000000, 0x0000000100000000)
  region size 1024K, 6 young (6144K), 5 survivors (5120K)
 Metaspace       used 48825K, committed 49600K, reserved 491520K
  class space    used 6731K, committed 7104K, reserved 425984K
}
Event: 55.456 GC heap after
{Heap after GC invocations=27 (full 0):
 garbage-first heap   total 107520K, used 59523K [0x0000000080000000, 0x0000000100000000)
  region size 1024K, 1 young (1024K), 1 survivors (1024K)
 Metaspace       used 48825K, committed 49600K, reserved 491520K
  class space    used 6731K, committed 7104K, reserved 425984K
}
Event: 57.137 GC heap before
{Heap before GC invocations=27 (full 0):
 garbage-first heap   total 107520K, used 88195K [0x0000000080000000, 0x0000000100000000)
  region size 1024K, 29 young (29696K), 1 survivors (1024K)
 Metaspace       used 50196K, committed 51008K, reserved 491520K
  class space    used 6936K, committed 7296K, reserved 425984K
}
Event: 57.146 GC heap after
{Heap after GC invocations=28 (full 0):
 garbage-first heap   total 107520K, used 59841K [0x0000000080000000, 0x0000000100000000)
  region size 1024K, 2 young (2048K), 2 survivors (2048K)
 Metaspace       used 50196K, committed 51008K, reserved 491520K
  class space    used 6936K, committed 7296K, reserved 425984K
}
Event: 57.889 GC heap before
{Heap before GC invocations=29 (full 0):
 garbage-first heap   total 107520K, used 87489K [0x0000000080000000, 0x0000000100000000)
  region size 1024K, 30 young (30720K), 2 survivors (2048K)
 Metaspace       used 50810K, committed 51584K, reserved 491520K
  class space    used 7009K, committed 7360K, reserved 425984K
}
Event: 57.901 GC heap after
{Heap after GC invocations=30 (full 0):
 garbage-first heap   total 107520K, used 61567K [0x0000000080000000, 0x0000000100000000)
  region size 1024K, 3 young (3072K), 3 survivors (3072K)
 Metaspace       used 50810K, committed 51584K, reserved 491520K
  class space    used 7009K, committed 7360K, reserved 425984K
}
Event: 57.929 GC heap before
{Heap before GC invocations=30 (full 0):
 garbage-first heap   total 107520K, used 63615K [0x0000000080000000, 0x0000000100000000)
  region size 1024K, 5 young (5120K), 3 survivors (3072K)
 Metaspace       used 50810K, committed 51584K, reserved 491520K
  class space    used 7009K, committed 7360K, reserved 425984K
}
Event: 57.939 GC heap after
{Heap after GC invocations=31 (full 0):
 garbage-first heap   total 150528K, used 61463K [0x0000000080000000, 0x0000000100000000)
  region size 1024K, 1 young (1024K), 1 survivors (1024K)
 Metaspace       used 50810K, committed 51584K, reserved 491520K
  class space    used 7009K, committed 7360K, reserved 425984K
}
Event: 58.299 GC heap before
{Heap before GC invocations=31 (full 0):
 garbage-first heap   total 150528K, used 122903K [0x0000000080000000, 0x0000000100000000)
  region size 1024K, 61 young (62464K), 1 survivors (1024K)
 Metaspace       used 51037K, committed 51840K, reserved 491520K
  class space    used 7037K, committed 7424K, reserved 425984K
}
Event: 58.301 GC heap after
{Heap after GC invocations=32 (full 0):
 garbage-first heap   total 150528K, used 63943K [0x0000000080000000, 0x0000000100000000)
  region size 1024K, 4 young (4096K), 4 survivors (4096K)
 Metaspace       used 51037K, committed 51840K, reserved 491520K
  class space    used 7037K, committed 7424K, reserved 425984K
}
Event: 58.537 GC heap before
{Heap before GC invocations=32 (full 0):
 garbage-first heap   total 150528K, used 123335K [0x0000000080000000, 0x0000000100000000)
  region size 1024K, 62 young (63488K), 4 survivors (4096K)
 Metaspace       used 51083K, committed 51904K, reserved 491520K
  class space    used 7042K, committed 7424K, reserved 425984K
}
Event: 58.541 GC heap after
{Heap after GC invocations=33 (full 0):
 garbage-first heap   total 150528K, used 66970K [0x0000000080000000, 0x0000000100000000)
  region size 1024K, 6 young (6144K), 6 survivors (6144K)
 Metaspace       used 51083K, committed 51904K, reserved 491520K
  class space    used 7042K, committed 7424K, reserved 425984K
}
Event: 58.854 GC heap before
{Heap before GC invocations=33 (full 0):
 garbage-first heap   total 150528K, used 123290K [0x0000000080000000, 0x0000000100000000)
  region size 1024K, 62 young (63488K), 6 survivors (6144K)
 Metaspace       used 51142K, committed 51968K, reserved 491520K
  class space    used 7043K, committed 7424K, reserved 425984K
}
Event: 58.859 GC heap after
{Heap after GC invocations=34 (full 0):
 garbage-first heap   total 150528K, used 68928K [0x0000000080000000, 0x0000000100000000)
  region size 1024K, 6 young (6144K), 6 survivors (6144K)
 Metaspace       used 51142K, committed 51968K, reserved 491520K
  class space    used 7043K, committed 7424K, reserved 425984K
}
Event: 59.148 GC heap before
{Heap before GC invocations=34 (full 0):
 garbage-first heap   total 150528K, used 125248K [0x0000000080000000, 0x0000000100000000)
  region size 1024K, 61 young (62464K), 6 survivors (6144K)
 Metaspace       used 51145K, committed 51968K, reserved 491520K
  class space    used 7043K, committed 7424K, reserved 425984K
}
Event: 59.152 GC heap after
{Heap after GC invocations=35 (full 0):
 garbage-first heap   total 150528K, used 71071K [0x0000000080000000, 0x0000000100000000)
  region size 1024K, 6 young (6144K), 6 survivors (6144K)
 Metaspace       used 51145K, committed 51968K, reserved 491520K
  class space    used 7043K, committed 7424K, reserved 425984K
}
Event: 59.436 GC heap before
{Heap before GC invocations=35 (full 0):
 garbage-first heap   total 150528K, used 125343K [0x0000000080000000, 0x0000000100000000)
  region size 1024K, 59 young (60416K), 6 survivors (6144K)
 Metaspace       used 51145K, committed 51968K, reserved 491520K
  class space    used 7043K, committed 7424K, reserved 425984K
}

Dll operation events (15 events):
Event: 0.017 Loaded shared library C:\Program Files\Microsoft\jdk-17.0.19.10-hotspot\bin\java.dll
Event: 0.068 Loaded shared library C:\Program Files\Microsoft\jdk-17.0.19.10-hotspot\bin\jsvml.dll
Event: 0.253 Loaded shared library C:\Program Files\Microsoft\jdk-17.0.19.10-hotspot\bin\zip.dll
Event: 0.260 Loaded shared library C:\Program Files\Microsoft\jdk-17.0.19.10-hotspot\bin\instrument.dll
Event: 0.268 Loaded shared library C:\Program Files\Microsoft\jdk-17.0.19.10-hotspot\bin\net.dll
Event: 0.273 Loaded shared library C:\Program Files\Microsoft\jdk-17.0.19.10-hotspot\bin\nio.dll
Event: 0.277 Loaded shared library C:\Program Files\Microsoft\jdk-17.0.19.10-hotspot\bin\zip.dll
Event: 0.686 Loaded shared library C:\Program Files\Microsoft\jdk-17.0.19.10-hotspot\bin\jimage.dll
Event: 1.197 Loaded shared library C:\Program Files\Microsoft\jdk-17.0.19.10-hotspot\bin\verify.dll
Event: 1.266 Loaded shared library E:\GradleCache\native\660c5614fbf4a5f2a75b1949f50a0caf5cd603558e7d8a26e50b933a0cfb79d1\windows-amd64\native-platform.dll
Event: 1.307 Loaded shared library E:\GradleCache\native\0.2.8\x86_64-windows-gnu\gradle-fileevents.dll
Event: 4.351 Loaded shared library C:\Program Files\Microsoft\jdk-17.0.19.10-hotspot\bin\management.dll
Event: 4.363 Loaded shared library C:\Program Files\Microsoft\jdk-17.0.19.10-hotspot\bin\management_ext.dll
Event: 5.093 Loaded shared library C:\Program Files\Microsoft\jdk-17.0.19.10-hotspot\bin\extnet.dll
Event: 5.785 Loaded shared library C:\Program Files\Microsoft\jdk-17.0.19.10-hotspot\bin\sunmscapi.dll

Deoptimization events (20 events):
Event: 58.323 Thread 0x0000028ef95fb350 Uncommon trap: trap_request=0xffffff45 fr.pc=0x0000028ee3d9a548 relative=0x0000000000000128
Event: 58.323 Thread 0x0000028ef95fb350 Uncommon trap: reason=unstable_if action=reinterpret pc=0x0000028ee3d9a548 method=java.util.zip.CRC32.updateBytesCheck([BII)V @ 1 c2
Event: 58.323 Thread 0x0000028ef95fb350 DEOPT PACKING pc=0x0000028ee3d9a548 sp=0x000000ab799fecc0
Event: 58.324 Thread 0x0000028ef95fb350 DEOPT UNPACKING pc=0x0000028ee36669a3 sp=0x000000ab799feba8 mode 2
Event: 58.347 Thread 0x0000028ef95f9f10 DEOPT PACKING pc=0x0000028edcb633ef sp=0x000000ab79efd990
Event: 58.347 Thread 0x0000028ef95f9f10 DEOPT UNPACKING pc=0x0000028ee3667143 sp=0x000000ab79efce50 mode 0
Event: 58.416 Thread 0x0000028ef95f9f10 Uncommon trap: trap_request=0xffffff45 fr.pc=0x0000028ee3f5aba4 relative=0x0000000000001304
Event: 58.416 Thread 0x0000028ef95f9f10 Uncommon trap: reason=unstable_if action=reinterpret pc=0x0000028ee3f5aba4 method=org.objectweb.asm.SymbolTable.addConstantUtf8(Ljava/lang/String;)I @ 40 c2
Event: 58.416 Thread 0x0000028ef95f9f10 DEOPT PACKING pc=0x0000028ee3f5aba4 sp=0x000000ab79efce90
Event: 58.416 Thread 0x0000028ef95f9f10 DEOPT UNPACKING pc=0x0000028ee36669a3 sp=0x000000ab79efce80 mode 2
Event: 58.506 Thread 0x0000028ef2aade20 DEOPT PACKING pc=0x0000028edcbbd5f3 sp=0x000000ab77cf55d0
Event: 58.506 Thread 0x0000028ef2aade20 DEOPT UNPACKING pc=0x0000028ee3667143 sp=0x000000ab77cf4b80 mode 0
Event: 58.739 Thread 0x0000028ef95fb350 DEOPT PACKING pc=0x0000028edce1793c sp=0x000000ab799fecd0
Event: 58.739 Thread 0x0000028ef95fb350 DEOPT UNPACKING pc=0x0000028ee3667143 sp=0x000000ab799fe1a8 mode 0
Event: 59.229 Thread 0x0000028ef95f94f0 Uncommon trap: trap_request=0xffffff45 fr.pc=0x0000028ee3f74dfc relative=0x00000000000042bc
Event: 59.230 Thread 0x0000028ef95f94f0 Uncommon trap: reason=unstable_if action=reinterpret pc=0x0000028ee3f74dfc method=org.objectweb.asm.signature.SignatureReader.parseType(Ljava/lang/String;ILorg/objectweb/asm/signature/SignatureVisitor;)I @ 198 c2
Event: 59.231 Thread 0x0000028ef95f94f0 DEOPT PACKING pc=0x0000028ee3f74dfc sp=0x000000ab79cfcee0
Event: 59.232 Thread 0x0000028ef95f94f0 DEOPT UNPACKING pc=0x0000028ee36669a3 sp=0x000000ab79cfcf08 mode 2
Event: 59.419 Thread 0x0000028ef7c031e0 DEOPT PACKING pc=0x0000028edcddde78 sp=0x000000ab7a0fd000
Event: 59.419 Thread 0x0000028ef7c031e0 DEOPT UNPACKING pc=0x0000028ee3667143 sp=0x000000ab7a0fc518 mode 0

Classes loaded (20 events):
Event: 56.256 Loading class java/lang/invoke/BoundMethodHandle$Species_LLLLLLLLLLLLLLLLLLLLLLLLLLLL
Event: 56.256 Loading class java/lang/invoke/BoundMethodHandle$Species_LLLLLLLLLLLLLLLLLLLLLLLLLLLL done
Event: 56.895 Loading class java/nio/file/FileSystemLoopException
Event: 56.896 Loading class java/nio/file/FileSystemLoopException done
Event: 57.426 Loading class java/nio/charset/UnsupportedCharsetException
Event: 57.427 Loading class java/nio/charset/UnsupportedCharsetException done
Event: 57.431 Loading class java/util/Collections$UnmodifiableSortedMap
Event: 57.432 Loading class java/util/Collections$UnmodifiableSortedMap done
Event: 57.435 Loading class java/util/zip/Deflater
Event: 57.436 Loading class java/util/zip/Deflater done
Event: 57.438 Loading class java/util/zip/Deflater$DeflaterZStreamRef
Event: 57.438 Loading class java/util/zip/Deflater$DeflaterZStreamRef done
Event: 57.451 Loading class java/util/PriorityQueue
Event: 57.452 Loading class java/util/PriorityQueue done
Event: 57.469 Loading class sun/misc/Unsafe
Event: 57.470 Loading class sun/misc/Unsafe done
Event: 57.770 Loading class java/util/regex/Pattern$Caret
Event: 57.842 Loading class java/util/regex/Pattern$Caret done
Event: 58.313 Loading class java/nio/StringCharBuffer
Event: 58.314 Loading class java/nio/StringCharBuffer done

Classes unloaded (20 events):
Event: 57.305 Thread 0x0000028ef2a23f50 Unloading class 0x0000028e81695000 '_BuildScript_'
Event: 57.305 Thread 0x0000028ef2a23f50 Unloading class 0x0000028e816938d8 '_BuildScript_$_run_closure1$_closure2'
Event: 57.305 Thread 0x0000028ef2a23f50 Unloading class 0x0000028e816934f0 '_BuildScript_$_run_closure1'
Event: 57.305 Thread 0x0000028ef2a23f50 Unloading class 0x0000028e81693000 '_BuildScript_'
Event: 57.305 Thread 0x0000028ef2a23f50 Unloading class 0x0000028e816913e8 '_BuildScript_$_run_closure1$_closure2$_closure3$_closure4'
Event: 57.305 Thread 0x0000028ef2a23f50 Unloading class 0x0000028e81691000 '_BuildScript_$_run_closure1$_closure2$_closure3'
Event: 57.305 Thread 0x0000028ef2a23f50 Unloading class 0x0000028e816908d8 '_BuildScript_$_run_closure1$_closure2'
Event: 57.305 Thread 0x0000028ef2a23f50 Unloading class 0x0000028e816904f0 '_BuildScript_$_run_closure1'
Event: 57.305 Thread 0x0000028ef2a23f50 Unloading class 0x0000028e81690000 '_BuildScript_'
Event: 57.305 Thread 0x0000028ef2a23f50 Unloading class 0x0000028e8168e7d0 '_BuildScript_$_run_closure1$_closure2$_closure4$_closure5'
Event: 57.305 Thread 0x0000028ef2a23f50 Unloading class 0x0000028e8168e3e8 '_BuildScript_$_run_closure1$_closure2$_closure4'
Event: 57.305 Thread 0x0000028ef2a23f50 Unloading class 0x0000028e8168e000 '_BuildScript_$_run_closure1$_closure2$_closure3'
Event: 57.305 Thread 0x0000028ef2a23f50 Unloading class 0x0000028e8168d8d8 '_BuildScript_$_run_closure1$_closure2'
Event: 57.305 Thread 0x0000028ef2a23f50 Unloading class 0x0000028e8168d4f0 '_BuildScript_$_run_closure1'
Event: 57.305 Thread 0x0000028ef2a23f50 Unloading class 0x0000028e8168d000 '_BuildScript_'
Event: 57.305 Thread 0x0000028ef2a23f50 Unloading class 0x0000028e81688bb8 '_BuildScript_$_run_closure1$_closure2$_closure3$_closure4'
Event: 57.305 Thread 0x0000028ef2a23f50 Unloading class 0x0000028e816887d0 '_BuildScript_$_run_closure1$_closure2$_closure3'
Event: 57.305 Thread 0x0000028ef2a23f50 Unloading class 0x0000028e816883e8 '_BuildScript_$_run_closure1$_closure2'
Event: 57.305 Thread 0x0000028ef2a23f50 Unloading class 0x0000028e81688000 '_BuildScript_$_run_closure1'
Event: 57.305 Thread 0x0000028ef2a23f50 Unloading class 0x0000028e81683800 '_BuildScript_'

Classes redefined (0 events):
No events

Internal exceptions (20 events):
Event: 55.572 Thread 0x0000028ef2aade20 Exception <a 'java/lang/IncompatibleClassChangeError'{0x0000000086a9f8f0}: Found class java.lang.Object, but interface was expected> (0x0000000086a9f8f0) 
thrown [s\src\hotspot\share\interpreter\linkResolver.cpp, line 826]
Event: 55.587 Thread 0x0000028ef2aade20 Exception <a 'java/lang/ClassNotFoundException'{0x0000000086ae3488}: java/io/FileBeanInfo> (0x0000000086ae3488) 
thrown [s\src\hotspot\share\classfile\systemDictionary.cpp, line 256]
Event: 55.588 Thread 0x0000028ef2aade20 Exception <a 'java/lang/ClassNotFoundException'{0x0000000086ae77f0}: java/io/FileCustomizer> (0x0000000086ae77f0) 
thrown [s\src\hotspot\share\classfile\systemDictionary.cpp, line 256]
Event: 56.080 Thread 0x0000028ef2aade20 Exception <a 'sun/nio/fs/WindowsException'{0x0000000085e56b90}> (0x0000000085e56b90) 
thrown [s\src\hotspot\share\prims\jni.cpp, line 516]
Event: 56.081 Thread 0x0000028ef2aade20 Exception <a 'sun/nio/fs/WindowsException'{0x0000000085e584f8}> (0x0000000085e584f8) 
thrown [s\src\hotspot\share\prims\jni.cpp, line 516]
Event: 56.082 Thread 0x0000028ef2aade20 Exception <a 'sun/nio/fs/WindowsException'{0x0000000085e59e50}> (0x0000000085e59e50) 
thrown [s\src\hotspot\share\prims\jni.cpp, line 516]
Event: 56.082 Thread 0x0000028ef2aade20 Exception <a 'sun/nio/fs/WindowsException'{0x0000000085e5b408}> (0x0000000085e5b408) 
thrown [s\src\hotspot\share\prims\jni.cpp, line 516]
Event: 56.180 Thread 0x0000028ef2aade20 Exception <a 'java/lang/NoSuchMethodError'{0x0000000085d20e48}: 'java.lang.Object java.lang.invoke.Invokers$Holder.invoker(java.lang.Object, java.lang.Object, java.lang.Object, java.lang.Object, java.lang.Object, java.lang.Object)'> (0x0000000085d20e48) 
thrown [s\src\hotspot\share\interpreter\linkResolver.cpp, line 759]
Event: 56.218 Thread 0x0000028ef2aade20 Exception <a 'java/lang/NoSuchMethodError'{0x0000000085ddecf8}: 'java.lang.Object java.lang.invoke.DelegatingMethodHandle$Holder.reinvoke_L(java.lang.Object, java.lang.Object, java.lang.Object, java.lang.Object, java.lang.Object, java.lang.Object, java.lang.Object, java.lang.Object, java.lang.Object, java.lang.Object, java.lang.Object, java.lang.Object, java.lang.Object, java.lang.Object, java.lang.Object, java.lang.Object, java.lang.Object, java.lang.Object, java.lang.Object, java.lang.Object, java.lang.O
Event: 56.219 Thread 0x0000028ef2aade20 Exception <a 'java/lang/NoSuchMethodError'{0x0000000085debc00}: 'java.lang.Object java.lang.invoke.Invokers$Holder.invoker(java.lang.Object, java.lang.Object, java.lang.Object, java.lang.Object, java.lang.Object, java.lang.Object, java.lang.Object, java.lang.Object, java.lang.Object, java.lang.Object, java.lang.Object, java.lang.Object, java.lang.Object, java.lang.Object, java.lang.Object, java.lang.Object, java.lang.Object, java.lang.Object, java.lang.Object, java.lang.Object, java.lang.Object, java.lang.
Event: 56.220 Thread 0x0000028ef2aade20 Exception <a 'java/lang/NoSuchMethodError'{0x0000000085df3150}: 'java.lang.Object java.lang.invoke.DelegatingMethodHandle$Holder.delegate(java.lang.Object, java.lang.Object, java.lang.Object, java.lang.Object, java.lang.Object, java.lang.Object, java.lang.Object, java.lang.Object, java.lang.Object, java.lang.Object, java.lang.Object, java.lang.Object, java.lang.Object, java.lang.Object, java.lang.Object, java.lang.Object, java.lang.Object, java.lang.Object, java.lang.Object, java.lang.Object, java.lang.Obj
Event: 56.245 Thread 0x0000028ef2aade20 Exception <a 'java/lang/NoSuchMethodError'{0x0000000085cd2030}: 'java.lang.Object java.lang.invoke.DirectMethodHandle$Holder.invokeStatic(java.lang.Object, java.lang.Object, java.lang.Object, java.lang.Object, java.lang.Object, java.lang.Object, java.lang.Object, java.lang.Object, java.lang.Object, java.lang.Object, java.lang.Object, java.lang.Object, java.lang.Object, java.lang.Object, java.lang.Object, java.lang.Object, java.lang.Object, java.lang.Object, java.lang.Object, java.lang.Object, java.lang.Obj
Event: 56.249 Thread 0x0000028ef2aade20 Exception <a 'java/lang/NoSuchMethodError'{0x0000000085b07748}: 'java.lang.Object java.lang.invoke.DirectMethodHandle$Holder.invokeStatic(java.lang.Object, java.lang.Object, java.lang.Object, java.lang.Object, java.lang.Object, java.lang.Object, java.lang.Object, java.lang.Object, java.lang.Object, java.lang.Object, java.lang.Object, java.lang.Object, java.lang.Object, java.lang.Object, java.lang.Object, java.lang.Object, java.lang.Object, java.lang.Object, java.lang.Object, java.lang.Object, java.lang.Obj
Event: 56.253 Thread 0x0000028ef2aade20 Exception <a 'java/lang/NoSuchMethodError'{0x0000000085b3ec20}: 'java.lang.Object java.lang.invoke.DirectMethodHandle$Holder.invokeStatic(java.lang.Object, java.lang.Object, java.lang.Object, java.lang.Object, java.lang.Object, java.lang.Object, java.lang.Object, java.lang.Object, java.lang.Object, java.lang.Object, java.lang.Object, java.lang.Object, java.lang.Object, java.lang.Object, java.lang.Object, java.lang.Object, java.lang.Object, java.lang.Object, java.lang.Object, java.lang.Object, java.lang.Obj
Event: 56.258 Thread 0x0000028ef2aade20 Exception <a 'java/lang/NoSuchMethodError'{0x0000000085b788a8}: 'java.lang.Object java.lang.invoke.DirectMethodHandle$Holder.invokeStatic(java.lang.Object, java.lang.Object, java.lang.Object, java.lang.Object, java.lang.Object, java.lang.Object, java.lang.Object, java.lang.Object, java.lang.Object, java.lang.Object, java.lang.Object, java.lang.Object, java.lang.Object, java.lang.Object, java.lang.Object, java.lang.Object, java.lang.Object, java.lang.Object, java.lang.Object, java.lang.Object, java.lang.Obj
Event: 56.647 Thread 0x0000028ef2aade20 Exception <a 'java/lang/NoSuchMethodError'{0x0000000085940700}: 'java.lang.Object java.lang.invoke.DirectMethodHandle$Holder.newInvokeSpecial(java.lang.Object, java.lang.Object, java.lang.Object, java.lang.Object, java.lang.Object, java.lang.Object, int)'> (0x0000000085940700) 
thrown [s\src\hotspot\share\interpreter\linkResolver.cpp, line 759]
Event: 56.669 Thread 0x0000028ef2aade20 Exception <a 'java/lang/NoSuchMethodError'{0x0000000085945df0}: 'java.lang.Object java.lang.invoke.DirectMethodHandle$Holder.invokeSpecial(java.lang.Object, java.lang.Object, java.lang.Object, java.lang.Object, java.lang.Object, java.lang.Object, java.lang.Object, int)'> (0x0000000085945df0) 
thrown [s\src\hotspot\share\interpreter\linkResolver.cpp, line 759]
Event: 56.670 Thread 0x0000028ef2aade20 Exception <a 'java/lang/NoSuchMethodError'{0x000000008594ad28}: 'java.lang.Object java.lang.invoke.Invokers$Holder.linkToTargetMethod(java.lang.Object, java.lang.Object, java.lang.Object, java.lang.Object, java.lang.Object, int, java.lang.Object)'> (0x000000008594ad28) 
thrown [s\src\hotspot\share\interpreter\linkResolver.cpp, line 759]
Event: 57.202 Thread 0x0000028ef2aade20 Exception <a 'sun/nio/fs/WindowsException'{0x0000000087dea170}> (0x0000000087dea170) 
thrown [s\src\hotspot\share\prims\jni.cpp, line 516]
Event: 57.202 Thread 0x0000028ef2aade20 Exception <a 'sun/nio/fs/WindowsException'{0x0000000087debc50}> (0x0000000087debc50) 
thrown [s\src\hotspot\share\prims\jni.cpp, line 516]

VM Operations (20 events):
Event: 57.433 Executing VM operation: HandshakeAllThreads done
Event: 57.576 Executing VM operation: HandshakeAllThreads
Event: 57.576 Executing VM operation: HandshakeAllThreads done
Event: 57.616 Executing VM operation: HandshakeAllThreads
Event: 57.617 Executing VM operation: HandshakeAllThreads done
Event: 57.873 Executing VM operation: G1CollectForAllocation
Event: 57.901 Executing VM operation: G1CollectForAllocation done
Event: 57.929 Executing VM operation: G1CollectForAllocation
Event: 57.939 Executing VM operation: G1CollectForAllocation done
Event: 58.025 Executing VM operation: HandshakeAllThreads
Event: 58.041 Executing VM operation: HandshakeAllThreads done
Event: 58.298 Executing VM operation: G1CollectForAllocation
Event: 58.302 Executing VM operation: G1CollectForAllocation done
Event: 58.537 Executing VM operation: G1CollectForAllocation
Event: 58.541 Executing VM operation: G1CollectForAllocation done
Event: 58.853 Executing VM operation: G1CollectForAllocation
Event: 58.859 Executing VM operation: G1CollectForAllocation done
Event: 59.137 Executing VM operation: G1CollectForAllocation
Event: 59.152 Executing VM operation: G1CollectForAllocation done
Event: 59.436 Executing VM operation: G1CollectForAllocation

Memory protections (0 events):
No events

Nmethod flushes (20 events):
Event: 23.695 Thread 0x0000028ef2a5ae80 flushing  nmethod 0x0000028edc9c0e10
Event: 23.695 Thread 0x0000028ef2a5ae80 flushing  nmethod 0x0000028edc9c1c90
Event: 23.695 Thread 0x0000028ef2a5ae80 flushing  nmethod 0x0000028edc9c2290
Event: 23.695 Thread 0x0000028ef2a5ae80 flushing  nmethod 0x0000028edc9e3310
Event: 23.695 Thread 0x0000028ef2a5ae80 flushing  nmethod 0x0000028edc9e3710
Event: 23.695 Thread 0x0000028ef2a5ae80 flushing  nmethod 0x0000028edc9e3d10
Event: 23.695 Thread 0x0000028ef2a5ae80 flushing  nmethod 0x0000028edc9e4510
Event: 23.695 Thread 0x0000028ef2a5ae80 flushing  nmethod 0x0000028edc9e5d90
Event: 23.695 Thread 0x0000028ef2a5ae80 flushing  nmethod 0x0000028edc9e6390
Event: 23.695 Thread 0x0000028ef2a5ae80 flushing  nmethod 0x0000028edc9e7d90
Event: 23.695 Thread 0x0000028ef2a5ae80 flushing  nmethod 0x0000028edc9e8c90
Event: 23.695 Thread 0x0000028ef2a5ae80 flushing  nmethod 0x0000028edc9e9290
Event: 23.695 Thread 0x0000028ef2a5ae80 flushing  nmethod 0x0000028edc9f1b90
Event: 23.695 Thread 0x0000028ef2a5ae80 flushing  nmethod 0x0000028edc9f2a90
Event: 23.695 Thread 0x0000028ef2a5ae80 flushing  nmethod 0x0000028edc9f5b10
Event: 23.695 Thread 0x0000028ef2a5ae80 flushing  nmethod 0x0000028edc9f9b90
Event: 23.695 Thread 0x0000028ef2a5ae80 flushing  nmethod 0x0000028edc9fc690
Event: 23.695 Thread 0x0000028ef2a5ae80 flushing  nmethod 0x0000028edca0ce10
Event: 23.695 Thread 0x0000028ef2a5ae80 flushing  nmethod 0x0000028edca55490
Event: 57.585 Thread 0x0000028ef2a5ae80 flushing  nmethod 0x0000028edc4ff190

Events (20 events):
Event: 11.739 Thread 0x0000028ef2aade20 Thread added: 0x0000028ef95f3ee0
Event: 13.936 Thread 0x0000028ef2aade20 Thread added: 0x0000028ef95f5d40
Event: 14.396 Thread 0x0000028ef2aade20 Thread added: 0x0000028ef95f5320
Event: 16.082 Thread 0x0000028ef2aade20 Thread added: 0x0000028ef95f6c70
Event: 16.355 Thread 0x0000028ef2aade20 Thread added: 0x0000028ef95f43f0
Event: 20.587 Thread 0x0000028ef2aade20 Thread added: 0x0000028ef95f7690
Event: 23.573 Thread 0x0000028ef2aade20 Thread added: 0x0000028ef95f7ba0
Event: 26.989 Thread 0x0000028ef2aade20 Thread added: 0x0000028ef95f4900
Event: 27.772 Thread 0x0000028ef2aade20 Thread added: 0x0000028ef95fa420
Event: 28.753 Thread 0x0000028ef2aade20 Thread added: 0x0000028ef95fae40
Event: 54.612 Thread 0x0000028ef2a50460 Thread added: 0x0000028efabda850
Event: 55.837 Thread 0x0000028ef2aade20 Thread added: 0x0000028ef95fa930
Event: 57.478 Thread 0x0000028ef2aade20 Thread added: 0x0000028ef95fb350
Event: 57.494 Thread 0x0000028ef2aade20 Thread added: 0x0000028ef95f85c0
Event: 57.495 Thread 0x0000028ef2aade20 Thread added: 0x0000028ef95f8fe0
Event: 57.496 Thread 0x0000028ef2aade20 Thread added: 0x0000028ef95f94f0
Event: 57.497 Thread 0x0000028ef2aade20 Thread added: 0x0000028ef95f8ad0
Event: 57.497 Thread 0x0000028ef2aade20 Thread added: 0x0000028ef95f9f10
Event: 57.497 Thread 0x0000028ef2aade20 Thread added: 0x0000028ef95f9a00
Event: 57.498 Thread 0x0000028ef2aade20 Thread added: 0x0000028ef7c031e0


Dynamic libraries:
0x00007ff706b70000 - 0x00007ff706b7e000 	C:\Program Files\Microsoft\jdk-17.0.19.10-hotspot\bin\java.exe
0x00007ffbdf140000 - 0x00007ffbdf3a6000 	C:\WINDOWS\SYSTEM32\ntdll.dll
0x00007ffbdd970000 - 0x00007ffbdda39000 	C:\WINDOWS\System32\KERNEL32.DLL
0x00007ffbdc900000 - 0x00007ffbdccfe000 	C:\WINDOWS\System32\KERNELBASE.dll
0x00007ffbdcd10000 - 0x00007ffbdce5c000 	C:\WINDOWS\System32\ucrtbase.dll
0x00007ffbb7620000 - 0x00007ffbb7638000 	C:\Program Files\Microsoft\jdk-17.0.19.10-hotspot\bin\jli.dll
0x00007ffbb4ad0000 - 0x00007ffbb4aee000 	C:\Program Files\Microsoft\jdk-17.0.19.10-hotspot\bin\VCRUNTIME140.dll
0x00007ffbde5f0000 - 0x00007ffbde7b7000 	C:\WINDOWS\System32\USER32.dll
0x00007ffbbebb0000 - 0x00007ffbbee42000 	C:\WINDOWS\WinSxS\amd64_microsoft.windows.common-controls_6595b64144ccf1df_6.0.26100.8875_none_3e0d5d42e32fe9dd\COMCTL32.dll
0x00007ffbdc8d0000 - 0x00007ffbdc8f7000 	C:\WINDOWS\System32\win32u.dll
0x00007ffbde330000 - 0x00007ffbde3d9000 	C:\WINDOWS\System32\msvcrt.dll
0x00007ffbde1f0000 - 0x00007ffbde21b000 	C:\WINDOWS\System32\GDI32.dll
0x00007ffbdc420000 - 0x00007ffbdc54a000 	C:\WINDOWS\System32\gdi32full.dll
0x00007ffbdc790000 - 0x00007ffbdc833000 	C:\WINDOWS\System32\msvcp_win.dll
0x00007ffbdd930000 - 0x00007ffbdd962000 	C:\WINDOWS\System32\IMM32.DLL
0x00007ffbbbf60000 - 0x00007ffbbbf6c000 	C:\Program Files\Microsoft\jdk-17.0.19.10-hotspot\bin\vcruntime140_1.dll
0x00007ffb94af0000 - 0x00007ffb94b79000 	C:\Program Files\Microsoft\jdk-17.0.19.10-hotspot\bin\msvcp140.dll
0x00007ffb8f890000 - 0x00007ffb9050b000 	C:\Program Files\Microsoft\jdk-17.0.19.10-hotspot\bin\server\jvm.dll
0x00007ffbde270000 - 0x00007ffbde327000 	C:\WINDOWS\System32\ADVAPI32.dll
0x00007ffbdd710000 - 0x00007ffbdd7ba000 	C:\WINDOWS\System32\sechost.dll
0x00007ffbdd4c0000 - 0x00007ffbdd5d8000 	C:\WINDOWS\System32\RPCRT4.dll
0x00007ffbdeb80000 - 0x00007ffbdec00000 	C:\WINDOWS\System32\WS2_32.dll
0x00007ffbdc1e0000 - 0x00007ffbdc23e000 	C:\WINDOWS\SYSTEM32\POWRPROF.dll
0x00007ffbd4850000 - 0x00007ffbd485b000 	C:\WINDOWS\SYSTEM32\VERSION.dll
0x00007ffbc0f60000 - 0x00007ffbc0f96000 	C:\WINDOWS\SYSTEM32\WINMM.dll
0x00007ffbdc1c0000 - 0x00007ffbdc1d4000 	C:\WINDOWS\SYSTEM32\UMPDC.dll
0x00007ffbdb000000 - 0x00007ffbdb01b000 	C:\WINDOWS\SYSTEM32\kernel.appcore.dll
0x00007ffbbb050000 - 0x00007ffbbb05a000 	C:\Program Files\Microsoft\jdk-17.0.19.10-hotspot\bin\jimage.dll
0x00007ffbd9a00000 - 0x00007ffbd9c42000 	C:\WINDOWS\SYSTEM32\DBGHELP.DLL
0x00007ffbdecb0000 - 0x00007ffbdf033000 	C:\WINDOWS\System32\combase.dll
0x00007ffbdeaa0000 - 0x00007ffbdeb79000 	C:\WINDOWS\System32\OLEAUT32.dll
0x00007ffbd6870000 - 0x00007ffbd68ab000 	C:\WINDOWS\SYSTEM32\dbgcore.DLL
0x00007ffbdc360000 - 0x00007ffbdc40c000 	C:\WINDOWS\System32\bcryptPrimitives.dll
0x00007ffbba530000 - 0x00007ffbba53f000 	C:\Program Files\Microsoft\jdk-17.0.19.10-hotspot\bin\instrument.dll
0x00007ffb94bf0000 - 0x00007ffb94c16000 	C:\Program Files\Microsoft\jdk-17.0.19.10-hotspot\bin\java.dll
0x00007ffb92180000 - 0x00007ffb92256000 	C:\Program Files\Microsoft\jdk-17.0.19.10-hotspot\bin\jsvml.dll
0x00007ffbdda50000 - 0x00007ffbde1e2000 	C:\WINDOWS\System32\SHELL32.dll
0x00007ffbd9de0000 - 0x00007ffbda672000 	C:\WINDOWS\SYSTEM32\windows.storage.dll
0x00007ffbdd330000 - 0x00007ffbdd427000 	C:\WINDOWS\System32\SHCORE.dll
0x00007ffbde3e0000 - 0x00007ffbde447000 	C:\WINDOWS\System32\shlwapi.dll
0x00007ffbdc280000 - 0x00007ffbdc2a9000 	C:\WINDOWS\SYSTEM32\profapi.dll
0x00007ffbb47f0000 - 0x00007ffbb4808000 	C:\Program Files\Microsoft\jdk-17.0.19.10-hotspot\bin\zip.dll
0x00007ffba29f0000 - 0x00007ffba2a0b000 	C:\Program Files\Microsoft\jdk-17.0.19.10-hotspot\bin\net.dll
0x00007ffbd3700000 - 0x00007ffbd3827000 	C:\WINDOWS\SYSTEM32\WINHTTP.dll
0x00007ffbdb590000 - 0x00007ffbdb5fc000 	C:\WINDOWS\system32\mswsock.dll
0x00007ffba22a0000 - 0x00007ffba22b6000 	C:\Program Files\Microsoft\jdk-17.0.19.10-hotspot\bin\nio.dll
0x00007ffbb78e0000 - 0x00007ffbb78f0000 	C:\Program Files\Microsoft\jdk-17.0.19.10-hotspot\bin\verify.dll
0x00007ffb9cb40000 - 0x00007ffb9cb67000 	E:\GradleCache\native\660c5614fbf4a5f2a75b1949f50a0caf5cd603558e7d8a26e50b933a0cfb79d1\windows-amd64\native-platform.dll
0x00007ffb949c0000 - 0x00007ffb94a37000 	E:\GradleCache\native\0.2.8\x86_64-windows-gnu\gradle-fileevents.dll
0x00007ffbb4a10000 - 0x00007ffbb4a1a000 	C:\Program Files\Microsoft\jdk-17.0.19.10-hotspot\bin\management.dll
0x00007ffbb32e0000 - 0x00007ffbb32ec000 	C:\Program Files\Microsoft\jdk-17.0.19.10-hotspot\bin\management_ext.dll
0x00007ffbdce90000 - 0x00007ffbdce98000 	C:\WINDOWS\System32\PSAPI.DLL
0x00007ffbda9b0000 - 0x00007ffbda9e3000 	C:\WINDOWS\SYSTEM32\IPHLPAPI.DLL
0x00007ffbdda40000 - 0x00007ffbdda4a000 	C:\WINDOWS\System32\NSI.dll
0x00007ffbd67d0000 - 0x00007ffbd67ed000 	C:\WINDOWS\SYSTEM32\dhcpcsvc6.DLL
0x00007ffbd2dd0000 - 0x00007ffbd2df5000 	C:\WINDOWS\SYSTEM32\dhcpcsvc.DLL
0x00007ffbda9f0000 - 0x00007ffbdab46000 	C:\WINDOWS\SYSTEM32\DNSAPI.dll
0x00007ffbdb3b0000 - 0x00007ffbdb3bd000 	C:\WINDOWS\SYSTEM32\DSPARSE.dll
0x00007ffbb1ea0000 - 0x00007ffbb1ea9000 	C:\Program Files\Microsoft\jdk-17.0.19.10-hotspot\bin\extnet.dll
0x00007ffbdb9c0000 - 0x00007ffbdb9db000 	C:\WINDOWS\SYSTEM32\CRYPTSP.dll
0x00007ffbdaf60000 - 0x00007ffbdaf99000 	C:\WINDOWS\system32\rsaenh.dll
0x00007ffbdb650000 - 0x00007ffbdb682000 	C:\WINDOWS\SYSTEM32\USERENV.dll
0x00007ffbdc250000 - 0x00007ffbdc27a000 	C:\WINDOWS\SYSTEM32\bcrypt.dll
0x00007ffbdb800000 - 0x00007ffbdb80c000 	C:\WINDOWS\SYSTEM32\CRYPTBASE.dll
0x00007ffba80b0000 - 0x00007ffba80be000 	C:\Program Files\Microsoft\jdk-17.0.19.10-hotspot\bin\sunmscapi.dll
0x00007ffbdc550000 - 0x00007ffbdc6c8000 	C:\WINDOWS\System32\CRYPT32.dll
0x00007ffbdbb30000 - 0x00007ffbdbb60000 	C:\WINDOWS\SYSTEM32\ncrypt.dll
0x00007ffbdbae0000 - 0x00007ffbdbb1f000 	C:\WINDOWS\SYSTEM32\NTASN1.dll
0x00007ffbd4db0000 - 0x00007ffbd4db8000 	C:\WINDOWS\system32\wshunix.dll
0x00007ffbdb130000 - 0x00007ffbdb166000 	C:\WINDOWS\SYSTEM32\ntmarta.dll

dbghelp: loaded successfully - version: 4.0.5 - missing functions: none
symbol engine: initialized successfully - sym options: 0x614 - pdb path: .;C:\Program Files\Microsoft\jdk-17.0.19.10-hotspot\bin;C:\WINDOWS\SYSTEM32;C:\WINDOWS\WinSxS\amd64_microsoft.windows.common-controls_6595b64144ccf1df_6.0.26100.8875_none_3e0d5d42e32fe9dd;C:\Program Files\Microsoft\jdk-17.0.19.10-hotspot\bin\server;E:\GradleCache\native\660c5614fbf4a5f2a75b1949f50a0caf5cd603558e7d8a26e50b933a0cfb79d1\windows-amd64;E:\GradleCache\native\0.2.8\x86_64-windows-gnu

VM Arguments:
jvm_args: --add-opens=java.base/java.lang=ALL-UNNAMED --add-opens=java.base/java.lang.invoke=ALL-UNNAMED --add-opens=java.base/java.util=ALL-UNNAMED --add-opens=java.prefs/java.util.prefs=ALL-UNNAMED --add-exports=jdk.compiler/com.sun.tools.javac.api=ALL-UNNAMED --add-exports=jdk.compiler/com.sun.tools.javac.util=ALL-UNNAMED --add-opens=java.base/java.nio.charset=ALL-UNNAMED --add-opens=java.base/java.net=ALL-UNNAMED --add-opens=java.base/java.util.concurrent=ALL-UNNAMED --add-opens=java.base/java.util.concurrent.atomic=ALL-UNNAMED --add-opens=java.xml/javax.xml.namespace=ALL-UNNAMED --add-opens=java.base/java.time=ALL-UNNAMED -XX:MaxMetaspaceSize=512m -Xmx2048m -Dfile.encoding=UTF-8 -Duser.country=US -Duser.language=en -Duser.variant -javaagent:E:\GradleCache\wrapper\dists\gradle-9.6.1-all\4xnwe4ed5w7qqynisxnnvegss\gradle-9.6.1\lib\agents\gradle-instrumentation-agent-9.6.1.jar 
java_command: org.gradle.launcher.daemon.bootstrap.GradleDaemon 9.6.1
java_class_path (initial): E:\GradleCache\wrapper\dists\gradle-9.6.1-all\4xnwe4ed5w7qqynisxnnvegss\gradle-9.6.1\lib\gradle-daemon-main-9.6.1.jar
Launcher Type: SUN_STANDARD

[Global flags]
     intx CICompilerCount                          = 4                                         {product} {ergonomic}
   size_t CompressedClassSpaceSize                 = 436207616                                 {product} {ergonomic}
     uint ConcGCThreads                            = 2                                         {product} {ergonomic}
     uint G1ConcRefinementThreads                  = 8                                         {product} {ergonomic}
   size_t G1HeapRegionSize                         = 1048576                                   {product} {ergonomic}
    uintx GCDrainStackTargetSize                   = 64                                        {product} {ergonomic}
   size_t InitialHeapSize                          = 132120576                                 {product} {ergonomic}
   size_t MarkStackSize                            = 4194304                                   {product} {ergonomic}
   size_t MaxHeapSize                              = 2147483648                                {product} {command line}
   size_t MaxMetaspaceSize                         = 536870912                                 {product} {command line}
   size_t MaxNewSize                               = 1287651328                                {product} {ergonomic}
   size_t MinHeapDeltaBytes                        = 1048576                                   {product} {ergonomic}
   size_t MinHeapSize                              = 8388608                                   {product} {ergonomic}
    uintx NonNMethodCodeHeapSize                   = 5839372                                {pd product} {ergonomic}
    uintx NonProfiledCodeHeapSize                  = 122909434                              {pd product} {ergonomic}
    uintx ProfiledCodeHeapSize                     = 122909434                              {pd product} {ergonomic}
    uintx ReservedCodeCacheSize                    = 251658240                              {pd product} {ergonomic}
     bool SegmentedCodeCache                       = true                                      {product} {ergonomic}
   size_t SoftMaxHeapSize                          = 2147483648                             {manageable} {ergonomic}
     bool UseCompressedClassPointers               = true                           {product lp64_product} {ergonomic}
     bool UseCompressedOops                        = true                           {product lp64_product} {ergonomic}
     bool UseG1GC                                  = true                                      {product} {ergonomic}
     bool UseLargePagesIndividualAllocation        = false                                  {pd product} {ergonomic}

Logging:
Log output configuration:
 #0: stdout all=warning uptime,level,tags
 #1: stderr all=off uptime,level,tags

Environment Variables:
JAVA_HOME=C:\Program Files\Microsoft\jdk-17.0.19.10-hotspot\
PATH=C:\Program Files\Microsoft\jdk-17.0.19.10-hotspot\bin;C:\Oracle\dbhomeXE\bin;C:\Program Files\Common Files\Oracle\Java\javapath;C:\Program Files (x86)\Common Files\Oracle\Java\javapath;C:\WINDOWS\system32;C:\WINDOWS;C:\WINDOWS\System32\Wbem;C:\WINDOWS\System32\WindowsPowerShell\v1.0\;C:\WINDOWS\System32\OpenSSH\;C:\Program Files\MySQL\MySQL Server 8.0\bin;C:\Program Files\nodejs\;C:\Program Files\Java\jdk-25\bin;C:\Program Files (x86)\Microsoft SQL Server\170\Tools\Binn\;C:\Program Files\Microsoft SQL Server\170\Tools\Binn\;C:\Program Files\Microsoft SQL Server\Client SDK\ODBC\180\Tools\Binn\;C:\Program Files\Microsoft SQL Server\170\DTS\Binn\;C:\Program Files\Git\cmd;E:\Android\cmdline-tools\latest\bin;E:\Android\platform-tools;E:\Android\gradle-8.6\gradle-8.6\bin;C:\Program Files\Microsoft\jdk-17.0.19.10-hotspot\bin;C:\Oracle\dbhomeXE\bin;C:\Program Files\Common Files\Oracle\Java\javapath;C:\Program Files (x86)\Common Files\Oracle\Java\javapath;C:\WINDOWS\system32;C:\WINDOWS;C:\WINDOWS\System32\Wbem;C:\WINDOWS\System32\WindowsPowerShell\v1.0\;C:\WINDOWS\System32\OpenSSH\;C:\Program Files\MySQL\MySQL Server 8.0\bin;C:\Program Files\nodejs\;C:\Program Files\Java\jdk-25\bin;C:\Program Files (x86)\Microsoft SQL Server\170\Tools\Binn\;C:\Program Files\Microsoft SQL Server\170\Tools\Binn\;C:\Program Files\Microsoft SQL Server\Client SDK\ODBC\180\Tools\Binn\;C:\Program Files\Microsoft SQL Server\170\DTS\Binn\;C:\Program Files\Git\cmd;E:\Android\cmdline-tools\latest\bin;E:\Android\platform-tools;C:\Users\Hp\AppData\Local\Programs\Python\Launcher\;C:\Users\Hp\AppData\Local\Microsoft\WindowsApps;C:\Users\Hp\AppData\Local\Programs\Microsoft VS Code\bin;C:\Users\Hp\AppData\Roaming\npm;C:\Users\Hp\AppData\Roaming\Microsoft\Windows\Start Menu\Programs\Python 3.13;C:\Users\Hp\AppDat
USERNAME=Hp
OS=Windows_NT
PROCESSOR_IDENTIFIER=Intel64 Family 6 Model 142 Stepping 12, GenuineIntel
TMP=C:\Users\Hp\AppData\Local\Temp
TEMP=C:\Users\Hp\AppData\Local\Temp



Periodic native trim disabled


---------------  S Y S T E M  ---------------

OS:
 Windows 11 , 64 bit Build 26100 (10.0.26100.8875)
OS uptime: 1 days 3:42 hours
Hyper-V role detected

CPU: total 8 (initial active 8) (4 cores per cpu, 2 threads per core) family 6 model 142 stepping 12 microcode 0xfa, cx8, cmov, fxsr, ht, mmx, 3dnowpref, sse, sse2, sse3, ssse3, sse4.1, sse4.2, popcnt, lzcnt, tsc, tscinvbit, avx, avx2, aes, erms, clmul, bmi1, bmi2, adx, fma, vzeroupper, clflush, clflushopt, hv
Processor Information for the first 8 processors :
  Max Mhz: 1800, Current Mhz: 1600, Mhz Limit: 1584

Memory: 4k page, system-wide physical 7998M (317M free)
TotalPageFile size 17019M (AvailPageFile size 2M)
current process WorkingSet (physical memory assigned to process): 357M, peak: 364M
current process commit charge ("private bytes"): 519M, peak: 521M

vm_info: OpenJDK 64-Bit Server VM (17.0.19+10-LTS) for windows-amd64 JRE (17.0.19+10-LTS), built on Apr 18 2026 18:24:40 by "MicrosoftCorporation" with MS VC++ 17.14 (VS2022)

END.
