#
# There is insufficient memory for the Java Runtime Environment to continue.
# Native memory allocation (mmap) failed to map 6160384 bytes. Error detail: G1 virtual space
# Possible reasons:
#   The system is out of physical RAM or swap space
#   This process is running with CompressedOops enabled, and the Java Heap may be blocking the growth of the native heap
# Possible solutions:
#   Reduce memory load on the system
#   Increase physical memory or swap space
#   Check if swap backing store is full
#   Decrease Java heap size (-Xmx/-Xms)
#   Decrease number of Java threads
#   Decrease Java thread stack sizes (-Xss)
#   Set larger code cache with -XX:ReservedCodeCacheSize=
#   JVM is running with Unscaled Compressed Oops mode in which the Java heap is
#     placed in the first 4GB address space. The Java Heap base address is the
#     maximum limit for the native heap growth. Please use -XX:HeapBaseMinAddress
#     to set the Java Heap base and to place the Java Heap above 4GB virtual address.
# This output file may be truncated or incomplete.
#
#  Out of Memory Error (os_windows.cpp:3690), pid=27436, tid=18932
#
# JRE version: OpenJDK Runtime Environment Microsoft-13877129 (17.0.19+10) (build 17.0.19+10-LTS)
# Java VM: OpenJDK 64-Bit Server VM Microsoft-13877129 (17.0.19+10-LTS, mixed mode, sharing, tiered, compressed oops, compressed class ptrs, g1 gc, windows-amd64)
# No core dump will be written. Minidumps are not enabled by default on client versions of Windows
#

---------------  S U M M A R Y ------------

Command Line: --add-opens=java.base/java.lang=ALL-UNNAMED --add-opens=java.base/java.lang.invoke=ALL-UNNAMED --add-opens=java.base/java.util=ALL-UNNAMED --add-opens=java.prefs/java.util.prefs=ALL-UNNAMED --add-exports=jdk.compiler/com.sun.tools.javac.api=ALL-UNNAMED --add-exports=jdk.compiler/com.sun.tools.javac.util=ALL-UNNAMED --add-opens=java.base/java.nio.charset=ALL-UNNAMED --add-opens=java.base/java.net=ALL-UNNAMED --add-opens=java.base/java.util.concurrent=ALL-UNNAMED --add-opens=java.base/java.util.concurrent.atomic=ALL-UNNAMED --add-opens=java.xml/javax.xml.namespace=ALL-UNNAMED --add-opens=java.base/java.time=ALL-UNNAMED -XX:MaxMetaspaceSize=512m -Xmx2048m -Dfile.encoding=UTF-8 -Duser.country=US -Duser.language=en -Duser.variant -javaagent:E:\GradleCache\wrapper\dists\gradle-9.6.1-all\4xnwe4ed5w7qqynisxnnvegss\gradle-9.6.1\lib\agents\gradle-instrumentation-agent-9.6.1.jar org.gradle.launcher.daemon.bootstrap.GradleDaemon 9.6.1

Host: Intel(R) Core(TM) i5-8265U CPU @ 1.60GHz, 8 cores, 7G,  Windows 11 , 64 bit Build 26100 (10.0.26100.8875)
Time: Sun Jul 19 09:44:00 2026 Pacific Daylight Time elapsed time: 1214.609977 seconds (0d 0h 20m 14s)

---------------  T H R E A D  ---------------

Current thread (0x00000165e04f1f70):  VMThread "VM Thread" [stack: 0x0000005ab6f00000,0x0000005ab7000000] [id=18932]

Stack: [0x0000005ab6f00000,0x0000005ab7000000]
Native frames: (J=compiled Java code, j=interpreted, Vv=VM code, C=native code)
V  [jvm.dll+0x68cc89]  (no source info available)
V  [jvm.dll+0x845d89]  (no source info available)
V  [jvm.dll+0x847af8]  (no source info available)
V  [jvm.dll+0x848183]  (no source info available)
V  [jvm.dll+0x24d0bf]  (no source info available)
V  [jvm.dll+0x68c089]  (no source info available)
V  [jvm.dll+0x68064a]  (no source info available)
V  [jvm.dll+0x3102f0]  (no source info available)
V  [jvm.dll+0x310192]  (no source info available)
V  [jvm.dll+0x317709]  (no source info available)
V  [jvm.dll+0x369b33]  (no source info available)
V  [jvm.dll+0x369d3d]  (no source info available)
V  [jvm.dll+0x2e6afa]  (no source info available)
V  [jvm.dll+0x2e4ef1]  (no source info available)
V  [jvm.dll+0x2e468c]  (no source info available)
V  [jvm.dll+0x32903b]  (no source info available)
V  [jvm.dll+0x84ca0d]  (no source info available)
V  [jvm.dll+0x84d723]  (no source info available)
V  [jvm.dll+0x84dc54]  (no source info available)
V  [jvm.dll+0x84e038]  (no source info available)
V  [jvm.dll+0x84e12e]  (no source info available)
V  [jvm.dll+0x7f62cc]  (no source info available)
V  [jvm.dll+0x68e227]  (no source info available)
C  [ucrtbase.dll+0x2cd30]  (no source info available)
C  [KERNEL32.DLL+0x2e957]  (no source info available)
C  [ntdll.dll+0xaad6c]  (no source info available)

VM_Operation (0x0000005aba2f8870): G1CollectForAllocation, mode: safepoint, requested by thread 0x0000016581431b40


---------------  P R O C E S S  ---------------

Threads class SMR info:
_java_thread_list=0x0000016582ea8a70, length=52, elements={
0x00000165c201d330, 0x00000165e04f8380, 0x00000165e04fb9e0, 0x00000165e0511010,
0x00000165e05118e0, 0x00000165e05121b0, 0x00000165e0519930, 0x00000165e0542550,
0x00000165e05436b0, 0x00000165e05474b0, 0x00000165e064f8e0, 0x00000165e07a9940,
0x0000016580ceaa90, 0x00000165815fcf70, 0x0000016581aee620, 0x0000016580b8b410,
0x0000016580b8c340, 0x0000016580b8cd60, 0x0000016581f78330, 0x0000016581f7a6a0,
0x0000016581f77e20, 0x0000016581f79770, 0x0000016581f78d50, 0x0000016581f78840,
0x0000016585a46620, 0x0000016585a456f0, 0x0000016585a43890, 0x0000016585a47550,
0x0000016585a47a60, 0x0000016584f64d70, 0x0000016584f64350, 0x000001658142c530,
0x000001658142d460, 0x000001658142ca40, 0x0000016581430700, 0x000001658142fce0,
0x000001658142d970, 0x000001658142de80, 0x000001658142e8a0, 0x000001658142cf50,
0x0000016581430c10, 0x0000016581431120, 0x0000016581431630, 0x0000016581431b40,
0x000001658142e390, 0x0000016581432050, 0x0000016581432560, 0x0000016581432a70,
0x000001658142f2c0, 0x0000016581432f80, 0x0000016581433490, 0x0000016584e69640
}

Java Threads: ( => current thread )
  0x00000165c201d330 JavaThread "main" [_thread_blocked, id=15524, stack(0x0000005ab6900000,0x0000005ab6a00000)]
  0x00000165e04f8380 JavaThread "Reference Handler" daemon [_thread_blocked, id=20892, stack(0x0000005ab7000000,0x0000005ab7100000)]
  0x00000165e04fb9e0 JavaThread "Finalizer" daemon [_thread_blocked, id=5840, stack(0x0000005ab7100000,0x0000005ab7200000)]
  0x00000165e0511010 JavaThread "Signal Dispatcher" daemon [_thread_blocked, id=21332, stack(0x0000005ab7200000,0x0000005ab7300000)]
  0x00000165e05118e0 JavaThread "Attach Listener" daemon [_thread_blocked, id=7428, stack(0x0000005ab7300000,0x0000005ab7400000)]
  0x00000165e05121b0 JavaThread "Service Thread" daemon [_thread_blocked, id=3532, stack(0x0000005ab7400000,0x0000005ab7500000)]
  0x00000165e0519930 JavaThread "Monitor Deflation Thread" daemon [_thread_blocked, id=25584, stack(0x0000005ab7500000,0x0000005ab7600000)]
  0x00000165e0542550 JavaThread "C2 CompilerThread0" daemon [_thread_blocked, id=15380, stack(0x0000005ab7600000,0x0000005ab7700000)]
  0x00000165e05436b0 JavaThread "C1 CompilerThread0" daemon [_thread_blocked, id=3552, stack(0x0000005ab7700000,0x0000005ab7800000)]
  0x00000165e05474b0 JavaThread "Sweeper thread" daemon [_thread_blocked, id=16064, stack(0x0000005ab7800000,0x0000005ab7900000)]
  0x00000165e064f8e0 JavaThread "Common-Cleaner" daemon [_thread_blocked, id=25384, stack(0x0000005ab7900000,0x0000005ab7a00000)]
  0x00000165e07a9940 JavaThread "Notification Thread" daemon [_thread_blocked, id=23008, stack(0x0000005ab7a00000,0x0000005ab7b00000)]
  0x0000016580ceaa90 JavaThread "Daemon health stats" [_thread_blocked, id=9828, stack(0x0000005ab7f00000,0x0000005ab8000000)]
  0x00000165815fcf70 JavaThread "Incoming local TCP Connector on port 54531" [_thread_in_native, id=17752, stack(0x0000005ab8100000,0x0000005ab8200000)]
  0x0000016581aee620 JavaThread "Daemon periodic checks" [_thread_blocked, id=26352, stack(0x0000005ab8200000,0x0000005ab8300000)]
  0x0000016580b8b410 JavaThread "Cache worker for journal cache (E:\GradleCache\caches\journal-1)" [_thread_blocked, id=18612, stack(0x0000005ab8d00000,0x0000005ab8e00000)]
  0x0000016580b8c340 JavaThread "File lock request listener" [_thread_in_native, id=27888, stack(0x0000005ab8e00000,0x0000005ab8f00000)]
  0x0000016580b8cd60 JavaThread "Cache worker for file hash cache (E:\GradleCache\caches\9.6.1\fileHashes)" [_thread_blocked, id=23872, stack(0x0000005ab8f00000,0x0000005ab9000000)]
  0x0000016581f78330 JavaThread "File watcher server" daemon [_thread_in_native, id=26416, stack(0x0000005ab9500000,0x0000005ab9600000)]
  0x0000016581f7a6a0 JavaThread "File watcher consumer" daemon [_thread_blocked, id=17484, stack(0x0000005ab9600000,0x0000005ab9700000)]
  0x0000016581f77e20 JavaThread "jar transforms" [_thread_blocked, id=6640, stack(0x0000005ab9700000,0x0000005ab9800000)]
  0x0000016581f79770 JavaThread "jar transforms Thread 2" [_thread_blocked, id=20180, stack(0x0000005ab9800000,0x0000005ab9900000)]
  0x0000016581f78d50 JavaThread "jar transforms Thread 3" [_thread_blocked, id=27700, stack(0x0000005ab9900000,0x0000005ab9a00000)]
  0x0000016581f78840 JavaThread "Cache worker for file content cache (E:\GradleCache\caches\9.6.1\fileContent)" [_thread_blocked, id=16260, stack(0x0000005ab9000000,0x0000005ab9100000)]
  0x0000016585a46620 JavaThread "jar transforms Thread 4" [_thread_blocked, id=20688, stack(0x0000005ab9d00000,0x0000005ab9e00000)]
  0x0000016585a456f0 JavaThread "jar transforms Thread 5" [_thread_blocked, id=12168, stack(0x0000005ab9e00000,0x0000005ab9f00000)]
  0x0000016585a43890 JavaThread "jar transforms Thread 6" [_thread_blocked, id=25940, stack(0x0000005ab9f00000,0x0000005aba000000)]
  0x0000016585a47550 JavaThread "jar transforms Thread 7" [_thread_blocked, id=19928, stack(0x0000005aba000000,0x0000005aba100000)]
  0x0000016585a47a60 JavaThread "jar transforms Thread 8" [_thread_blocked, id=20376, stack(0x0000005aba100000,0x0000005aba200000)]
  0x0000016584f64d70 JavaThread "Daemon Thread 2" [_thread_blocked, id=17844, stack(0x0000005ab6700000,0x0000005ab6800000)]
  0x0000016584f64350 JavaThread "Daemon worker Thread 2" [_thread_blocked, id=872, stack(0x0000005ab8400000,0x0000005ab8500000)]
  0x000001658142c530 JavaThread "Handler for socket connection from /127.0.0.1:54531 to /127.0.0.1:52036" [_thread_in_native, id=20292, stack(0x0000005ab6800000,0x0000005ab6900000)]
  0x000001658142d460 JavaThread "Cancel handler" [_thread_blocked, id=19880, stack(0x0000005ab6600000,0x0000005ab6700000)]
  0x000001658142ca40 JavaThread "Asynchronous log dispatcher for DefaultDaemonConnection: socket connection from /127.0.0.1:54531 to /127.0.0.1:52036" [_thread_blocked, id=26088, stack(0x0000005ab8300000,0x0000005ab8400000)]
  0x0000016581430700 JavaThread "Stdin handler" [_thread_blocked, id=18368, stack(0x0000005ab8600000,0x0000005ab8700000)]
  0x000001658142fce0 JavaThread "Daemon client event forwarder" [_thread_blocked, id=27272, stack(0x0000005ab8700000,0x0000005ab8800000)]
  0x000001658142d970 JavaThread "Cache worker for file hash cache (E:\travel-web\Mobile\android\.gradle\9.6.1\fileHashes)" [_thread_blocked, id=22372, stack(0x0000005ab8800000,0x0000005ab8900000)]
  0x000001658142de80 JavaThread "Cache worker for Build Output Cleanup Cache (E:\travel-web\Mobile\android\.gradle\buildOutputCleanup)" [_thread_blocked, id=4768, stack(0x0000005ab8900000,0x0000005ab8a00000)]
  0x000001658142e8a0 JavaThread "Cache worker for checksums cache (E:\travel-web\Mobile\android\.gradle\9.6.1\checksums)" [_thread_blocked, id=26584, stack(0x0000005ab9200000,0x0000005ab9300000)]
  0x000001658142cf50 JavaThread "Cache worker for cache directory md-supplier (E:\GradleCache\caches\9.6.1\md-supplier)" [_thread_blocked, id=24428, stack(0x0000005ab9300000,0x0000005ab9400000)]
  0x0000016581430c10 JavaThread "Cache worker for cache directory md-rule (E:\GradleCache\caches\9.6.1\md-rule)" [_thread_blocked, id=26988, stack(0x0000005ab9400000,0x0000005ab9500000)]
  0x0000016581431120 JavaThread "File lock release action executor Thread 2" [_thread_blocked, id=18468, stack(0x0000005ab9a00000,0x0000005ab9b00000)]
  0x0000016581431630 JavaThread "Cache worker for Build Output Cleanup Cache (E:\travel-web\Mobile\node_modules\@react-native\gradle-plugin\.gradle\buildOutputCleanup)" [_thread_blocked, id=18820, stack(0x0000005ab9b00000,0x0000005ab9c00000)]
  0x0000016581431b40 JavaThread "Build operations" [_thread_blocked, id=22972, stack(0x0000005aba200000,0x0000005aba300000)]
  0x000001658142e390 JavaThread "Build operations Thread 2" [_thread_blocked, id=568, stack(0x0000005aba300000,0x0000005aba400000)]
  0x0000016581432050 JavaThread "Build operations Thread 3" [_thread_blocked, id=2320, stack(0x0000005aba400000,0x0000005aba500000)]
  0x0000016581432560 JavaThread "Build operations Thread 4" [_thread_blocked, id=27220, stack(0x0000005aba500000,0x0000005aba600000)]
  0x0000016581432a70 JavaThread "Build operations Thread 5" [_thread_blocked, id=18176, stack(0x0000005aba600000,0x0000005aba700000)]
  0x000001658142f2c0 JavaThread "Build operations Thread 6" [_thread_blocked, id=17452, stack(0x0000005aba700000,0x0000005aba800000)]
  0x0000016581432f80 JavaThread "Build operations Thread 7" [_thread_blocked, id=23084, stack(0x0000005aba800000,0x0000005aba900000)]
  0x0000016581433490 JavaThread "Build operations Thread 8" [_thread_blocked, id=19228, stack(0x0000005aba900000,0x0000005abaa00000)]
  0x0000016584e69640 JavaThread "C2 CompilerThread1" daemon [_thread_blocked, id=14460, stack(0x0000005ab8500000,0x0000005ab8600000)]

Other Threads:
=>0x00000165e04f1f70 VMThread "VM Thread" [stack: 0x0000005ab6f00000,0x0000005ab7000000] [id=18932]
  0x00000165c201e0c0 WatcherThread [stack: 0x0000005ab7b00000,0x0000005ab7c00000] [id=11180]
  0x00000165c207d130 GCTaskThread "GC Thread#0" [stack: 0x0000005ab6a00000,0x0000005ab6b00000] [id=10116]
  0x0000016580a5e120 GCTaskThread "GC Thread#1" [stack: 0x0000005ab7c00000,0x0000005ab7d00000] [id=16856]
  0x0000016580a5e3f0 GCTaskThread "GC Thread#2" [stack: 0x0000005ab7d00000,0x0000005ab7e00000] [id=19268]
  0x0000016580a5f200 GCTaskThread "GC Thread#3" [stack: 0x0000005ab7e00000,0x0000005ab7f00000] [id=10584]
  0x0000016580a5e990 GCTaskThread "GC Thread#4" [stack: 0x0000005ab8000000,0x0000005ab8100000] [id=9908]
  0x0000016580a5ef30 GCTaskThread "GC Thread#5" [stack: 0x0000005ab8a00000,0x0000005ab8b00000] [id=10288]
  0x0000016580a5f7a0 GCTaskThread "GC Thread#6" [stack: 0x0000005ab8b00000,0x0000005ab8c00000] [id=18416]
  0x0000016580a5fa70 GCTaskThread "GC Thread#7" [stack: 0x0000005ab8c00000,0x0000005ab8d00000] [id=2180]
  0x00000165c208dfa0 ConcurrentGCThread "G1 Main Marker" [stack: 0x0000005ab6b00000,0x0000005ab6c00000] [id=23192]
  0x00000165c208f5a0 ConcurrentGCThread "G1 Conc#0" [stack: 0x0000005ab6c00000,0x0000005ab6d00000] [id=26996]
  0x000001658028f010 ConcurrentGCThread "G1 Conc#1" [stack: 0x0000005ab9100000,0x0000005ab9200000] [id=22060]
  0x00000165e03a8500 ConcurrentGCThread "G1 Refine#0" [stack: 0x0000005ab6d00000,0x0000005ab6e00000] [id=18660]
  0x000001658002be60 ConcurrentGCThread "G1 Refine#1" [stack: 0x0000005ab9c00000,0x0000005ab9d00000] [id=18312]
  0x00000165858a7f60 ConcurrentGCThread "G1 Refine#2" [stack: 0x0000005abab00000,0x0000005abac00000] [id=21476]
  0x0000016586a02aa0 ConcurrentGCThread "G1 Refine#3" [stack: 0x0000005abac00000,0x0000005abad00000] [id=19720]
  0x0000016586a02da0 ConcurrentGCThread "G1 Refine#4" [stack: 0x0000005abad00000,0x0000005abae00000] [id=27504]
  0x0000016584b136a0 ConcurrentGCThread "G1 Refine#5" [stack: 0x0000005abae00000,0x0000005abaf00000] [id=3864]
  0x0000016583269020 ConcurrentGCThread "G1 Refine#6" [stack: 0x0000005abaf00000,0x0000005abb000000] [id=19636]
  0x00000165e03a9d00 ConcurrentGCThread "G1 Service" [stack: 0x0000005ab6e00000,0x0000005ab6f00000] [id=23220]

Threads with active compile tasks:
C2 CompilerThread0  1214668 15745       4       org.objectweb.asm.ClassReader::readCode (5117 bytes)
C2 CompilerThread1  1214668 16387       4       org.objectweb.asm.ClassReader::readMethod (1070 bytes)

VM state: at safepoint (normal execution)

VM Mutex/Monitor currently owned by a thread:  ([mutex/lock_event])
[0x00000165bfc902d0] Threads_lock - owner thread: 0x00000165e04f1f70
[0x00000165c201c9f0] Heap_lock - owner thread: 0x0000016581431b40

Heap address: 0x0000000080000000, size: 2048 MB, Compressed Oops mode: 32-bit

CDS archive(s) mapped at: [0x00000165e1000000-0x00000165e1bb0000-0x00000165e1bb0000), size 12255232, SharedBaseAddress: 0x00000165e1000000, ArchiveRelocationMode: 1.
Compressed class space mapped at: 0x00000165e2000000-0x00000165fc000000, reserved size: 436207616
Narrow klass base: 0x00000165e1000000, Narrow klass shift: 0, Narrow klass range: 0x100000000

GC Precious Log:
 CPUs: 8 total, 8 available
 Memory: 7998M
 Large Page Support: Disabled
 NUMA Support: Disabled
 Compressed Oops: Enabled (32-bit)
 Heap Region Size: 1M
 Heap Min Capacity: 8M
 Heap Initial Capacity: 126M
 Heap Max Capacity: 2G
 Pre-touch: Disabled
 Parallel Workers: 8
 Concurrent Workers: 2
 Concurrent Refinement Workers: 8
 Periodic GC: Disabled

Heap:
 garbage-first heap   total 281600K, used 122205K [0x0000000080000000, 0x0000000100000000)
  region size 1024K, 5 young (5120K), 5 survivors (5120K)
 Metaspace       used 75877K, committed 76992K, reserved 557056K
  class space    used 10153K, committed 10688K, reserved 425984K

Heap Regions: E=young(eden), S=young(survivor), O=old, HS=humongous(starts), HC=humongous(continues), CS=collection set, F=free, OA=open archive, CA=closed archive, TAMS=top-at-mark-start (previous, next)
|   0|0x0000000080000000, 0x0000000080100000, 0x0000000080100000|100%|HS|  |TAMS 0x0000000080100000, 0x0000000080000000| Complete 
|   1|0x0000000080100000, 0x0000000080200000, 0x0000000080200000|100%|HC|  |TAMS 0x0000000080200000, 0x0000000080100000| Complete 
|   2|0x0000000080200000, 0x0000000080300000, 0x0000000080300000|100%|HC|  |TAMS 0x0000000080300000, 0x0000000080200000| Complete 
|   3|0x0000000080300000, 0x0000000080400000, 0x0000000080400000|100%|HC|  |TAMS 0x0000000080400000, 0x0000000080300000| Complete 
|   4|0x0000000080400000, 0x0000000080500000, 0x0000000080500000|100%| O|  |TAMS 0x0000000080500000, 0x0000000080400000| Untracked 
|   5|0x0000000080500000, 0x0000000080600000, 0x0000000080600000|100%| O|  |TAMS 0x0000000080600000, 0x0000000080500000| Untracked 
|   6|0x0000000080600000, 0x0000000080700000, 0x0000000080700000|100%| O|  |TAMS 0x0000000080700000, 0x0000000080600000| Untracked 
|   7|0x0000000080700000, 0x0000000080800000, 0x0000000080800000|100%| O|  |TAMS 0x0000000080800000, 0x0000000080700000| Untracked 
|   8|0x0000000080800000, 0x0000000080900000, 0x0000000080900000|100%| O|  |TAMS 0x0000000080900000, 0x0000000080800000| Untracked 
|   9|0x0000000080900000, 0x0000000080a00000, 0x0000000080a00000|100%| O|  |TAMS 0x0000000080a00000, 0x0000000080900000| Untracked 
|  10|0x0000000080a00000, 0x0000000080b00000, 0x0000000080b00000|100%| O|  |TAMS 0x0000000080b00000, 0x0000000080a00000| Untracked 
|  11|0x0000000080b00000, 0x0000000080c00000, 0x0000000080c00000|100%|HS|  |TAMS 0x0000000080c00000, 0x0000000080b00000| Complete 
|  12|0x0000000080c00000, 0x0000000080d00000, 0x0000000080d00000|100%| O|  |TAMS 0x0000000080d00000, 0x0000000080c00000| Untracked 
|  13|0x0000000080d00000, 0x0000000080e00000, 0x0000000080e00000|100%| O|  |TAMS 0x0000000080e00000, 0x0000000080d00000| Untracked 
|  14|0x0000000080e00000, 0x0000000080f00000, 0x0000000080f00000|100%| O|  |TAMS 0x0000000080f00000, 0x0000000080e00000| Untracked 
|  15|0x0000000080f00000, 0x0000000081000000, 0x0000000081000000|100%| O|  |TAMS 0x0000000081000000, 0x0000000080f00000| Untracked 
|  16|0x0000000081000000, 0x0000000081100000, 0x0000000081100000|100%| O|  |TAMS 0x0000000081100000, 0x0000000081000000| Untracked 
|  17|0x0000000081100000, 0x0000000081200000, 0x0000000081200000|100%| O|  |TAMS 0x0000000081200000, 0x0000000081100000| Untracked 
|  18|0x0000000081200000, 0x0000000081300000, 0x0000000081300000|100%| O|  |TAMS 0x0000000081300000, 0x0000000081200000| Untracked 
|  19|0x0000000081300000, 0x0000000081400000, 0x0000000081400000|100%| O|  |TAMS 0x0000000081400000, 0x0000000081300000| Untracked 
|  20|0x0000000081400000, 0x0000000081500000, 0x0000000081500000|100%| O|  |TAMS 0x0000000081500000, 0x0000000081400000| Untracked 
|  21|0x0000000081500000, 0x0000000081600000, 0x0000000081600000|100%| O|  |TAMS 0x0000000081600000, 0x0000000081500000| Untracked 
|  22|0x0000000081600000, 0x0000000081700000, 0x0000000081700000|100%| O|  |TAMS 0x0000000081700000, 0x0000000081600000| Untracked 
|  23|0x0000000081700000, 0x0000000081800000, 0x0000000081800000|100%| O|  |TAMS 0x0000000081800000, 0x0000000081700000| Untracked 
|  24|0x0000000081800000, 0x0000000081900000, 0x0000000081900000|100%| O|  |TAMS 0x0000000081900000, 0x0000000081800000| Untracked 
|  25|0x0000000081900000, 0x0000000081a00000, 0x0000000081a00000|100%| O|  |TAMS 0x0000000081a00000, 0x0000000081900000| Untracked 
|  26|0x0000000081a00000, 0x0000000081b00000, 0x0000000081b00000|100%| O|  |TAMS 0x0000000081b00000, 0x0000000081a00000| Untracked 
|  27|0x0000000081b00000, 0x0000000081c00000, 0x0000000081c00000|100%| O|  |TAMS 0x0000000081c00000, 0x0000000081b00000| Untracked 
|  28|0x0000000081c00000, 0x0000000081d00000, 0x0000000081d00000|100%| O|  |TAMS 0x0000000081d00000, 0x0000000081c00000| Untracked 
|  29|0x0000000081d00000, 0x0000000081e00000, 0x0000000081e00000|100%| O|  |TAMS 0x0000000081e00000, 0x0000000081d00000| Untracked 
|  30|0x0000000081e00000, 0x0000000081f00000, 0x0000000081f00000|100%| O|  |TAMS 0x0000000081f00000, 0x0000000081e00000| Untracked 
|  31|0x0000000081f00000, 0x0000000082000000, 0x0000000082000000|100%| O|  |TAMS 0x0000000082000000, 0x0000000081f00000| Untracked 
|  32|0x0000000082000000, 0x0000000082100000, 0x0000000082100000|100%| O|  |TAMS 0x0000000082100000, 0x0000000082000000| Untracked 
|  33|0x0000000082100000, 0x0000000082200000, 0x0000000082200000|100%| O|  |TAMS 0x0000000082200000, 0x0000000082100000| Untracked 
|  34|0x0000000082200000, 0x0000000082300000, 0x0000000082300000|100%| O|  |TAMS 0x0000000082300000, 0x0000000082200000| Untracked 
|  35|0x0000000082300000, 0x0000000082400000, 0x0000000082400000|100%| O|  |TAMS 0x0000000082400000, 0x0000000082300000| Untracked 
|  36|0x0000000082400000, 0x0000000082500000, 0x0000000082500000|100%| O|  |TAMS 0x0000000082500000, 0x0000000082400000| Untracked 
|  37|0x0000000082500000, 0x0000000082600000, 0x0000000082600000|100%| O|  |TAMS 0x0000000082600000, 0x0000000082500000| Untracked 
|  38|0x0000000082600000, 0x0000000082700000, 0x0000000082700000|100%| O|  |TAMS 0x0000000082700000, 0x0000000082600000| Untracked 
|  39|0x0000000082700000, 0x0000000082800000, 0x0000000082800000|100%| O|  |TAMS 0x0000000082800000, 0x0000000082700000| Untracked 
|  40|0x0000000082800000, 0x0000000082900000, 0x0000000082900000|100%| O|  |TAMS 0x0000000082900000, 0x0000000082800000| Untracked 
|  41|0x0000000082900000, 0x00000000829c8800, 0x0000000082a00000| 78%| O|  |TAMS 0x00000000829c8800, 0x0000000082900000| Untracked 
|  42|0x0000000082a00000, 0x0000000082b00000, 0x0000000082b00000|100%| O|  |TAMS 0x0000000082b00000, 0x0000000082a00000| Untracked 
|  43|0x0000000082b00000, 0x0000000082c00000, 0x0000000082c00000|100%| O|  |TAMS 0x0000000082c00000, 0x0000000082b00000| Untracked 
|  44|0x0000000082c00000, 0x0000000082d00000, 0x0000000082d00000|100%| O|  |TAMS 0x0000000082d00000, 0x0000000082c00000| Untracked 
|  45|0x0000000082d00000, 0x0000000082e00000, 0x0000000082e00000|100%| O|  |TAMS 0x0000000082e00000, 0x0000000082d00000| Untracked 
|  46|0x0000000082e00000, 0x0000000082f00000, 0x0000000082f00000|100%| O|  |TAMS 0x0000000082f00000, 0x0000000082e00000| Untracked 
|  47|0x0000000082f00000, 0x0000000083000000, 0x0000000083000000|100%| O|  |TAMS 0x0000000083000000, 0x0000000082f00000| Untracked 
|  48|0x0000000083000000, 0x0000000083100000, 0x0000000083100000|100%| O|  |TAMS 0x0000000083100000, 0x0000000083000000| Untracked 
|  49|0x0000000083100000, 0x0000000083200000, 0x0000000083200000|100%| O|  |TAMS 0x0000000083200000, 0x0000000083100000| Untracked 
|  50|0x0000000083200000, 0x0000000083300000, 0x0000000083300000|100%| O|  |TAMS 0x0000000083300000, 0x0000000083200000| Untracked 
|  51|0x0000000083300000, 0x0000000083400000, 0x0000000083400000|100%| O|  |TAMS 0x0000000083400000, 0x0000000083300000| Untracked 
|  52|0x0000000083400000, 0x0000000083500000, 0x0000000083500000|100%| O|  |TAMS 0x0000000083500000, 0x0000000083400000| Untracked 
|  53|0x0000000083500000, 0x0000000083600000, 0x0000000083600000|100%| O|  |TAMS 0x0000000083600000, 0x0000000083500000| Untracked 
|  54|0x0000000083600000, 0x0000000083700000, 0x0000000083700000|100%| O|  |TAMS 0x0000000083700000, 0x0000000083600000| Untracked 
|  55|0x0000000083700000, 0x0000000083800000, 0x0000000083800000|100%| O|  |TAMS 0x0000000083800000, 0x0000000083700000| Untracked 
|  56|0x0000000083800000, 0x0000000083900000, 0x0000000083900000|100%| O|  |TAMS 0x0000000083800000, 0x0000000083800000| Untracked 
|  57|0x0000000083900000, 0x0000000083a00000, 0x0000000083a00000|100%| O|  |TAMS 0x0000000083a00000, 0x0000000083900000| Untracked 
|  58|0x0000000083a00000, 0x0000000083b00000, 0x0000000083b00000|100%| O|  |TAMS 0x0000000083b00000, 0x0000000083a00000| Untracked 
|  59|0x0000000083b00000, 0x0000000083c00000, 0x0000000083c00000|100%| O|  |TAMS 0x0000000083c00000, 0x0000000083b00000| Untracked 
|  60|0x0000000083c00000, 0x0000000083d00000, 0x0000000083d00000|100%| O|  |TAMS 0x0000000083d00000, 0x0000000083c00000| Untracked 
|  61|0x0000000083d00000, 0x0000000083e00000, 0x0000000083e00000|100%| O|  |TAMS 0x0000000083e00000, 0x0000000083d00000| Untracked 
|  62|0x0000000083e00000, 0x0000000083f00000, 0x0000000083f00000|100%| O|  |TAMS 0x0000000083f00000, 0x0000000083e00000| Untracked 
|  63|0x0000000083f00000, 0x0000000084000000, 0x0000000084000000|100%| O|  |TAMS 0x0000000084000000, 0x0000000083f00000| Untracked 
|  64|0x0000000084000000, 0x0000000084100000, 0x0000000084100000|100%| O|  |TAMS 0x0000000084100000, 0x0000000084000000| Untracked 
|  65|0x0000000084100000, 0x0000000084200000, 0x0000000084200000|100%| O|  |TAMS 0x0000000084100000, 0x0000000084100000| Untracked 
|  66|0x0000000084200000, 0x0000000084300000, 0x0000000084300000|100%| O|  |TAMS 0x0000000084200000, 0x0000000084200000| Untracked 
|  67|0x0000000084300000, 0x0000000084400000, 0x0000000084400000|100%| O|  |TAMS 0x0000000084400000, 0x0000000084300000| Untracked 
|  68|0x0000000084400000, 0x0000000084500000, 0x0000000084500000|100%| O|  |TAMS 0x0000000084500000, 0x0000000084400000| Untracked 
|  69|0x0000000084500000, 0x0000000084600000, 0x0000000084600000|100%| O|  |TAMS 0x0000000084500000, 0x0000000084500000| Untracked 
|  70|0x0000000084600000, 0x0000000084700000, 0x0000000084700000|100%| O|  |TAMS 0x0000000084700000, 0x0000000084600000| Untracked 
|  71|0x0000000084700000, 0x0000000084800000, 0x0000000084800000|100%| O|  |TAMS 0x0000000084800000, 0x0000000084700000| Untracked 
|  72|0x0000000084800000, 0x0000000084900000, 0x0000000084900000|100%| O|  |TAMS 0x0000000084900000, 0x0000000084800000| Untracked 
|  73|0x0000000084900000, 0x0000000084a00000, 0x0000000084a00000|100%| O|  |TAMS 0x0000000084a00000, 0x0000000084900000| Untracked 
|  74|0x0000000084a00000, 0x0000000084b00000, 0x0000000084b00000|100%| O|  |TAMS 0x0000000084b00000, 0x0000000084a00000| Untracked 
|  75|0x0000000084b00000, 0x0000000084c00000, 0x0000000084c00000|100%| O|  |TAMS 0x0000000084c00000, 0x0000000084b00000| Untracked 
|  76|0x0000000084c00000, 0x0000000084d00000, 0x0000000084d00000|100%| O|  |TAMS 0x0000000084c00000, 0x0000000084c00000| Untracked 
|  77|0x0000000084d00000, 0x0000000084e00000, 0x0000000084e00000|100%| O|  |TAMS 0x0000000084e00000, 0x0000000084d00000| Untracked 
|  78|0x0000000084e00000, 0x0000000084f00000, 0x0000000084f00000|100%| O|  |TAMS 0x0000000084f00000, 0x0000000084e00000| Untracked 
|  79|0x0000000084f00000, 0x0000000085000000, 0x0000000085000000|100%| O|  |TAMS 0x0000000084f49600, 0x0000000084f00000| Untracked 
|  80|0x0000000085000000, 0x0000000085100000, 0x0000000085100000|100%|HS|  |TAMS 0x0000000085000000, 0x0000000085000000| Complete 
|  81|0x0000000085100000, 0x0000000085200000, 0x0000000085200000|100%| O|  |TAMS 0x0000000085100000, 0x0000000085100000| Untracked 
|  82|0x0000000085200000, 0x0000000085300000, 0x0000000085300000|100%| O|  |TAMS 0x0000000085200000, 0x0000000085200000| Untracked 
|  83|0x0000000085300000, 0x0000000085400000, 0x0000000085400000|100%| O|  |TAMS 0x0000000085300000, 0x0000000085300000| Untracked 
|  84|0x0000000085400000, 0x0000000085500000, 0x0000000085500000|100%| O|  |TAMS 0x0000000085400000, 0x0000000085400000| Untracked 
|  85|0x0000000085500000, 0x0000000085600000, 0x0000000085600000|100%| O|  |TAMS 0x0000000085500000, 0x0000000085500000| Untracked 
|  86|0x0000000085600000, 0x0000000085700000, 0x0000000085700000|100%| O|  |TAMS 0x0000000085600000, 0x0000000085600000| Untracked 
|  87|0x0000000085700000, 0x0000000085800000, 0x0000000085800000|100%| O|  |TAMS 0x0000000085700000, 0x0000000085700000| Untracked 
|  88|0x0000000085800000, 0x0000000085900000, 0x0000000085900000|100%| O|  |TAMS 0x0000000085800000, 0x0000000085800000| Untracked 
|  89|0x0000000085900000, 0x0000000085a00000, 0x0000000085a00000|100%| O|  |TAMS 0x0000000085900000, 0x0000000085900000| Untracked 
|  90|0x0000000085a00000, 0x0000000085b00000, 0x0000000085b00000|100%| O|  |TAMS 0x0000000085a00000, 0x0000000085a00000| Untracked 
|  91|0x0000000085b00000, 0x0000000085c00000, 0x0000000085c00000|100%|HS|  |TAMS 0x0000000085b00000, 0x0000000085b00000| Complete 
|  92|0x0000000085c00000, 0x0000000085d00000, 0x0000000085d00000|100%|HS|  |TAMS 0x0000000085c00000, 0x0000000085c00000| Complete 
|  93|0x0000000085d00000, 0x0000000085e00000, 0x0000000085e00000|100%|HC|  |TAMS 0x0000000085d00000, 0x0000000085d00000| Complete 
|  94|0x0000000085e00000, 0x0000000085f00000, 0x0000000085f00000|100%| O|  |TAMS 0x0000000085e00000, 0x0000000085e00000| Untracked 
|  95|0x0000000085f00000, 0x0000000086000000, 0x0000000086000000|100%| O|  |TAMS 0x0000000085f00000, 0x0000000085f00000| Untracked 
|  96|0x0000000086000000, 0x0000000086100000, 0x0000000086100000|100%| O|  |TAMS 0x0000000086000000, 0x0000000086000000| Untracked 
|  97|0x0000000086100000, 0x0000000086200000, 0x0000000086200000|100%| O|  |TAMS 0x0000000086100000, 0x0000000086100000| Untracked 
|  98|0x0000000086200000, 0x0000000086300000, 0x0000000086300000|100%| O|  |TAMS 0x0000000086200000, 0x0000000086200000| Untracked 
|  99|0x0000000086300000, 0x0000000086400000, 0x0000000086400000|100%| O|  |TAMS 0x0000000086300000, 0x0000000086300000| Untracked 
| 100|0x0000000086400000, 0x0000000086500000, 0x0000000086500000|100%| O|  |TAMS 0x0000000086400000, 0x0000000086400000| Untracked 
| 101|0x0000000086500000, 0x0000000086600000, 0x0000000086600000|100%| O|  |TAMS 0x0000000086500000, 0x0000000086500000| Untracked 
| 102|0x0000000086600000, 0x0000000086700000, 0x0000000086700000|100%| O|  |TAMS 0x0000000086600000, 0x0000000086600000| Untracked 
| 103|0x0000000086700000, 0x0000000086800000, 0x0000000086800000|100%| O|  |TAMS 0x0000000086700000, 0x0000000086700000| Untracked 
| 104|0x0000000086800000, 0x0000000086900000, 0x0000000086900000|100%| O|  |TAMS 0x0000000086800000, 0x0000000086800000| Untracked 
| 105|0x0000000086900000, 0x0000000086a00000, 0x0000000086a00000|100%| O|  |TAMS 0x0000000086900000, 0x0000000086900000| Untracked 
| 106|0x0000000086a00000, 0x0000000086b00000, 0x0000000086b00000|100%| O|  |TAMS 0x0000000086a00000, 0x0000000086a00000| Untracked 
| 107|0x0000000086b00000, 0x0000000086c00000, 0x0000000086c00000|100%| O|  |TAMS 0x0000000086b00000, 0x0000000086b00000| Untracked 
| 108|0x0000000086c00000, 0x0000000086d00000, 0x0000000086d00000|100%| O|  |TAMS 0x0000000086c00000, 0x0000000086c00000| Untracked 
| 109|0x0000000086d00000, 0x0000000086e00000, 0x0000000086e00000|100%| O|  |TAMS 0x0000000086d00000, 0x0000000086d00000| Untracked 
| 110|0x0000000086e00000, 0x0000000086f00000, 0x0000000086f00000|100%| O|  |TAMS 0x0000000086e00000, 0x0000000086e00000| Untracked 
| 111|0x0000000086f00000, 0x0000000087000000, 0x0000000087000000|100%| O|  |TAMS 0x0000000086f00000, 0x0000000086f00000| Untracked 
| 112|0x0000000087000000, 0x0000000087100000, 0x0000000087100000|100%| O|  |TAMS 0x0000000087000000, 0x0000000087000000| Untracked 
| 113|0x0000000087100000, 0x0000000087200000, 0x0000000087200000|100%| O|  |TAMS 0x0000000087100000, 0x0000000087100000| Untracked 
| 114|0x0000000087200000, 0x000000008722e000, 0x0000000087300000| 17%| O|  |TAMS 0x0000000087200000, 0x0000000087200000| Untracked 
| 115|0x0000000087300000, 0x0000000087400000, 0x0000000087400000|100%|HS|  |TAMS 0x0000000087300000, 0x0000000087300000| Complete 
| 116|0x0000000087400000, 0x0000000087400000, 0x0000000087500000|  0%| F|  |TAMS 0x0000000087400000, 0x0000000087400000| Untracked 
| 117|0x0000000087500000, 0x0000000087500000, 0x0000000087600000|  0%| F|  |TAMS 0x0000000087500000, 0x0000000087500000| Untracked 
| 118|0x0000000087600000, 0x0000000087600000, 0x0000000087700000|  0%| F|  |TAMS 0x0000000087600000, 0x0000000087600000| Untracked 
| 119|0x0000000087700000, 0x0000000087700000, 0x0000000087800000|  0%| F|  |TAMS 0x0000000087700000, 0x0000000087700000| Untracked 
| 120|0x0000000087800000, 0x0000000087800000, 0x0000000087900000|  0%| F|  |TAMS 0x0000000087800000, 0x0000000087800000| Untracked 
| 121|0x0000000087900000, 0x0000000087900000, 0x0000000087a00000|  0%| F|  |TAMS 0x0000000087900000, 0x0000000087900000| Untracked 
| 122|0x0000000087a00000, 0x0000000087a00000, 0x0000000087b00000|  0%| F|  |TAMS 0x0000000087a00000, 0x0000000087a00000| Untracked 
| 123|0x0000000087b00000, 0x0000000087b00000, 0x0000000087c00000|  0%| F|  |TAMS 0x0000000087b00000, 0x0000000087b00000| Untracked 
| 124|0x0000000087c00000, 0x0000000087c00000, 0x0000000087d00000|  0%| F|  |TAMS 0x0000000087c00000, 0x0000000087c00000| Untracked 
| 125|0x0000000087d00000, 0x0000000087d00000, 0x0000000087e00000|  0%| F|  |TAMS 0x0000000087d00000, 0x0000000087d00000| Untracked 
| 126|0x0000000087e00000, 0x0000000087e00000, 0x0000000087f00000|  0%| F|  |TAMS 0x0000000087e00000, 0x0000000087e00000| Untracked 
| 127|0x0000000087f00000, 0x0000000087f00000, 0x0000000088000000|  0%| F|  |TAMS 0x0000000087f00000, 0x0000000087f00000| Untracked 
| 128|0x0000000088000000, 0x0000000088000000, 0x0000000088100000|  0%| F|  |TAMS 0x0000000088000000, 0x0000000088000000| Untracked 
| 129|0x0000000088100000, 0x0000000088100000, 0x0000000088200000|  0%| F|  |TAMS 0x0000000088100000, 0x0000000088100000| Untracked 
| 130|0x0000000088200000, 0x0000000088200000, 0x0000000088300000|  0%| F|  |TAMS 0x0000000088200000, 0x0000000088200000| Untracked 
| 131|0x0000000088300000, 0x0000000088300000, 0x0000000088400000|  0%| F|  |TAMS 0x0000000088300000, 0x0000000088300000| Untracked 
| 132|0x0000000088400000, 0x0000000088400000, 0x0000000088500000|  0%| F|  |TAMS 0x0000000088400000, 0x0000000088400000| Untracked 
| 133|0x0000000088500000, 0x0000000088500000, 0x0000000088600000|  0%| F|  |TAMS 0x0000000088500000, 0x0000000088500000| Untracked 
| 134|0x0000000088600000, 0x0000000088600000, 0x0000000088700000|  0%| F|  |TAMS 0x0000000088600000, 0x0000000088600000| Untracked 
| 135|0x0000000088700000, 0x0000000088700000, 0x0000000088800000|  0%| F|  |TAMS 0x0000000088700000, 0x0000000088700000| Untracked 
| 136|0x0000000088800000, 0x0000000088800000, 0x0000000088900000|  0%| F|  |TAMS 0x0000000088800000, 0x0000000088800000| Untracked 
| 137|0x0000000088900000, 0x0000000088900000, 0x0000000088a00000|  0%| F|  |TAMS 0x0000000088900000, 0x0000000088900000| Untracked 
| 138|0x0000000088a00000, 0x0000000088a00000, 0x0000000088b00000|  0%| F|  |TAMS 0x0000000088a00000, 0x0000000088a00000| Untracked 
| 139|0x0000000088b00000, 0x0000000088b00000, 0x0000000088c00000|  0%| F|  |TAMS 0x0000000088b00000, 0x0000000088b00000| Untracked 
| 140|0x0000000088c00000, 0x0000000088c00000, 0x0000000088d00000|  0%| F|  |TAMS 0x0000000088c00000, 0x0000000088c00000| Untracked 
| 141|0x0000000088d00000, 0x0000000088d00000, 0x0000000088e00000|  0%| F|  |TAMS 0x0000000088d00000, 0x0000000088d00000| Untracked 
| 142|0x0000000088e00000, 0x0000000088e00000, 0x0000000088f00000|  0%| F|  |TAMS 0x0000000088e00000, 0x0000000088e00000| Untracked 
| 143|0x0000000088f00000, 0x0000000088f00000, 0x0000000089000000|  0%| F|  |TAMS 0x0000000088f00000, 0x0000000088f00000| Untracked 
| 144|0x0000000089000000, 0x0000000089000000, 0x0000000089100000|  0%| F|  |TAMS 0x0000000089000000, 0x0000000089000000| Untracked 
| 145|0x0000000089100000, 0x0000000089100000, 0x0000000089200000|  0%| F|  |TAMS 0x0000000089100000, 0x0000000089100000| Untracked 
| 146|0x0000000089200000, 0x0000000089200000, 0x0000000089300000|  0%| F|  |TAMS 0x0000000089200000, 0x0000000089200000| Untracked 
| 147|0x0000000089300000, 0x0000000089300000, 0x0000000089400000|  0%| F|  |TAMS 0x0000000089300000, 0x0000000089300000| Untracked 
| 148|0x0000000089400000, 0x0000000089400000, 0x0000000089500000|  0%| F|  |TAMS 0x0000000089400000, 0x0000000089400000| Untracked 
| 149|0x0000000089500000, 0x0000000089500000, 0x0000000089600000|  0%| F|  |TAMS 0x0000000089500000, 0x0000000089500000| Untracked 
| 150|0x0000000089600000, 0x0000000089600000, 0x0000000089700000|  0%| F|  |TAMS 0x0000000089600000, 0x0000000089600000| Untracked 
| 151|0x0000000089700000, 0x0000000089700000, 0x0000000089800000|  0%| F|  |TAMS 0x0000000089700000, 0x0000000089700000| Untracked 
| 152|0x0000000089800000, 0x0000000089800000, 0x0000000089900000|  0%| F|  |TAMS 0x0000000089800000, 0x0000000089800000| Untracked 
| 153|0x0000000089900000, 0x0000000089960f88, 0x0000000089a00000| 37%| S|CS|TAMS 0x0000000089900000, 0x0000000089900000| Complete 
| 154|0x0000000089a00000, 0x0000000089b00000, 0x0000000089b00000|100%| S|CS|TAMS 0x0000000089a00000, 0x0000000089a00000| Complete 
| 155|0x0000000089b00000, 0x0000000089c00000, 0x0000000089c00000|100%| S|CS|TAMS 0x0000000089b00000, 0x0000000089b00000| Complete 
| 156|0x0000000089c00000, 0x0000000089d00000, 0x0000000089d00000|100%| S|CS|TAMS 0x0000000089c00000, 0x0000000089c00000| Complete 
| 157|0x0000000089d00000, 0x0000000089e00000, 0x0000000089e00000|100%| S|CS|TAMS 0x0000000089d00000, 0x0000000089d00000| Complete 
| 158|0x0000000089e00000, 0x0000000089e00000, 0x0000000089f00000|  0%| F|  |TAMS 0x0000000089e00000, 0x0000000089e00000| Untracked 
| 159|0x0000000089f00000, 0x0000000089f00000, 0x000000008a000000|  0%| F|  |TAMS 0x0000000089f00000, 0x0000000089f00000| Untracked 
| 160|0x000000008a000000, 0x000000008a000000, 0x000000008a100000|  0%| F|  |TAMS 0x000000008a000000, 0x000000008a000000| Untracked 
| 161|0x000000008a100000, 0x000000008a100000, 0x000000008a200000|  0%| F|  |TAMS 0x000000008a100000, 0x000000008a100000| Untracked 
| 162|0x000000008a200000, 0x000000008a200000, 0x000000008a300000|  0%| F|  |TAMS 0x000000008a200000, 0x000000008a200000| Untracked 
| 163|0x000000008a300000, 0x000000008a300000, 0x000000008a400000|  0%| F|  |TAMS 0x000000008a300000, 0x000000008a300000| Untracked 
| 164|0x000000008a400000, 0x000000008a400000, 0x000000008a500000|  0%| F|  |TAMS 0x000000008a400000, 0x000000008a400000| Untracked 
| 165|0x000000008a500000, 0x000000008a500000, 0x000000008a600000|  0%| F|  |TAMS 0x000000008a500000, 0x000000008a500000| Untracked 
| 166|0x000000008a600000, 0x000000008a600000, 0x000000008a700000|  0%| F|  |TAMS 0x000000008a600000, 0x000000008a600000| Untracked 
| 167|0x000000008a700000, 0x000000008a700000, 0x000000008a800000|  0%| F|  |TAMS 0x000000008a700000, 0x000000008a700000| Untracked 
| 168|0x000000008a800000, 0x000000008a800000, 0x000000008a900000|  0%| F|  |TAMS 0x000000008a800000, 0x000000008a800000| Untracked 
| 169|0x000000008a900000, 0x000000008a900000, 0x000000008aa00000|  0%| F|  |TAMS 0x000000008a900000, 0x000000008a900000| Untracked 
| 170|0x000000008aa00000, 0x000000008aa00000, 0x000000008ab00000|  0%| F|  |TAMS 0x000000008aa00000, 0x000000008aa00000| Untracked 
| 171|0x000000008ab00000, 0x000000008ab00000, 0x000000008ac00000|  0%| F|  |TAMS 0x000000008ab00000, 0x000000008ab00000| Untracked 
| 172|0x000000008ac00000, 0x000000008ac00000, 0x000000008ad00000|  0%| F|  |TAMS 0x000000008ac00000, 0x000000008ac00000| Untracked 
| 173|0x000000008ad00000, 0x000000008ad00000, 0x000000008ae00000|  0%| F|  |TAMS 0x000000008ad00000, 0x000000008ad00000| Untracked 
| 174|0x000000008ae00000, 0x000000008ae00000, 0x000000008af00000|  0%| F|  |TAMS 0x000000008ae00000, 0x000000008ae00000| Untracked 
| 175|0x000000008af00000, 0x000000008af00000, 0x000000008b000000|  0%| F|  |TAMS 0x000000008af00000, 0x000000008af00000| Untracked 
| 176|0x000000008b000000, 0x000000008b000000, 0x000000008b100000|  0%| F|  |TAMS 0x000000008b000000, 0x000000008b000000| Untracked 
| 177|0x000000008b100000, 0x000000008b100000, 0x000000008b200000|  0%| F|  |TAMS 0x000000008b100000, 0x000000008b100000| Untracked 
| 178|0x000000008b200000, 0x000000008b200000, 0x000000008b300000|  0%| F|  |TAMS 0x000000008b200000, 0x000000008b200000| Untracked 
| 179|0x000000008b300000, 0x000000008b300000, 0x000000008b400000|  0%| F|  |TAMS 0x000000008b300000, 0x000000008b300000| Untracked 
| 180|0x000000008b400000, 0x000000008b400000, 0x000000008b500000|  0%| F|  |TAMS 0x000000008b400000, 0x000000008b400000| Untracked 
| 181|0x000000008b500000, 0x000000008b500000, 0x000000008b600000|  0%| F|  |TAMS 0x000000008b500000, 0x000000008b500000| Untracked 
| 182|0x000000008b600000, 0x000000008b600000, 0x000000008b700000|  0%| F|  |TAMS 0x000000008b600000, 0x000000008b600000| Untracked 
| 183|0x000000008b700000, 0x000000008b700000, 0x000000008b800000|  0%| F|  |TAMS 0x000000008b700000, 0x000000008b700000| Untracked 
| 184|0x000000008b800000, 0x000000008b800000, 0x000000008b900000|  0%| F|  |TAMS 0x000000008b800000, 0x000000008b800000| Untracked 
| 185|0x000000008b900000, 0x000000008b900000, 0x000000008ba00000|  0%| F|  |TAMS 0x000000008b900000, 0x000000008b900000| Untracked 
| 186|0x000000008ba00000, 0x000000008ba00000, 0x000000008bb00000|  0%| F|  |TAMS 0x000000008ba00000, 0x000000008ba00000| Untracked 
| 187|0x000000008bb00000, 0x000000008bb00000, 0x000000008bc00000|  0%| F|  |TAMS 0x000000008bb00000, 0x000000008bb00000| Untracked 
| 188|0x000000008bc00000, 0x000000008bc00000, 0x000000008bd00000|  0%| F|  |TAMS 0x000000008bc00000, 0x000000008bc00000| Untracked 
| 189|0x000000008bd00000, 0x000000008bd00000, 0x000000008be00000|  0%| F|  |TAMS 0x000000008bd00000, 0x000000008bd00000| Untracked 
| 190|0x000000008be00000, 0x000000008be00000, 0x000000008bf00000|  0%| F|  |TAMS 0x000000008be00000, 0x000000008be00000| Untracked 
| 191|0x000000008bf00000, 0x000000008bf00000, 0x000000008c000000|  0%| F|  |TAMS 0x000000008bf00000, 0x000000008bf00000| Untracked 
| 192|0x000000008c000000, 0x000000008c000000, 0x000000008c100000|  0%| F|  |TAMS 0x000000008c000000, 0x000000008c000000| Untracked 
| 193|0x000000008c100000, 0x000000008c100000, 0x000000008c200000|  0%| F|  |TAMS 0x000000008c100000, 0x000000008c100000| Untracked 
| 194|0x000000008c200000, 0x000000008c200000, 0x000000008c300000|  0%| F|  |TAMS 0x000000008c200000, 0x000000008c200000| Untracked 
| 195|0x000000008c300000, 0x000000008c300000, 0x000000008c400000|  0%| F|  |TAMS 0x000000008c300000, 0x000000008c300000| Untracked 
| 196|0x000000008c400000, 0x000000008c400000, 0x000000008c500000|  0%| F|  |TAMS 0x000000008c400000, 0x000000008c400000| Untracked 
| 197|0x000000008c500000, 0x000000008c500000, 0x000000008c600000|  0%| F|  |TAMS 0x000000008c500000, 0x000000008c500000| Untracked 
| 198|0x000000008c600000, 0x000000008c600000, 0x000000008c700000|  0%| F|  |TAMS 0x000000008c600000, 0x000000008c600000| Untracked 
| 199|0x000000008c700000, 0x000000008c700000, 0x000000008c800000|  0%| F|  |TAMS 0x000000008c700000, 0x000000008c700000| Untracked 
| 200|0x000000008c800000, 0x000000008c800000, 0x000000008c900000|  0%| F|  |TAMS 0x000000008c800000, 0x000000008c800000| Untracked 
| 201|0x000000008c900000, 0x000000008c900000, 0x000000008ca00000|  0%| F|  |TAMS 0x000000008c900000, 0x000000008c900000| Untracked 
| 202|0x000000008ca00000, 0x000000008ca00000, 0x000000008cb00000|  0%| F|  |TAMS 0x000000008ca00000, 0x000000008ca00000| Untracked 
| 203|0x000000008cb00000, 0x000000008cb00000, 0x000000008cc00000|  0%| F|  |TAMS 0x000000008cb00000, 0x000000008cb00000| Untracked 
| 204|0x000000008cc00000, 0x000000008cc00000, 0x000000008cd00000|  0%| F|  |TAMS 0x000000008cc00000, 0x000000008cc00000| Untracked 
| 205|0x000000008cd00000, 0x000000008cd00000, 0x000000008ce00000|  0%| F|  |TAMS 0x000000008cd00000, 0x000000008cd00000| Untracked 
| 206|0x000000008ce00000, 0x000000008ce00000, 0x000000008cf00000|  0%| F|  |TAMS 0x000000008ce00000, 0x000000008ce00000| Untracked 
| 207|0x000000008cf00000, 0x000000008cf00000, 0x000000008d000000|  0%| F|  |TAMS 0x000000008cf00000, 0x000000008cf00000| Untracked 
| 208|0x000000008d000000, 0x000000008d000000, 0x000000008d100000|  0%| F|  |TAMS 0x000000008d000000, 0x000000008d000000| Untracked 
| 209|0x000000008d100000, 0x000000008d100000, 0x000000008d200000|  0%| F|  |TAMS 0x000000008d100000, 0x000000008d100000| Untracked 
| 210|0x000000008d200000, 0x000000008d200000, 0x000000008d300000|  0%| F|  |TAMS 0x000000008d200000, 0x000000008d200000| Untracked 
| 211|0x000000008d300000, 0x000000008d300000, 0x000000008d400000|  0%| F|  |TAMS 0x000000008d300000, 0x000000008d300000| Untracked 
| 212|0x000000008d400000, 0x000000008d400000, 0x000000008d500000|  0%| F|  |TAMS 0x000000008d400000, 0x000000008d400000| Untracked 
| 213|0x000000008d500000, 0x000000008d500000, 0x000000008d600000|  0%| F|  |TAMS 0x000000008d500000, 0x000000008d500000| Untracked 
| 214|0x000000008d600000, 0x000000008d600000, 0x000000008d700000|  0%| F|  |TAMS 0x000000008d600000, 0x000000008d600000| Untracked 
| 215|0x000000008d700000, 0x000000008d700000, 0x000000008d800000|  0%| F|  |TAMS 0x000000008d700000, 0x000000008d700000| Untracked 
| 216|0x000000008d800000, 0x000000008d800000, 0x000000008d900000|  0%| F|  |TAMS 0x000000008d800000, 0x000000008d800000| Untracked 
| 217|0x000000008d900000, 0x000000008d900000, 0x000000008da00000|  0%| F|  |TAMS 0x000000008d900000, 0x000000008d900000| Untracked 
| 218|0x000000008da00000, 0x000000008da00000, 0x000000008db00000|  0%| F|  |TAMS 0x000000008da00000, 0x000000008da00000| Untracked 
| 219|0x000000008db00000, 0x000000008db00000, 0x000000008dc00000|  0%| F|  |TAMS 0x000000008db00000, 0x000000008db00000| Untracked 
| 220|0x000000008dc00000, 0x000000008dc00000, 0x000000008dd00000|  0%| F|  |TAMS 0x000000008dc00000, 0x000000008dc00000| Untracked 
| 221|0x000000008dd00000, 0x000000008dd00000, 0x000000008de00000|  0%| F|  |TAMS 0x000000008dd00000, 0x000000008dd00000| Untracked 
| 222|0x000000008de00000, 0x000000008de00000, 0x000000008df00000|  0%| F|  |TAMS 0x000000008de00000, 0x000000008de00000| Untracked 
| 223|0x000000008df00000, 0x000000008df00000, 0x000000008e000000|  0%| F|  |TAMS 0x000000008df00000, 0x000000008df00000| Untracked 
| 224|0x000000008e000000, 0x000000008e000000, 0x000000008e100000|  0%| F|  |TAMS 0x000000008e000000, 0x000000008e000000| Untracked 
| 225|0x000000008e100000, 0x000000008e100000, 0x000000008e200000|  0%| F|  |TAMS 0x000000008e100000, 0x000000008e100000| Untracked 
| 226|0x000000008e200000, 0x000000008e200000, 0x000000008e300000|  0%| F|  |TAMS 0x000000008e200000, 0x000000008e200000| Untracked 
| 227|0x000000008e300000, 0x000000008e300000, 0x000000008e400000|  0%| F|  |TAMS 0x000000008e300000, 0x000000008e300000| Untracked 
| 228|0x000000008e400000, 0x000000008e400000, 0x000000008e500000|  0%| F|  |TAMS 0x000000008e400000, 0x000000008e400000| Untracked 
| 229|0x000000008e500000, 0x000000008e500000, 0x000000008e600000|  0%| F|  |TAMS 0x000000008e500000, 0x000000008e500000| Untracked 
| 230|0x000000008e600000, 0x000000008e600000, 0x000000008e700000|  0%| F|  |TAMS 0x000000008e600000, 0x000000008e600000| Untracked 
| 231|0x000000008e700000, 0x000000008e700000, 0x000000008e800000|  0%| F|  |TAMS 0x000000008e700000, 0x000000008e700000| Untracked 
| 232|0x000000008e800000, 0x000000008e800000, 0x000000008e900000|  0%| F|  |TAMS 0x000000008e800000, 0x000000008e800000| Untracked 
| 233|0x000000008e900000, 0x000000008e900000, 0x000000008ea00000|  0%| F|  |TAMS 0x000000008e900000, 0x000000008e900000| Untracked 
| 234|0x000000008ea00000, 0x000000008ea00000, 0x000000008eb00000|  0%| F|  |TAMS 0x000000008ea00000, 0x000000008ea00000| Untracked 
| 235|0x000000008eb00000, 0x000000008eb00000, 0x000000008ec00000|  0%| F|  |TAMS 0x000000008eb00000, 0x000000008eb00000| Untracked 
| 236|0x000000008ec00000, 0x000000008ec00000, 0x000000008ed00000|  0%| F|  |TAMS 0x000000008ec00000, 0x000000008ec00000| Untracked 
| 237|0x000000008ed00000, 0x000000008ed00000, 0x000000008ee00000|  0%| F|  |TAMS 0x000000008ed00000, 0x000000008ed00000| Untracked 
| 238|0x000000008ee00000, 0x000000008ee00000, 0x000000008ef00000|  0%| F|  |TAMS 0x000000008ee00000, 0x000000008ee00000| Untracked 
| 239|0x000000008ef00000, 0x000000008ef00000, 0x000000008f000000|  0%| F|  |TAMS 0x000000008ef00000, 0x000000008ef00000| Untracked 
| 240|0x000000008f000000, 0x000000008f000000, 0x000000008f100000|  0%| F|  |TAMS 0x000000008f000000, 0x000000008f000000| Untracked 
| 241|0x000000008f100000, 0x000000008f100000, 0x000000008f200000|  0%| F|  |TAMS 0x000000008f100000, 0x000000008f100000| Untracked 
| 242|0x000000008f200000, 0x000000008f200000, 0x000000008f300000|  0%| F|  |TAMS 0x000000008f200000, 0x000000008f200000| Untracked 
| 243|0x000000008f300000, 0x000000008f300000, 0x000000008f400000|  0%| F|  |TAMS 0x000000008f300000, 0x000000008f300000| Untracked 
| 244|0x000000008f400000, 0x000000008f400000, 0x000000008f500000|  0%| F|  |TAMS 0x000000008f400000, 0x000000008f400000| Untracked 
| 245|0x000000008f500000, 0x000000008f500000, 0x000000008f600000|  0%| F|  |TAMS 0x000000008f500000, 0x000000008f500000| Untracked 
| 246|0x000000008f600000, 0x000000008f600000, 0x000000008f700000|  0%| F|  |TAMS 0x000000008f600000, 0x000000008f600000| Untracked 
| 247|0x000000008f700000, 0x000000008f700000, 0x000000008f800000|  0%| F|  |TAMS 0x000000008f700000, 0x000000008f700000| Untracked 
| 248|0x000000008f800000, 0x000000008f800000, 0x000000008f900000|  0%| F|  |TAMS 0x000000008f800000, 0x000000008f800000| Untracked 
| 249|0x000000008f900000, 0x000000008f900000, 0x000000008fa00000|  0%| F|  |TAMS 0x000000008f900000, 0x000000008f900000| Untracked 
| 250|0x000000008fa00000, 0x000000008fa00000, 0x000000008fb00000|  0%| F|  |TAMS 0x000000008fa00000, 0x000000008fa00000| Untracked 
| 251|0x000000008fb00000, 0x000000008fb00000, 0x000000008fc00000|  0%| F|  |TAMS 0x000000008fb00000, 0x000000008fb00000| Untracked 
| 252|0x000000008fc00000, 0x000000008fc00000, 0x000000008fd00000|  0%| F|  |TAMS 0x000000008fc00000, 0x000000008fc00000| Untracked 
| 253|0x000000008fd00000, 0x000000008fd00000, 0x000000008fe00000|  0%| F|  |TAMS 0x000000008fd00000, 0x000000008fd00000| Untracked 
| 254|0x000000008fe00000, 0x000000008fe00000, 0x000000008ff00000|  0%| F|  |TAMS 0x000000008fe00000, 0x000000008fe00000| Untracked 
| 255|0x000000008ff00000, 0x000000008ff00000, 0x0000000090000000|  0%| F|  |TAMS 0x000000008ff00000, 0x000000008ff00000| Untracked 
| 256|0x0000000090000000, 0x0000000090000000, 0x0000000090100000|  0%| F|  |TAMS 0x0000000090000000, 0x0000000090000000| Untracked 
| 257|0x0000000090100000, 0x0000000090100000, 0x0000000090200000|  0%| F|  |TAMS 0x0000000090100000, 0x0000000090100000| Untracked 
| 258|0x0000000090200000, 0x0000000090200000, 0x0000000090300000|  0%| F|  |TAMS 0x0000000090200000, 0x0000000090200000| Untracked 
| 259|0x0000000090300000, 0x0000000090300000, 0x0000000090400000|  0%| F|  |TAMS 0x0000000090300000, 0x0000000090300000| Untracked 
| 260|0x0000000090400000, 0x0000000090400000, 0x0000000090500000|  0%| F|  |TAMS 0x0000000090400000, 0x0000000090400000| Untracked 
| 261|0x0000000090500000, 0x0000000090500000, 0x0000000090600000|  0%| F|  |TAMS 0x0000000090500000, 0x0000000090500000| Untracked 
| 262|0x0000000090600000, 0x0000000090600000, 0x0000000090700000|  0%| F|  |TAMS 0x0000000090600000, 0x0000000090600000| Untracked 
| 263|0x0000000090700000, 0x0000000090700000, 0x0000000090800000|  0%| F|  |TAMS 0x0000000090700000, 0x0000000090700000| Untracked 
| 264|0x0000000090800000, 0x0000000090800000, 0x0000000090900000|  0%| F|  |TAMS 0x0000000090800000, 0x0000000090800000| Untracked 
| 265|0x0000000090900000, 0x0000000090900000, 0x0000000090a00000|  0%| F|  |TAMS 0x0000000090900000, 0x0000000090900000| Untracked 
| 266|0x0000000090a00000, 0x0000000090a00000, 0x0000000090b00000|  0%| F|  |TAMS 0x0000000090a00000, 0x0000000090a00000| Untracked 
| 267|0x0000000090b00000, 0x0000000090b00000, 0x0000000090c00000|  0%| F|  |TAMS 0x0000000090b00000, 0x0000000090b00000| Untracked 
| 268|0x0000000090c00000, 0x0000000090c00000, 0x0000000090d00000|  0%| F|  |TAMS 0x0000000090c00000, 0x0000000090c00000| Untracked 
| 269|0x0000000090d00000, 0x0000000090d00000, 0x0000000090e00000|  0%| F|  |TAMS 0x0000000090d00000, 0x0000000090d00000| Untracked 
| 270|0x0000000090e00000, 0x0000000090e00000, 0x0000000090f00000|  0%| F|  |TAMS 0x0000000090e00000, 0x0000000090e00000| Untracked 
| 271|0x0000000090f00000, 0x0000000090f00000, 0x0000000091000000|  0%| F|  |TAMS 0x0000000090f00000, 0x0000000090f00000| Untracked 
| 272|0x0000000091000000, 0x0000000091000000, 0x0000000091100000|  0%| F|  |TAMS 0x0000000091000000, 0x0000000091000000| Untracked 
| 273|0x0000000091100000, 0x0000000091100000, 0x0000000091200000|  0%| F|  |TAMS 0x0000000091100000, 0x0000000091100000| Untracked 
| 274|0x0000000091200000, 0x0000000091200000, 0x0000000091300000|  0%| F|  |TAMS 0x0000000091200000, 0x0000000091200000| Untracked 

Card table byte_map: [0x00000165d92e0000,0x00000165d96e0000] _byte_map_base: 0x00000165d8ee0000

Marking Bits (Prev, Next): (CMBitMap*) 0x00000165c207d670, (CMBitMap*) 0x00000165c207d6b0
 Prev Bits: [0x00000165d9ae0000, 0x00000165dbae0000)
 Next Bits: [0x00000165dbae0000, 0x00000165ddae0000)

Polling page: 0x00000165bfe10000

Metaspace:

Usage:
  Non-class:     64.18 MB used.
      Class:      9.92 MB used.
       Both:     74.10 MB used.

Virtual space:
  Non-class space:      128.00 MB reserved,      64.75 MB ( 51%) committed,  2 nodes.
      Class space:      416.00 MB reserved,      10.44 MB (  3%) committed,  1 nodes.
             Both:      544.00 MB reserved,      75.19 MB ( 14%) committed. 

Chunk freelists:
   Non-Class:  14.97 MB
       Class:  5.50 MB
        Both:  20.47 MB

MaxMetaspaceSize: 512.00 MB
CompressedClassSpaceSize: 416.00 MB
Initial GC threshold: 21.00 MB
Current GC threshold: 123.12 MB
CDS: on
MetaspaceReclaimPolicy: balanced
 - commit_granule_bytes: 65536.
 - commit_granule_words: 8192.
 - virtual_space_node_default_size: 8388608.
 - enlarge_chunks_in_place: 1.
 - new_chunks_are_fully_committed: 0.
 - uncommit_free_chunks: 1.
 - use_allocation_guard: 0.
 - handle_deallocations: 1.


Internal statistics:

num_allocs_failed_limit: 9.
num_arena_births: 1830.
num_arena_deaths: 2.
num_vsnodes_births: 3.
num_vsnodes_deaths: 0.
num_space_committed: 1203.
num_space_uncommitted: 0.
num_chunks_returned_to_freelist: 16.
num_chunks_taken_from_freelist: 5182.
num_chunk_merges: 10.
num_chunk_splits: 3180.
num_chunks_enlarged: 1846.
num_inconsistent_stats: 0.

CodeHeap 'non-profiled nmethods': size=120000Kb used=9663Kb max_used=10425Kb free=110336Kb
 bounds [0x00000165d1680000, 0x00000165d20b0000, 0x00000165d8bb0000]
CodeHeap 'profiled nmethods': size=120000Kb used=24883Kb max_used=26928Kb free=95117Kb
 bounds [0x00000165c9bb0000, 0x00000165cb600000, 0x00000165d10e0000]
CodeHeap 'non-nmethods': size=5760Kb used=1745Kb max_used=1843Kb free=4014Kb
 bounds [0x00000165d10e0000, 0x00000165d1350000, 0x00000165d1680000]
 total_blobs=14025 nmethods=13188 adapters=746
 compilation: enabled
              stopped_count=0, restarted_count=0
 full_count=0

Compilation events (20 events):
Event: 1214.262 Thread 0x00000165e05436b0 16376       3       org.apache.commons.compress.archivers.zip.ZipArchiveOutputStream::handleZip64Extra (203 bytes)
Event: 1214.265 Thread 0x00000165e05436b0 nmethod 16376 0x00000165caf20f10 code [0x00000165caf21200, 0x00000165caf224e8]
Event: 1214.274 Thread 0x00000165e05436b0 16378       3       org.apache.commons.compress.archivers.zip.ZipArchiveOutputStream::createCentralFileHeader (140 bytes)
Event: 1214.275 Thread 0x00000165e05436b0 nmethod 16378 0x00000165ca2ee990 code [0x00000165ca2eec00, 0x00000165ca2ef788]
Event: 1214.275 Thread 0x00000165e05436b0 16379       3       org.apache.commons.compress.archivers.zip.ZipArchiveOutputStream::createCentralFileHeader (647 bytes)
Event: 1214.285 Thread 0x00000165e05436b0 nmethod 16379 0x00000165cb0e4210 code [0x00000165cb0e48e0, 0x00000165cb0e8438]
Event: 1214.285 Thread 0x00000165e05436b0 16380       3       org.apache.commons.compress.archivers.zip.ExtraFieldUtils::mergeCentralDirectoryData (232 bytes)
Event: 1214.286 Thread 0x00000165e05436b0 nmethod 16380 0x00000165c9c3ba90 code [0x00000165c9c3bd40, 0x00000165c9c3cb08]
Event: 1214.409 Thread 0x0000016584e69640 nmethod 15973 0x00000165d1ddf910 code [0x00000165d1ddff00, 0x00000165d1de9470]
Event: 1214.410 Thread 0x0000016584e69640 16315       4       org.objectweb.asm.AnnotationWriter::putAnnotations (67 bytes)
Event: 1214.410 Thread 0x00000165e05436b0 16384       2       org.objectweb.asm.ClassReader::readMethod (1070 bytes)
Event: 1214.419 Thread 0x00000165e05436b0 nmethod 16384 0x00000165ca041e90 code [0x00000165ca042400, 0x00000165ca044b08]
Event: 1214.470 Thread 0x0000016584e69640 nmethod 16315 0x00000165d193e990 code [0x00000165d193ec00, 0x00000165d193fda8]
Event: 1214.470 Thread 0x0000016584e69640 16387       4       org.objectweb.asm.ClassReader::readMethod (1070 bytes)
Event: 1214.481 Thread 0x00000165e05436b0 16390       3       org.objectweb.asm.Type::getObjectType (31 bytes)
Event: 1214.483 Thread 0x00000165e05436b0 nmethod 16390 0x00000165c9ca2910 code [0x00000165c9ca2b40, 0x00000165c9ca3358]
Event: 1214.544 Thread 0x00000165e05436b0 16393       2       org.objectweb.asm.tree.AnnotationNode::visitEnd (1 bytes)
Event: 1214.544 Thread 0x00000165e05436b0 nmethod 16393 0x00000165c9f5d910 code [0x00000165c9f5daa0, 0x00000165c9f5db98]
Event: 1214.586 Thread 0x00000165e05436b0 16396       2       org.objectweb.asm.MethodWriter::visitLookupSwitchInsn (114 bytes)
Event: 1214.587 Thread 0x00000165e05436b0 nmethod 16396 0x00000165c9ed5a90 code [0x00000165c9ed5ca0, 0x00000165c9ed6048]

GC Heap History (20 events):
Event: 1199.278 GC heap after
{Heap after GC invocations=31 (full 0):
 garbage-first heap   total 281600K, used 87337K [0x0000000080000000, 0x0000000100000000)
  region size 1024K, 7 young (7168K), 7 survivors (7168K)
 Metaspace       used 74511K, committed 75648K, reserved 491520K
  class space    used 10062K, committed 10624K, reserved 425984K
}
Event: 1200.654 GC heap before
{Heap before GC invocations=32 (full 0):
 garbage-first heap   total 281600K, used 234793K [0x0000000080000000, 0x0000000100000000)
  region size 1024K, 151 young (154624K), 7 survivors (7168K)
 Metaspace       used 74501K, committed 75648K, reserved 491520K
  class space    used 10053K, committed 10624K, reserved 425984K
}
Event: 1200.667 GC heap after
{Heap after GC invocations=33 (full 0):
 garbage-first heap   total 281600K, used 92891K [0x0000000080000000, 0x0000000100000000)
  region size 1024K, 11 young (11264K), 11 survivors (11264K)
 Metaspace       used 74501K, committed 75648K, reserved 491520K
  class space    used 10053K, committed 10624K, reserved 425984K
}
Event: 1200.674 GC heap before
{Heap before GC invocations=33 (full 0):
 garbage-first heap   total 281600K, used 94939K [0x0000000080000000, 0x0000000100000000)
  region size 1024K, 14 young (14336K), 11 survivors (11264K)
 Metaspace       used 74501K, committed 75648K, reserved 491520K
  class space    used 10053K, committed 10624K, reserved 425984K
}
Event: 1200.689 GC heap after
{Heap after GC invocations=34 (full 0):
 garbage-first heap   total 281600K, used 92323K [0x0000000080000000, 0x0000000100000000)
  region size 1024K, 2 young (2048K), 2 survivors (2048K)
 Metaspace       used 74501K, committed 75648K, reserved 491520K
  class space    used 10053K, committed 10624K, reserved 425984K
}
Event: 1202.168 GC heap before
{Heap before GC invocations=34 (full 0):
 garbage-first heap   total 281600K, used 232611K [0x0000000080000000, 0x0000000100000000)
  region size 1024K, 140 young (143360K), 2 survivors (2048K)
 Metaspace       used 74534K, committed 75648K, reserved 491520K
  class space    used 10053K, committed 10624K, reserved 425984K
}
Event: 1202.177 GC heap after
{Heap after GC invocations=35 (full 0):
 garbage-first heap   total 281600K, used 91706K [0x0000000080000000, 0x0000000100000000)
  region size 1024K, 6 young (6144K), 6 survivors (6144K)
 Metaspace       used 74534K, committed 75648K, reserved 491520K
  class space    used 10053K, committed 10624K, reserved 425984K
}
Event: 1204.143 GC heap before
{Heap before GC invocations=35 (full 0):
 garbage-first heap   total 281600K, used 236090K [0x0000000080000000, 0x0000000100000000)
  region size 1024K, 145 young (148480K), 6 survivors (6144K)
 Metaspace       used 74597K, committed 75776K, reserved 491520K
  class space    used 10053K, committed 10624K, reserved 425984K
}
Event: 1204.155 GC heap after
{Heap after GC invocations=36 (full 0):
 garbage-first heap   total 281600K, used 96963K [0x0000000080000000, 0x0000000100000000)
  region size 1024K, 11 young (11264K), 11 survivors (11264K)
 Metaspace       used 74597K, committed 75776K, reserved 491520K
  class space    used 10053K, committed 10624K, reserved 425984K
}
Event: 1205.351 GC heap before
{Heap before GC invocations=36 (full 0):
 garbage-first heap   total 281600K, used 234179K [0x0000000080000000, 0x0000000100000000)
  region size 1024K, 146 young (149504K), 11 survivors (11264K)
 Metaspace       used 74633K, committed 75840K, reserved 557056K
  class space    used 10053K, committed 10624K, reserved 425984K
}
Event: 1205.364 GC heap after
{Heap after GC invocations=37 (full 0):
 garbage-first heap   total 281600K, used 100630K [0x0000000080000000, 0x0000000100000000)
  region size 1024K, 9 young (9216K), 9 survivors (9216K)
 Metaspace       used 74633K, committed 75840K, reserved 557056K
  class space    used 10053K, committed 10624K, reserved 425984K
}
Event: 1211.118 GC heap before
{Heap before GC invocations=37 (full 0):
 garbage-first heap   total 281600K, used 237846K [0x0000000080000000, 0x0000000100000000)
  region size 1024K, 143 young (146432K), 9 survivors (9216K)
 Metaspace       used 74771K, committed 75904K, reserved 557056K
  class space    used 10056K, committed 10624K, reserved 425984K
}
Event: 1211.138 GC heap after
{Heap after GC invocations=38 (full 0):
 garbage-first heap   total 281600K, used 105602K [0x0000000080000000, 0x0000000100000000)
  region size 1024K, 14 young (14336K), 14 survivors (14336K)
 Metaspace       used 74771K, committed 75904K, reserved 557056K
  class space    used 10056K, committed 10624K, reserved 425984K
}
Event: 1212.861 GC heap before
{Heap before GC invocations=38 (full 0):
 garbage-first heap   total 281600K, used 240770K [0x0000000080000000, 0x0000000100000000)
  region size 1024K, 143 young (146432K), 14 survivors (14336K)
 Metaspace       used 75765K, committed 76864K, reserved 557056K
  class space    used 10153K, committed 10688K, reserved 425984K
}
Event: 1212.891 GC heap after
{Heap after GC invocations=39 (full 0):
 garbage-first heap   total 281600K, used 117219K [0x0000000080000000, 0x0000000100000000)
  region size 1024K, 17 young (17408K), 17 survivors (17408K)
 Metaspace       used 75765K, committed 76864K, reserved 557056K
  class space    used 10153K, committed 10688K, reserved 425984K
}
Event: 1213.529 GC heap before
{Heap before GC invocations=39 (full 0):
 garbage-first heap   total 281600K, used 233955K [0x0000000080000000, 0x0000000100000000)
  region size 1024K, 132 young (135168K), 17 survivors (17408K)
 Metaspace       used 75839K, committed 76928K, reserved 557056K
  class space    used 10153K, committed 10688K, reserved 425984K
}
Event: 1213.551 GC heap after
{Heap after GC invocations=40 (full 0):
 garbage-first heap   total 281600K, used 118833K [0x0000000080000000, 0x0000000100000000)
  region size 1024K, 10 young (10240K), 10 survivors (10240K)
 Metaspace       used 75839K, committed 76928K, reserved 557056K
  class space    used 10153K, committed 10688K, reserved 425984K
}
Event: 1214.109 GC heap before
{Heap before GC invocations=40 (full 0):
 garbage-first heap   total 281600K, used 237617K [0x0000000080000000, 0x0000000100000000)
  region size 1024K, 127 young (130048K), 10 survivors (10240K)
 Metaspace       used 75873K, committed 76992K, reserved 557056K
  class space    used 10153K, committed 10688K, reserved 425984K
}
Event: 1214.127 GC heap after
{Heap after GC invocations=41 (full 0):
 garbage-first heap   total 281600K, used 120256K [0x0000000080000000, 0x0000000100000000)
  region size 1024K, 4 young (4096K), 4 survivors (4096K)
 Metaspace       used 75873K, committed 76992K, reserved 557056K
  class space    used 10153K, committed 10688K, reserved 425984K
}
Event: 1214.588 GC heap before
{Heap before GC invocations=41 (full 0):
 garbage-first heap   total 281600K, used 240064K [0x0000000080000000, 0x0000000100000000)
  region size 1024K, 121 young (123904K), 4 survivors (4096K)
 Metaspace       used 75877K, committed 76992K, reserved 557056K
  class space    used 10153K, committed 10688K, reserved 425984K
}

Dll operation events (15 events):
Event: 0.150 Loaded shared library C:\Program Files\Microsoft\jdk-17.0.19.10-hotspot\bin\java.dll
Event: 0.171 Loaded shared library C:\Program Files\Microsoft\jdk-17.0.19.10-hotspot\bin\jsvml.dll
Event: 0.263 Loaded shared library C:\Program Files\Microsoft\jdk-17.0.19.10-hotspot\bin\zip.dll
Event: 0.273 Loaded shared library C:\Program Files\Microsoft\jdk-17.0.19.10-hotspot\bin\instrument.dll
Event: 0.296 Loaded shared library C:\Program Files\Microsoft\jdk-17.0.19.10-hotspot\bin\net.dll
Event: 0.303 Loaded shared library C:\Program Files\Microsoft\jdk-17.0.19.10-hotspot\bin\nio.dll
Event: 0.308 Loaded shared library C:\Program Files\Microsoft\jdk-17.0.19.10-hotspot\bin\zip.dll
Event: 0.751 Loaded shared library C:\Program Files\Microsoft\jdk-17.0.19.10-hotspot\bin\jimage.dll
Event: 1.555 Loaded shared library C:\Program Files\Microsoft\jdk-17.0.19.10-hotspot\bin\verify.dll
Event: 1.798 Loaded shared library E:\GradleCache\native\660c5614fbf4a5f2a75b1949f50a0caf5cd603558e7d8a26e50b933a0cfb79d1\windows-amd64\native-platform.dll
Event: 1.879 Loaded shared library E:\GradleCache\native\0.2.8\x86_64-windows-gnu\gradle-fileevents.dll
Event: 4.178 Loaded shared library C:\Program Files\Microsoft\jdk-17.0.19.10-hotspot\bin\management.dll
Event: 4.203 Loaded shared library C:\Program Files\Microsoft\jdk-17.0.19.10-hotspot\bin\management_ext.dll
Event: 4.961 Loaded shared library C:\Program Files\Microsoft\jdk-17.0.19.10-hotspot\bin\extnet.dll
Event: 5.820 Loaded shared library C:\Program Files\Microsoft\jdk-17.0.19.10-hotspot\bin\sunmscapi.dll

Deoptimization events (20 events):
Event: 1214.380 Thread 0x0000016581432a70 DEOPT PACKING pc=0x00000165cb4ad444 sp=0x0000005aba6f9c10
Event: 1214.380 Thread 0x0000016581432a70 DEOPT UNPACKING pc=0x00000165d1137143 sp=0x0000005aba6f9128 mode 0
Event: 1214.400 Thread 0x0000016581432a70 DEOPT PACKING pc=0x00000165cb4ad444 sp=0x0000005aba6f9c10
Event: 1214.400 Thread 0x0000016581432a70 DEOPT UNPACKING pc=0x00000165d1137143 sp=0x0000005aba6f9128 mode 0
Event: 1214.408 Thread 0x0000016581432560 Uncommon trap: trap_request=0xffffff76 fr.pc=0x00000165d1de7b80 relative=0x0000000000007c80
Event: 1214.409 Thread 0x0000016581432560 Uncommon trap: reason=predicate action=maybe_recompile pc=0x00000165d1de7b80 method=org.objectweb.asm.ClassReader.readMethod(Lorg/objectweb/asm/ClassVisitor;Lorg/objectweb/asm/Context;I)I @ 635 c2
Event: 1214.409 Thread 0x0000016581432560 DEOPT PACKING pc=0x00000165d1de7b80 sp=0x0000005aba5fa290
Event: 1214.409 Thread 0x0000016581432560 DEOPT UNPACKING pc=0x00000165d11369a3 sp=0x0000005aba5fa238 mode 2
Event: 1214.420 Thread 0x0000016581432a70 DEOPT PACKING pc=0x00000165cb4ad444 sp=0x0000005aba6f9c10
Event: 1214.420 Thread 0x0000016581432a70 DEOPT UNPACKING pc=0x00000165d1137143 sp=0x0000005aba6f9128 mode 0
Event: 1214.436 Thread 0x0000016581432a70 DEOPT PACKING pc=0x00000165cb4ad444 sp=0x0000005aba6f9c10
Event: 1214.436 Thread 0x0000016581432a70 DEOPT UNPACKING pc=0x00000165d1137143 sp=0x0000005aba6f9128 mode 0
Event: 1214.486 Thread 0x0000016581432a70 DEOPT PACKING pc=0x00000165cb4ad444 sp=0x0000005aba6f9c10
Event: 1214.486 Thread 0x0000016581432a70 DEOPT UNPACKING pc=0x00000165d1137143 sp=0x0000005aba6f9128 mode 0
Event: 1214.501 Thread 0x0000016581432a70 DEOPT PACKING pc=0x00000165cb4ad444 sp=0x0000005aba6f9c10
Event: 1214.501 Thread 0x0000016581432a70 DEOPT UNPACKING pc=0x00000165d1137143 sp=0x0000005aba6f9128 mode 0
Event: 1214.529 Thread 0x0000016581432a70 DEOPT PACKING pc=0x00000165cb4ad444 sp=0x0000005aba6fa220
Event: 1214.529 Thread 0x0000016581432a70 DEOPT UNPACKING pc=0x00000165d1137143 sp=0x0000005aba6f9738 mode 0
Event: 1214.553 Thread 0x0000016581432a70 DEOPT PACKING pc=0x00000165cb4ad444 sp=0x0000005aba6f9c10
Event: 1214.553 Thread 0x0000016581432a70 DEOPT UNPACKING pc=0x00000165d1137143 sp=0x0000005aba6f9128 mode 0

Classes loaded (20 events):
Event: 634.116 Loading class java/util/Locale$1
Event: 634.118 Loading class java/util/Locale$1 done
Event: 634.128 Loading class java/net/UrlDeserializedState
Event: 634.132 Loading class java/net/UrlDeserializedState done
Event: 634.161 Loading class java/util/concurrent/CompletableFuture$AsyncRun
Event: 634.170 Loading class java/util/concurrent/CompletableFuture$AsyncRun done
Event: 635.220 Loading class jdk/internal/math/FormattedFloatingDecimal$Form
Event: 635.221 Loading class jdk/internal/math/FormattedFloatingDecimal$Form done
Event: 635.221 Loading class jdk/internal/math/FormattedFloatingDecimal
Event: 635.222 Loading class jdk/internal/math/FormattedFloatingDecimal done
Event: 635.222 Loading class jdk/internal/math/FormattedFloatingDecimal$1
Event: 635.222 Loading class jdk/internal/math/FormattedFloatingDecimal$1 done
Event: 635.223 Loading class jdk/internal/math/FormattedFloatingDecimal$2
Event: 635.223 Loading class jdk/internal/math/FormattedFloatingDecimal$2 done
Event: 1196.602 Loading class java/util/zip/ZipInputStream
Event: 1196.604 Loading class java/util/zip/ZipInputStream done
Event: 1211.477 Loading class java/util/zip/Deflater
Event: 1211.478 Loading class java/util/zip/Deflater done
Event: 1211.485 Loading class java/util/zip/Deflater$DeflaterZStreamRef
Event: 1211.485 Loading class java/util/zip/Deflater$DeflaterZStreamRef done

Classes unloaded (8 events):
Event: 1199.794 Thread 0x00000165e04f1f70 Unloading class 0x00000165e2912000 '_BuildScript_$_run_closure1$_closure4'
Event: 1199.794 Thread 0x00000165e04f1f70 Unloading class 0x00000165e2911bb8 '_BuildScript_$_run_closure1$_closure3$_closure7'
Event: 1199.794 Thread 0x00000165e04f1f70 Unloading class 0x00000165e29117d0 '_BuildScript_$_run_closure1$_closure3$_closure6'
Event: 1199.794 Thread 0x00000165e04f1f70 Unloading class 0x00000165e29113e8 '_BuildScript_$_run_closure1$_closure3$_closure5'
Event: 1199.794 Thread 0x00000165e04f1f70 Unloading class 0x00000165e2911000 '_BuildScript_$_run_closure1$_closure3'
Event: 1199.794 Thread 0x00000165e04f1f70 Unloading class 0x00000165e2910be8 '_BuildScript_$_run_closure1$_closure2'
Event: 1199.795 Thread 0x00000165e04f1f70 Unloading class 0x00000165e2910800 '_BuildScript_$_run_closure1'
Event: 1199.795 Thread 0x00000165e04f1f70 Unloading class 0x00000165e2908800 '_BuildScript_'

Classes redefined (0 events):
No events

Internal exceptions (20 events):
Event: 1213.928 Thread 0x0000016581432560 Exception <a 'sun/nio/fs/WindowsException'{0x000000008ccb4518}> (0x000000008ccb4518) 
thrown [s\src\hotspot\share\prims\jni.cpp, line 516]
Event: 1213.954 Thread 0x0000016584f64350 Exception <a 'sun/nio/fs/WindowsException'{0x000000008c56d7d8}> (0x000000008c56d7d8) 
thrown [s\src\hotspot\share\prims\jni.cpp, line 516]
Event: 1213.961 Thread 0x0000016581432050 Exception <a 'sun/nio/fs/WindowsException'{0x000000008cd4f750}> (0x000000008cd4f750) 
thrown [s\src\hotspot\share\prims\jni.cpp, line 516]
Event: 1213.965 Thread 0x0000016584f64350 Exception <a 'java/io/FileNotFoundException'{0x000000008c5736e8}> (0x000000008c5736e8) 
thrown [s\src\hotspot\share\prims\jni.cpp, line 516]
Event: 1213.968 Thread 0x0000016581432050 Exception <a 'java/io/FileNotFoundException'{0x000000008cd54138}> (0x000000008cd54138) 
thrown [s\src\hotspot\share\prims\jni.cpp, line 516]
Event: 1213.974 Thread 0x0000016584f64350 Exception <a 'sun/nio/fs/WindowsException'{0x000000008c049880}> (0x000000008c049880) 
thrown [s\src\hotspot\share\prims\jni.cpp, line 516]
Event: 1213.986 Thread 0x0000016581432050 Exception <a 'sun/nio/fs/WindowsException'{0x000000008bcc99a0}> (0x000000008bcc99a0) 
thrown [s\src\hotspot\share\prims\jni.cpp, line 516]
Event: 1213.992 Thread 0x0000016581432050 Exception <a 'java/io/FileNotFoundException'{0x000000008bcce388}> (0x000000008bcce388) 
thrown [s\src\hotspot\share\prims\jni.cpp, line 516]
Event: 1213.999 Thread 0x0000016581432050 Exception <a 'sun/nio/fs/WindowsException'{0x000000008bcd6770}> (0x000000008bcd6770) 
thrown [s\src\hotspot\share\prims\jni.cpp, line 516]
Event: 1214.066 Thread 0x0000016581431b40 Exception <a 'sun/nio/fs/WindowsException'{0x000000008acb43f8}> (0x000000008acb43f8) 
thrown [s\src\hotspot\share\prims\jni.cpp, line 516]
Event: 1214.075 Thread 0x0000016581431b40 Exception <a 'java/io/FileNotFoundException'{0x000000008acb8de8}> (0x000000008acb8de8) 
thrown [s\src\hotspot\share\prims\jni.cpp, line 516]
Event: 1214.096 Thread 0x0000016581431b40 Exception <a 'sun/nio/fs/WindowsException'{0x000000008a141920}> (0x000000008a141920) 
thrown [s\src\hotspot\share\prims\jni.cpp, line 516]
Event: 1214.101 Thread 0x0000016581431b40 Exception <a 'java/io/FileNotFoundException'{0x000000008a146318}> (0x000000008a146318) 
thrown [s\src\hotspot\share\prims\jni.cpp, line 516]
Event: 1214.133 Thread 0x0000016581431b40 Exception <a 'sun/nio/fs/WindowsException'{0x00000000910035d0}> (0x00000000910035d0) 
thrown [s\src\hotspot\share\prims\jni.cpp, line 516]
Event: 1214.496 Thread 0x000001658142f2c0 Exception <a 'sun/nio/fs/WindowsException'{0x000000008ea366e0}> (0x000000008ea366e0) 
thrown [s\src\hotspot\share\prims\jni.cpp, line 516]
Event: 1214.500 Thread 0x000001658142f2c0 Exception <a 'java/io/FileNotFoundException'{0x000000008ea3b0e0}> (0x000000008ea3b0e0) 
thrown [s\src\hotspot\share\prims\jni.cpp, line 516]
Event: 1214.526 Thread 0x000001658142f2c0 Exception <a 'sun/nio/fs/WindowsException'{0x000000008ea56e28}> (0x000000008ea56e28) 
thrown [s\src\hotspot\share\prims\jni.cpp, line 516]
Event: 1214.534 Thread 0x000001658142f2c0 Exception <a 'java/io/FileNotFoundException'{0x000000008ea5b838}> (0x000000008ea5b838) 
thrown [s\src\hotspot\share\prims\jni.cpp, line 516]
Event: 1214.548 Thread 0x000001658142f2c0 Exception <a 'sun/nio/fs/WindowsException'{0x000000008a85a750}> (0x000000008a85a750) 
thrown [s\src\hotspot\share\prims\jni.cpp, line 516]
Event: 1214.555 Thread 0x000001658142f2c0 Exception <a 'java/io/FileNotFoundException'{0x000000008a85f168}> (0x000000008a85f168) 
thrown [s\src\hotspot\share\prims\jni.cpp, line 516]

VM Operations (20 events):
Event: 1212.238 Executing VM operation: ICBufferFull done
Event: 1212.453 Executing VM operation: HandshakeAllThreads
Event: 1212.464 Executing VM operation: HandshakeAllThreads done
Event: 1212.470 Executing VM operation: HandshakeAllThreads
Event: 1212.475 Executing VM operation: HandshakeAllThreads done
Event: 1212.861 Executing VM operation: G1CollectForAllocation
Event: 1212.892 Executing VM operation: G1CollectForAllocation done
Event: 1213.527 Executing VM operation: G1CollectForAllocation
Event: 1213.528 Executing VM operation: G1CollectForAllocation done
Event: 1213.529 Executing VM operation: G1CollectForAllocation
Event: 1213.551 Executing VM operation: G1CollectForAllocation done
Event: 1213.886 Executing VM operation: HandshakeAllThreads
Event: 1213.892 Executing VM operation: HandshakeAllThreads done
Event: 1214.004 Executing VM operation: HandshakeAllThreads
Event: 1214.016 Executing VM operation: HandshakeAllThreads done
Event: 1214.108 Executing VM operation: G1CollectForAllocation
Event: 1214.127 Executing VM operation: G1CollectForAllocation done
Event: 1214.408 Executing VM operation: HandshakeAllThreads
Event: 1214.412 Executing VM operation: HandshakeAllThreads done
Event: 1214.588 Executing VM operation: G1CollectForAllocation

Memory protections (0 events):
No events

Nmethod flushes (20 events):
Event: 1214.455 Thread 0x00000165e05474b0 flushing  nmethod 0x00000165cb513290
Event: 1214.455 Thread 0x00000165e05474b0 flushing  nmethod 0x00000165cb513790
Event: 1214.455 Thread 0x00000165e05474b0 flushing  nmethod 0x00000165cb513f90
Event: 1214.455 Thread 0x00000165e05474b0 flushing  nmethod 0x00000165cb52de10
Event: 1214.455 Thread 0x00000165e05474b0 flushing  nmethod 0x00000165cb531a90
Event: 1214.455 Thread 0x00000165e05474b0 flushing  nmethod 0x00000165cb534110
Event: 1214.455 Thread 0x00000165e05474b0 flushing  nmethod 0x00000165cb534a90
Event: 1214.455 Thread 0x00000165e05474b0 flushing  nmethod 0x00000165cb537190
Event: 1214.455 Thread 0x00000165e05474b0 flushing  nmethod 0x00000165cb537710
Event: 1214.455 Thread 0x00000165e05474b0 flushing  nmethod 0x00000165cb537f90
Event: 1214.455 Thread 0x00000165e05474b0 flushing  nmethod 0x00000165cb53b110
Event: 1214.455 Thread 0x00000165e05474b0 flushing  nmethod 0x00000165cb53c210
Event: 1214.455 Thread 0x00000165e05474b0 flushing  nmethod 0x00000165cb53c710
Event: 1214.455 Thread 0x00000165e05474b0 flushing  nmethod 0x00000165cb53ce10
Event: 1214.455 Thread 0x00000165e05474b0 flushing  nmethod 0x00000165cb53d290
Event: 1214.455 Thread 0x00000165e05474b0 flushing  nmethod 0x00000165cb53d710
Event: 1214.456 Thread 0x00000165e05474b0 flushing  nmethod 0x00000165cb549710
Event: 1214.456 Thread 0x00000165e05474b0 flushing  nmethod 0x00000165cb54e890
Event: 1214.456 Thread 0x00000165e05474b0 flushing  nmethod 0x00000165cb558910
Event: 1214.456 Thread 0x00000165e05474b0 flushing  nmethod 0x00000165cb570110

Events (20 events):
Event: 1156.887 Thread 0x0000016584f64350 Thread added: 0x0000016581432560
Event: 1157.111 Thread 0x0000016584e69640 Thread exited: 0x0000016584e69640
Event: 1157.183 Thread 0x00000165e05436b0 Thread added: 0x0000016584e69640
Event: 1157.513 Thread 0x0000016584f64350 Thread added: 0x0000016581432a70
Event: 1157.514 Thread 0x0000016584f64350 Thread added: 0x000001658142f2c0
Event: 1157.516 Thread 0x0000016584f64350 Thread added: 0x0000016581432f80
Event: 1157.517 Thread 0x0000016584f64350 Thread added: 0x0000016581433490
Event: 1157.702 Thread 0x0000016584e69640 Thread exited: 0x0000016584e69640
Event: 1157.782 Thread 0x00000165e05436b0 Thread added: 0x0000016584e69640
Event: 1158.870 Thread 0x0000016584e69640 Thread exited: 0x0000016584e69640
Event: 1196.987 Thread 0x00000165e05436b0 Thread added: 0x0000016584e6a0e0
Event: 1201.058 Thread 0x0000016584e6a0e0 Thread exited: 0x0000016584e6a0e0
Event: 1202.405 Thread 0x00000165e05436b0 Thread added: 0x0000016584e69640
Event: 1203.370 Thread 0x0000016584e69640 Thread exited: 0x0000016584e69640
Event: 1203.684 Thread 0x0000016584f666c0 Thread exited: 0x0000016584f666c0
Event: 1204.518 Thread 0x00000165e05436b0 Thread added: 0x0000016584e69640
Event: 1204.854 Thread 0x0000016584e69640 Thread exited: 0x0000016584e69640
Event: 1206.843 Thread 0x00000165e05436b0 Thread added: 0x0000016584e69640
Event: 1207.895 Thread 0x0000016584e69640 Thread exited: 0x0000016584e69640
Event: 1211.001 Thread 0x00000165e05436b0 Thread added: 0x0000016584e69640


Dynamic libraries:
0x00007ff706b70000 - 0x00007ff706b7e000 	C:\Program Files\Microsoft\jdk-17.0.19.10-hotspot\bin\java.exe
0x00007ffbdf140000 - 0x00007ffbdf3a6000 	C:\WINDOWS\SYSTEM32\ntdll.dll
0x00007ffbdd970000 - 0x00007ffbdda39000 	C:\WINDOWS\System32\KERNEL32.DLL
0x00007ffbdc900000 - 0x00007ffbdccfe000 	C:\WINDOWS\System32\KERNELBASE.dll
0x00007ffbdcd10000 - 0x00007ffbdce5c000 	C:\WINDOWS\System32\ucrtbase.dll
0x00007ffbb7ba0000 - 0x00007ffbb7bb8000 	C:\Program Files\Microsoft\jdk-17.0.19.10-hotspot\bin\jli.dll
0x00007ffbb7620000 - 0x00007ffbb763e000 	C:\Program Files\Microsoft\jdk-17.0.19.10-hotspot\bin\VCRUNTIME140.dll
0x00007ffbde5f0000 - 0x00007ffbde7b7000 	C:\WINDOWS\System32\USER32.dll
0x00007ffbbebb0000 - 0x00007ffbbee42000 	C:\WINDOWS\WinSxS\amd64_microsoft.windows.common-controls_6595b64144ccf1df_6.0.26100.8875_none_3e0d5d42e32fe9dd\COMCTL32.dll
0x00007ffbdc8d0000 - 0x00007ffbdc8f7000 	C:\WINDOWS\System32\win32u.dll
0x00007ffbde330000 - 0x00007ffbde3d9000 	C:\WINDOWS\System32\msvcrt.dll
0x00007ffbde1f0000 - 0x00007ffbde21b000 	C:\WINDOWS\System32\GDI32.dll
0x00007ffbdc420000 - 0x00007ffbdc54a000 	C:\WINDOWS\System32\gdi32full.dll
0x00007ffbdc790000 - 0x00007ffbdc833000 	C:\WINDOWS\System32\msvcp_win.dll
0x00007ffbdd930000 - 0x00007ffbdd962000 	C:\WINDOWS\System32\IMM32.DLL
0x00007ffbbbf60000 - 0x00007ffbbbf6c000 	C:\Program Files\Microsoft\jdk-17.0.19.10-hotspot\bin\vcruntime140_1.dll
0x00007ffba1750000 - 0x00007ffba17d9000 	C:\Program Files\Microsoft\jdk-17.0.19.10-hotspot\bin\msvcp140.dll
0x00007ffb8f890000 - 0x00007ffb9050b000 	C:\Program Files\Microsoft\jdk-17.0.19.10-hotspot\bin\server\jvm.dll
0x00007ffbde270000 - 0x00007ffbde327000 	C:\WINDOWS\System32\ADVAPI32.dll
0x00007ffbdd710000 - 0x00007ffbdd7ba000 	C:\WINDOWS\System32\sechost.dll
0x00007ffbdd4c0000 - 0x00007ffbdd5d8000 	C:\WINDOWS\System32\RPCRT4.dll
0x00007ffbdeb80000 - 0x00007ffbdec00000 	C:\WINDOWS\System32\WS2_32.dll
0x00007ffbdc1e0000 - 0x00007ffbdc23e000 	C:\WINDOWS\SYSTEM32\POWRPROF.dll
0x00007ffbc0f60000 - 0x00007ffbc0f96000 	C:\WINDOWS\SYSTEM32\WINMM.dll
0x00007ffbd4850000 - 0x00007ffbd485b000 	C:\WINDOWS\SYSTEM32\VERSION.dll
0x00007ffbdc1c0000 - 0x00007ffbdc1d4000 	C:\WINDOWS\SYSTEM32\UMPDC.dll
0x00007ffbdb000000 - 0x00007ffbdb01b000 	C:\WINDOWS\SYSTEM32\kernel.appcore.dll
0x00007ffbbb050000 - 0x00007ffbbb05a000 	C:\Program Files\Microsoft\jdk-17.0.19.10-hotspot\bin\jimage.dll
0x00007ffbd9a00000 - 0x00007ffbd9c42000 	C:\WINDOWS\SYSTEM32\DBGHELP.DLL
0x00007ffbdecb0000 - 0x00007ffbdf033000 	C:\WINDOWS\System32\combase.dll
0x00007ffbdeaa0000 - 0x00007ffbdeb79000 	C:\WINDOWS\System32\OLEAUT32.dll
0x00007ffbd6870000 - 0x00007ffbd68ab000 	C:\WINDOWS\SYSTEM32\dbgcore.DLL
0x00007ffbdc360000 - 0x00007ffbdc40c000 	C:\WINDOWS\System32\bcryptPrimitives.dll
0x00007ffbba530000 - 0x00007ffbba53f000 	C:\Program Files\Microsoft\jdk-17.0.19.10-hotspot\bin\instrument.dll
0x00007ffba1720000 - 0x00007ffba1746000 	C:\Program Files\Microsoft\jdk-17.0.19.10-hotspot\bin\java.dll
0x00007ffba1640000 - 0x00007ffba1716000 	C:\Program Files\Microsoft\jdk-17.0.19.10-hotspot\bin\jsvml.dll
0x00007ffbdda50000 - 0x00007ffbde1e2000 	C:\WINDOWS\System32\SHELL32.dll
0x00007ffbd9de0000 - 0x00007ffbda672000 	C:\WINDOWS\SYSTEM32\windows.storage.dll
0x00007ffbdd330000 - 0x00007ffbdd427000 	C:\WINDOWS\System32\SHCORE.dll
0x00007ffbde3e0000 - 0x00007ffbde447000 	C:\WINDOWS\System32\shlwapi.dll
0x00007ffbdc280000 - 0x00007ffbdc2a9000 	C:\WINDOWS\SYSTEM32\profapi.dll
0x00007ffbb4ad0000 - 0x00007ffbb4ae8000 	C:\Program Files\Microsoft\jdk-17.0.19.10-hotspot\bin\zip.dll
0x00007ffbb47f0000 - 0x00007ffbb480b000 	C:\Program Files\Microsoft\jdk-17.0.19.10-hotspot\bin\net.dll
0x00007ffbd3700000 - 0x00007ffbd3827000 	C:\WINDOWS\SYSTEM32\WINHTTP.dll
0x00007ffbdb590000 - 0x00007ffbdb5fc000 	C:\WINDOWS\system32\mswsock.dll
0x00007ffba29f0000 - 0x00007ffba2a06000 	C:\Program Files\Microsoft\jdk-17.0.19.10-hotspot\bin\nio.dll
0x00007ffbb78e0000 - 0x00007ffbb78f0000 	C:\Program Files\Microsoft\jdk-17.0.19.10-hotspot\bin\verify.dll
0x00007ffba17e0000 - 0x00007ffba1807000 	E:\GradleCache\native\660c5614fbf4a5f2a75b1949f50a0caf5cd603558e7d8a26e50b933a0cfb79d1\windows-amd64\native-platform.dll
0x00007ffba15c0000 - 0x00007ffba1637000 	E:\GradleCache\native\0.2.8\x86_64-windows-gnu\gradle-fileevents.dll
0x00007ffbb4a10000 - 0x00007ffbb4a1a000 	C:\Program Files\Microsoft\jdk-17.0.19.10-hotspot\bin\management.dll
0x00007ffbb32e0000 - 0x00007ffbb32ec000 	C:\Program Files\Microsoft\jdk-17.0.19.10-hotspot\bin\management_ext.dll
0x00007ffbdce90000 - 0x00007ffbdce98000 	C:\WINDOWS\System32\PSAPI.DLL
0x00007ffbda9b0000 - 0x00007ffbda9e3000 	C:\WINDOWS\SYSTEM32\IPHLPAPI.DLL
0x00007ffbdda40000 - 0x00007ffbdda4a000 	C:\WINDOWS\System32\NSI.dll
0x00007ffbd67d0000 - 0x00007ffbd67ed000 	C:\WINDOWS\SYSTEM32\dhcpcsvc6.DLL
0x00007ffbd2dd0000 - 0x00007ffbd2df5000 	C:\WINDOWS\SYSTEM32\dhcpcsvc.DLL
0x00007ffbda9f0000 - 0x00007ffbdab46000 	C:\WINDOWS\SYSTEM32\DNSAPI.dll
0x00007ffbdb3b0000 - 0x00007ffbdb3bd000 	C:\WINDOWS\SYSTEM32\DSPARSE.dll
0x00007ffbb1ea0000 - 0x00007ffbb1ea9000 	C:\Program Files\Microsoft\jdk-17.0.19.10-hotspot\bin\extnet.dll
0x00007ffbdb9c0000 - 0x00007ffbdb9db000 	C:\WINDOWS\SYSTEM32\CRYPTSP.dll
0x00007ffbdaf60000 - 0x00007ffbdaf99000 	C:\WINDOWS\system32\rsaenh.dll
0x00007ffbdb650000 - 0x00007ffbdb682000 	C:\WINDOWS\SYSTEM32\USERENV.dll
0x00007ffbdc250000 - 0x00007ffbdc27a000 	C:\WINDOWS\SYSTEM32\bcrypt.dll
0x00007ffbdb800000 - 0x00007ffbdb80c000 	C:\WINDOWS\SYSTEM32\CRYPTBASE.dll
0x00007ffba80b0000 - 0x00007ffba80be000 	C:\Program Files\Microsoft\jdk-17.0.19.10-hotspot\bin\sunmscapi.dll
0x00007ffbdc550000 - 0x00007ffbdc6c8000 	C:\WINDOWS\System32\CRYPT32.dll
0x00007ffbdbb30000 - 0x00007ffbdbb60000 	C:\WINDOWS\SYSTEM32\ncrypt.dll
0x00007ffbdbae0000 - 0x00007ffbdbb1f000 	C:\WINDOWS\SYSTEM32\NTASN1.dll
0x00007ffbd4db0000 - 0x00007ffbd4db8000 	C:\WINDOWS\system32\wshunix.dll
0x00007ffbd3b40000 - 0x00007ffbd3b4b000 	C:\Windows\System32\rasadhlp.dll
0x00007ffbd2350000 - 0x00007ffbd23d6000 	C:\WINDOWS\System32\fwpuclnt.dll

dbghelp: loaded successfully - version: 4.0.5 - missing functions: none
symbol engine: initialized successfully - sym options: 0x614 - pdb path: .;C:\Program Files\Microsoft\jdk-17.0.19.10-hotspot\bin;C:\WINDOWS\SYSTEM32;C:\WINDOWS\WinSxS\amd64_microsoft.windows.common-controls_6595b64144ccf1df_6.0.26100.8875_none_3e0d5d42e32fe9dd;C:\Program Files\Microsoft\jdk-17.0.19.10-hotspot\bin\server;E:\GradleCache\native\660c5614fbf4a5f2a75b1949f50a0caf5cd603558e7d8a26e50b933a0cfb79d1\windows-amd64;E:\GradleCache\native\0.2.8\x86_64-windows-gnu

VM Arguments:
jvm_args: --add-opens=java.base/java.lang=ALL-UNNAMED --add-opens=java.base/java.lang.invoke=ALL-UNNAMED --add-opens=java.base/java.util=ALL-UNNAMED --add-opens=java.prefs/java.util.prefs=ALL-UNNAMED --add-exports=jdk.compiler/com.sun.tools.javac.api=ALL-UNNAMED --add-exports=jdk.compiler/com.sun.tools.javac.util=ALL-UNNAMED --add-opens=java.base/java.nio.charset=ALL-UNNAMED --add-opens=java.base/java.net=ALL-UNNAMED --add-opens=java.base/java.util.concurrent=ALL-UNNAMED --add-opens=java.base/java.util.concurrent.atomic=ALL-UNNAMED --add-opens=java.xml/javax.xml.namespace=ALL-UNNAMED --add-opens=java.base/java.time=ALL-UNNAMED -XX:MaxMetaspaceSize=512m -Xmx2048m -Dfile.encoding=UTF-8 -Duser.country=US -Duser.language=en -Duser.variant -javaagent:E:\GradleCache\wrapper\dists\gradle-9.6.1-all\4xnwe4ed5w7qqynisxnnvegss\gradle-9.6.1\lib\agents\gradle-instrumentation-agent-9.6.1.jar 
java_command: org.gradle.launcher.daemon.bootstrap.GradleDaemon 9.6.1
java_class_path (initial): E:\GradleCache\wrapper\dists\gradle-9.6.1-all\4xnwe4ed5w7qqynisxnnvegss\gradle-9.6.1\lib\gradle-daemon-main-9.6.1.jar
Launcher Type: SUN_STANDARD

[Global flags]
     intx CICompilerCount                          = 4                                         {product} {ergonomic}
   size_t CompressedClassSpaceSize                 = 436207616                                 {product} {ergonomic}
     uint ConcGCThreads                            = 2                                         {product} {ergonomic}
     uint G1ConcRefinementThreads                  = 8                                         {product} {ergonomic}
   size_t G1HeapRegionSize                         = 1048576                                   {product} {ergonomic}
    uintx GCDrainStackTargetSize                   = 64                                        {product} {ergonomic}
   size_t InitialHeapSize                          = 132120576                                 {product} {ergonomic}
   size_t MarkStackSize                            = 4194304                                   {product} {ergonomic}
   size_t MaxHeapSize                              = 2147483648                                {product} {command line}
   size_t MaxMetaspaceSize                         = 536870912                                 {product} {command line}
   size_t MaxNewSize                               = 1287651328                                {product} {ergonomic}
   size_t MinHeapDeltaBytes                        = 1048576                                   {product} {ergonomic}
   size_t MinHeapSize                              = 8388608                                   {product} {ergonomic}
    uintx NonNMethodCodeHeapSize                   = 5839372                                {pd product} {ergonomic}
    uintx NonProfiledCodeHeapSize                  = 122909434                              {pd product} {ergonomic}
    uintx ProfiledCodeHeapSize                     = 122909434                              {pd product} {ergonomic}
    uintx ReservedCodeCacheSize                    = 251658240                              {pd product} {ergonomic}
     bool SegmentedCodeCache                       = true                                      {product} {ergonomic}
   size_t SoftMaxHeapSize                          = 2147483648                             {manageable} {ergonomic}
     bool UseCompressedClassPointers               = true                           {product lp64_product} {ergonomic}
     bool UseCompressedOops                        = true                           {product lp64_product} {ergonomic}
     bool UseG1GC                                  = true                                      {product} {ergonomic}
     bool UseLargePagesIndividualAllocation        = false                                  {pd product} {ergonomic}

Logging:
Log output configuration:
 #0: stdout all=warning uptime,level,tags
 #1: stderr all=off uptime,level,tags

Environment Variables:
JAVA_HOME=C:\Program Files\Microsoft\jdk-17.0.19.10-hotspot\
PATH=C:\Program Files\Microsoft\jdk-17.0.19.10-hotspot\bin;C:\Oracle\dbhomeXE\bin;C:\Program Files\Common Files\Oracle\Java\javapath;C:\Program Files (x86)\Common Files\Oracle\Java\javapath;C:\WINDOWS\system32;C:\WINDOWS;C:\WINDOWS\System32\Wbem;C:\WINDOWS\System32\WindowsPowerShell\v1.0\;C:\WINDOWS\System32\OpenSSH\;C:\Program Files\MySQL\MySQL Server 8.0\bin;C:\Program Files\nodejs\;C:\Program Files\Java\jdk-25\bin;C:\Program Files (x86)\Microsoft SQL Server\170\Tools\Binn\;C:\Program Files\Microsoft SQL Server\170\Tools\Binn\;C:\Program Files\Microsoft SQL Server\Client SDK\ODBC\180\Tools\Binn\;C:\Program Files\Microsoft SQL Server\170\DTS\Binn\;C:\Program Files\Git\cmd;E:\Android\cmdline-tools\latest\bin;E:\Android\platform-tools;E:\Android\gradle-8.6\gradle-8.6\bin;C:\Program Files\Microsoft\jdk-17.0.19.10-hotspot\bin;C:\Oracle\dbhomeXE\bin;C:\Program Files\Common Files\Oracle\Java\javapath;C:\Program Files (x86)\Common Files\Oracle\Java\javapath;C:\WINDOWS\system32;C:\WINDOWS;C:\WINDOWS\System32\Wbem;C:\WINDOWS\System32\WindowsPowerShell\v1.0\;C:\WINDOWS\System32\OpenSSH\;C:\Program Files\MySQL\MySQL Server 8.0\bin;C:\Program Files\nodejs\;C:\Program Files\Java\jdk-25\bin;C:\Program Files (x86)\Microsoft SQL Server\170\Tools\Binn\;C:\Program Files\Microsoft SQL Server\170\Tools\Binn\;C:\Program Files\Microsoft SQL Server\Client SDK\ODBC\180\Tools\Binn\;C:\Program Files\Microsoft SQL Server\170\DTS\Binn\;C:\Program Files\Git\cmd;E:\Android\cmdline-tools\latest\bin;E:\Android\platform-tools;C:\Users\Hp\AppData\Local\Programs\Python\Launcher\;C:\Users\Hp\AppData\Local\Microsoft\WindowsApps;C:\Users\Hp\AppData\Local\Programs\Microsoft VS Code\bin;C:\Users\Hp\AppData\Roaming\npm;C:\Users\Hp\AppData\Roaming\Microsoft\Windows\Start Menu\Programs\Python 3.13;C:\Users\Hp\AppDat
USERNAME=Hp
OS=Windows_NT
PROCESSOR_IDENTIFIER=Intel64 Family 6 Model 142 Stepping 12, GenuineIntel
TMP=C:\Users\Hp\AppData\Local\Temp
TEMP=C:\Users\Hp\AppData\Local\Temp



Periodic native trim disabled


---------------  S Y S T E M  ---------------

OS:
 Windows 11 , 64 bit Build 26100 (10.0.26100.8875)
OS uptime: 1 days 4:07 hours
Hyper-V role detected

CPU: total 8 (initial active 8) (4 cores per cpu, 2 threads per core) family 6 model 142 stepping 12 microcode 0xfa, cx8, cmov, fxsr, ht, mmx, 3dnowpref, sse, sse2, sse3, ssse3, sse4.1, sse4.2, popcnt, lzcnt, tsc, tscinvbit, avx, avx2, aes, erms, clmul, bmi1, bmi2, adx, fma, vzeroupper, clflush, clflushopt, hv
Processor Information for the first 8 processors :
  Max Mhz: 1800, Current Mhz: 1600, Mhz Limit: 1584

Memory: 4k page, system-wide physical 7998M (491M free)
TotalPageFile size 17177M (AvailPageFile size 9M)
current process WorkingSet (physical memory assigned to process): 506M, peak: 512M
current process commit charge ("private bytes"): 972M, peak: 978M

vm_info: OpenJDK 64-Bit Server VM (17.0.19+10-LTS) for windows-amd64 JRE (17.0.19+10-LTS), built on Apr 18 2026 18:24:40 by "MicrosoftCorporation" with MS VC++ 17.14 (VS2022)

END.
